ERROR - 2024-02-15 01:37:03 --> mysqli_sql_exception: Table 'seniorcaredb.users' doesn't exist in C:\laragon\www\method-oldagehome\system\Database\MySQLi\Connection.php:306
Stack trace:
#0 C:\laragon\www\method-oldagehome\system\Database\MySQLi\Connection.php(306): mysqli->query('SELECT 1\nFROM `...', 0)
#1 C:\laragon\www\method-oldagehome\system\Database\BaseConnection.php(692): CodeIgniter\Database\MySQLi\Connection->execute('SELECT 1\nFROM `...')
#2 C:\laragon\www\method-oldagehome\system\Database\BaseConnection.php(606): CodeIgniter\Database\BaseConnection->simpleQuery('SELECT 1\nFROM `...')
#3 C:\laragon\www\method-oldagehome\system\Database\BaseBuilder.php(1615): CodeIgniter\Database\BaseConnection->query('SELECT 1\nFROM `...', Array, false)
#4 C:\laragon\www\method-oldagehome\system\Validation\StrictRules\Rules.php(206): CodeIgniter\Database\BaseBuilder->get()
#5 C:\laragon\www\method-oldagehome\system\Validation\Validation.php(309): CodeIgniter\Validation\StrictRules\Rules->is_unique('jen@gmail.com', 'email', Array, NULL, 'Email')
#6 C:\laragon\www\method-oldagehome\system\Validation\Validation.php(195): CodeIgniter\Validation\Validation->processRules('Email', 'Email', 'jen@gmail.com', Array, Array)
#7 C:\laragon\www\method-oldagehome\system\Controller.php(150): CodeIgniter\Validation\Validation->run()
#8 C:\laragon\www\method-oldagehome\app\Controllers\SignupController.php(28): CodeIgniter\Controller->validate(Array)
#9 C:\laragon\www\method-oldagehome\system\CodeIgniter.php(919): App\Controllers\SignupController->store()
#10 C:\laragon\www\method-oldagehome\system\CodeIgniter.php(494): CodeIgniter\CodeIgniter->runController(Object(App\Controllers\SignupController))
#11 C:\laragon\www\method-oldagehome\system\CodeIgniter.php(353): CodeIgniter\CodeIgniter->handleRequest(NULL, Object(Config\Cache), false)
#12 C:\laragon\www\method-oldagehome\public\index.php(79): CodeIgniter\CodeIgniter->run()
#13 C:\laragon\www\method-oldagehome\system\Commands\Server\rewrite.php(47): require_once('C:\\laragon\\www\\...')
#14 {main}
CRITICAL - 2024-02-15 01:37:03 --> Table 'seniorcaredb.users' doesn't exist
in SYSTEMPATH\Database\BaseConnection.php on line 646.
 1 SYSTEMPATH\Database\BaseBuilder.php(1615): CodeIgniter\Database\BaseConnection->query('SELECT 1
FROM `users`
WHERE `email` = :email:
 LIMIT 1', [...], false)
 2 SYSTEMPATH\Validation\StrictRules\Rules.php(206): CodeIgniter\Database\BaseBuilder->get()
 3 SYSTEMPATH\Validation\Validation.php(309): CodeIgniter\Validation\StrictRules\Rules->is_unique('jen@gmail.com', 'email', [...], null, 'Email')
 4 SYSTEMPATH\Validation\Validation.php(195): CodeIgniter\Validation\Validation->processRules('Email', 'Email', 'jen@gmail.com', [...], [...])
 5 SYSTEMPATH\Controller.php(150): CodeIgniter\Validation\Validation->run()
 6 APPPATH\Controllers\SignupController.php(28): CodeIgniter\Controller->validate([...])
 7 SYSTEMPATH\CodeIgniter.php(919): App\Controllers\SignupController->store()
 8 SYSTEMPATH\CodeIgniter.php(494): CodeIgniter\CodeIgniter->runController(Object(App\Controllers\SignupController))
 9 SYSTEMPATH\CodeIgniter.php(353): CodeIgniter\CodeIgniter->handleRequest(null, Object(Config\Cache), false)
10 FCPATH\index.php(79): CodeIgniter\CodeIgniter->run()
11 SYSTEMPATH\Commands\Server\rewrite.php(47): require_once('C:\\laragon\\www\\method-oldagehome\\public\\index.php')
ERROR - 2024-02-15 01:37:40 --> mysqli_sql_exception: Table 'seniorcaredb.users' doesn't exist in C:\laragon\www\method-oldagehome\system\Database\MySQLi\Connection.php:306
Stack trace:
#0 C:\laragon\www\method-oldagehome\system\Database\MySQLi\Connection.php(306): mysqli->query('SELECT 1\nFROM `...', 0)
#1 C:\laragon\www\method-oldagehome\system\Database\BaseConnection.php(692): CodeIgniter\Database\MySQLi\Connection->execute('SELECT 1\nFROM `...')
#2 C:\laragon\www\method-oldagehome\system\Database\BaseConnection.php(606): CodeIgniter\Database\BaseConnection->simpleQuery('SELECT 1\nFROM `...')
#3 C:\laragon\www\method-oldagehome\system\Database\BaseBuilder.php(1615): CodeIgniter\Database\BaseConnection->query('SELECT 1\nFROM `...', Array, false)
#4 C:\laragon\www\method-oldagehome\system\Validation\StrictRules\Rules.php(206): CodeIgniter\Database\BaseBuilder->get()
#5 C:\laragon\www\method-oldagehome\system\Validation\Validation.php(309): CodeIgniter\Validation\StrictRules\Rules->is_unique('jen@gmail.com', 'email', Array, NULL, 'Email')
#6 C:\laragon\www\method-oldagehome\system\Validation\Validation.php(195): CodeIgniter\Validation\Validation->processRules('Email', 'Email', 'jen@gmail.com', Array, Array)
#7 C:\laragon\www\method-oldagehome\system\Controller.php(150): CodeIgniter\Validation\Validation->run()
#8 C:\laragon\www\method-oldagehome\app\Controllers\SignupController.php(28): CodeIgniter\Controller->validate(Array)
#9 C:\laragon\www\method-oldagehome\system\CodeIgniter.php(919): App\Controllers\SignupController->store()
#10 C:\laragon\www\method-oldagehome\system\CodeIgniter.php(494): CodeIgniter\CodeIgniter->runController(Object(App\Controllers\SignupController))
#11 C:\laragon\www\method-oldagehome\system\CodeIgniter.php(353): CodeIgniter\CodeIgniter->handleRequest(NULL, Object(Config\Cache), false)
#12 C:\laragon\www\method-oldagehome\public\index.php(79): CodeIgniter\CodeIgniter->run()
#13 C:\laragon\www\method-oldagehome\system\Commands\Server\rewrite.php(47): require_once('C:\\laragon\\www\\...')
#14 {main}
CRITICAL - 2024-02-15 01:37:40 --> Table 'seniorcaredb.users' doesn't exist
in SYSTEMPATH\Database\BaseConnection.php on line 646.
 1 SYSTEMPATH\Database\BaseBuilder.php(1615): CodeIgniter\Database\BaseConnection->query('SELECT 1
FROM `users`
WHERE `email` = :email:
 LIMIT 1', [...], false)
 2 SYSTEMPATH\Validation\StrictRules\Rules.php(206): CodeIgniter\Database\BaseBuilder->get()
 3 SYSTEMPATH\Validation\Validation.php(309): CodeIgniter\Validation\StrictRules\Rules->is_unique('jen@gmail.com', 'email', [...], null, 'Email')
 4 SYSTEMPATH\Validation\Validation.php(195): CodeIgniter\Validation\Validation->processRules('Email', 'Email', 'jen@gmail.com', [...], [...])
 5 SYSTEMPATH\Controller.php(150): CodeIgniter\Validation\Validation->run()
 6 APPPATH\Controllers\SignupController.php(28): CodeIgniter\Controller->validate([...])
 7 SYSTEMPATH\CodeIgniter.php(919): App\Controllers\SignupController->store()
 8 SYSTEMPATH\CodeIgniter.php(494): CodeIgniter\CodeIgniter->runController(Object(App\Controllers\SignupController))
 9 SYSTEMPATH\CodeIgniter.php(353): CodeIgniter\CodeIgniter->handleRequest(null, Object(Config\Cache), false)
10 FCPATH\index.php(79): CodeIgniter\CodeIgniter->run()
11 SYSTEMPATH\Commands\Server\rewrite.php(47): require_once('C:\\laragon\\www\\method-oldagehome\\public\\index.php')
ERROR - 2024-02-15 01:41:33 --> mysqli_sql_exception: Table 'seniorcaredb.users' doesn't exist in C:\laragon\www\method-oldagehome\system\Database\MySQLi\Connection.php:306
Stack trace:
#0 C:\laragon\www\method-oldagehome\system\Database\MySQLi\Connection.php(306): mysqli->query('SELECT 1\nFROM `...', 0)
#1 C:\laragon\www\method-oldagehome\system\Database\BaseConnection.php(692): CodeIgniter\Database\MySQLi\Connection->execute('SELECT 1\nFROM `...')
#2 C:\laragon\www\method-oldagehome\system\Database\BaseConnection.php(606): CodeIgniter\Database\BaseConnection->simpleQuery('SELECT 1\nFROM `...')
#3 C:\laragon\www\method-oldagehome\system\Database\BaseBuilder.php(1615): CodeIgniter\Database\BaseConnection->query('SELECT 1\nFROM `...', Array, false)
#4 C:\laragon\www\method-oldagehome\system\Validation\StrictRules\Rules.php(206): CodeIgniter\Database\BaseBuilder->get()
#5 C:\laragon\www\method-oldagehome\system\Validation\Validation.php(309): CodeIgniter\Validation\StrictRules\Rules->is_unique('jen@gmail.com', 'email', Array, NULL, 'Email')
#6 C:\laragon\www\method-oldagehome\system\Validation\Validation.php(195): CodeIgniter\Validation\Validation->processRules('Email', 'Email', 'jen@gmail.com', Array, Array)
#7 C:\laragon\www\method-oldagehome\system\Controller.php(150): CodeIgniter\Validation\Validation->run()
#8 C:\laragon\www\method-oldagehome\app\Controllers\SignupController.php(28): CodeIgniter\Controller->validate(Array)
#9 C:\laragon\www\method-oldagehome\system\CodeIgniter.php(919): App\Controllers\SignupController->store()
#10 C:\laragon\www\method-oldagehome\system\CodeIgniter.php(494): CodeIgniter\CodeIgniter->runController(Object(App\Controllers\SignupController))
#11 C:\laragon\www\method-oldagehome\system\CodeIgniter.php(353): CodeIgniter\CodeIgniter->handleRequest(NULL, Object(Config\Cache), false)
#12 C:\laragon\www\method-oldagehome\public\index.php(79): CodeIgniter\CodeIgniter->run()
#13 C:\laragon\www\method-oldagehome\system\Commands\Server\rewrite.php(47): require_once('C:\\laragon\\www\\...')
#14 {main}
CRITICAL - 2024-02-15 01:41:33 --> Table 'seniorcaredb.users' doesn't exist
in SYSTEMPATH\Database\BaseConnection.php on line 646.
 1 SYSTEMPATH\Database\BaseBuilder.php(1615): CodeIgniter\Database\BaseConnection->query('SELECT 1
FROM `users`
WHERE `email` = :email:
 LIMIT 1', [...], false)
 2 SYSTEMPATH\Validation\StrictRules\Rules.php(206): CodeIgniter\Database\BaseBuilder->get()
 3 SYSTEMPATH\Validation\Validation.php(309): CodeIgniter\Validation\StrictRules\Rules->is_unique('jen@gmail.com', 'email', [...], null, 'Email')
 4 SYSTEMPATH\Validation\Validation.php(195): CodeIgniter\Validation\Validation->processRules('Email', 'Email', 'jen@gmail.com', [...], [...])
 5 SYSTEMPATH\Controller.php(150): CodeIgniter\Validation\Validation->run()
 6 APPPATH\Controllers\SignupController.php(28): CodeIgniter\Controller->validate([...])
 7 SYSTEMPATH\CodeIgniter.php(919): App\Controllers\SignupController->store()
 8 SYSTEMPATH\CodeIgniter.php(494): CodeIgniter\CodeIgniter->runController(Object(App\Controllers\SignupController))
 9 SYSTEMPATH\CodeIgniter.php(353): CodeIgniter\CodeIgniter->handleRequest(null, Object(Config\Cache), false)
10 FCPATH\index.php(79): CodeIgniter\CodeIgniter->run()
11 SYSTEMPATH\Commands\Server\rewrite.php(47): require_once('C:\\laragon\\www\\method-oldagehome\\public\\index.php')
ERROR - 2024-02-15 01:45:08 --> mysqli_sql_exception: Table 'seniorcaredb.users' doesn't exist in C:\laragon\www\method-oldagehome\system\Database\MySQLi\Connection.php:306
Stack trace:
#0 C:\laragon\www\method-oldagehome\system\Database\MySQLi\Connection.php(306): mysqli->query('SELECT 1\nFROM `...', 0)
#1 C:\laragon\www\method-oldagehome\system\Database\BaseConnection.php(692): CodeIgniter\Database\MySQLi\Connection->execute('SELECT 1\nFROM `...')
#2 C:\laragon\www\method-oldagehome\system\Database\BaseConnection.php(606): CodeIgniter\Database\BaseConnection->simpleQuery('SELECT 1\nFROM `...')
#3 C:\laragon\www\method-oldagehome\system\Database\BaseBuilder.php(1615): CodeIgniter\Database\BaseConnection->query('SELECT 1\nFROM `...', Array, false)
#4 C:\laragon\www\method-oldagehome\system\Validation\StrictRules\Rules.php(206): CodeIgniter\Database\BaseBuilder->get()
#5 C:\laragon\www\method-oldagehome\system\Validation\Validation.php(309): CodeIgniter\Validation\StrictRules\Rules->is_unique('jen@gmail.com', 'email', Array, NULL, 'Email')
#6 C:\laragon\www\method-oldagehome\system\Validation\Validation.php(195): CodeIgniter\Validation\Validation->processRules('Email', 'Email', 'jen@gmail.com', Array, Array)
#7 C:\laragon\www\method-oldagehome\system\Controller.php(150): CodeIgniter\Validation\Validation->run()
#8 C:\laragon\www\method-oldagehome\app\Controllers\SignupController.php(30): CodeIgniter\Controller->validate(Array)
#9 C:\laragon\www\method-oldagehome\system\CodeIgniter.php(919): App\Controllers\SignupController->store()
#10 C:\laragon\www\method-oldagehome\system\CodeIgniter.php(494): CodeIgniter\CodeIgniter->runController(Object(App\Controllers\SignupController))
#11 C:\laragon\www\method-oldagehome\system\CodeIgniter.php(353): CodeIgniter\CodeIgniter->handleRequest(NULL, Object(Config\Cache), false)
#12 C:\laragon\www\method-oldagehome\public\index.php(79): CodeIgniter\CodeIgniter->run()
#13 C:\laragon\www\method-oldagehome\system\Commands\Server\rewrite.php(47): require_once('C:\\laragon\\www\\...')
#14 {main}
CRITICAL - 2024-02-15 01:45:08 --> Table 'seniorcaredb.users' doesn't exist
in SYSTEMPATH\Database\BaseConnection.php on line 646.
 1 SYSTEMPATH\Database\BaseBuilder.php(1615): CodeIgniter\Database\BaseConnection->query('SELECT 1
FROM `users`
WHERE `email` = :email:
 LIMIT 1', [...], false)
 2 SYSTEMPATH\Validation\StrictRules\Rules.php(206): CodeIgniter\Database\BaseBuilder->get()
 3 SYSTEMPATH\Validation\Validation.php(309): CodeIgniter\Validation\StrictRules\Rules->is_unique('jen@gmail.com', 'email', [...], null, 'Email')
 4 SYSTEMPATH\Validation\Validation.php(195): CodeIgniter\Validation\Validation->processRules('Email', 'Email', 'jen@gmail.com', [...], [...])
 5 SYSTEMPATH\Controller.php(150): CodeIgniter\Validation\Validation->run()
 6 APPPATH\Controllers\SignupController.php(30): CodeIgniter\Controller->validate([...])
 7 SYSTEMPATH\CodeIgniter.php(919): App\Controllers\SignupController->store()
 8 SYSTEMPATH\CodeIgniter.php(494): CodeIgniter\CodeIgniter->runController(Object(App\Controllers\SignupController))
 9 SYSTEMPATH\CodeIgniter.php(353): CodeIgniter\CodeIgniter->handleRequest(null, Object(Config\Cache), false)
10 FCPATH\index.php(79): CodeIgniter\CodeIgniter->run()
11 SYSTEMPATH\Commands\Server\rewrite.php(47): require_once('C:\\laragon\\www\\method-oldagehome\\public\\index.php')
ERROR - 2024-02-15 01:46:17 --> mysqli_sql_exception: Table 'seniorcaredb.users' doesn't exist in C:\laragon\www\method-oldagehome\system\Database\MySQLi\Connection.php:306
Stack trace:
#0 C:\laragon\www\method-oldagehome\system\Database\MySQLi\Connection.php(306): mysqli->query('SELECT 1\nFROM `...', 0)
#1 C:\laragon\www\method-oldagehome\system\Database\BaseConnection.php(692): CodeIgniter\Database\MySQLi\Connection->execute('SELECT 1\nFROM `...')
#2 C:\laragon\www\method-oldagehome\system\Database\BaseConnection.php(606): CodeIgniter\Database\BaseConnection->simpleQuery('SELECT 1\nFROM `...')
#3 C:\laragon\www\method-oldagehome\system\Database\BaseBuilder.php(1615): CodeIgniter\Database\BaseConnection->query('SELECT 1\nFROM `...', Array, false)
#4 C:\laragon\www\method-oldagehome\system\Validation\StrictRules\Rules.php(206): CodeIgniter\Database\BaseBuilder->get()
#5 C:\laragon\www\method-oldagehome\system\Validation\Validation.php(309): CodeIgniter\Validation\StrictRules\Rules->is_unique('jen@gmail.com', 'email', Array, NULL, 'Email')
#6 C:\laragon\www\method-oldagehome\system\Validation\Validation.php(195): CodeIgniter\Validation\Validation->processRules('Email', 'Email', 'jen@gmail.com', Array, Array)
#7 C:\laragon\www\method-oldagehome\system\Controller.php(150): CodeIgniter\Validation\Validation->run()
#8 C:\laragon\www\method-oldagehome\app\Controllers\SignupController.php(30): CodeIgniter\Controller->validate(Array)
#9 C:\laragon\www\method-oldagehome\system\CodeIgniter.php(919): App\Controllers\SignupController->store()
#10 C:\laragon\www\method-oldagehome\system\CodeIgniter.php(494): CodeIgniter\CodeIgniter->runController(Object(App\Controllers\SignupController))
#11 C:\laragon\www\method-oldagehome\system\CodeIgniter.php(353): CodeIgniter\CodeIgniter->handleRequest(NULL, Object(Config\Cache), false)
#12 C:\laragon\www\method-oldagehome\public\index.php(79): CodeIgniter\CodeIgniter->run()
#13 C:\laragon\www\method-oldagehome\system\Commands\Server\rewrite.php(47): require_once('C:\\laragon\\www\\...')
#14 {main}
CRITICAL - 2024-02-15 01:46:17 --> Table 'seniorcaredb.users' doesn't exist
in SYSTEMPATH\Database\BaseConnection.php on line 646.
 1 SYSTEMPATH\Database\BaseBuilder.php(1615): CodeIgniter\Database\BaseConnection->query('SELECT 1
FROM `users`
WHERE `email` = :email:
 LIMIT 1', [...], false)
 2 SYSTEMPATH\Validation\StrictRules\Rules.php(206): CodeIgniter\Database\BaseBuilder->get()
 3 SYSTEMPATH\Validation\Validation.php(309): CodeIgniter\Validation\StrictRules\Rules->is_unique('jen@gmail.com', 'email', [...], null, 'Email')
 4 SYSTEMPATH\Validation\Validation.php(195): CodeIgniter\Validation\Validation->processRules('Email', 'Email', 'jen@gmail.com', [...], [...])
 5 SYSTEMPATH\Controller.php(150): CodeIgniter\Validation\Validation->run()
 6 APPPATH\Controllers\SignupController.php(30): CodeIgniter\Controller->validate([...])
 7 SYSTEMPATH\CodeIgniter.php(919): App\Controllers\SignupController->store()
 8 SYSTEMPATH\CodeIgniter.php(494): CodeIgniter\CodeIgniter->runController(Object(App\Controllers\SignupController))
 9 SYSTEMPATH\CodeIgniter.php(353): CodeIgniter\CodeIgniter->handleRequest(null, Object(Config\Cache), false)
10 FCPATH\index.php(79): CodeIgniter\CodeIgniter->run()
11 SYSTEMPATH\Commands\Server\rewrite.php(47): require_once('C:\\laragon\\www\\method-oldagehome\\public\\index.php')
ERROR - 2024-02-15 01:55:56 --> mysqli_sql_exception: Table 'seniorcaredb.users' doesn't exist in C:\laragon\www\method-oldagehome\system\Database\MySQLi\Connection.php:306
Stack trace:
#0 C:\laragon\www\method-oldagehome\system\Database\MySQLi\Connection.php(306): mysqli->query('SELECT 1\nFROM `...', 0)
#1 C:\laragon\www\method-oldagehome\system\Database\BaseConnection.php(692): CodeIgniter\Database\MySQLi\Connection->execute('SELECT 1\nFROM `...')
#2 C:\laragon\www\method-oldagehome\system\Database\BaseConnection.php(606): CodeIgniter\Database\BaseConnection->simpleQuery('SELECT 1\nFROM `...')
#3 C:\laragon\www\method-oldagehome\system\Database\BaseBuilder.php(1615): CodeIgniter\Database\BaseConnection->query('SELECT 1\nFROM `...', Array, false)
#4 C:\laragon\www\method-oldagehome\system\Validation\StrictRules\Rules.php(206): CodeIgniter\Database\BaseBuilder->get()
#5 C:\laragon\www\method-oldagehome\system\Validation\Validation.php(309): CodeIgniter\Validation\StrictRules\Rules->is_unique('jen@gmail.com', 'email', Array, NULL, 'Email')
#6 C:\laragon\www\method-oldagehome\system\Validation\Validation.php(195): CodeIgniter\Validation\Validation->processRules('Email', 'Email', 'jen@gmail.com', Array, Array)
#7 C:\laragon\www\method-oldagehome\system\Controller.php(150): CodeIgniter\Validation\Validation->run()
#8 C:\laragon\www\method-oldagehome\app\Controllers\SignupController.php(30): CodeIgniter\Controller->validate(Array)
#9 C:\laragon\www\method-oldagehome\system\CodeIgniter.php(919): App\Controllers\SignupController->store()
#10 C:\laragon\www\method-oldagehome\system\CodeIgniter.php(494): CodeIgniter\CodeIgniter->runController(Object(App\Controllers\SignupController))
#11 C:\laragon\www\method-oldagehome\system\CodeIgniter.php(353): CodeIgniter\CodeIgniter->handleRequest(NULL, Object(Config\Cache), false)
#12 C:\laragon\www\method-oldagehome\public\index.php(79): CodeIgniter\CodeIgniter->run()
#13 C:\laragon\www\method-oldagehome\system\Commands\Server\rewrite.php(47): require_once('C:\\laragon\\www\\...')
#14 {main}
CRITICAL - 2024-02-15 01:55:56 --> Table 'seniorcaredb.users' doesn't exist
in SYSTEMPATH\Database\BaseConnection.php on line 646.
 1 SYSTEMPATH\Database\BaseBuilder.php(1615): CodeIgniter\Database\BaseConnection->query('SELECT 1
FROM `users`
WHERE `email` = :email:
 LIMIT 1', [...], false)
 2 SYSTEMPATH\Validation\StrictRules\Rules.php(206): CodeIgniter\Database\BaseBuilder->get()
 3 SYSTEMPATH\Validation\Validation.php(309): CodeIgniter\Validation\StrictRules\Rules->is_unique('jen@gmail.com', 'email', [...], null, 'Email')
 4 SYSTEMPATH\Validation\Validation.php(195): CodeIgniter\Validation\Validation->processRules('Email', 'Email', 'jen@gmail.com', [...], [...])
 5 SYSTEMPATH\Controller.php(150): CodeIgniter\Validation\Validation->run()
 6 APPPATH\Controllers\SignupController.php(30): CodeIgniter\Controller->validate([...])
 7 SYSTEMPATH\CodeIgniter.php(919): App\Controllers\SignupController->store()
 8 SYSTEMPATH\CodeIgniter.php(494): CodeIgniter\CodeIgniter->runController(Object(App\Controllers\SignupController))
 9 SYSTEMPATH\CodeIgniter.php(353): CodeIgniter\CodeIgniter->handleRequest(null, Object(Config\Cache), false)
10 FCPATH\index.php(79): CodeIgniter\CodeIgniter->run()
11 SYSTEMPATH\Commands\Server\rewrite.php(47): require_once('C:\\laragon\\www\\method-oldagehome\\public\\index.php')
ERROR - 2024-02-15 01:56:17 --> mysqli_sql_exception: Table 'seniorcaredb.users' doesn't exist in C:\laragon\www\method-oldagehome\system\Database\MySQLi\Connection.php:306
Stack trace:
#0 C:\laragon\www\method-oldagehome\system\Database\MySQLi\Connection.php(306): mysqli->query('SELECT 1\nFROM `...', 0)
#1 C:\laragon\www\method-oldagehome\system\Database\BaseConnection.php(692): CodeIgniter\Database\MySQLi\Connection->execute('SELECT 1\nFROM `...')
#2 C:\laragon\www\method-oldagehome\system\Database\BaseConnection.php(606): CodeIgniter\Database\BaseConnection->simpleQuery('SELECT 1\nFROM `...')
#3 C:\laragon\www\method-oldagehome\system\Database\BaseBuilder.php(1615): CodeIgniter\Database\BaseConnection->query('SELECT 1\nFROM `...', Array, false)
#4 C:\laragon\www\method-oldagehome\system\Validation\StrictRules\Rules.php(206): CodeIgniter\Database\BaseBuilder->get()
#5 C:\laragon\www\method-oldagehome\system\Validation\Validation.php(309): CodeIgniter\Validation\StrictRules\Rules->is_unique('jen@gmail.com', 'email', Array, NULL, 'Email')
#6 C:\laragon\www\method-oldagehome\system\Validation\Validation.php(195): CodeIgniter\Validation\Validation->processRules('Email', 'Email', 'jen@gmail.com', Array, Array)
#7 C:\laragon\www\method-oldagehome\system\Controller.php(150): CodeIgniter\Validation\Validation->run()
#8 C:\laragon\www\method-oldagehome\app\Controllers\SignupController.php(30): CodeIgniter\Controller->validate(Array)
#9 C:\laragon\www\method-oldagehome\system\CodeIgniter.php(919): App\Controllers\SignupController->store()
#10 C:\laragon\www\method-oldagehome\system\CodeIgniter.php(494): CodeIgniter\CodeIgniter->runController(Object(App\Controllers\SignupController))
#11 C:\laragon\www\method-oldagehome\system\CodeIgniter.php(353): CodeIgniter\CodeIgniter->handleRequest(NULL, Object(Config\Cache), false)
#12 C:\laragon\www\method-oldagehome\public\index.php(79): CodeIgniter\CodeIgniter->run()
#13 C:\laragon\www\method-oldagehome\system\Commands\Server\rewrite.php(47): require_once('C:\\laragon\\www\\...')
#14 {main}
CRITICAL - 2024-02-15 01:56:17 --> Table 'seniorcaredb.users' doesn't exist
in SYSTEMPATH\Database\BaseConnection.php on line 646.
 1 SYSTEMPATH\Database\BaseBuilder.php(1615): CodeIgniter\Database\BaseConnection->query('SELECT 1
FROM `users`
WHERE `email` = :email:
 LIMIT 1', [...], false)
 2 SYSTEMPATH\Validation\StrictRules\Rules.php(206): CodeIgniter\Database\BaseBuilder->get()
 3 SYSTEMPATH\Validation\Validation.php(309): CodeIgniter\Validation\StrictRules\Rules->is_unique('jen@gmail.com', 'email', [...], null, 'Email')
 4 SYSTEMPATH\Validation\Validation.php(195): CodeIgniter\Validation\Validation->processRules('Email', 'Email', 'jen@gmail.com', [...], [...])
 5 SYSTEMPATH\Controller.php(150): CodeIgniter\Validation\Validation->run()
 6 APPPATH\Controllers\SignupController.php(30): CodeIgniter\Controller->validate([...])
 7 SYSTEMPATH\CodeIgniter.php(919): App\Controllers\SignupController->store()
 8 SYSTEMPATH\CodeIgniter.php(494): CodeIgniter\CodeIgniter->runController(Object(App\Controllers\SignupController))
 9 SYSTEMPATH\CodeIgniter.php(353): CodeIgniter\CodeIgniter->handleRequest(null, Object(Config\Cache), false)
10 FCPATH\index.php(79): CodeIgniter\CodeIgniter->run()
11 SYSTEMPATH\Commands\Server\rewrite.php(47): require_once('C:\\laragon\\www\\method-oldagehome\\public\\index.php')
ERROR - 2024-02-15 01:59:25 --> mysqli_sql_exception: Table 'seniorcaredb.users' doesn't exist in C:\laragon\www\method-oldagehome\system\Database\MySQLi\Connection.php:306
Stack trace:
#0 C:\laragon\www\method-oldagehome\system\Database\MySQLi\Connection.php(306): mysqli->query('SELECT 1\nFROM `...', 0)
#1 C:\laragon\www\method-oldagehome\system\Database\BaseConnection.php(692): CodeIgniter\Database\MySQLi\Connection->execute('SELECT 1\nFROM `...')
#2 C:\laragon\www\method-oldagehome\system\Database\BaseConnection.php(606): CodeIgniter\Database\BaseConnection->simpleQuery('SELECT 1\nFROM `...')
#3 C:\laragon\www\method-oldagehome\system\Database\BaseBuilder.php(1615): CodeIgniter\Database\BaseConnection->query('SELECT 1\nFROM `...', Array, false)
#4 C:\laragon\www\method-oldagehome\system\Validation\StrictRules\Rules.php(206): CodeIgniter\Database\BaseBuilder->get()
#5 C:\laragon\www\method-oldagehome\system\Validation\Validation.php(309): CodeIgniter\Validation\StrictRules\Rules->is_unique('jen@gmail.com', 'email', Array, NULL, 'Email')
#6 C:\laragon\www\method-oldagehome\system\Validation\Validation.php(195): CodeIgniter\Validation\Validation->processRules('Email', 'Email', 'jen@gmail.com', Array, Array)
#7 C:\laragon\www\method-oldagehome\system\Controller.php(150): CodeIgniter\Validation\Validation->run()
#8 C:\laragon\www\method-oldagehome\app\Controllers\SignupController.php(30): CodeIgniter\Controller->validate(Array)
#9 C:\laragon\www\method-oldagehome\system\CodeIgniter.php(919): App\Controllers\SignupController->store()
#10 C:\laragon\www\method-oldagehome\system\CodeIgniter.php(494): CodeIgniter\CodeIgniter->runController(Object(App\Controllers\SignupController))
#11 C:\laragon\www\method-oldagehome\system\CodeIgniter.php(353): CodeIgniter\CodeIgniter->handleRequest(NULL, Object(Config\Cache), false)
#12 C:\laragon\www\method-oldagehome\public\index.php(79): CodeIgniter\CodeIgniter->run()
#13 C:\laragon\www\method-oldagehome\system\Commands\Server\rewrite.php(47): require_once('C:\\laragon\\www\\...')
#14 {main}
CRITICAL - 2024-02-15 01:59:25 --> Table 'seniorcaredb.users' doesn't exist
in SYSTEMPATH\Database\BaseConnection.php on line 646.
 1 SYSTEMPATH\Database\BaseBuilder.php(1615): CodeIgniter\Database\BaseConnection->query('SELECT 1
FROM `users`
WHERE `email` = :email:
 LIMIT 1', [...], false)
 2 SYSTEMPATH\Validation\StrictRules\Rules.php(206): CodeIgniter\Database\BaseBuilder->get()
 3 SYSTEMPATH\Validation\Validation.php(309): CodeIgniter\Validation\StrictRules\Rules->is_unique('jen@gmail.com', 'email', [...], null, 'Email')
 4 SYSTEMPATH\Validation\Validation.php(195): CodeIgniter\Validation\Validation->processRules('Email', 'Email', 'jen@gmail.com', [...], [...])
 5 SYSTEMPATH\Controller.php(150): CodeIgniter\Validation\Validation->run()
 6 APPPATH\Controllers\SignupController.php(30): CodeIgniter\Controller->validate([...])
 7 SYSTEMPATH\CodeIgniter.php(919): App\Controllers\SignupController->store()
 8 SYSTEMPATH\CodeIgniter.php(494): CodeIgniter\CodeIgniter->runController(Object(App\Controllers\SignupController))
 9 SYSTEMPATH\CodeIgniter.php(353): CodeIgniter\CodeIgniter->handleRequest(null, Object(Config\Cache), false)
10 FCPATH\index.php(79): CodeIgniter\CodeIgniter->run()
11 SYSTEMPATH\Commands\Server\rewrite.php(47): require_once('C:\\laragon\\www\\method-oldagehome\\public\\index.php')
ERROR - 2024-02-15 02:05:38 --> mysqli_sql_exception: Table 'seniorcaredb.users' doesn't exist in C:\laragon\www\method-oldagehome\system\Database\MySQLi\Connection.php:306
Stack trace:
#0 C:\laragon\www\method-oldagehome\system\Database\MySQLi\Connection.php(306): mysqli->query('SELECT 1\nFROM `...', 0)
#1 C:\laragon\www\method-oldagehome\system\Database\BaseConnection.php(692): CodeIgniter\Database\MySQLi\Connection->execute('SELECT 1\nFROM `...')
#2 C:\laragon\www\method-oldagehome\system\Database\BaseConnection.php(606): CodeIgniter\Database\BaseConnection->simpleQuery('SELECT 1\nFROM `...')
#3 C:\laragon\www\method-oldagehome\system\Database\BaseBuilder.php(1615): CodeIgniter\Database\BaseConnection->query('SELECT 1\nFROM `...', Array, false)
#4 C:\laragon\www\method-oldagehome\system\Validation\StrictRules\Rules.php(206): CodeIgniter\Database\BaseBuilder->get()
#5 C:\laragon\www\method-oldagehome\system\Validation\Validation.php(309): CodeIgniter\Validation\StrictRules\Rules->is_unique('jen@gmail.com', 'email', Array, NULL, 'Email')
#6 C:\laragon\www\method-oldagehome\system\Validation\Validation.php(195): CodeIgniter\Validation\Validation->processRules('Email', 'Email', 'jen@gmail.com', Array, Array)
#7 C:\laragon\www\method-oldagehome\system\Controller.php(150): CodeIgniter\Validation\Validation->run()
#8 C:\laragon\www\method-oldagehome\app\Controllers\SignupController.php(28): CodeIgniter\Controller->validate(Array)
#9 C:\laragon\www\method-oldagehome\system\CodeIgniter.php(919): App\Controllers\SignupController->store()
#10 C:\laragon\www\method-oldagehome\system\CodeIgniter.php(494): CodeIgniter\CodeIgniter->runController(Object(App\Controllers\SignupController))
#11 C:\laragon\www\method-oldagehome\system\CodeIgniter.php(353): CodeIgniter\CodeIgniter->handleRequest(NULL, Object(Config\Cache), false)
#12 C:\laragon\www\method-oldagehome\public\index.php(79): CodeIgniter\CodeIgniter->run()
#13 C:\laragon\www\method-oldagehome\system\Commands\Server\rewrite.php(47): require_once('C:\\laragon\\www\\...')
#14 {main}
CRITICAL - 2024-02-15 02:05:38 --> Table 'seniorcaredb.users' doesn't exist
in SYSTEMPATH\Database\BaseConnection.php on line 646.
 1 SYSTEMPATH\Database\BaseBuilder.php(1615): CodeIgniter\Database\BaseConnection->query('SELECT 1
FROM `users`
WHERE `email` = :email:
 LIMIT 1', [...], false)
 2 SYSTEMPATH\Validation\StrictRules\Rules.php(206): CodeIgniter\Database\BaseBuilder->get()
 3 SYSTEMPATH\Validation\Validation.php(309): CodeIgniter\Validation\StrictRules\Rules->is_unique('jen@gmail.com', 'email', [...], null, 'Email')
 4 SYSTEMPATH\Validation\Validation.php(195): CodeIgniter\Validation\Validation->processRules('Email', 'Email', 'jen@gmail.com', [...], [...])
 5 SYSTEMPATH\Controller.php(150): CodeIgniter\Validation\Validation->run()
 6 APPPATH\Controllers\SignupController.php(28): CodeIgniter\Controller->validate([...])
 7 SYSTEMPATH\CodeIgniter.php(919): App\Controllers\SignupController->store()
 8 SYSTEMPATH\CodeIgniter.php(494): CodeIgniter\CodeIgniter->runController(Object(App\Controllers\SignupController))
 9 SYSTEMPATH\CodeIgniter.php(353): CodeIgniter\CodeIgniter->handleRequest(null, Object(Config\Cache), false)
10 FCPATH\index.php(79): CodeIgniter\CodeIgniter->run()
11 SYSTEMPATH\Commands\Server\rewrite.php(47): require_once('C:\\laragon\\www\\method-oldagehome\\public\\index.php')
ERROR - 2024-02-15 02:06:18 --> mysqli_sql_exception: Table 'seniorcaredb.users' doesn't exist in C:\laragon\www\method-oldagehome\system\Database\MySQLi\Connection.php:306
Stack trace:
#0 C:\laragon\www\method-oldagehome\system\Database\MySQLi\Connection.php(306): mysqli->query('SELECT 1\nFROM `...', 0)
#1 C:\laragon\www\method-oldagehome\system\Database\BaseConnection.php(692): CodeIgniter\Database\MySQLi\Connection->execute('SELECT 1\nFROM `...')
#2 C:\laragon\www\method-oldagehome\system\Database\BaseConnection.php(606): CodeIgniter\Database\BaseConnection->simpleQuery('SELECT 1\nFROM `...')
#3 C:\laragon\www\method-oldagehome\system\Database\BaseBuilder.php(1615): CodeIgniter\Database\BaseConnection->query('SELECT 1\nFROM `...', Array, false)
#4 C:\laragon\www\method-oldagehome\system\Validation\StrictRules\Rules.php(206): CodeIgniter\Database\BaseBuilder->get()
#5 C:\laragon\www\method-oldagehome\system\Validation\Validation.php(309): CodeIgniter\Validation\StrictRules\Rules->is_unique('jen@gmail.com', 'email', Array, NULL, 'Email')
#6 C:\laragon\www\method-oldagehome\system\Validation\Validation.php(195): CodeIgniter\Validation\Validation->processRules('Email', 'Email', 'jen@gmail.com', Array, Array)
#7 C:\laragon\www\method-oldagehome\system\Controller.php(150): CodeIgniter\Validation\Validation->run()
#8 C:\laragon\www\method-oldagehome\app\Controllers\SignupController.php(28): CodeIgniter\Controller->validate(Array)
#9 C:\laragon\www\method-oldagehome\system\CodeIgniter.php(919): App\Controllers\SignupController->store()
#10 C:\laragon\www\method-oldagehome\system\CodeIgniter.php(494): CodeIgniter\CodeIgniter->runController(Object(App\Controllers\SignupController))
#11 C:\laragon\www\method-oldagehome\system\CodeIgniter.php(353): CodeIgniter\CodeIgniter->handleRequest(NULL, Object(Config\Cache), false)
#12 C:\laragon\www\method-oldagehome\public\index.php(79): CodeIgniter\CodeIgniter->run()
#13 C:\laragon\www\method-oldagehome\system\Commands\Server\rewrite.php(47): require_once('C:\\laragon\\www\\...')
#14 {main}
CRITICAL - 2024-02-15 02:06:18 --> Table 'seniorcaredb.users' doesn't exist
in SYSTEMPATH\Database\BaseConnection.php on line 646.
 1 SYSTEMPATH\Database\BaseBuilder.php(1615): CodeIgniter\Database\BaseConnection->query('SELECT 1
FROM `users`
WHERE `email` = :email:
 LIMIT 1', [...], false)
 2 SYSTEMPATH\Validation\StrictRules\Rules.php(206): CodeIgniter\Database\BaseBuilder->get()
 3 SYSTEMPATH\Validation\Validation.php(309): CodeIgniter\Validation\StrictRules\Rules->is_unique('jen@gmail.com', 'email', [...], null, 'Email')
 4 SYSTEMPATH\Validation\Validation.php(195): CodeIgniter\Validation\Validation->processRules('Email', 'Email', 'jen@gmail.com', [...], [...])
 5 SYSTEMPATH\Controller.php(150): CodeIgniter\Validation\Validation->run()
 6 APPPATH\Controllers\SignupController.php(28): CodeIgniter\Controller->validate([...])
 7 SYSTEMPATH\CodeIgniter.php(919): App\Controllers\SignupController->store()
 8 SYSTEMPATH\CodeIgniter.php(494): CodeIgniter\CodeIgniter->runController(Object(App\Controllers\SignupController))
 9 SYSTEMPATH\CodeIgniter.php(353): CodeIgniter\CodeIgniter->handleRequest(null, Object(Config\Cache), false)
10 FCPATH\index.php(79): CodeIgniter\CodeIgniter->run()
11 SYSTEMPATH\Commands\Server\rewrite.php(47): require_once('C:\\laragon\\www\\method-oldagehome\\public\\index.php')
ERROR - 2024-02-15 02:07:46 --> mysqli_sql_exception: Table 'seniorcaredb.users' doesn't exist in C:\laragon\www\method-oldagehome\system\Database\MySQLi\Connection.php:306
Stack trace:
#0 C:\laragon\www\method-oldagehome\system\Database\MySQLi\Connection.php(306): mysqli->query('SELECT 1\nFROM `...', 0)
#1 C:\laragon\www\method-oldagehome\system\Database\BaseConnection.php(692): CodeIgniter\Database\MySQLi\Connection->execute('SELECT 1\nFROM `...')
#2 C:\laragon\www\method-oldagehome\system\Database\BaseConnection.php(606): CodeIgniter\Database\BaseConnection->simpleQuery('SELECT 1\nFROM `...')
#3 C:\laragon\www\method-oldagehome\system\Database\BaseBuilder.php(1615): CodeIgniter\Database\BaseConnection->query('SELECT 1\nFROM `...', Array, false)
#4 C:\laragon\www\method-oldagehome\system\Validation\StrictRules\Rules.php(206): CodeIgniter\Database\BaseBuilder->get()
#5 C:\laragon\www\method-oldagehome\system\Validation\Validation.php(309): CodeIgniter\Validation\StrictRules\Rules->is_unique('jen@gmail.com', 'email', Array, NULL, 'Email')
#6 C:\laragon\www\method-oldagehome\system\Validation\Validation.php(195): CodeIgniter\Validation\Validation->processRules('Email', 'Email', 'jen@gmail.com', Array, Array)
#7 C:\laragon\www\method-oldagehome\system\Controller.php(150): CodeIgniter\Validation\Validation->run()
#8 C:\laragon\www\method-oldagehome\app\Controllers\SignupController.php(28): CodeIgniter\Controller->validate(Array)
#9 C:\laragon\www\method-oldagehome\system\CodeIgniter.php(919): App\Controllers\SignupController->store()
#10 C:\laragon\www\method-oldagehome\system\CodeIgniter.php(494): CodeIgniter\CodeIgniter->runController(Object(App\Controllers\SignupController))
#11 C:\laragon\www\method-oldagehome\system\CodeIgniter.php(353): CodeIgniter\CodeIgniter->handleRequest(NULL, Object(Config\Cache), false)
#12 C:\laragon\www\method-oldagehome\public\index.php(79): CodeIgniter\CodeIgniter->run()
#13 C:\laragon\www\method-oldagehome\system\Commands\Server\rewrite.php(47): require_once('C:\\laragon\\www\\...')
#14 {main}
CRITICAL - 2024-02-15 02:07:46 --> Table 'seniorcaredb.users' doesn't exist
in SYSTEMPATH\Database\BaseConnection.php on line 646.
 1 SYSTEMPATH\Database\BaseBuilder.php(1615): CodeIgniter\Database\BaseConnection->query('SELECT 1
FROM `users`
WHERE `email` = :email:
 LIMIT 1', [...], false)
 2 SYSTEMPATH\Validation\StrictRules\Rules.php(206): CodeIgniter\Database\BaseBuilder->get()
 3 SYSTEMPATH\Validation\Validation.php(309): CodeIgniter\Validation\StrictRules\Rules->is_unique('jen@gmail.com', 'email', [...], null, 'Email')
 4 SYSTEMPATH\Validation\Validation.php(195): CodeIgniter\Validation\Validation->processRules('Email', 'Email', 'jen@gmail.com', [...], [...])
 5 SYSTEMPATH\Controller.php(150): CodeIgniter\Validation\Validation->run()
 6 APPPATH\Controllers\SignupController.php(28): CodeIgniter\Controller->validate([...])
 7 SYSTEMPATH\CodeIgniter.php(919): App\Controllers\SignupController->store()
 8 SYSTEMPATH\CodeIgniter.php(494): CodeIgniter\CodeIgniter->runController(Object(App\Controllers\SignupController))
 9 SYSTEMPATH\CodeIgniter.php(353): CodeIgniter\CodeIgniter->handleRequest(null, Object(Config\Cache), false)
10 FCPATH\index.php(79): CodeIgniter\CodeIgniter->run()
11 SYSTEMPATH\Commands\Server\rewrite.php(47): require_once('C:\\laragon\\www\\method-oldagehome\\public\\index.php')
ERROR - 2024-02-15 02:08:48 --> mysqli_sql_exception: Table 'seniorcaredb.users' doesn't exist in C:\laragon\www\method-oldagehome\system\Database\MySQLi\Connection.php:306
Stack trace:
#0 C:\laragon\www\method-oldagehome\system\Database\MySQLi\Connection.php(306): mysqli->query('SELECT 1\nFROM `...', 0)
#1 C:\laragon\www\method-oldagehome\system\Database\BaseConnection.php(692): CodeIgniter\Database\MySQLi\Connection->execute('SELECT 1\nFROM `...')
#2 C:\laragon\www\method-oldagehome\system\Database\BaseConnection.php(606): CodeIgniter\Database\BaseConnection->simpleQuery('SELECT 1\nFROM `...')
#3 C:\laragon\www\method-oldagehome\system\Database\BaseBuilder.php(1615): CodeIgniter\Database\BaseConnection->query('SELECT 1\nFROM `...', Array, false)
#4 C:\laragon\www\method-oldagehome\system\Validation\StrictRules\Rules.php(206): CodeIgniter\Database\BaseBuilder->get()
#5 C:\laragon\www\method-oldagehome\system\Validation\Validation.php(309): CodeIgniter\Validation\StrictRules\Rules->is_unique('jen@gmail.com', 'email', Array, NULL, 'Email')
#6 C:\laragon\www\method-oldagehome\system\Validation\Validation.php(195): CodeIgniter\Validation\Validation->processRules('Email', 'Email', 'jen@gmail.com', Array, Array)
#7 C:\laragon\www\method-oldagehome\system\Controller.php(150): CodeIgniter\Validation\Validation->run()
#8 C:\laragon\www\method-oldagehome\app\Controllers\SignupController.php(28): CodeIgniter\Controller->validate(Array)
#9 C:\laragon\www\method-oldagehome\system\CodeIgniter.php(919): App\Controllers\SignupController->store()
#10 C:\laragon\www\method-oldagehome\system\CodeIgniter.php(494): CodeIgniter\CodeIgniter->runController(Object(App\Controllers\SignupController))
#11 C:\laragon\www\method-oldagehome\system\CodeIgniter.php(353): CodeIgniter\CodeIgniter->handleRequest(NULL, Object(Config\Cache), false)
#12 C:\laragon\www\method-oldagehome\public\index.php(79): CodeIgniter\CodeIgniter->run()
#13 C:\laragon\www\method-oldagehome\system\Commands\Server\rewrite.php(47): require_once('C:\\laragon\\www\\...')
#14 {main}
CRITICAL - 2024-02-15 02:08:48 --> Table 'seniorcaredb.users' doesn't exist
in SYSTEMPATH\Database\BaseConnection.php on line 646.
 1 SYSTEMPATH\Database\BaseBuilder.php(1615): CodeIgniter\Database\BaseConnection->query('SELECT 1
FROM `users`
WHERE `email` = :email:
 LIMIT 1', [...], false)
 2 SYSTEMPATH\Validation\StrictRules\Rules.php(206): CodeIgniter\Database\BaseBuilder->get()
 3 SYSTEMPATH\Validation\Validation.php(309): CodeIgniter\Validation\StrictRules\Rules->is_unique('jen@gmail.com', 'email', [...], null, 'Email')
 4 SYSTEMPATH\Validation\Validation.php(195): CodeIgniter\Validation\Validation->processRules('Email', 'Email', 'jen@gmail.com', [...], [...])
 5 SYSTEMPATH\Controller.php(150): CodeIgniter\Validation\Validation->run()
 6 APPPATH\Controllers\SignupController.php(28): CodeIgniter\Controller->validate([...])
 7 SYSTEMPATH\CodeIgniter.php(919): App\Controllers\SignupController->store()
 8 SYSTEMPATH\CodeIgniter.php(494): CodeIgniter\CodeIgniter->runController(Object(App\Controllers\SignupController))
 9 SYSTEMPATH\CodeIgniter.php(353): CodeIgniter\CodeIgniter->handleRequest(null, Object(Config\Cache), false)
10 FCPATH\index.php(79): CodeIgniter\CodeIgniter->run()
11 SYSTEMPATH\Commands\Server\rewrite.php(47): require_once('C:\\laragon\\www\\method-oldagehome\\public\\index.php')
ERROR - 2024-02-15 02:10:26 --> mysqli_sql_exception: Table 'seniorcaredb.users' doesn't exist in C:\laragon\www\method-oldagehome\system\Database\MySQLi\Connection.php:306
Stack trace:
#0 C:\laragon\www\method-oldagehome\system\Database\MySQLi\Connection.php(306): mysqli->query('SELECT 1\nFROM `...', 0)
#1 C:\laragon\www\method-oldagehome\system\Database\BaseConnection.php(692): CodeIgniter\Database\MySQLi\Connection->execute('SELECT 1\nFROM `...')
#2 C:\laragon\www\method-oldagehome\system\Database\BaseConnection.php(606): CodeIgniter\Database\BaseConnection->simpleQuery('SELECT 1\nFROM `...')
#3 C:\laragon\www\method-oldagehome\system\Database\BaseBuilder.php(1615): CodeIgniter\Database\BaseConnection->query('SELECT 1\nFROM `...', Array, false)
#4 C:\laragon\www\method-oldagehome\system\Validation\StrictRules\Rules.php(206): CodeIgniter\Database\BaseBuilder->get()
#5 C:\laragon\www\method-oldagehome\system\Validation\Validation.php(309): CodeIgniter\Validation\StrictRules\Rules->is_unique('jen@gmail.com', 'email', Array, NULL, 'Email')
#6 C:\laragon\www\method-oldagehome\system\Validation\Validation.php(195): CodeIgniter\Validation\Validation->processRules('Email', 'Email', 'jen@gmail.com', Array, Array)
#7 C:\laragon\www\method-oldagehome\system\Controller.php(150): CodeIgniter\Validation\Validation->run()
#8 C:\laragon\www\method-oldagehome\app\Controllers\SignupController.php(28): CodeIgniter\Controller->validate(Array)
#9 C:\laragon\www\method-oldagehome\system\CodeIgniter.php(919): App\Controllers\SignupController->store()
#10 C:\laragon\www\method-oldagehome\system\CodeIgniter.php(494): CodeIgniter\CodeIgniter->runController(Object(App\Controllers\SignupController))
#11 C:\laragon\www\method-oldagehome\system\CodeIgniter.php(353): CodeIgniter\CodeIgniter->handleRequest(NULL, Object(Config\Cache), false)
#12 C:\laragon\www\method-oldagehome\public\index.php(79): CodeIgniter\CodeIgniter->run()
#13 C:\laragon\www\method-oldagehome\system\Commands\Server\rewrite.php(47): require_once('C:\\laragon\\www\\...')
#14 {main}
CRITICAL - 2024-02-15 02:10:26 --> Table 'seniorcaredb.users' doesn't exist
in SYSTEMPATH\Database\BaseConnection.php on line 646.
 1 SYSTEMPATH\Database\BaseBuilder.php(1615): CodeIgniter\Database\BaseConnection->query('SELECT 1
FROM `users`
WHERE `email` = :email:
 LIMIT 1', [...], false)
 2 SYSTEMPATH\Validation\StrictRules\Rules.php(206): CodeIgniter\Database\BaseBuilder->get()
 3 SYSTEMPATH\Validation\Validation.php(309): CodeIgniter\Validation\StrictRules\Rules->is_unique('jen@gmail.com', 'email', [...], null, 'Email')
 4 SYSTEMPATH\Validation\Validation.php(195): CodeIgniter\Validation\Validation->processRules('Email', 'Email', 'jen@gmail.com', [...], [...])
 5 SYSTEMPATH\Controller.php(150): CodeIgniter\Validation\Validation->run()
 6 APPPATH\Controllers\SignupController.php(28): CodeIgniter\Controller->validate([...])
 7 SYSTEMPATH\CodeIgniter.php(919): App\Controllers\SignupController->store()
 8 SYSTEMPATH\CodeIgniter.php(494): CodeIgniter\CodeIgniter->runController(Object(App\Controllers\SignupController))
 9 SYSTEMPATH\CodeIgniter.php(353): CodeIgniter\CodeIgniter->handleRequest(null, Object(Config\Cache), false)
10 FCPATH\index.php(79): CodeIgniter\CodeIgniter->run()
11 SYSTEMPATH\Commands\Server\rewrite.php(47): require_once('C:\\laragon\\www\\method-oldagehome\\public\\index.php')
ERROR - 2024-02-15 02:26:20 --> mysqli_sql_exception: Table 'seniorcaredb.users' doesn't exist in C:\laragon\www\method-oldagehome\system\Database\MySQLi\Connection.php:306
Stack trace:
#0 C:\laragon\www\method-oldagehome\system\Database\MySQLi\Connection.php(306): mysqli->query('SELECT 1\nFROM `...', 0)
#1 C:\laragon\www\method-oldagehome\system\Database\BaseConnection.php(692): CodeIgniter\Database\MySQLi\Connection->execute('SELECT 1\nFROM `...')
#2 C:\laragon\www\method-oldagehome\system\Database\BaseConnection.php(606): CodeIgniter\Database\BaseConnection->simpleQuery('SELECT 1\nFROM `...')
#3 C:\laragon\www\method-oldagehome\system\Database\BaseBuilder.php(1615): CodeIgniter\Database\BaseConnection->query('SELECT 1\nFROM `...', Array, false)
#4 C:\laragon\www\method-oldagehome\system\Validation\StrictRules\Rules.php(206): CodeIgniter\Database\BaseBuilder->get()
#5 C:\laragon\www\method-oldagehome\system\Validation\Validation.php(309): CodeIgniter\Validation\StrictRules\Rules->is_unique('jen@gmail.com', 'email', Array, NULL, 'Email')
#6 C:\laragon\www\method-oldagehome\system\Validation\Validation.php(195): CodeIgniter\Validation\Validation->processRules('Email', 'Email', 'jen@gmail.com', Array, Array)
#7 C:\laragon\www\method-oldagehome\system\Controller.php(150): CodeIgniter\Validation\Validation->run()
#8 C:\laragon\www\method-oldagehome\app\Controllers\SignupController.php(28): CodeIgniter\Controller->validate(Array)
#9 C:\laragon\www\method-oldagehome\system\CodeIgniter.php(919): App\Controllers\SignupController->store()
#10 C:\laragon\www\method-oldagehome\system\CodeIgniter.php(494): CodeIgniter\CodeIgniter->runController(Object(App\Controllers\SignupController))
#11 C:\laragon\www\method-oldagehome\system\CodeIgniter.php(353): CodeIgniter\CodeIgniter->handleRequest(NULL, Object(Config\Cache), false)
#12 C:\laragon\www\method-oldagehome\public\index.php(79): CodeIgniter\CodeIgniter->run()
#13 C:\laragon\www\method-oldagehome\system\Commands\Server\rewrite.php(47): require_once('C:\\laragon\\www\\...')
#14 {main}
CRITICAL - 2024-02-15 02:26:20 --> Table 'seniorcaredb.users' doesn't exist
in SYSTEMPATH\Database\BaseConnection.php on line 646.
 1 SYSTEMPATH\Database\BaseBuilder.php(1615): CodeIgniter\Database\BaseConnection->query('SELECT 1
FROM `users`
WHERE `email` = :email:
 LIMIT 1', [...], false)
 2 SYSTEMPATH\Validation\StrictRules\Rules.php(206): CodeIgniter\Database\BaseBuilder->get()
 3 SYSTEMPATH\Validation\Validation.php(309): CodeIgniter\Validation\StrictRules\Rules->is_unique('jen@gmail.com', 'email', [...], null, 'Email')
 4 SYSTEMPATH\Validation\Validation.php(195): CodeIgniter\Validation\Validation->processRules('Email', 'Email', 'jen@gmail.com', [...], [...])
 5 SYSTEMPATH\Controller.php(150): CodeIgniter\Validation\Validation->run()
 6 APPPATH\Controllers\SignupController.php(28): CodeIgniter\Controller->validate([...])
 7 SYSTEMPATH\CodeIgniter.php(919): App\Controllers\SignupController->store()
 8 SYSTEMPATH\CodeIgniter.php(494): CodeIgniter\CodeIgniter->runController(Object(App\Controllers\SignupController))
 9 SYSTEMPATH\CodeIgniter.php(353): CodeIgniter\CodeIgniter->handleRequest(null, Object(Config\Cache), false)
10 FCPATH\index.php(79): CodeIgniter\CodeIgniter->run()
11 SYSTEMPATH\Commands\Server\rewrite.php(47): require_once('C:\\laragon\\www\\method-oldagehome\\public\\index.php')
CRITICAL - 2024-02-15 02:29:08 --> Invalid file: "signin.php"
in SYSTEMPATH\Exceptions\FrameworkException.php on line 39.
 1 SYSTEMPATH\View\View.php(214): CodeIgniter\Exceptions\FrameworkException::forInvalidFile('signin.php')
 2 SYSTEMPATH\Common.php(1188): CodeIgniter\View\View->render('signin', [], true)
 3 APPPATH\Controllers\SigninController.php(13): view('signin')
 4 SYSTEMPATH\CodeIgniter.php(919): App\Controllers\SigninController->index()
 5 SYSTEMPATH\CodeIgniter.php(494): CodeIgniter\CodeIgniter->runController(Object(App\Controllers\SigninController))
 6 SYSTEMPATH\CodeIgniter.php(353): CodeIgniter\CodeIgniter->handleRequest(null, Object(Config\Cache), false)
 7 FCPATH\index.php(79): CodeIgniter\CodeIgniter->run()
 8 SYSTEMPATH\Commands\Server\rewrite.php(47): require_once('C:\\laragon\\www\\method-oldagehome\\public\\index.php')
CRITICAL - 2024-02-15 02:32:44 --> Call to undefined function set_value()
in APPPATH\Views\user\login.php on line 31.
 1 SYSTEMPATH\View\View.php(226): include()
 2 SYSTEMPATH\View\View.php(229): CodeIgniter\View\View->CodeIgniter\View\{closure}()
 3 SYSTEMPATH\Common.php(1188): CodeIgniter\View\View->render('user/login', [], true)
 4 APPPATH\Controllers\SigninController.php(11): view('user/login')
 5 SYSTEMPATH\CodeIgniter.php(919): App\Controllers\SigninController->signin()
 6 SYSTEMPATH\CodeIgniter.php(494): CodeIgniter\CodeIgniter->runController(Object(App\Controllers\SigninController))
 7 SYSTEMPATH\CodeIgniter.php(353): CodeIgniter\CodeIgniter->handleRequest(null, Object(Config\Cache), false)
 8 FCPATH\index.php(79): CodeIgniter\CodeIgniter->run()
 9 SYSTEMPATH\Commands\Server\rewrite.php(47): require_once('C:\\laragon\\www\\method-oldagehome\\public\\index.php')
CRITICAL - 2024-02-15 02:36:57 --> Invalid file: "signup.php"
in SYSTEMPATH\Exceptions\FrameworkException.php on line 39.
 1 SYSTEMPATH\View\View.php(214): CodeIgniter\Exceptions\FrameworkException::forInvalidFile('signup.php')
 2 SYSTEMPATH\Common.php(1188): CodeIgniter\View\View->render('signup', [], true)
 3 APPPATH\Controllers\SignupController.php(14): view('signup', [])
 4 SYSTEMPATH\CodeIgniter.php(919): App\Controllers\SignupController->index()
 5 SYSTEMPATH\CodeIgniter.php(494): CodeIgniter\CodeIgniter->runController(Object(App\Controllers\SignupController))
 6 SYSTEMPATH\CodeIgniter.php(353): CodeIgniter\CodeIgniter->handleRequest(null, Object(Config\Cache), false)
 7 FCPATH\index.php(79): CodeIgniter\CodeIgniter->run()
 8 SYSTEMPATH\Commands\Server\rewrite.php(47): require_once('C:\\laragon\\www\\method-oldagehome\\public\\index.php')
CRITICAL - 2024-02-15 02:37:10 --> Invalid file: "signup.php"
in SYSTEMPATH\Exceptions\FrameworkException.php on line 39.
 1 SYSTEMPATH\View\View.php(214): CodeIgniter\Exceptions\FrameworkException::forInvalidFile('signup.php')
 2 SYSTEMPATH\Common.php(1188): CodeIgniter\View\View->render('signup', [], true)
 3 APPPATH\Controllers\SignupController.php(14): view('signup', [])
 4 SYSTEMPATH\CodeIgniter.php(919): App\Controllers\SignupController->index()
 5 SYSTEMPATH\CodeIgniter.php(494): CodeIgniter\CodeIgniter->runController(Object(App\Controllers\SignupController))
 6 SYSTEMPATH\CodeIgniter.php(353): CodeIgniter\CodeIgniter->handleRequest(null, Object(Config\Cache), false)
 7 FCPATH\index.php(79): CodeIgniter\CodeIgniter->run()
 8 SYSTEMPATH\Commands\Server\rewrite.php(47): require_once('C:\\laragon\\www\\method-oldagehome\\public\\index.php')
CRITICAL - 2024-02-15 02:38:08 --> Invalid file: "signup.php"
in SYSTEMPATH\Exceptions\FrameworkException.php on line 39.
 1 SYSTEMPATH\View\View.php(214): CodeIgniter\Exceptions\FrameworkException::forInvalidFile('signup.php')
 2 SYSTEMPATH\Common.php(1188): CodeIgniter\View\View->render('signup', [], true)
 3 APPPATH\Controllers\SignupController.php(42): view('signup', [...])
 4 SYSTEMPATH\CodeIgniter.php(919): App\Controllers\SignupController->store()
 5 SYSTEMPATH\CodeIgniter.php(494): CodeIgniter\CodeIgniter->runController(Object(App\Controllers\SignupController))
 6 SYSTEMPATH\CodeIgniter.php(353): CodeIgniter\CodeIgniter->handleRequest(null, Object(Config\Cache), false)
 7 FCPATH\index.php(79): CodeIgniter\CodeIgniter->run()
 8 SYSTEMPATH\Commands\Server\rewrite.php(47): require_once('C:\\laragon\\www\\method-oldagehome\\public\\index.php')
CRITICAL - 2024-02-15 02:38:18 --> Invalid file: "signup.php"
in SYSTEMPATH\Exceptions\FrameworkException.php on line 39.
 1 SYSTEMPATH\View\View.php(214): CodeIgniter\Exceptions\FrameworkException::forInvalidFile('signup.php')
 2 SYSTEMPATH\Common.php(1188): CodeIgniter\View\View->render('signup', [], true)
 3 APPPATH\Controllers\SignupController.php(42): view('signup', [...])
 4 SYSTEMPATH\CodeIgniter.php(919): App\Controllers\SignupController->store()
 5 SYSTEMPATH\CodeIgniter.php(494): CodeIgniter\CodeIgniter->runController(Object(App\Controllers\SignupController))
 6 SYSTEMPATH\CodeIgniter.php(353): CodeIgniter\CodeIgniter->handleRequest(null, Object(Config\Cache), false)
 7 FCPATH\index.php(79): CodeIgniter\CodeIgniter->run()
 8 SYSTEMPATH\Commands\Server\rewrite.php(47): require_once('C:\\laragon\\www\\method-oldagehome\\public\\index.php')
CRITICAL - 2024-02-15 02:41:09 --> Undefined variable $sdata
in APPPATH\Views\dashboard\search.php on line 77.
 1 APPPATH\Views\dashboard\search.php(77): CodeIgniter\Debug\Exceptions->errorHandler(2, 'Undefined variable $sdata', 'C:\\laragon\\www\\method-oldagehome\\app\\Views\\dashboard\\search.php', 77)
 2 SYSTEMPATH\View\View.php(226): include('C:\\laragon\\www\\method-oldagehome\\app\\Views\\dashboard\\search.php')
 3 SYSTEMPATH\View\View.php(229): CodeIgniter\View\View->CodeIgniter\View\{closure}()
 4 SYSTEMPATH\Common.php(1188): CodeIgniter\View\View->render('dashboard/search', [], true)
 5 APPPATH\Controllers\ViewController.php(47): view('dashboard/search')
 6 SYSTEMPATH\CodeIgniter.php(919): App\Controllers\ViewController->search()
 7 SYSTEMPATH\CodeIgniter.php(494): CodeIgniter\CodeIgniter->runController(Object(App\Controllers\ViewController))
 8 SYSTEMPATH\CodeIgniter.php(353): CodeIgniter\CodeIgniter->handleRequest(null, Object(Config\Cache), false)
 9 FCPATH\index.php(79): CodeIgniter\CodeIgniter->run()
10 SYSTEMPATH\Commands\Server\rewrite.php(47): require_once('C:\\laragon\\www\\method-oldagehome\\public\\index.php')
CRITICAL - 2024-02-15 02:42:31 --> Undefined variable $main
in APPPATH\Views\dashboard\managescdetails.php on line 63.
 1 APPPATH\Views\dashboard\managescdetails.php(63): CodeIgniter\Debug\Exceptions->errorHandler(2, 'Undefined variable $main', 'C:\\laragon\\www\\method-oldagehome\\app\\Views\\dashboard\\managescdetails.php', 63)
 2 SYSTEMPATH\View\View.php(226): include('C:\\laragon\\www\\method-oldagehome\\app\\Views\\dashboard\\managescdetails.php')
 3 SYSTEMPATH\View\View.php(229): CodeIgniter\View\View->CodeIgniter\View\{closure}()
 4 SYSTEMPATH\Common.php(1188): CodeIgniter\View\View->render('dashboard/managescdetails', [], true)
 5 APPPATH\Controllers\ViewController.php(79): view('dashboard/managescdetails')
 6 SYSTEMPATH\CodeIgniter.php(919): App\Controllers\ViewController->managescdetails()
 7 SYSTEMPATH\CodeIgniter.php(494): CodeIgniter\CodeIgniter->runController(Object(App\Controllers\ViewController))
 8 SYSTEMPATH\CodeIgniter.php(353): CodeIgniter\CodeIgniter->handleRequest(null, Object(Config\Cache), false)
 9 FCPATH\index.php(79): CodeIgniter\CodeIgniter->run()
10 SYSTEMPATH\Commands\Server\rewrite.php(47): require_once('C:\\laragon\\www\\method-oldagehome\\public\\index.php')
CRITICAL - 2024-02-15 02:42:45 --> Undefined variable $main
in APPPATH\Views\dashboard\managescdetails.php on line 63.
 1 APPPATH\Views\dashboard\managescdetails.php(63): CodeIgniter\Debug\Exceptions->errorHandler(2, 'Undefined variable $main', 'C:\\laragon\\www\\method-oldagehome\\app\\Views\\dashboard\\managescdetails.php', 63)
 2 SYSTEMPATH\View\View.php(226): include('C:\\laragon\\www\\method-oldagehome\\app\\Views\\dashboard\\managescdetails.php')
 3 SYSTEMPATH\View\View.php(229): CodeIgniter\View\View->CodeIgniter\View\{closure}()
 4 SYSTEMPATH\Common.php(1188): CodeIgniter\View\View->render('dashboard/managescdetails', [], true)
 5 APPPATH\Controllers\ViewController.php(79): view('dashboard/managescdetails')
 6 SYSTEMPATH\CodeIgniter.php(919): App\Controllers\ViewController->managescdetails()
 7 SYSTEMPATH\CodeIgniter.php(494): CodeIgniter\CodeIgniter->runController(Object(App\Controllers\ViewController))
 8 SYSTEMPATH\CodeIgniter.php(353): CodeIgniter\CodeIgniter->handleRequest(null, Object(Config\Cache), false)
 9 FCPATH\index.php(79): CodeIgniter\CodeIgniter->run()
10 SYSTEMPATH\Commands\Server\rewrite.php(47): require_once('C:\\laragon\\www\\method-oldagehome\\public\\index.php')
CRITICAL - 2024-02-15 02:43:21 --> Undefined variable $product
in APPPATH\Views\dashboard\manageproduct.php on line 61.
 1 APPPATH\Views\dashboard\manageproduct.php(61): CodeIgniter\Debug\Exceptions->errorHandler(2, 'Undefined variable $product', 'C:\\laragon\\www\\method-oldagehome\\app\\Views\\dashboard\\manageproduct.php', 61)
 2 SYSTEMPATH\View\View.php(226): include('C:\\laragon\\www\\method-oldagehome\\app\\Views\\dashboard\\manageproduct.php')
 3 SYSTEMPATH\View\View.php(229): CodeIgniter\View\View->CodeIgniter\View\{closure}()
 4 SYSTEMPATH\Common.php(1188): CodeIgniter\View\View->render('dashboard/manageproduct', [], true)
 5 APPPATH\Controllers\ViewController.php(91): view('dashboard/manageproduct')
 6 SYSTEMPATH\CodeIgniter.php(919): App\Controllers\ViewController->manageproduct()
 7 SYSTEMPATH\CodeIgniter.php(494): CodeIgniter\CodeIgniter->runController(Object(App\Controllers\ViewController))
 8 SYSTEMPATH\CodeIgniter.php(353): CodeIgniter\CodeIgniter->handleRequest(null, Object(Config\Cache), false)
 9 FCPATH\index.php(79): CodeIgniter\CodeIgniter->run()
10 SYSTEMPATH\Commands\Server\rewrite.php(47): require_once('C:\\laragon\\www\\method-oldagehome\\public\\index.php')
ERROR - 2024-02-15 02:57:31 --> mysqli_sql_exception: Table 'seniorcaredb.users' doesn't exist in C:\laragon\www\method-oldagehome\system\Database\MySQLi\Connection.php:306
Stack trace:
#0 C:\laragon\www\method-oldagehome\system\Database\MySQLi\Connection.php(306): mysqli->query('SELECT 1\nFROM `...', 0)
#1 C:\laragon\www\method-oldagehome\system\Database\BaseConnection.php(692): CodeIgniter\Database\MySQLi\Connection->execute('SELECT 1\nFROM `...')
#2 C:\laragon\www\method-oldagehome\system\Database\BaseConnection.php(606): CodeIgniter\Database\BaseConnection->simpleQuery('SELECT 1\nFROM `...')
#3 C:\laragon\www\method-oldagehome\system\Database\BaseBuilder.php(1615): CodeIgniter\Database\BaseConnection->query('SELECT 1\nFROM `...', Array, false)
#4 C:\laragon\www\method-oldagehome\system\Validation\StrictRules\Rules.php(206): CodeIgniter\Database\BaseBuilder->get()
#5 C:\laragon\www\method-oldagehome\system\Validation\Validation.php(309): CodeIgniter\Validation\StrictRules\Rules->is_unique('jen@gmail.com', 'email', Array, NULL, 'Email')
#6 C:\laragon\www\method-oldagehome\system\Validation\Validation.php(195): CodeIgniter\Validation\Validation->processRules('Email', 'Email', 'jen@gmail.com', Array, Array)
#7 C:\laragon\www\method-oldagehome\system\Controller.php(150): CodeIgniter\Validation\Validation->run()
#8 C:\laragon\www\method-oldagehome\app\Controllers\SignupController.php(28): CodeIgniter\Controller->validate(Array)
#9 C:\laragon\www\method-oldagehome\system\CodeIgniter.php(919): App\Controllers\SignupController->store()
#10 C:\laragon\www\method-oldagehome\system\CodeIgniter.php(494): CodeIgniter\CodeIgniter->runController(Object(App\Controllers\SignupController))
#11 C:\laragon\www\method-oldagehome\system\CodeIgniter.php(353): CodeIgniter\CodeIgniter->handleRequest(NULL, Object(Config\Cache), false)
#12 C:\laragon\www\method-oldagehome\public\index.php(79): CodeIgniter\CodeIgniter->run()
#13 C:\laragon\www\method-oldagehome\system\Commands\Server\rewrite.php(47): require_once('C:\\laragon\\www\\...')
#14 {main}
CRITICAL - 2024-02-15 02:57:31 --> Table 'seniorcaredb.users' doesn't exist
in SYSTEMPATH\Database\BaseConnection.php on line 646.
 1 SYSTEMPATH\Database\BaseBuilder.php(1615): CodeIgniter\Database\BaseConnection->query('SELECT 1
FROM `users`
WHERE `email` = :email:
 LIMIT 1', [...], false)
 2 SYSTEMPATH\Validation\StrictRules\Rules.php(206): CodeIgniter\Database\BaseBuilder->get()
 3 SYSTEMPATH\Validation\Validation.php(309): CodeIgniter\Validation\StrictRules\Rules->is_unique('jen@gmail.com', 'email', [...], null, 'Email')
 4 SYSTEMPATH\Validation\Validation.php(195): CodeIgniter\Validation\Validation->processRules('Email', 'Email', 'jen@gmail.com', [...], [...])
 5 SYSTEMPATH\Controller.php(150): CodeIgniter\Validation\Validation->run()
 6 APPPATH\Controllers\SignupController.php(28): CodeIgniter\Controller->validate([...])
 7 SYSTEMPATH\CodeIgniter.php(919): App\Controllers\SignupController->store()
 8 SYSTEMPATH\CodeIgniter.php(494): CodeIgniter\CodeIgniter->runController(Object(App\Controllers\SignupController))
 9 SYSTEMPATH\CodeIgniter.php(353): CodeIgniter\CodeIgniter->handleRequest(null, Object(Config\Cache), false)
10 FCPATH\index.php(79): CodeIgniter\CodeIgniter->run()
11 SYSTEMPATH\Commands\Server\rewrite.php(47): require_once('C:\\laragon\\www\\method-oldagehome\\public\\index.php')
ERROR - 2024-02-15 03:01:57 --> mysqli_sql_exception: Table 'seniorcaredb.users' doesn't exist in C:\laragon\www\method-oldagehome\system\Database\MySQLi\Connection.php:306
Stack trace:
#0 C:\laragon\www\method-oldagehome\system\Database\MySQLi\Connection.php(306): mysqli->query('SELECT 1\nFROM `...', 0)
#1 C:\laragon\www\method-oldagehome\system\Database\BaseConnection.php(692): CodeIgniter\Database\MySQLi\Connection->execute('SELECT 1\nFROM `...')
#2 C:\laragon\www\method-oldagehome\system\Database\BaseConnection.php(606): CodeIgniter\Database\BaseConnection->simpleQuery('SELECT 1\nFROM `...')
#3 C:\laragon\www\method-oldagehome\system\Database\BaseBuilder.php(1615): CodeIgniter\Database\BaseConnection->query('SELECT 1\nFROM `...', Array, false)
#4 C:\laragon\www\method-oldagehome\system\Validation\StrictRules\Rules.php(206): CodeIgniter\Database\BaseBuilder->get()
#5 C:\laragon\www\method-oldagehome\system\Validation\Validation.php(309): CodeIgniter\Validation\StrictRules\Rules->is_unique('jen@gmail.com', 'email', Array, NULL, 'Email')
#6 C:\laragon\www\method-oldagehome\system\Validation\Validation.php(195): CodeIgniter\Validation\Validation->processRules('Email', 'Email', 'jen@gmail.com', Array, Array)
#7 C:\laragon\www\method-oldagehome\system\Controller.php(150): CodeIgniter\Validation\Validation->run()
#8 C:\laragon\www\method-oldagehome\app\Controllers\SignupController.php(28): CodeIgniter\Controller->validate(Array)
#9 C:\laragon\www\method-oldagehome\system\CodeIgniter.php(919): App\Controllers\SignupController->store()
#10 C:\laragon\www\method-oldagehome\system\CodeIgniter.php(494): CodeIgniter\CodeIgniter->runController(Object(App\Controllers\SignupController))
#11 C:\laragon\www\method-oldagehome\system\CodeIgniter.php(353): CodeIgniter\CodeIgniter->handleRequest(NULL, Object(Config\Cache), false)
#12 C:\laragon\www\method-oldagehome\public\index.php(79): CodeIgniter\CodeIgniter->run()
#13 C:\laragon\www\method-oldagehome\system\Commands\Server\rewrite.php(47): require_once('C:\\laragon\\www\\...')
#14 {main}
CRITICAL - 2024-02-15 03:01:57 --> Table 'seniorcaredb.users' doesn't exist
in SYSTEMPATH\Database\BaseConnection.php on line 646.
 1 SYSTEMPATH\Database\BaseBuilder.php(1615): CodeIgniter\Database\BaseConnection->query('SELECT 1
FROM `users`
WHERE `email` = :email:
 LIMIT 1', [...], false)
 2 SYSTEMPATH\Validation\StrictRules\Rules.php(206): CodeIgniter\Database\BaseBuilder->get()
 3 SYSTEMPATH\Validation\Validation.php(309): CodeIgniter\Validation\StrictRules\Rules->is_unique('jen@gmail.com', 'email', [...], null, 'Email')
 4 SYSTEMPATH\Validation\Validation.php(195): CodeIgniter\Validation\Validation->processRules('Email', 'Email', 'jen@gmail.com', [...], [...])
 5 SYSTEMPATH\Controller.php(150): CodeIgniter\Validation\Validation->run()
 6 APPPATH\Controllers\SignupController.php(28): CodeIgniter\Controller->validate([...])
 7 SYSTEMPATH\CodeIgniter.php(919): App\Controllers\SignupController->store()
 8 SYSTEMPATH\CodeIgniter.php(494): CodeIgniter\CodeIgniter->runController(Object(App\Controllers\SignupController))
 9 SYSTEMPATH\CodeIgniter.php(353): CodeIgniter\CodeIgniter->handleRequest(null, Object(Config\Cache), false)
10 FCPATH\index.php(79): CodeIgniter\CodeIgniter->run()
11 SYSTEMPATH\Commands\Server\rewrite.php(47): require_once('C:\\laragon\\www\\method-oldagehome\\public\\index.php')
CRITICAL - 2024-02-15 03:36:18 --> Undefined variable $mains
in APPPATH\Views\dashboard\editscdetails.php on line 45.
 1 APPPATH\Views\dashboard\editscdetails.php(45): CodeIgniter\Debug\Exceptions->errorHandler(2, 'Undefined variable $mains', 'C:\\laragon\\www\\method-oldagehome\\app\\Views\\dashboard\\editscdetails.php', 45)
 2 SYSTEMPATH\View\View.php(226): include('C:\\laragon\\www\\method-oldagehome\\app\\Views\\dashboard\\editscdetails.php')
 3 SYSTEMPATH\View\View.php(229): CodeIgniter\View\View->CodeIgniter\View\{closure}()
 4 SYSTEMPATH\Common.php(1188): CodeIgniter\View\View->render('dashboard/editscdetails', [], true)
 5 APPPATH\Controllers\ViewController.php(99): view('dashboard/editscdetails')
 6 SYSTEMPATH\CodeIgniter.php(919): App\Controllers\ViewController->editscdetails()
 7 SYSTEMPATH\CodeIgniter.php(494): CodeIgniter\CodeIgniter->runController(Object(App\Controllers\ViewController))
 8 SYSTEMPATH\CodeIgniter.php(353): CodeIgniter\CodeIgniter->handleRequest(null, Object(Config\Cache), false)
 9 FCPATH\index.php(79): CodeIgniter\CodeIgniter->run()
10 SYSTEMPATH\Commands\Server\rewrite.php(47): require_once('C:\\laragon\\www\\method-oldagehome\\public\\index.php')
CRITICAL - 2024-02-15 04:04:35 --> Undefined variable $mains
in APPPATH\Views\dashboard\editscdetails.php on line 45.
 1 APPPATH\Views\dashboard\editscdetails.php(45): CodeIgniter\Debug\Exceptions->errorHandler(2, 'Undefined variable $mains', 'C:\\laragon\\www\\method-oldagehome\\app\\Views\\dashboard\\editscdetails.php', 45)
 2 SYSTEMPATH\View\View.php(226): include('C:\\laragon\\www\\method-oldagehome\\app\\Views\\dashboard\\editscdetails.php')
 3 SYSTEMPATH\View\View.php(229): CodeIgniter\View\View->CodeIgniter\View\{closure}()
 4 SYSTEMPATH\Common.php(1188): CodeIgniter\View\View->render('dashboard/editscdetails', [], true)
 5 APPPATH\Controllers\ViewController.php(99): view('dashboard/editscdetails')
 6 SYSTEMPATH\CodeIgniter.php(919): App\Controllers\ViewController->editscdetails()
 7 SYSTEMPATH\CodeIgniter.php(494): CodeIgniter\CodeIgniter->runController(Object(App\Controllers\ViewController))
 8 SYSTEMPATH\CodeIgniter.php(353): CodeIgniter\CodeIgniter->handleRequest(null, Object(Config\Cache), false)
 9 FCPATH\index.php(79): CodeIgniter\CodeIgniter->run()
10 SYSTEMPATH\Commands\Server\rewrite.php(47): require_once('C:\\laragon\\www\\method-oldagehome\\public\\index.php')
CRITICAL - 2024-02-15 04:04:39 --> Undefined variable $mains
in APPPATH\Views\dashboard\editscdetails.php on line 45.
 1 APPPATH\Views\dashboard\editscdetails.php(45): CodeIgniter\Debug\Exceptions->errorHandler(2, 'Undefined variable $mains', 'C:\\laragon\\www\\method-oldagehome\\app\\Views\\dashboard\\editscdetails.php', 45)
 2 SYSTEMPATH\View\View.php(226): include('C:\\laragon\\www\\method-oldagehome\\app\\Views\\dashboard\\editscdetails.php')
 3 SYSTEMPATH\View\View.php(229): CodeIgniter\View\View->CodeIgniter\View\{closure}()
 4 SYSTEMPATH\Common.php(1188): CodeIgniter\View\View->render('dashboard/editscdetails', [], true)
 5 APPPATH\Controllers\ViewController.php(99): view('dashboard/editscdetails')
 6 SYSTEMPATH\CodeIgniter.php(919): App\Controllers\ViewController->editscdetails()
 7 SYSTEMPATH\CodeIgniter.php(494): CodeIgniter\CodeIgniter->runController(Object(App\Controllers\ViewController))
 8 SYSTEMPATH\CodeIgniter.php(353): CodeIgniter\CodeIgniter->handleRequest(null, Object(Config\Cache), false)
 9 FCPATH\index.php(79): CodeIgniter\CodeIgniter->run()
10 SYSTEMPATH\Commands\Server\rewrite.php(47): require_once('C:\\laragon\\www\\method-oldagehome\\public\\index.php')
CRITICAL - 2024-02-15 04:04:54 --> Undefined variable $b
in APPPATH\Views\dashboard\editscdetails.php on line 45.
 1 APPPATH\Views\dashboard\editscdetails.php(45): CodeIgniter\Debug\Exceptions->errorHandler(2, 'Undefined variable $b', 'C:\\laragon\\www\\method-oldagehome\\app\\Views\\dashboard\\editscdetails.php', 45)
 2 SYSTEMPATH\View\View.php(226): include('C:\\laragon\\www\\method-oldagehome\\app\\Views\\dashboard\\editscdetails.php')
 3 SYSTEMPATH\View\View.php(229): CodeIgniter\View\View->CodeIgniter\View\{closure}()
 4 SYSTEMPATH\Common.php(1188): CodeIgniter\View\View->render('dashboard/editscdetails', [], true)
 5 APPPATH\Controllers\ViewController.php(99): view('dashboard/editscdetails')
 6 SYSTEMPATH\CodeIgniter.php(919): App\Controllers\ViewController->editscdetails()
 7 SYSTEMPATH\CodeIgniter.php(494): CodeIgniter\CodeIgniter->runController(Object(App\Controllers\ViewController))
 8 SYSTEMPATH\CodeIgniter.php(353): CodeIgniter\CodeIgniter->handleRequest(null, Object(Config\Cache), false)
 9 FCPATH\index.php(79): CodeIgniter\CodeIgniter->run()
10 SYSTEMPATH\Commands\Server\rewrite.php(47): require_once('C:\\laragon\\www\\method-oldagehome\\public\\index.php')
CRITICAL - 2024-02-15 04:40:45 --> Undefined variable $result
in APPPATH\Views\dashboard\editscdetails.php on line 45.
 1 APPPATH\Views\dashboard\editscdetails.php(45): CodeIgniter\Debug\Exceptions->errorHandler(2, 'Undefined variable $result', 'C:\\laragon\\www\\method-oldagehome\\app\\Views\\dashboard\\editscdetails.php', 45)
 2 SYSTEMPATH\View\View.php(226): include('C:\\laragon\\www\\method-oldagehome\\app\\Views\\dashboard\\editscdetails.php')
 3 SYSTEMPATH\View\View.php(229): CodeIgniter\View\View->CodeIgniter\View\{closure}()
 4 SYSTEMPATH\Common.php(1188): CodeIgniter\View\View->render('dashboard/editscdetails', [], true)
 5 APPPATH\Controllers\ViewController.php(101): view('dashboard/editscdetails', [...])
 6 SYSTEMPATH\CodeIgniter.php(919): App\Controllers\ViewController->editscdetails()
 7 SYSTEMPATH\CodeIgniter.php(494): CodeIgniter\CodeIgniter->runController(Object(App\Controllers\ViewController))
 8 SYSTEMPATH\CodeIgniter.php(353): CodeIgniter\CodeIgniter->handleRequest(null, Object(Config\Cache), false)
 9 FCPATH\index.php(79): CodeIgniter\CodeIgniter->run()
10 SYSTEMPATH\Commands\Server\rewrite.php(47): require_once('C:\\laragon\\www\\method-oldagehome\\public\\index.php')
CRITICAL - 2024-02-15 04:43:17 --> Undefined variable $result
in APPPATH\Views\dashboard\editscdetails.php on line 45.
 1 APPPATH\Views\dashboard\editscdetails.php(45): CodeIgniter\Debug\Exceptions->errorHandler(2, 'Undefined variable $result', 'C:\\laragon\\www\\method-oldagehome\\app\\Views\\dashboard\\editscdetails.php', 45)
 2 SYSTEMPATH\View\View.php(226): include('C:\\laragon\\www\\method-oldagehome\\app\\Views\\dashboard\\editscdetails.php')
 3 SYSTEMPATH\View\View.php(229): CodeIgniter\View\View->CodeIgniter\View\{closure}()
 4 SYSTEMPATH\Common.php(1188): CodeIgniter\View\View->render('dashboard/editscdetails', [], true)
 5 APPPATH\Controllers\ViewController.php(101): view('dashboard/editscdetails', [...])
 6 SYSTEMPATH\CodeIgniter.php(919): App\Controllers\ViewController->editscdetails()
 7 SYSTEMPATH\CodeIgniter.php(494): CodeIgniter\CodeIgniter->runController(Object(App\Controllers\ViewController))
 8 SYSTEMPATH\CodeIgniter.php(353): CodeIgniter\CodeIgniter->handleRequest(null, Object(Config\Cache), false)
 9 FCPATH\index.php(79): CodeIgniter\CodeIgniter->run()
10 SYSTEMPATH\Commands\Server\rewrite.php(47): require_once('C:\\laragon\\www\\method-oldagehome\\public\\index.php')
CRITICAL - 2024-02-15 04:45:13 --> Undefined variable $result
in APPPATH\Views\dashboard\editscdetails.php on line 51.
 1 APPPATH\Views\dashboard\editscdetails.php(51): CodeIgniter\Debug\Exceptions->errorHandler(2, 'Undefined variable $result', 'C:\\laragon\\www\\method-oldagehome\\app\\Views\\dashboard\\editscdetails.php', 51)
 2 SYSTEMPATH\View\View.php(226): include('C:\\laragon\\www\\method-oldagehome\\app\\Views\\dashboard\\editscdetails.php')
 3 SYSTEMPATH\View\View.php(229): CodeIgniter\View\View->CodeIgniter\View\{closure}()
 4 SYSTEMPATH\Common.php(1188): CodeIgniter\View\View->render('dashboard/editscdetails', [], true)
 5 APPPATH\Controllers\ViewController.php(101): view('dashboard/editscdetails', [...])
 6 SYSTEMPATH\CodeIgniter.php(919): App\Controllers\ViewController->editscdetails()
 7 SYSTEMPATH\CodeIgniter.php(494): CodeIgniter\CodeIgniter->runController(Object(App\Controllers\ViewController))
 8 SYSTEMPATH\CodeIgniter.php(353): CodeIgniter\CodeIgniter->handleRequest(null, Object(Config\Cache), false)
 9 FCPATH\index.php(79): CodeIgniter\CodeIgniter->run()
10 SYSTEMPATH\Commands\Server\rewrite.php(47): require_once('C:\\laragon\\www\\method-oldagehome\\public\\index.php')
CRITICAL - 2024-02-15 05:02:46 --> Undefined variable $main
in APPPATH\Views\dashboard\editscdetails.php on line 46.
 1 APPPATH\Views\dashboard\editscdetails.php(46): CodeIgniter\Debug\Exceptions->errorHandler(2, 'Undefined variable $main', 'C:\\laragon\\www\\method-oldagehome\\app\\Views\\dashboard\\editscdetails.php', 46)
 2 SYSTEMPATH\View\View.php(226): include('C:\\laragon\\www\\method-oldagehome\\app\\Views\\dashboard\\editscdetails.php')
 3 SYSTEMPATH\View\View.php(229): CodeIgniter\View\View->CodeIgniter\View\{closure}()
 4 SYSTEMPATH\Common.php(1188): CodeIgniter\View\View->render('dashboard/editscdetails', [], true)
 5 APPPATH\Controllers\ViewController.php(101): view('dashboard/editscdetails', [...])
 6 SYSTEMPATH\CodeIgniter.php(919): App\Controllers\ViewController->editscdetails()
 7 SYSTEMPATH\CodeIgniter.php(494): CodeIgniter\CodeIgniter->runController(Object(App\Controllers\ViewController))
 8 SYSTEMPATH\CodeIgniter.php(353): CodeIgniter\CodeIgniter->handleRequest(null, Object(Config\Cache), false)
 9 FCPATH\index.php(79): CodeIgniter\CodeIgniter->run()
10 SYSTEMPATH\Commands\Server\rewrite.php(47): require_once('C:\\laragon\\www\\method-oldagehome\\public\\index.php')
