CRITICAL - 2024-05-22 06:57:34 --> include_once(/includes/header.php): Failed to open stream: No such file or directory
in APPPATH\Views\dashboard\getNotif\forEvent.php on line 12.
 1 APPPATH\Views\dashboard\getNotif\forEvent.php(12): CodeIgniter\Debug\Exceptions->errorHandler(2, 'include_once(/includes/header.php): Failed to open stream: No such file or directory', 'D:\\laragon\\www\\method-oldagehome\\app\\Views\\dashboard\\getNotif\\forEvent.php', 12)
 2 APPPATH\Views\dashboard\getNotif\forEvent.php(12): include_once()
 3 SYSTEMPATH\View\View.php(226): include('D:\\laragon\\www\\method-oldagehome\\app\\Views\\dashboard\\getNotif\\forEvent.php')
 4 SYSTEMPATH\View\View.php(229): CodeIgniter\View\View->CodeIgniter\View\{closure}()
 5 SYSTEMPATH\Common.php(1188): CodeIgniter\View\View->render('dashboard/getNotif/forEvent', [], true)
 6 APPPATH\Controllers\UserbookingController.php(76): view('dashboard/getNotif/forEvent', [...])
 7 SYSTEMPATH\CodeIgniter.php(919): App\Controllers\UserbookingController->getNotifAccept('196')
 8 SYSTEMPATH\CodeIgniter.php(494): CodeIgniter\CodeIgniter->runController(Object(App\Controllers\UserbookingController))
 9 SYSTEMPATH\CodeIgniter.php(353): CodeIgniter\CodeIgniter->handleRequest(null, Object(Config\Cache), false)
10 FCPATH\index.php(79): CodeIgniter\CodeIgniter->run()
11 SYSTEMPATH\Commands\Server\rewrite.php(47): require_once('D:\\laragon\\www\\method-oldagehome\\public\\index.php')
CRITICAL - 2024-05-22 06:57:35 --> include_once(/includes/header.php): Failed to open stream: No such file or directory
in APPPATH\Views\dashboard\getNotif\forEvent.php on line 12.
 1 APPPATH\Views\dashboard\getNotif\forEvent.php(12): CodeIgniter\Debug\Exceptions->errorHandler(2, 'include_once(/includes/header.php): Failed to open stream: No such file or directory', 'D:\\laragon\\www\\method-oldagehome\\app\\Views\\dashboard\\getNotif\\forEvent.php', 12)
 2 APPPATH\Views\dashboard\getNotif\forEvent.php(12): include_once()
 3 SYSTEMPATH\View\View.php(226): include('D:\\laragon\\www\\method-oldagehome\\app\\Views\\dashboard\\getNotif\\forEvent.php')
 4 SYSTEMPATH\View\View.php(229): CodeIgniter\View\View->CodeIgniter\View\{closure}()
 5 SYSTEMPATH\Common.php(1188): CodeIgniter\View\View->render('dashboard/getNotif/forEvent', [], true)
 6 APPPATH\Controllers\UserbookingController.php(76): view('dashboard/getNotif/forEvent', [...])
 7 SYSTEMPATH\CodeIgniter.php(919): App\Controllers\UserbookingController->getNotifAccept('196')
 8 SYSTEMPATH\CodeIgniter.php(494): CodeIgniter\CodeIgniter->runController(Object(App\Controllers\UserbookingController))
 9 SYSTEMPATH\CodeIgniter.php(353): CodeIgniter\CodeIgniter->handleRequest(null, Object(Config\Cache), false)
10 FCPATH\index.php(79): CodeIgniter\CodeIgniter->run()
11 SYSTEMPATH\Commands\Server\rewrite.php(47): require_once('D:\\laragon\\www\\method-oldagehome\\public\\index.php')
CRITICAL - 2024-05-22 06:57:45 --> include_once(/includes/sidebar.php): Failed to open stream: No such file or directory
in APPPATH\Views\dashboard\getNotif\forEvent.php on line 31.
 1 APPPATH\Views\dashboard\getNotif\forEvent.php(31): CodeIgniter\Debug\Exceptions->errorHandler(2, 'include_once(/includes/sidebar.php): Failed to open stream: No such file or directory', 'D:\\laragon\\www\\method-oldagehome\\app\\Views\\dashboard\\getNotif\\forEvent.php', 31)
 2 APPPATH\Views\dashboard\getNotif\forEvent.php(31): include_once()
 3 SYSTEMPATH\View\View.php(226): include('D:\\laragon\\www\\method-oldagehome\\app\\Views\\dashboard\\getNotif\\forEvent.php')
 4 SYSTEMPATH\View\View.php(229): CodeIgniter\View\View->CodeIgniter\View\{closure}()
 5 SYSTEMPATH\Common.php(1188): CodeIgniter\View\View->render('dashboard/getNotif/forEvent', [], true)
 6 APPPATH\Controllers\UserbookingController.php(76): view('dashboard/getNotif/forEvent', [...])
 7 SYSTEMPATH\CodeIgniter.php(919): App\Controllers\UserbookingController->getNotifAccept('196')
 8 SYSTEMPATH\CodeIgniter.php(494): CodeIgniter\CodeIgniter->runController(Object(App\Controllers\UserbookingController))
 9 SYSTEMPATH\CodeIgniter.php(353): CodeIgniter\CodeIgniter->handleRequest(null, Object(Config\Cache), false)
10 FCPATH\index.php(79): CodeIgniter\CodeIgniter->run()
11 SYSTEMPATH\Commands\Server\rewrite.php(47): require_once('D:\\laragon\\www\\method-oldagehome\\public\\index.php')
CRITICAL - 2024-05-22 06:58:16 --> include_once(includes/header.php/): Failed to open stream: No such file or directory
in APPPATH\Views\dashboard\getNotif\forEvent.php on line 12.
 1 APPPATH\Views\dashboard\getNotif\forEvent.php(12): CodeIgniter\Debug\Exceptions->errorHandler(2, 'include_once(includes/header.php/): Failed to open stream: No such file or directory', 'D:\\laragon\\www\\method-oldagehome\\app\\Views\\dashboard\\getNotif\\forEvent.php', 12)
 2 APPPATH\Views\dashboard\getNotif\forEvent.php(12): include_once()
 3 SYSTEMPATH\View\View.php(226): include('D:\\laragon\\www\\method-oldagehome\\app\\Views\\dashboard\\getNotif\\forEvent.php')
 4 SYSTEMPATH\View\View.php(229): CodeIgniter\View\View->CodeIgniter\View\{closure}()
 5 SYSTEMPATH\Common.php(1188): CodeIgniter\View\View->render('dashboard/getNotif/forEvent', [], true)
 6 APPPATH\Controllers\UserbookingController.php(76): view('dashboard/getNotif/forEvent', [...])
 7 SYSTEMPATH\CodeIgniter.php(919): App\Controllers\UserbookingController->getNotifAccept('196')
 8 SYSTEMPATH\CodeIgniter.php(494): CodeIgniter\CodeIgniter->runController(Object(App\Controllers\UserbookingController))
 9 SYSTEMPATH\CodeIgniter.php(353): CodeIgniter\CodeIgniter->handleRequest(null, Object(Config\Cache), false)
10 FCPATH\index.php(79): CodeIgniter\CodeIgniter->run()
11 SYSTEMPATH\Commands\Server\rewrite.php(47): require_once('D:\\laragon\\www\\method-oldagehome\\public\\index.php')
CRITICAL - 2024-05-22 07:39:08 --> Undefined variable $product
in APPPATH\Controllers\NewController.php on line 737.
 1 APPPATH\Controllers\NewController.php(737): CodeIgniter\Debug\Exceptions->errorHandler(2, 'Undefined variable $product', 'D:\\laragon\\www\\method-oldagehome\\app\\Controllers\\NewController.php', 737)
 2 SYSTEMPATH\CodeIgniter.php(919): App\Controllers\NewController->saved()
 3 SYSTEMPATH\CodeIgniter.php(494): CodeIgniter\CodeIgniter->runController(Object(App\Controllers\NewController))
 4 SYSTEMPATH\CodeIgniter.php(353): CodeIgniter\CodeIgniter->handleRequest(null, Object(Config\Cache), false)
 5 FCPATH\index.php(79): CodeIgniter\CodeIgniter->run()
 6 SYSTEMPATH\Commands\Server\rewrite.php(47): require_once('D:\\laragon\\www\\method-oldagehome\\public\\index.php')
CRITICAL - 2024-05-22 09:08:57 --> include_once(getNotif/includes/header.php): Failed to open stream: No such file or directory
in APPPATH\Views\dashboard\getNotif\forEvent.php on line 12.
 1 APPPATH\Views\dashboard\getNotif\forEvent.php(12): CodeIgniter\Debug\Exceptions->errorHandler(2, 'include_once(getNotif/includes/header.php): Failed to open stream: No such file or directory', 'D:\\laragon\\www\\method-oldagehome\\app\\Views\\dashboard\\getNotif\\forEvent.php', 12)
 2 APPPATH\Views\dashboard\getNotif\forEvent.php(12): include_once()
 3 SYSTEMPATH\View\View.php(226): include('D:\\laragon\\www\\method-oldagehome\\app\\Views\\dashboard\\getNotif\\forEvent.php')
 4 SYSTEMPATH\View\View.php(229): CodeIgniter\View\View->CodeIgniter\View\{closure}()
 5 SYSTEMPATH\Common.php(1188): CodeIgniter\View\View->render('dashboard/getNotif/forEvent', [], true)
 6 APPPATH\Controllers\UserbookingController.php(76): view('dashboard/getNotif/forEvent', [...])
 7 SYSTEMPATH\CodeIgniter.php(919): App\Controllers\UserbookingController->getNotifAccept('196')
 8 SYSTEMPATH\CodeIgniter.php(494): CodeIgniter\CodeIgniter->runController(Object(App\Controllers\UserbookingController))
 9 SYSTEMPATH\CodeIgniter.php(353): CodeIgniter\CodeIgniter->handleRequest(null, Object(Config\Cache), false)
10 FCPATH\index.php(79): CodeIgniter\CodeIgniter->run()
11 SYSTEMPATH\Commands\Server\rewrite.php(47): require_once('D:\\laragon\\www\\method-oldagehome\\public\\index.php')
