CRITICAL - 2024-02-28 00:36:54 --> Undefined variable $sdata
in APPPATH\Views\dashboard\search.php on line 77.
 1 APPPATH\Views\dashboard\search.php(77): CodeIgniter\Debug\Exceptions->errorHandler(2, 'Undefined variable $sdata', 'D:\\laragon\\www\\method-oldagehome\\app\\Views\\dashboard\\search.php', 77)
 2 SYSTEMPATH\View\View.php(226): include('D:\\laragon\\www\\method-oldagehome\\app\\Views\\dashboard\\search.php')
 3 SYSTEMPATH\View\View.php(229): CodeIgniter\View\View->CodeIgniter\View\{closure}()
 4 SYSTEMPATH\Common.php(1188): CodeIgniter\View\View->render('dashboard/search', [], true)
 5 APPPATH\Controllers\ViewController.php(71): view('dashboard/search')
 6 SYSTEMPATH\CodeIgniter.php(919): App\Controllers\ViewController->search()
 7 SYSTEMPATH\CodeIgniter.php(494): CodeIgniter\CodeIgniter->runController(Object(App\Controllers\ViewController))
 8 SYSTEMPATH\CodeIgniter.php(353): CodeIgniter\CodeIgniter->handleRequest(null, Object(Config\Cache), false)
 9 FCPATH\index.php(79): CodeIgniter\CodeIgniter->run()
10 SYSTEMPATH\Commands\Server\rewrite.php(47): require_once('D:\\laragon\\www\\method-oldagehome\\public\\index.php')
ERROR - 2024-02-28 00:37:11 --> mysqli_sql_exception: Cannot add or update a child row: a foreign key constraint fails (`seniorcaredb`.`acceptbooking`, CONSTRAINT `acceptbooking_ibfk_1` FOREIGN KEY (`usersignsId`) REFERENCES `usersigns` (`id`) ON DELETE RESTRICT ON UPDATE RESTRICT) in D:\laragon\www\method-oldagehome\system\Database\MySQLi\Connection.php:306
Stack trace:
#0 D:\laragon\www\method-oldagehome\system\Database\MySQLi\Connection.php(306): mysqli->query('INSERT INTO `ac...', 0)
#1 D:\laragon\www\method-oldagehome\system\Database\BaseConnection.php(692): CodeIgniter\Database\MySQLi\Connection->execute('INSERT INTO `ac...')
#2 D:\laragon\www\method-oldagehome\system\Database\BaseConnection.php(606): CodeIgniter\Database\BaseConnection->simpleQuery('INSERT INTO `ac...')
#3 D:\laragon\www\method-oldagehome\system\Database\BaseBuilder.php(1800): CodeIgniter\Database\BaseConnection->query('INSERT INTO `ac...', NULL, false)
#4 D:\laragon\www\method-oldagehome\system\Database\BaseBuilder.php(2191): CodeIgniter\Database\BaseBuilder->batchExecute('_insertBatch', 100)
#5 D:\laragon\www\method-oldagehome\system\Model.php(353): CodeIgniter\Database\BaseBuilder->insertBatch(Array, NULL, 100)
#6 D:\laragon\www\method-oldagehome\system\BaseModel.php(880): CodeIgniter\Model->doInsertBatch(Array, NULL, 100, false)
#7 D:\laragon\www\method-oldagehome\app\Controllers\Fullcalendar.php(72): CodeIgniter\BaseModel->insertBatch(Array)
#8 D:\laragon\www\method-oldagehome\app\Controllers\Fullcalendar.php(31): App\Controllers\Fullcalendar->acceptBooking(Array)
#9 D:\laragon\www\method-oldagehome\system\CodeIgniter.php(919): App\Controllers\Fullcalendar->Accept()
#10 D:\laragon\www\method-oldagehome\system\CodeIgniter.php(494): CodeIgniter\CodeIgniter->runController(Object(App\Controllers\Fullcalendar))
#11 D:\laragon\www\method-oldagehome\system\CodeIgniter.php(353): CodeIgniter\CodeIgniter->handleRequest(NULL, Object(Config\Cache), false)
#12 D:\laragon\www\method-oldagehome\public\index.php(79): CodeIgniter\CodeIgniter->run()
#13 D:\laragon\www\method-oldagehome\system\Commands\Server\rewrite.php(47): require_once('D:\\laragon\\www\\...')
#14 {main}
CRITICAL - 2024-02-28 00:37:11 --> Cannot add or update a child row: a foreign key constraint fails (`seniorcaredb`.`acceptbooking`, CONSTRAINT `acceptbooking_ibfk_1` FOREIGN KEY (`usersignsId`) REFERENCES `usersigns` (`id`) ON DELETE RESTRICT ON UPDATE RESTRICT)
in SYSTEMPATH\Database\BaseConnection.php on line 646.
 1 SYSTEMPATH\Database\BaseBuilder.php(1800): CodeIgniter\Database\BaseConnection->query('INSERT INTO `acceptbooking` (`alterdate`, `comments`, `contactnum`, `equipment`, `event`, `firstname`, `lastname`, `middlename`, `prefferdate`, `status`)
VALUES (\'2024-02-27 22:46:00\',\'ert\',\'12345678\',\'derftgyh\',\'qwert\',\'asdfg\',\'asdfgh\',\'sdfg\',\'2024-02-27 22:46:00\',\'Accepted\')', null, false)
 2 SYSTEMPATH\Database\BaseBuilder.php(2191): CodeIgniter\Database\BaseBuilder->batchExecute('_insertBatch', 100)
 3 SYSTEMPATH\Model.php(353): CodeIgniter\Database\BaseBuilder->insertBatch([...], null, 100)
 4 SYSTEMPATH\BaseModel.php(880): CodeIgniter\Model->doInsertBatch([...], null, 100, false)
 5 APPPATH\Controllers\Fullcalendar.php(72): CodeIgniter\BaseModel->insertBatch([...])
 6 APPPATH\Controllers\Fullcalendar.php(31): App\Controllers\Fullcalendar->acceptBooking([...])
 7 SYSTEMPATH\CodeIgniter.php(919): App\Controllers\Fullcalendar->Accept()
 8 SYSTEMPATH\CodeIgniter.php(494): CodeIgniter\CodeIgniter->runController(Object(App\Controllers\Fullcalendar))
 9 SYSTEMPATH\CodeIgniter.php(353): CodeIgniter\CodeIgniter->handleRequest(null, Object(Config\Cache), false)
10 FCPATH\index.php(79): CodeIgniter\CodeIgniter->run()
11 SYSTEMPATH\Commands\Server\rewrite.php(47): require_once('D:\\laragon\\www\\method-oldagehome\\public\\index.php')
ERROR - 2024-02-28 00:37:51 --> mysqli_sql_exception: Cannot add or update a child row: a foreign key constraint fails (`seniorcaredb`.`acceptbooking`, CONSTRAINT `acceptbooking_ibfk_1` FOREIGN KEY (`usersignsId`) REFERENCES `usersigns` (`id`) ON DELETE RESTRICT ON UPDATE RESTRICT) in D:\laragon\www\method-oldagehome\system\Database\MySQLi\Connection.php:306
Stack trace:
#0 D:\laragon\www\method-oldagehome\system\Database\MySQLi\Connection.php(306): mysqli->query('INSERT INTO `ac...', 0)
#1 D:\laragon\www\method-oldagehome\system\Database\BaseConnection.php(692): CodeIgniter\Database\MySQLi\Connection->execute('INSERT INTO `ac...')
#2 D:\laragon\www\method-oldagehome\system\Database\BaseConnection.php(606): CodeIgniter\Database\BaseConnection->simpleQuery('INSERT INTO `ac...')
#3 D:\laragon\www\method-oldagehome\system\Database\BaseBuilder.php(1800): CodeIgniter\Database\BaseConnection->query('INSERT INTO `ac...', NULL, false)
#4 D:\laragon\www\method-oldagehome\system\Database\BaseBuilder.php(2191): CodeIgniter\Database\BaseBuilder->batchExecute('_insertBatch', 100)
#5 D:\laragon\www\method-oldagehome\system\Model.php(353): CodeIgniter\Database\BaseBuilder->insertBatch(Array, NULL, 100)
#6 D:\laragon\www\method-oldagehome\system\BaseModel.php(880): CodeIgniter\Model->doInsertBatch(Array, NULL, 100, false)
#7 D:\laragon\www\method-oldagehome\app\Controllers\Fullcalendar.php(72): CodeIgniter\BaseModel->insertBatch(Array)
#8 D:\laragon\www\method-oldagehome\app\Controllers\Fullcalendar.php(31): App\Controllers\Fullcalendar->acceptBooking(Array)
#9 D:\laragon\www\method-oldagehome\system\CodeIgniter.php(919): App\Controllers\Fullcalendar->Accept()
#10 D:\laragon\www\method-oldagehome\system\CodeIgniter.php(494): CodeIgniter\CodeIgniter->runController(Object(App\Controllers\Fullcalendar))
#11 D:\laragon\www\method-oldagehome\system\CodeIgniter.php(353): CodeIgniter\CodeIgniter->handleRequest(NULL, Object(Config\Cache), false)
#12 D:\laragon\www\method-oldagehome\public\index.php(79): CodeIgniter\CodeIgniter->run()
#13 D:\laragon\www\method-oldagehome\system\Commands\Server\rewrite.php(47): require_once('D:\\laragon\\www\\...')
#14 {main}
CRITICAL - 2024-02-28 00:37:51 --> Cannot add or update a child row: a foreign key constraint fails (`seniorcaredb`.`acceptbooking`, CONSTRAINT `acceptbooking_ibfk_1` FOREIGN KEY (`usersignsId`) REFERENCES `usersigns` (`id`) ON DELETE RESTRICT ON UPDATE RESTRICT)
in SYSTEMPATH\Database\BaseConnection.php on line 646.
 1 SYSTEMPATH\Database\BaseBuilder.php(1800): CodeIgniter\Database\BaseConnection->query('INSERT INTO `acceptbooking` (`alterdate`, `comments`, `contactnum`, `equipment`, `event`, `firstname`, `lastname`, `middlename`, `prefferdate`, `status`)
VALUES (\'2024-02-27 22:46:00\',\'ert\',\'12345678\',\'derftgyh\',\'qwert\',\'asdfg\',\'asdfgh\',\'sdfg\',\'2024-02-27 22:46:00\',\'Accepted\')', null, false)
 2 SYSTEMPATH\Database\BaseBuilder.php(2191): CodeIgniter\Database\BaseBuilder->batchExecute('_insertBatch', 100)
 3 SYSTEMPATH\Model.php(353): CodeIgniter\Database\BaseBuilder->insertBatch([...], null, 100)
 4 SYSTEMPATH\BaseModel.php(880): CodeIgniter\Model->doInsertBatch([...], null, 100, false)
 5 APPPATH\Controllers\Fullcalendar.php(72): CodeIgniter\BaseModel->insertBatch([...])
 6 APPPATH\Controllers\Fullcalendar.php(31): App\Controllers\Fullcalendar->acceptBooking([...])
 7 SYSTEMPATH\CodeIgniter.php(919): App\Controllers\Fullcalendar->Accept()
 8 SYSTEMPATH\CodeIgniter.php(494): CodeIgniter\CodeIgniter->runController(Object(App\Controllers\Fullcalendar))
 9 SYSTEMPATH\CodeIgniter.php(353): CodeIgniter\CodeIgniter->handleRequest(null, Object(Config\Cache), false)
10 FCPATH\index.php(79): CodeIgniter\CodeIgniter->run()
11 SYSTEMPATH\Commands\Server\rewrite.php(47): require_once('D:\\laragon\\www\\method-oldagehome\\public\\index.php')
ERROR - 2024-02-28 00:48:21 --> mysqli_sql_exception: Cannot add or update a child row: a foreign key constraint fails (`seniorcaredb`.`userbooking`, CONSTRAINT `userbooking_ibfk_1` FOREIGN KEY (`usersignsId`) REFERENCES `usersigns` (`id`) ON DELETE RESTRICT ON UPDATE RESTRICT) in D:\laragon\www\method-oldagehome\system\Database\MySQLi\Connection.php:306
Stack trace:
#0 D:\laragon\www\method-oldagehome\system\Database\MySQLi\Connection.php(306): mysqli->query('INSERT INTO `us...', 0)
#1 D:\laragon\www\method-oldagehome\system\Database\BaseConnection.php(692): CodeIgniter\Database\MySQLi\Connection->execute('INSERT INTO `us...')
#2 D:\laragon\www\method-oldagehome\system\Database\BaseConnection.php(606): CodeIgniter\Database\BaseConnection->simpleQuery('INSERT INTO `us...')
#3 D:\laragon\www\method-oldagehome\system\Database\BaseBuilder.php(2308): CodeIgniter\Database\BaseConnection->query('INSERT INTO `us...', Array, false)
#4 D:\laragon\www\method-oldagehome\system\Model.php(319): CodeIgniter\Database\BaseBuilder->insert()
#5 D:\laragon\www\method-oldagehome\system\BaseModel.php(788): CodeIgniter\Model->doInsert(Array)
#6 D:\laragon\www\method-oldagehome\system\Model.php(715): CodeIgniter\BaseModel->insert(Array, false)
#7 D:\laragon\www\method-oldagehome\system\BaseModel.php(698): CodeIgniter\Model->insert(Array, false)
#8 D:\laragon\www\method-oldagehome\app\Controllers\UserbookingController.php(49): CodeIgniter\BaseModel->save(Array)
#9 D:\laragon\www\method-oldagehome\system\CodeIgniter.php(919): App\Controllers\UserbookingController->checkbook()
#10 D:\laragon\www\method-oldagehome\system\CodeIgniter.php(494): CodeIgniter\CodeIgniter->runController(Object(App\Controllers\UserbookingController))
#11 D:\laragon\www\method-oldagehome\system\CodeIgniter.php(353): CodeIgniter\CodeIgniter->handleRequest(NULL, Object(Config\Cache), false)
#12 D:\laragon\www\method-oldagehome\public\index.php(79): CodeIgniter\CodeIgniter->run()
#13 D:\laragon\www\method-oldagehome\system\Commands\Server\rewrite.php(47): require_once('D:\\laragon\\www\\...')
#14 {main}
CRITICAL - 2024-02-28 00:48:22 --> Cannot add or update a child row: a foreign key constraint fails (`seniorcaredb`.`userbooking`, CONSTRAINT `userbooking_ibfk_1` FOREIGN KEY (`usersignsId`) REFERENCES `usersigns` (`id`) ON DELETE RESTRICT ON UPDATE RESTRICT)
in SYSTEMPATH\Database\BaseConnection.php on line 646.
 1 SYSTEMPATH\Database\BaseBuilder.php(2308): CodeIgniter\Database\BaseConnection->query('INSERT INTO `userbooking` (`usersignsId`, `lastname`, `firstname`, `middlename`, `contactnum`, `event`, `prefferdate`, `alterdate`, `equipment`, `comments`, `status`) VALUES (:usersignsId:, :lastname:, :firstname:, :middlename:, :contactnum:, :event:, :prefferdate:, :alterdate:, :equipment:, :comments:, :status:)', [...], false)
 2 SYSTEMPATH\Model.php(319): CodeIgniter\Database\BaseBuilder->insert()
 3 SYSTEMPATH\BaseModel.php(788): CodeIgniter\Model->doInsert([...])
 4 SYSTEMPATH\Model.php(715): CodeIgniter\BaseModel->insert([...], false)
 5 SYSTEMPATH\BaseModel.php(698): CodeIgniter\Model->insert([...], false)
 6 APPPATH\Controllers\UserbookingController.php(49): CodeIgniter\BaseModel->save([...])
 7 SYSTEMPATH\CodeIgniter.php(919): App\Controllers\UserbookingController->checkbook()
 8 SYSTEMPATH\CodeIgniter.php(494): CodeIgniter\CodeIgniter->runController(Object(App\Controllers\UserbookingController))
 9 SYSTEMPATH\CodeIgniter.php(353): CodeIgniter\CodeIgniter->handleRequest(null, Object(Config\Cache), false)
10 FCPATH\index.php(79): CodeIgniter\CodeIgniter->run()
11 SYSTEMPATH\Commands\Server\rewrite.php(47): require_once('D:\\laragon\\www\\method-oldagehome\\public\\index.php')
ERROR - 2024-02-28 00:48:47 --> mysqli_sql_exception: Cannot add or update a child row: a foreign key constraint fails (`seniorcaredb`.`userbooking`, CONSTRAINT `userbooking_ibfk_1` FOREIGN KEY (`usersignsId`) REFERENCES `usersigns` (`id`) ON DELETE RESTRICT ON UPDATE RESTRICT) in D:\laragon\www\method-oldagehome\system\Database\MySQLi\Connection.php:306
Stack trace:
#0 D:\laragon\www\method-oldagehome\system\Database\MySQLi\Connection.php(306): mysqli->query('INSERT INTO `us...', 0)
#1 D:\laragon\www\method-oldagehome\system\Database\BaseConnection.php(692): CodeIgniter\Database\MySQLi\Connection->execute('INSERT INTO `us...')
#2 D:\laragon\www\method-oldagehome\system\Database\BaseConnection.php(606): CodeIgniter\Database\BaseConnection->simpleQuery('INSERT INTO `us...')
#3 D:\laragon\www\method-oldagehome\system\Database\BaseBuilder.php(2308): CodeIgniter\Database\BaseConnection->query('INSERT INTO `us...', Array, false)
#4 D:\laragon\www\method-oldagehome\system\Model.php(319): CodeIgniter\Database\BaseBuilder->insert()
#5 D:\laragon\www\method-oldagehome\system\BaseModel.php(788): CodeIgniter\Model->doInsert(Array)
#6 D:\laragon\www\method-oldagehome\system\Model.php(715): CodeIgniter\BaseModel->insert(Array, false)
#7 D:\laragon\www\method-oldagehome\system\BaseModel.php(698): CodeIgniter\Model->insert(Array, false)
#8 D:\laragon\www\method-oldagehome\app\Controllers\UserbookingController.php(49): CodeIgniter\BaseModel->save(Array)
#9 D:\laragon\www\method-oldagehome\system\CodeIgniter.php(919): App\Controllers\UserbookingController->checkbook()
#10 D:\laragon\www\method-oldagehome\system\CodeIgniter.php(494): CodeIgniter\CodeIgniter->runController(Object(App\Controllers\UserbookingController))
#11 D:\laragon\www\method-oldagehome\system\CodeIgniter.php(353): CodeIgniter\CodeIgniter->handleRequest(NULL, Object(Config\Cache), false)
#12 D:\laragon\www\method-oldagehome\public\index.php(79): CodeIgniter\CodeIgniter->run()
#13 D:\laragon\www\method-oldagehome\system\Commands\Server\rewrite.php(47): require_once('D:\\laragon\\www\\...')
#14 {main}
CRITICAL - 2024-02-28 00:48:47 --> Cannot add or update a child row: a foreign key constraint fails (`seniorcaredb`.`userbooking`, CONSTRAINT `userbooking_ibfk_1` FOREIGN KEY (`usersignsId`) REFERENCES `usersigns` (`id`) ON DELETE RESTRICT ON UPDATE RESTRICT)
in SYSTEMPATH\Database\BaseConnection.php on line 646.
 1 SYSTEMPATH\Database\BaseBuilder.php(2308): CodeIgniter\Database\BaseConnection->query('INSERT INTO `userbooking` (`usersignsId`, `lastname`, `firstname`, `middlename`, `contactnum`, `event`, `prefferdate`, `alterdate`, `equipment`, `comments`, `status`) VALUES (:usersignsId:, :lastname:, :firstname:, :middlename:, :contactnum:, :event:, :prefferdate:, :alterdate:, :equipment:, :comments:, :status:)', [...], false)
 2 SYSTEMPATH\Model.php(319): CodeIgniter\Database\BaseBuilder->insert()
 3 SYSTEMPATH\BaseModel.php(788): CodeIgniter\Model->doInsert([...])
 4 SYSTEMPATH\Model.php(715): CodeIgniter\BaseModel->insert([...], false)
 5 SYSTEMPATH\BaseModel.php(698): CodeIgniter\Model->insert([...], false)
 6 APPPATH\Controllers\UserbookingController.php(49): CodeIgniter\BaseModel->save([...])
 7 SYSTEMPATH\CodeIgniter.php(919): App\Controllers\UserbookingController->checkbook()
 8 SYSTEMPATH\CodeIgniter.php(494): CodeIgniter\CodeIgniter->runController(Object(App\Controllers\UserbookingController))
 9 SYSTEMPATH\CodeIgniter.php(353): CodeIgniter\CodeIgniter->handleRequest(null, Object(Config\Cache), false)
10 FCPATH\index.php(79): CodeIgniter\CodeIgniter->run()
11 SYSTEMPATH\Commands\Server\rewrite.php(47): require_once('D:\\laragon\\www\\method-oldagehome\\public\\index.php')
CRITICAL - 2024-02-28 01:15:33 --> Invalid file: "dashboard/booking.php"
in SYSTEMPATH\Exceptions\FrameworkException.php on line 39.
 1 SYSTEMPATH\View\View.php(214): CodeIgniter\Exceptions\FrameworkException::forInvalidFile('dashboard/booking.php')
 2 SYSTEMPATH\Common.php(1188): CodeIgniter\View\View->render('dashboard/booking', [], true)
 3 APPPATH\Controllers\UserbookingController.php(65): view('dashboard/booking', [...])
 4 SYSTEMPATH\CodeIgniter.php(919): App\Controllers\UserbookingController->bookingAD()
 5 SYSTEMPATH\CodeIgniter.php(494): CodeIgniter\CodeIgniter->runController(Object(App\Controllers\UserbookingController))
 6 SYSTEMPATH\CodeIgniter.php(353): CodeIgniter\CodeIgniter->handleRequest(null, Object(Config\Cache), false)
 7 FCPATH\index.php(79): CodeIgniter\CodeIgniter->run()
 8 SYSTEMPATH\Commands\Server\rewrite.php(47): require_once('D:\\laragon\\www\\method-oldagehome\\public\\index.php')
CRITICAL - 2024-02-28 01:15:43 --> Undefined variable $calen
in APPPATH\Views\dashboard\bookings.php on line 64.
 1 APPPATH\Views\dashboard\bookings.php(64): CodeIgniter\Debug\Exceptions->errorHandler(2, 'Undefined variable $calen', 'D:\\laragon\\www\\method-oldagehome\\app\\Views\\dashboard\\bookings.php', 64)
 2 SYSTEMPATH\View\View.php(226): include('D:\\laragon\\www\\method-oldagehome\\app\\Views\\dashboard\\bookings.php')
 3 SYSTEMPATH\View\View.php(229): CodeIgniter\View\View->CodeIgniter\View\{closure}()
 4 SYSTEMPATH\Common.php(1188): CodeIgniter\View\View->render('dashboard/bookings', [], true)
 5 APPPATH\Controllers\UserbookingController.php(65): view('dashboard/bookings', [...])
 6 SYSTEMPATH\CodeIgniter.php(919): App\Controllers\UserbookingController->bookingAD()
 7 SYSTEMPATH\CodeIgniter.php(494): CodeIgniter\CodeIgniter->runController(Object(App\Controllers\UserbookingController))
 8 SYSTEMPATH\CodeIgniter.php(353): CodeIgniter\CodeIgniter->handleRequest(null, Object(Config\Cache), false)
 9 FCPATH\index.php(79): CodeIgniter\CodeIgniter->run()
10 SYSTEMPATH\Commands\Server\rewrite.php(47): require_once('D:\\laragon\\www\\method-oldagehome\\public\\index.php')
CRITICAL - 2024-02-28 01:16:09 --> Undefined variable $calen
in APPPATH\Views\dashboard\bookings.php on line 64.
 1 APPPATH\Views\dashboard\bookings.php(64): CodeIgniter\Debug\Exceptions->errorHandler(2, 'Undefined variable $calen', 'D:\\laragon\\www\\method-oldagehome\\app\\Views\\dashboard\\bookings.php', 64)
 2 SYSTEMPATH\View\View.php(226): include('D:\\laragon\\www\\method-oldagehome\\app\\Views\\dashboard\\bookings.php')
 3 SYSTEMPATH\View\View.php(229): CodeIgniter\View\View->CodeIgniter\View\{closure}()
 4 SYSTEMPATH\Common.php(1188): CodeIgniter\View\View->render('dashboard/bookings', [], true)
 5 APPPATH\Controllers\UserbookingController.php(65): view('dashboard/bookings', [...])
 6 SYSTEMPATH\CodeIgniter.php(919): App\Controllers\UserbookingController->bookingAD()
 7 SYSTEMPATH\CodeIgniter.php(494): CodeIgniter\CodeIgniter->runController(Object(App\Controllers\UserbookingController))
 8 SYSTEMPATH\CodeIgniter.php(353): CodeIgniter\CodeIgniter->handleRequest(null, Object(Config\Cache), false)
 9 FCPATH\index.php(79): CodeIgniter\CodeIgniter->run()
10 SYSTEMPATH\Commands\Server\rewrite.php(47): require_once('D:\\laragon\\www\\method-oldagehome\\public\\index.php')
CRITICAL - 2024-02-28 01:16:26 --> Undefined variable $calen
in APPPATH\Views\dashboard\bookings.php on line 64.
 1 APPPATH\Views\dashboard\bookings.php(64): CodeIgniter\Debug\Exceptions->errorHandler(2, 'Undefined variable $calen', 'D:\\laragon\\www\\method-oldagehome\\app\\Views\\dashboard\\bookings.php', 64)
 2 SYSTEMPATH\View\View.php(226): include('D:\\laragon\\www\\method-oldagehome\\app\\Views\\dashboard\\bookings.php')
 3 SYSTEMPATH\View\View.php(229): CodeIgniter\View\View->CodeIgniter\View\{closure}()
 4 SYSTEMPATH\Common.php(1188): CodeIgniter\View\View->render('dashboard/bookings', [], true)
 5 APPPATH\Controllers\UserbookingController.php(65): view('dashboard/bookings', [...])
 6 SYSTEMPATH\CodeIgniter.php(919): App\Controllers\UserbookingController->bookingAD()
 7 SYSTEMPATH\CodeIgniter.php(494): CodeIgniter\CodeIgniter->runController(Object(App\Controllers\UserbookingController))
 8 SYSTEMPATH\CodeIgniter.php(353): CodeIgniter\CodeIgniter->handleRequest(null, Object(Config\Cache), false)
 9 FCPATH\index.php(79): CodeIgniter\CodeIgniter->run()
10 SYSTEMPATH\Commands\Server\rewrite.php(47): require_once('D:\\laragon\\www\\method-oldagehome\\public\\index.php')
CRITICAL - 2024-02-28 01:16:27 --> Undefined variable $calen
in APPPATH\Views\dashboard\bookings.php on line 64.
 1 APPPATH\Views\dashboard\bookings.php(64): CodeIgniter\Debug\Exceptions->errorHandler(2, 'Undefined variable $calen', 'D:\\laragon\\www\\method-oldagehome\\app\\Views\\dashboard\\bookings.php', 64)
 2 SYSTEMPATH\View\View.php(226): include('D:\\laragon\\www\\method-oldagehome\\app\\Views\\dashboard\\bookings.php')
 3 SYSTEMPATH\View\View.php(229): CodeIgniter\View\View->CodeIgniter\View\{closure}()
 4 SYSTEMPATH\Common.php(1188): CodeIgniter\View\View->render('dashboard/bookings', [], true)
 5 APPPATH\Controllers\UserbookingController.php(65): view('dashboard/bookings', [...])
 6 SYSTEMPATH\CodeIgniter.php(919): App\Controllers\UserbookingController->bookingAD()
 7 SYSTEMPATH\CodeIgniter.php(494): CodeIgniter\CodeIgniter->runController(Object(App\Controllers\UserbookingController))
 8 SYSTEMPATH\CodeIgniter.php(353): CodeIgniter\CodeIgniter->handleRequest(null, Object(Config\Cache), false)
 9 FCPATH\index.php(79): CodeIgniter\CodeIgniter->run()
10 SYSTEMPATH\Commands\Server\rewrite.php(47): require_once('D:\\laragon\\www\\method-oldagehome\\public\\index.php')
CRITICAL - 2024-02-28 01:16:43 --> Undefined array key "bookingId"
in APPPATH\Views\dashboard\bookings.php on line 78.
 1 APPPATH\Views\dashboard\bookings.php(78): CodeIgniter\Debug\Exceptions->errorHandler(2, 'Undefined array key "bookingId"', 'D:\\laragon\\www\\method-oldagehome\\app\\Views\\dashboard\\bookings.php', 78)
 2 SYSTEMPATH\View\View.php(226): include('D:\\laragon\\www\\method-oldagehome\\app\\Views\\dashboard\\bookings.php')
 3 SYSTEMPATH\View\View.php(229): CodeIgniter\View\View->CodeIgniter\View\{closure}()
 4 SYSTEMPATH\Common.php(1188): CodeIgniter\View\View->render('dashboard/bookings', [], true)
 5 APPPATH\Controllers\UserbookingController.php(65): view('dashboard/bookings', [...])
 6 SYSTEMPATH\CodeIgniter.php(919): App\Controllers\UserbookingController->bookingAD()
 7 SYSTEMPATH\CodeIgniter.php(494): CodeIgniter\CodeIgniter->runController(Object(App\Controllers\UserbookingController))
 8 SYSTEMPATH\CodeIgniter.php(353): CodeIgniter\CodeIgniter->handleRequest(null, Object(Config\Cache), false)
 9 FCPATH\index.php(79): CodeIgniter\CodeIgniter->run()
10 SYSTEMPATH\Commands\Server\rewrite.php(47): require_once('D:\\laragon\\www\\method-oldagehome\\public\\index.php')
CRITICAL - 2024-02-28 01:16:44 --> Undefined array key "bookingId"
in APPPATH\Views\dashboard\bookings.php on line 78.
 1 APPPATH\Views\dashboard\bookings.php(78): CodeIgniter\Debug\Exceptions->errorHandler(2, 'Undefined array key "bookingId"', 'D:\\laragon\\www\\method-oldagehome\\app\\Views\\dashboard\\bookings.php', 78)
 2 SYSTEMPATH\View\View.php(226): include('D:\\laragon\\www\\method-oldagehome\\app\\Views\\dashboard\\bookings.php')
 3 SYSTEMPATH\View\View.php(229): CodeIgniter\View\View->CodeIgniter\View\{closure}()
 4 SYSTEMPATH\Common.php(1188): CodeIgniter\View\View->render('dashboard/bookings', [], true)
 5 APPPATH\Controllers\UserbookingController.php(65): view('dashboard/bookings', [...])
 6 SYSTEMPATH\CodeIgniter.php(919): App\Controllers\UserbookingController->bookingAD()
 7 SYSTEMPATH\CodeIgniter.php(494): CodeIgniter\CodeIgniter->runController(Object(App\Controllers\UserbookingController))
 8 SYSTEMPATH\CodeIgniter.php(353): CodeIgniter\CodeIgniter->handleRequest(null, Object(Config\Cache), false)
 9 FCPATH\index.php(79): CodeIgniter\CodeIgniter->run()
10 SYSTEMPATH\Commands\Server\rewrite.php(47): require_once('D:\\laragon\\www\\method-oldagehome\\public\\index.php')
CRITICAL - 2024-02-28 01:16:45 --> Undefined array key "bookingId"
in APPPATH\Views\dashboard\bookings.php on line 78.
 1 APPPATH\Views\dashboard\bookings.php(78): CodeIgniter\Debug\Exceptions->errorHandler(2, 'Undefined array key "bookingId"', 'D:\\laragon\\www\\method-oldagehome\\app\\Views\\dashboard\\bookings.php', 78)
 2 SYSTEMPATH\View\View.php(226): include('D:\\laragon\\www\\method-oldagehome\\app\\Views\\dashboard\\bookings.php')
 3 SYSTEMPATH\View\View.php(229): CodeIgniter\View\View->CodeIgniter\View\{closure}()
 4 SYSTEMPATH\Common.php(1188): CodeIgniter\View\View->render('dashboard/bookings', [], true)
 5 APPPATH\Controllers\UserbookingController.php(65): view('dashboard/bookings', [...])
 6 SYSTEMPATH\CodeIgniter.php(919): App\Controllers\UserbookingController->bookingAD()
 7 SYSTEMPATH\CodeIgniter.php(494): CodeIgniter\CodeIgniter->runController(Object(App\Controllers\UserbookingController))
 8 SYSTEMPATH\CodeIgniter.php(353): CodeIgniter\CodeIgniter->handleRequest(null, Object(Config\Cache), false)
 9 FCPATH\index.php(79): CodeIgniter\CodeIgniter->run()
10 SYSTEMPATH\Commands\Server\rewrite.php(47): require_once('D:\\laragon\\www\\method-oldagehome\\public\\index.php')
CRITICAL - 2024-02-28 01:16:45 --> Undefined array key "bookingId"
in APPPATH\Views\dashboard\bookings.php on line 78.
 1 APPPATH\Views\dashboard\bookings.php(78): CodeIgniter\Debug\Exceptions->errorHandler(2, 'Undefined array key "bookingId"', 'D:\\laragon\\www\\method-oldagehome\\app\\Views\\dashboard\\bookings.php', 78)
 2 SYSTEMPATH\View\View.php(226): include('D:\\laragon\\www\\method-oldagehome\\app\\Views\\dashboard\\bookings.php')
 3 SYSTEMPATH\View\View.php(229): CodeIgniter\View\View->CodeIgniter\View\{closure}()
 4 SYSTEMPATH\Common.php(1188): CodeIgniter\View\View->render('dashboard/bookings', [], true)
 5 APPPATH\Controllers\UserbookingController.php(65): view('dashboard/bookings', [...])
 6 SYSTEMPATH\CodeIgniter.php(919): App\Controllers\UserbookingController->bookingAD()
 7 SYSTEMPATH\CodeIgniter.php(494): CodeIgniter\CodeIgniter->runController(Object(App\Controllers\UserbookingController))
 8 SYSTEMPATH\CodeIgniter.php(353): CodeIgniter\CodeIgniter->handleRequest(null, Object(Config\Cache), false)
 9 FCPATH\index.php(79): CodeIgniter\CodeIgniter->run()
10 SYSTEMPATH\Commands\Server\rewrite.php(47): require_once('D:\\laragon\\www\\method-oldagehome\\public\\index.php')
CRITICAL - 2024-02-28 01:17:14 --> Undefined array key "bookingId"
in APPPATH\Views\dashboard\bookings.php on line 78.
 1 APPPATH\Views\dashboard\bookings.php(78): CodeIgniter\Debug\Exceptions->errorHandler(2, 'Undefined array key "bookingId"', 'D:\\laragon\\www\\method-oldagehome\\app\\Views\\dashboard\\bookings.php', 78)
 2 SYSTEMPATH\View\View.php(226): include('D:\\laragon\\www\\method-oldagehome\\app\\Views\\dashboard\\bookings.php')
 3 SYSTEMPATH\View\View.php(229): CodeIgniter\View\View->CodeIgniter\View\{closure}()
 4 SYSTEMPATH\Common.php(1188): CodeIgniter\View\View->render('dashboard/bookings', [], true)
 5 APPPATH\Controllers\UserbookingController.php(65): view('dashboard/bookings', [...])
 6 SYSTEMPATH\CodeIgniter.php(919): App\Controllers\UserbookingController->bookingAD()
 7 SYSTEMPATH\CodeIgniter.php(494): CodeIgniter\CodeIgniter->runController(Object(App\Controllers\UserbookingController))
 8 SYSTEMPATH\CodeIgniter.php(353): CodeIgniter\CodeIgniter->handleRequest(null, Object(Config\Cache), false)
 9 FCPATH\index.php(79): CodeIgniter\CodeIgniter->run()
10 SYSTEMPATH\Commands\Server\rewrite.php(47): require_once('D:\\laragon\\www\\method-oldagehome\\public\\index.php')
CRITICAL - 2024-02-28 01:17:15 --> Undefined array key "bookingId"
in APPPATH\Views\dashboard\bookings.php on line 78.
 1 APPPATH\Views\dashboard\bookings.php(78): CodeIgniter\Debug\Exceptions->errorHandler(2, 'Undefined array key "bookingId"', 'D:\\laragon\\www\\method-oldagehome\\app\\Views\\dashboard\\bookings.php', 78)
 2 SYSTEMPATH\View\View.php(226): include('D:\\laragon\\www\\method-oldagehome\\app\\Views\\dashboard\\bookings.php')
 3 SYSTEMPATH\View\View.php(229): CodeIgniter\View\View->CodeIgniter\View\{closure}()
 4 SYSTEMPATH\Common.php(1188): CodeIgniter\View\View->render('dashboard/bookings', [], true)
 5 APPPATH\Controllers\UserbookingController.php(65): view('dashboard/bookings', [...])
 6 SYSTEMPATH\CodeIgniter.php(919): App\Controllers\UserbookingController->bookingAD()
 7 SYSTEMPATH\CodeIgniter.php(494): CodeIgniter\CodeIgniter->runController(Object(App\Controllers\UserbookingController))
 8 SYSTEMPATH\CodeIgniter.php(353): CodeIgniter\CodeIgniter->handleRequest(null, Object(Config\Cache), false)
 9 FCPATH\index.php(79): CodeIgniter\CodeIgniter->run()
10 SYSTEMPATH\Commands\Server\rewrite.php(47): require_once('D:\\laragon\\www\\method-oldagehome\\public\\index.php')
CRITICAL - 2024-02-28 01:17:15 --> Undefined array key "bookingId"
in APPPATH\Views\dashboard\bookings.php on line 78.
 1 APPPATH\Views\dashboard\bookings.php(78): CodeIgniter\Debug\Exceptions->errorHandler(2, 'Undefined array key "bookingId"', 'D:\\laragon\\www\\method-oldagehome\\app\\Views\\dashboard\\bookings.php', 78)
 2 SYSTEMPATH\View\View.php(226): include('D:\\laragon\\www\\method-oldagehome\\app\\Views\\dashboard\\bookings.php')
 3 SYSTEMPATH\View\View.php(229): CodeIgniter\View\View->CodeIgniter\View\{closure}()
 4 SYSTEMPATH\Common.php(1188): CodeIgniter\View\View->render('dashboard/bookings', [], true)
 5 APPPATH\Controllers\UserbookingController.php(65): view('dashboard/bookings', [...])
 6 SYSTEMPATH\CodeIgniter.php(919): App\Controllers\UserbookingController->bookingAD()
 7 SYSTEMPATH\CodeIgniter.php(494): CodeIgniter\CodeIgniter->runController(Object(App\Controllers\UserbookingController))
 8 SYSTEMPATH\CodeIgniter.php(353): CodeIgniter\CodeIgniter->handleRequest(null, Object(Config\Cache), false)
 9 FCPATH\index.php(79): CodeIgniter\CodeIgniter->run()
10 SYSTEMPATH\Commands\Server\rewrite.php(47): require_once('D:\\laragon\\www\\method-oldagehome\\public\\index.php')
CRITICAL - 2024-02-28 01:17:16 --> Undefined array key "bookingId"
in APPPATH\Views\dashboard\bookings.php on line 78.
 1 APPPATH\Views\dashboard\bookings.php(78): CodeIgniter\Debug\Exceptions->errorHandler(2, 'Undefined array key "bookingId"', 'D:\\laragon\\www\\method-oldagehome\\app\\Views\\dashboard\\bookings.php', 78)
 2 SYSTEMPATH\View\View.php(226): include('D:\\laragon\\www\\method-oldagehome\\app\\Views\\dashboard\\bookings.php')
 3 SYSTEMPATH\View\View.php(229): CodeIgniter\View\View->CodeIgniter\View\{closure}()
 4 SYSTEMPATH\Common.php(1188): CodeIgniter\View\View->render('dashboard/bookings', [], true)
 5 APPPATH\Controllers\UserbookingController.php(65): view('dashboard/bookings', [...])
 6 SYSTEMPATH\CodeIgniter.php(919): App\Controllers\UserbookingController->bookingAD()
 7 SYSTEMPATH\CodeIgniter.php(494): CodeIgniter\CodeIgniter->runController(Object(App\Controllers\UserbookingController))
 8 SYSTEMPATH\CodeIgniter.php(353): CodeIgniter\CodeIgniter->handleRequest(null, Object(Config\Cache), false)
 9 FCPATH\index.php(79): CodeIgniter\CodeIgniter->run()
10 SYSTEMPATH\Commands\Server\rewrite.php(47): require_once('D:\\laragon\\www\\method-oldagehome\\public\\index.php')
CRITICAL - 2024-02-28 01:17:16 --> Undefined array key "bookingId"
in APPPATH\Views\dashboard\bookings.php on line 78.
 1 APPPATH\Views\dashboard\bookings.php(78): CodeIgniter\Debug\Exceptions->errorHandler(2, 'Undefined array key "bookingId"', 'D:\\laragon\\www\\method-oldagehome\\app\\Views\\dashboard\\bookings.php', 78)
 2 SYSTEMPATH\View\View.php(226): include('D:\\laragon\\www\\method-oldagehome\\app\\Views\\dashboard\\bookings.php')
 3 SYSTEMPATH\View\View.php(229): CodeIgniter\View\View->CodeIgniter\View\{closure}()
 4 SYSTEMPATH\Common.php(1188): CodeIgniter\View\View->render('dashboard/bookings', [], true)
 5 APPPATH\Controllers\UserbookingController.php(65): view('dashboard/bookings', [...])
 6 SYSTEMPATH\CodeIgniter.php(919): App\Controllers\UserbookingController->bookingAD()
 7 SYSTEMPATH\CodeIgniter.php(494): CodeIgniter\CodeIgniter->runController(Object(App\Controllers\UserbookingController))
 8 SYSTEMPATH\CodeIgniter.php(353): CodeIgniter\CodeIgniter->handleRequest(null, Object(Config\Cache), false)
 9 FCPATH\index.php(79): CodeIgniter\CodeIgniter->run()
10 SYSTEMPATH\Commands\Server\rewrite.php(47): require_once('D:\\laragon\\www\\method-oldagehome\\public\\index.php')
CRITICAL - 2024-02-28 01:17:46 --> Undefined array key "bookingId"
in APPPATH\Views\dashboard\bookings.php on line 78.
 1 APPPATH\Views\dashboard\bookings.php(78): CodeIgniter\Debug\Exceptions->errorHandler(2, 'Undefined array key "bookingId"', 'D:\\laragon\\www\\method-oldagehome\\app\\Views\\dashboard\\bookings.php', 78)
 2 SYSTEMPATH\View\View.php(226): include('D:\\laragon\\www\\method-oldagehome\\app\\Views\\dashboard\\bookings.php')
 3 SYSTEMPATH\View\View.php(229): CodeIgniter\View\View->CodeIgniter\View\{closure}()
 4 SYSTEMPATH\Common.php(1188): CodeIgniter\View\View->render('dashboard/bookings', [], true)
 5 APPPATH\Controllers\UserbookingController.php(65): view('dashboard/bookings', [...])
 6 SYSTEMPATH\CodeIgniter.php(919): App\Controllers\UserbookingController->bookingAD()
 7 SYSTEMPATH\CodeIgniter.php(494): CodeIgniter\CodeIgniter->runController(Object(App\Controllers\UserbookingController))
 8 SYSTEMPATH\CodeIgniter.php(353): CodeIgniter\CodeIgniter->handleRequest(null, Object(Config\Cache), false)
 9 FCPATH\index.php(79): CodeIgniter\CodeIgniter->run()
10 SYSTEMPATH\Commands\Server\rewrite.php(47): require_once('D:\\laragon\\www\\method-oldagehome\\public\\index.php')
CRITICAL - 2024-02-28 01:17:47 --> Undefined array key "bookingId"
in APPPATH\Views\dashboard\bookings.php on line 78.
 1 APPPATH\Views\dashboard\bookings.php(78): CodeIgniter\Debug\Exceptions->errorHandler(2, 'Undefined array key "bookingId"', 'D:\\laragon\\www\\method-oldagehome\\app\\Views\\dashboard\\bookings.php', 78)
 2 SYSTEMPATH\View\View.php(226): include('D:\\laragon\\www\\method-oldagehome\\app\\Views\\dashboard\\bookings.php')
 3 SYSTEMPATH\View\View.php(229): CodeIgniter\View\View->CodeIgniter\View\{closure}()
 4 SYSTEMPATH\Common.php(1188): CodeIgniter\View\View->render('dashboard/bookings', [], true)
 5 APPPATH\Controllers\UserbookingController.php(65): view('dashboard/bookings', [...])
 6 SYSTEMPATH\CodeIgniter.php(919): App\Controllers\UserbookingController->bookingAD()
 7 SYSTEMPATH\CodeIgniter.php(494): CodeIgniter\CodeIgniter->runController(Object(App\Controllers\UserbookingController))
 8 SYSTEMPATH\CodeIgniter.php(353): CodeIgniter\CodeIgniter->handleRequest(null, Object(Config\Cache), false)
 9 FCPATH\index.php(79): CodeIgniter\CodeIgniter->run()
10 SYSTEMPATH\Commands\Server\rewrite.php(47): require_once('D:\\laragon\\www\\method-oldagehome\\public\\index.php')
CRITICAL - 2024-02-28 01:17:59 --> Undefined array key "bookingId"
in APPPATH\Views\dashboard\bookings.php on line 78.
 1 APPPATH\Views\dashboard\bookings.php(78): CodeIgniter\Debug\Exceptions->errorHandler(2, 'Undefined array key "bookingId"', 'D:\\laragon\\www\\method-oldagehome\\app\\Views\\dashboard\\bookings.php', 78)
 2 SYSTEMPATH\View\View.php(226): include('D:\\laragon\\www\\method-oldagehome\\app\\Views\\dashboard\\bookings.php')
 3 SYSTEMPATH\View\View.php(229): CodeIgniter\View\View->CodeIgniter\View\{closure}()
 4 SYSTEMPATH\Common.php(1188): CodeIgniter\View\View->render('dashboard/bookings', [], true)
 5 APPPATH\Controllers\UserbookingController.php(65): view('dashboard/bookings', [...])
 6 SYSTEMPATH\CodeIgniter.php(919): App\Controllers\UserbookingController->bookingAD()
 7 SYSTEMPATH\CodeIgniter.php(494): CodeIgniter\CodeIgniter->runController(Object(App\Controllers\UserbookingController))
 8 SYSTEMPATH\CodeIgniter.php(353): CodeIgniter\CodeIgniter->handleRequest(null, Object(Config\Cache), false)
 9 FCPATH\index.php(79): CodeIgniter\CodeIgniter->run()
10 SYSTEMPATH\Commands\Server\rewrite.php(47): require_once('D:\\laragon\\www\\method-oldagehome\\public\\index.php')
CRITICAL - 2024-02-28 01:18:00 --> Undefined array key "bookingId"
in APPPATH\Views\dashboard\bookings.php on line 78.
 1 APPPATH\Views\dashboard\bookings.php(78): CodeIgniter\Debug\Exceptions->errorHandler(2, 'Undefined array key "bookingId"', 'D:\\laragon\\www\\method-oldagehome\\app\\Views\\dashboard\\bookings.php', 78)
 2 SYSTEMPATH\View\View.php(226): include('D:\\laragon\\www\\method-oldagehome\\app\\Views\\dashboard\\bookings.php')
 3 SYSTEMPATH\View\View.php(229): CodeIgniter\View\View->CodeIgniter\View\{closure}()
 4 SYSTEMPATH\Common.php(1188): CodeIgniter\View\View->render('dashboard/bookings', [], true)
 5 APPPATH\Controllers\UserbookingController.php(65): view('dashboard/bookings', [...])
 6 SYSTEMPATH\CodeIgniter.php(919): App\Controllers\UserbookingController->bookingAD()
 7 SYSTEMPATH\CodeIgniter.php(494): CodeIgniter\CodeIgniter->runController(Object(App\Controllers\UserbookingController))
 8 SYSTEMPATH\CodeIgniter.php(353): CodeIgniter\CodeIgniter->handleRequest(null, Object(Config\Cache), false)
 9 FCPATH\index.php(79): CodeIgniter\CodeIgniter->run()
10 SYSTEMPATH\Commands\Server\rewrite.php(47): require_once('D:\\laragon\\www\\method-oldagehome\\public\\index.php')
CRITICAL - 2024-02-28 01:18:00 --> Undefined array key "bookingId"
in APPPATH\Views\dashboard\bookings.php on line 78.
 1 APPPATH\Views\dashboard\bookings.php(78): CodeIgniter\Debug\Exceptions->errorHandler(2, 'Undefined array key "bookingId"', 'D:\\laragon\\www\\method-oldagehome\\app\\Views\\dashboard\\bookings.php', 78)
 2 SYSTEMPATH\View\View.php(226): include('D:\\laragon\\www\\method-oldagehome\\app\\Views\\dashboard\\bookings.php')
 3 SYSTEMPATH\View\View.php(229): CodeIgniter\View\View->CodeIgniter\View\{closure}()
 4 SYSTEMPATH\Common.php(1188): CodeIgniter\View\View->render('dashboard/bookings', [], true)
 5 APPPATH\Controllers\UserbookingController.php(65): view('dashboard/bookings', [...])
 6 SYSTEMPATH\CodeIgniter.php(919): App\Controllers\UserbookingController->bookingAD()
 7 SYSTEMPATH\CodeIgniter.php(494): CodeIgniter\CodeIgniter->runController(Object(App\Controllers\UserbookingController))
 8 SYSTEMPATH\CodeIgniter.php(353): CodeIgniter\CodeIgniter->handleRequest(null, Object(Config\Cache), false)
 9 FCPATH\index.php(79): CodeIgniter\CodeIgniter->run()
10 SYSTEMPATH\Commands\Server\rewrite.php(47): require_once('D:\\laragon\\www\\method-oldagehome\\public\\index.php')
CRITICAL - 2024-02-28 01:18:00 --> Undefined array key "bookingId"
in APPPATH\Views\dashboard\bookings.php on line 78.
 1 APPPATH\Views\dashboard\bookings.php(78): CodeIgniter\Debug\Exceptions->errorHandler(2, 'Undefined array key "bookingId"', 'D:\\laragon\\www\\method-oldagehome\\app\\Views\\dashboard\\bookings.php', 78)
 2 SYSTEMPATH\View\View.php(226): include('D:\\laragon\\www\\method-oldagehome\\app\\Views\\dashboard\\bookings.php')
 3 SYSTEMPATH\View\View.php(229): CodeIgniter\View\View->CodeIgniter\View\{closure}()
 4 SYSTEMPATH\Common.php(1188): CodeIgniter\View\View->render('dashboard/bookings', [], true)
 5 APPPATH\Controllers\UserbookingController.php(65): view('dashboard/bookings', [...])
 6 SYSTEMPATH\CodeIgniter.php(919): App\Controllers\UserbookingController->bookingAD()
 7 SYSTEMPATH\CodeIgniter.php(494): CodeIgniter\CodeIgniter->runController(Object(App\Controllers\UserbookingController))
 8 SYSTEMPATH\CodeIgniter.php(353): CodeIgniter\CodeIgniter->handleRequest(null, Object(Config\Cache), false)
 9 FCPATH\index.php(79): CodeIgniter\CodeIgniter->run()
10 SYSTEMPATH\Commands\Server\rewrite.php(47): require_once('D:\\laragon\\www\\method-oldagehome\\public\\index.php')
CRITICAL - 2024-02-28 01:19:16 --> Undefined array key "bookingId"
in APPPATH\Views\dashboard\bookings.php on line 78.
 1 APPPATH\Views\dashboard\bookings.php(78): CodeIgniter\Debug\Exceptions->errorHandler(2, 'Undefined array key "bookingId"', 'D:\\laragon\\www\\method-oldagehome\\app\\Views\\dashboard\\bookings.php', 78)
 2 SYSTEMPATH\View\View.php(226): include('D:\\laragon\\www\\method-oldagehome\\app\\Views\\dashboard\\bookings.php')
 3 SYSTEMPATH\View\View.php(229): CodeIgniter\View\View->CodeIgniter\View\{closure}()
 4 SYSTEMPATH\Common.php(1188): CodeIgniter\View\View->render('dashboard/bookings', [], true)
 5 APPPATH\Controllers\UserbookingController.php(65): view('dashboard/bookings', [...])
 6 SYSTEMPATH\CodeIgniter.php(919): App\Controllers\UserbookingController->bookingAD()
 7 SYSTEMPATH\CodeIgniter.php(494): CodeIgniter\CodeIgniter->runController(Object(App\Controllers\UserbookingController))
 8 SYSTEMPATH\CodeIgniter.php(353): CodeIgniter\CodeIgniter->handleRequest(null, Object(Config\Cache), false)
 9 FCPATH\index.php(79): CodeIgniter\CodeIgniter->run()
10 SYSTEMPATH\Commands\Server\rewrite.php(47): require_once('D:\\laragon\\www\\method-oldagehome\\public\\index.php')
CRITICAL - 2024-02-28 01:19:17 --> Undefined array key "bookingId"
in APPPATH\Views\dashboard\bookings.php on line 78.
 1 APPPATH\Views\dashboard\bookings.php(78): CodeIgniter\Debug\Exceptions->errorHandler(2, 'Undefined array key "bookingId"', 'D:\\laragon\\www\\method-oldagehome\\app\\Views\\dashboard\\bookings.php', 78)
 2 SYSTEMPATH\View\View.php(226): include('D:\\laragon\\www\\method-oldagehome\\app\\Views\\dashboard\\bookings.php')
 3 SYSTEMPATH\View\View.php(229): CodeIgniter\View\View->CodeIgniter\View\{closure}()
 4 SYSTEMPATH\Common.php(1188): CodeIgniter\View\View->render('dashboard/bookings', [], true)
 5 APPPATH\Controllers\UserbookingController.php(65): view('dashboard/bookings', [...])
 6 SYSTEMPATH\CodeIgniter.php(919): App\Controllers\UserbookingController->bookingAD()
 7 SYSTEMPATH\CodeIgniter.php(494): CodeIgniter\CodeIgniter->runController(Object(App\Controllers\UserbookingController))
 8 SYSTEMPATH\CodeIgniter.php(353): CodeIgniter\CodeIgniter->handleRequest(null, Object(Config\Cache), false)
 9 FCPATH\index.php(79): CodeIgniter\CodeIgniter->run()
10 SYSTEMPATH\Commands\Server\rewrite.php(47): require_once('D:\\laragon\\www\\method-oldagehome\\public\\index.php')
CRITICAL - 2024-02-28 01:19:18 --> Undefined array key "bookingId"
in APPPATH\Views\dashboard\bookings.php on line 78.
 1 APPPATH\Views\dashboard\bookings.php(78): CodeIgniter\Debug\Exceptions->errorHandler(2, 'Undefined array key "bookingId"', 'D:\\laragon\\www\\method-oldagehome\\app\\Views\\dashboard\\bookings.php', 78)
 2 SYSTEMPATH\View\View.php(226): include('D:\\laragon\\www\\method-oldagehome\\app\\Views\\dashboard\\bookings.php')
 3 SYSTEMPATH\View\View.php(229): CodeIgniter\View\View->CodeIgniter\View\{closure}()
 4 SYSTEMPATH\Common.php(1188): CodeIgniter\View\View->render('dashboard/bookings', [], true)
 5 APPPATH\Controllers\UserbookingController.php(65): view('dashboard/bookings', [...])
 6 SYSTEMPATH\CodeIgniter.php(919): App\Controllers\UserbookingController->bookingAD()
 7 SYSTEMPATH\CodeIgniter.php(494): CodeIgniter\CodeIgniter->runController(Object(App\Controllers\UserbookingController))
 8 SYSTEMPATH\CodeIgniter.php(353): CodeIgniter\CodeIgniter->handleRequest(null, Object(Config\Cache), false)
 9 FCPATH\index.php(79): CodeIgniter\CodeIgniter->run()
10 SYSTEMPATH\Commands\Server\rewrite.php(47): require_once('D:\\laragon\\www\\method-oldagehome\\public\\index.php')
CRITICAL - 2024-02-28 01:20:17 --> Undefined array key "bookingId"
in APPPATH\Views\dashboard\bookings.php on line 78.
 1 APPPATH\Views\dashboard\bookings.php(78): CodeIgniter\Debug\Exceptions->errorHandler(2, 'Undefined array key "bookingId"', 'D:\\laragon\\www\\method-oldagehome\\app\\Views\\dashboard\\bookings.php', 78)
 2 SYSTEMPATH\View\View.php(226): include('D:\\laragon\\www\\method-oldagehome\\app\\Views\\dashboard\\bookings.php')
 3 SYSTEMPATH\View\View.php(229): CodeIgniter\View\View->CodeIgniter\View\{closure}()
 4 SYSTEMPATH\Common.php(1188): CodeIgniter\View\View->render('dashboard/bookings', [], true)
 5 APPPATH\Controllers\UserbookingController.php(65): view('dashboard/bookings', [...])
 6 SYSTEMPATH\CodeIgniter.php(919): App\Controllers\UserbookingController->bookingAD()
 7 SYSTEMPATH\CodeIgniter.php(494): CodeIgniter\CodeIgniter->runController(Object(App\Controllers\UserbookingController))
 8 SYSTEMPATH\CodeIgniter.php(353): CodeIgniter\CodeIgniter->handleRequest(null, Object(Config\Cache), false)
 9 FCPATH\index.php(79): CodeIgniter\CodeIgniter->run()
10 SYSTEMPATH\Commands\Server\rewrite.php(47): require_once('D:\\laragon\\www\\method-oldagehome\\public\\index.php')
CRITICAL - 2024-02-28 01:20:18 --> Undefined array key "bookingId"
in APPPATH\Views\dashboard\bookings.php on line 78.
 1 APPPATH\Views\dashboard\bookings.php(78): CodeIgniter\Debug\Exceptions->errorHandler(2, 'Undefined array key "bookingId"', 'D:\\laragon\\www\\method-oldagehome\\app\\Views\\dashboard\\bookings.php', 78)
 2 SYSTEMPATH\View\View.php(226): include('D:\\laragon\\www\\method-oldagehome\\app\\Views\\dashboard\\bookings.php')
 3 SYSTEMPATH\View\View.php(229): CodeIgniter\View\View->CodeIgniter\View\{closure}()
 4 SYSTEMPATH\Common.php(1188): CodeIgniter\View\View->render('dashboard/bookings', [], true)
 5 APPPATH\Controllers\UserbookingController.php(65): view('dashboard/bookings', [...])
 6 SYSTEMPATH\CodeIgniter.php(919): App\Controllers\UserbookingController->bookingAD()
 7 SYSTEMPATH\CodeIgniter.php(494): CodeIgniter\CodeIgniter->runController(Object(App\Controllers\UserbookingController))
 8 SYSTEMPATH\CodeIgniter.php(353): CodeIgniter\CodeIgniter->handleRequest(null, Object(Config\Cache), false)
 9 FCPATH\index.php(79): CodeIgniter\CodeIgniter->run()
10 SYSTEMPATH\Commands\Server\rewrite.php(47): require_once('D:\\laragon\\www\\method-oldagehome\\public\\index.php')
ERROR - 2024-02-28 01:26:09 --> mysqli_sql_exception: Cannot add or update a child row: a foreign key constraint fails (`seniorcaredb`.`acceptbooking`, CONSTRAINT `acceptbooking_ibfk_1` FOREIGN KEY (`usersignsId`) REFERENCES `usersigns` (`id`) ON DELETE RESTRICT ON UPDATE RESTRICT) in D:\laragon\www\method-oldagehome\system\Database\MySQLi\Connection.php:306
Stack trace:
#0 D:\laragon\www\method-oldagehome\system\Database\MySQLi\Connection.php(306): mysqli->query('INSERT INTO `ac...', 0)
#1 D:\laragon\www\method-oldagehome\system\Database\BaseConnection.php(692): CodeIgniter\Database\MySQLi\Connection->execute('INSERT INTO `ac...')
#2 D:\laragon\www\method-oldagehome\system\Database\BaseConnection.php(606): CodeIgniter\Database\BaseConnection->simpleQuery('INSERT INTO `ac...')
#3 D:\laragon\www\method-oldagehome\system\Database\BaseBuilder.php(1800): CodeIgniter\Database\BaseConnection->query('INSERT INTO `ac...', NULL, false)
#4 D:\laragon\www\method-oldagehome\system\Database\BaseBuilder.php(2191): CodeIgniter\Database\BaseBuilder->batchExecute('_insertBatch', 100)
#5 D:\laragon\www\method-oldagehome\system\Model.php(353): CodeIgniter\Database\BaseBuilder->insertBatch(Array, NULL, 100)
#6 D:\laragon\www\method-oldagehome\system\BaseModel.php(880): CodeIgniter\Model->doInsertBatch(Array, NULL, 100, false)
#7 D:\laragon\www\method-oldagehome\app\Controllers\Fullcalendar.php(130): CodeIgniter\BaseModel->insertBatch(Array)
#8 D:\laragon\www\method-oldagehome\app\Controllers\Fullcalendar.php(92): App\Controllers\Fullcalendar->declineBooking(Array)
#9 D:\laragon\www\method-oldagehome\system\CodeIgniter.php(919): App\Controllers\Fullcalendar->Decline()
#10 D:\laragon\www\method-oldagehome\system\CodeIgniter.php(494): CodeIgniter\CodeIgniter->runController(Object(App\Controllers\Fullcalendar))
#11 D:\laragon\www\method-oldagehome\system\CodeIgniter.php(353): CodeIgniter\CodeIgniter->handleRequest(NULL, Object(Config\Cache), false)
#12 D:\laragon\www\method-oldagehome\public\index.php(79): CodeIgniter\CodeIgniter->run()
#13 D:\laragon\www\method-oldagehome\system\Commands\Server\rewrite.php(47): require_once('D:\\laragon\\www\\...')
#14 {main}
CRITICAL - 2024-02-28 01:26:09 --> Cannot add or update a child row: a foreign key constraint fails (`seniorcaredb`.`acceptbooking`, CONSTRAINT `acceptbooking_ibfk_1` FOREIGN KEY (`usersignsId`) REFERENCES `usersigns` (`id`) ON DELETE RESTRICT ON UPDATE RESTRICT)
in SYSTEMPATH\Database\BaseConnection.php on line 646.
 1 SYSTEMPATH\Database\BaseBuilder.php(1800): CodeIgniter\Database\BaseConnection->query('INSERT INTO `acceptbooking` (`alterdate`, `comments`, `contactnum`, `equipment`, `event`, `firstname`, `lastname`, `middlename`, `prefferdate`, `status`)
VALUES (\'2024-02-28 08:52:00\',\'jnassjkdnjk\',\'213412434\',\'nsadkn\',\'sjfkj\',\'jskf\',\'sadjalkj\',\'jjksdjdkf\',\'2024-02-28 08:52:00\',\'Decline\')', null, false)
 2 SYSTEMPATH\Database\BaseBuilder.php(2191): CodeIgniter\Database\BaseBuilder->batchExecute('_insertBatch', 100)
 3 SYSTEMPATH\Model.php(353): CodeIgniter\Database\BaseBuilder->insertBatch([...], null, 100)
 4 SYSTEMPATH\BaseModel.php(880): CodeIgniter\Model->doInsertBatch([...], null, 100, false)
 5 APPPATH\Controllers\Fullcalendar.php(130): CodeIgniter\BaseModel->insertBatch([...])
 6 APPPATH\Controllers\Fullcalendar.php(92): App\Controllers\Fullcalendar->declineBooking([...])
 7 SYSTEMPATH\CodeIgniter.php(919): App\Controllers\Fullcalendar->Decline()
 8 SYSTEMPATH\CodeIgniter.php(494): CodeIgniter\CodeIgniter->runController(Object(App\Controllers\Fullcalendar))
 9 SYSTEMPATH\CodeIgniter.php(353): CodeIgniter\CodeIgniter->handleRequest(null, Object(Config\Cache), false)
10 FCPATH\index.php(79): CodeIgniter\CodeIgniter->run()
11 SYSTEMPATH\Commands\Server\rewrite.php(47): require_once('D:\\laragon\\www\\method-oldagehome\\public\\index.php')
CRITICAL - 2024-02-28 02:22:38 --> Undefined variable $sdata
in APPPATH\Views\dashboard\search.php on line 77.
 1 APPPATH\Views\dashboard\search.php(77): CodeIgniter\Debug\Exceptions->errorHandler(2, 'Undefined variable $sdata', 'D:\\laragon\\www\\method-oldagehome\\app\\Views\\dashboard\\search.php', 77)
 2 SYSTEMPATH\View\View.php(226): include('D:\\laragon\\www\\method-oldagehome\\app\\Views\\dashboard\\search.php')
 3 SYSTEMPATH\View\View.php(229): CodeIgniter\View\View->CodeIgniter\View\{closure}()
 4 SYSTEMPATH\Common.php(1188): CodeIgniter\View\View->render('dashboard/search', [], true)
 5 APPPATH\Controllers\ViewController.php(71): view('dashboard/search')
 6 SYSTEMPATH\CodeIgniter.php(919): App\Controllers\ViewController->search()
 7 SYSTEMPATH\CodeIgniter.php(494): CodeIgniter\CodeIgniter->runController(Object(App\Controllers\ViewController))
 8 SYSTEMPATH\CodeIgniter.php(353): CodeIgniter\CodeIgniter->handleRequest(null, Object(Config\Cache), false)
 9 FCPATH\index.php(79): CodeIgniter\CodeIgniter->run()
10 SYSTEMPATH\Commands\Server\rewrite.php(47): require_once('D:\\laragon\\www\\method-oldagehome\\public\\index.php')
