CRITICAL - 2024-05-09 03:46:32 --> foreach() argument must be of type array|object, null given
in APPPATH\Views\dashboard\reportTableEvents.php on line 125.
 1 APPPATH\Views\dashboard\reportTableEvents.php(125): CodeIgniter\Debug\Exceptions->errorHandler(2, 'foreach() argument must be of type array|object, null given', 'D:\\laragon\\www\\method-oldagehome\\app\\Views\\dashboard\\reportTableEvents.php', 125)
 2 SYSTEMPATH\View\View.php(226): include('D:\\laragon\\www\\method-oldagehome\\app\\Views\\dashboard\\reportTableEvents.php')
 3 SYSTEMPATH\View\View.php(229): CodeIgniter\View\View->CodeIgniter\View\{closure}()
 4 SYSTEMPATH\Common.php(1188): CodeIgniter\View\View->render('dashboard/reportTableEvents', [], true)
 5 APPPATH\Controllers\Fullcalendar.php(230): view('dashboard/reportTableEvents', [...])
 6 SYSTEMPATH\CodeIgniter.php(919): App\Controllers\Fullcalendar->searchRevent()
 7 SYSTEMPATH\CodeIgniter.php(494): CodeIgniter\CodeIgniter->runController(Object(App\Controllers\Fullcalendar))
 8 SYSTEMPATH\CodeIgniter.php(353): CodeIgniter\CodeIgniter->handleRequest(null, Object(Config\Cache), false)
 9 FCPATH\index.php(79): CodeIgniter\CodeIgniter->run()
10 SYSTEMPATH\Commands\Server\rewrite.php(47): require_once('D:\\laragon\\www\\method-oldagehome\\public\\index.php')
CRITICAL - 2024-05-09 03:49:47 --> Undefined variable $searRevent
in APPPATH\Controllers\Fullcalendar.php on line 216.
 1 APPPATH\Controllers\Fullcalendar.php(216): CodeIgniter\Debug\Exceptions->errorHandler(2, 'Undefined variable $searRevent', 'D:\\laragon\\www\\method-oldagehome\\app\\Controllers\\Fullcalendar.php', 216)
 2 SYSTEMPATH\CodeIgniter.php(919): App\Controllers\Fullcalendar->searchRevent()
 3 SYSTEMPATH\CodeIgniter.php(494): CodeIgniter\CodeIgniter->runController(Object(App\Controllers\Fullcalendar))
 4 SYSTEMPATH\CodeIgniter.php(353): CodeIgniter\CodeIgniter->handleRequest(null, Object(Config\Cache), false)
 5 FCPATH\index.php(79): CodeIgniter\CodeIgniter->run()
 6 SYSTEMPATH\Commands\Server\rewrite.php(47): require_once('D:\\laragon\\www\\method-oldagehome\\public\\index.php')
CRITICAL - 2024-05-09 03:49:56 --> Undefined variable $searhRevent
in APPPATH\Controllers\Fullcalendar.php on line 216.
 1 APPPATH\Controllers\Fullcalendar.php(216): CodeIgniter\Debug\Exceptions->errorHandler(2, 'Undefined variable $searhRevent', 'D:\\laragon\\www\\method-oldagehome\\app\\Controllers\\Fullcalendar.php', 216)
 2 SYSTEMPATH\CodeIgniter.php(919): App\Controllers\Fullcalendar->searchRevent()
 3 SYSTEMPATH\CodeIgniter.php(494): CodeIgniter\CodeIgniter->runController(Object(App\Controllers\Fullcalendar))
 4 SYSTEMPATH\CodeIgniter.php(353): CodeIgniter\CodeIgniter->handleRequest(null, Object(Config\Cache), false)
 5 FCPATH\index.php(79): CodeIgniter\CodeIgniter->run()
 6 SYSTEMPATH\Commands\Server\rewrite.php(47): require_once('D:\\laragon\\www\\method-oldagehome\\public\\index.php')
CRITICAL - 2024-05-09 03:50:09 --> Undefined variable $searhRevent
in APPPATH\Controllers\Fullcalendar.php on line 216.
 1 APPPATH\Controllers\Fullcalendar.php(216): CodeIgniter\Debug\Exceptions->errorHandler(2, 'Undefined variable $searhRevent', 'D:\\laragon\\www\\method-oldagehome\\app\\Controllers\\Fullcalendar.php', 216)
 2 SYSTEMPATH\CodeIgniter.php(919): App\Controllers\Fullcalendar->searchRevent()
 3 SYSTEMPATH\CodeIgniter.php(494): CodeIgniter\CodeIgniter->runController(Object(App\Controllers\Fullcalendar))
 4 SYSTEMPATH\CodeIgniter.php(353): CodeIgniter\CodeIgniter->handleRequest(null, Object(Config\Cache), false)
 5 FCPATH\index.php(79): CodeIgniter\CodeIgniter->run()
 6 SYSTEMPATH\Commands\Server\rewrite.php(47): require_once('D:\\laragon\\www\\method-oldagehome\\public\\index.php')
CRITICAL - 2024-05-09 04:03:25 --> Cannot access offset of type string on string
in APPPATH\Views\dashboard\reportTableEvents.php on line 124.
 1 SYSTEMPATH\View\View.php(226): include()
 2 SYSTEMPATH\View\View.php(229): CodeIgniter\View\View->CodeIgniter\View\{closure}()
 3 SYSTEMPATH\Common.php(1188): CodeIgniter\View\View->render('dashboard/reportTableEvents', [], true)
 4 APPPATH\Controllers\Fullcalendar.php(229): view('dashboard/reportTableEvents', [...])
 5 SYSTEMPATH\CodeIgniter.php(919): App\Controllers\Fullcalendar->searchRevent()
 6 SYSTEMPATH\CodeIgniter.php(494): CodeIgniter\CodeIgniter->runController(Object(App\Controllers\Fullcalendar))
 7 SYSTEMPATH\CodeIgniter.php(353): CodeIgniter\CodeIgniter->handleRequest(null, Object(Config\Cache), false)
 8 FCPATH\index.php(79): CodeIgniter\CodeIgniter->run()
 9 SYSTEMPATH\Commands\Server\rewrite.php(47): require_once('D:\\laragon\\www\\method-oldagehome\\public\\index.php')
CRITICAL - 2024-05-09 04:15:23 --> include(includes/user/sidebar.php): Failed to open stream: No such file or directory
in APPPATH\Views\dashboard\reportevent.php on line 39.
 1 APPPATH\Views\dashboard\reportevent.php(39): CodeIgniter\Debug\Exceptions->errorHandler(2, 'include(includes/user/sidebar.php): Failed to open stream: No such file or directory', 'D:\\laragon\\www\\method-oldagehome\\app\\Views\\dashboard\\reportevent.php', 39)
 2 APPPATH\Views\dashboard\reportevent.php(39): include()
 3 SYSTEMPATH\View\View.php(226): include('D:\\laragon\\www\\method-oldagehome\\app\\Views\\dashboard\\reportevent.php')
 4 SYSTEMPATH\View\View.php(229): CodeIgniter\View\View->CodeIgniter\View\{closure}()
 5 SYSTEMPATH\Common.php(1188): CodeIgniter\View\View->render('dashboard/reportevent', [], true)
 6 APPPATH\Controllers\Fullcalendar.php(205): view('dashboard/reportevent', [...])
 7 SYSTEMPATH\CodeIgniter.php(919): App\Controllers\Fullcalendar->viewrepEvent()
 8 SYSTEMPATH\CodeIgniter.php(494): CodeIgniter\CodeIgniter->runController(Object(App\Controllers\Fullcalendar))
 9 SYSTEMPATH\CodeIgniter.php(353): CodeIgniter\CodeIgniter->handleRequest(null, Object(Config\Cache), false)
10 FCPATH\index.php(79): CodeIgniter\CodeIgniter->run()
11 SYSTEMPATH\Commands\Server\rewrite.php(47): require_once('D:\\laragon\\www\\method-oldagehome\\public\\index.php')
CRITICAL - 2024-05-09 04:15:33 --> Undefined variable $disableDates
in APPPATH\Views\dashboard\reportevent.php on line 107.
 1 APPPATH\Views\dashboard\reportevent.php(107): CodeIgniter\Debug\Exceptions->errorHandler(2, 'Undefined variable $disableDates', 'D:\\laragon\\www\\method-oldagehome\\app\\Views\\dashboard\\reportevent.php', 107)
 2 SYSTEMPATH\View\View.php(226): include('D:\\laragon\\www\\method-oldagehome\\app\\Views\\dashboard\\reportevent.php')
 3 SYSTEMPATH\View\View.php(229): CodeIgniter\View\View->CodeIgniter\View\{closure}()
 4 SYSTEMPATH\Common.php(1188): CodeIgniter\View\View->render('dashboard/reportevent', [], true)
 5 APPPATH\Controllers\Fullcalendar.php(205): view('dashboard/reportevent', [...])
 6 SYSTEMPATH\CodeIgniter.php(919): App\Controllers\Fullcalendar->viewrepEvent()
 7 SYSTEMPATH\CodeIgniter.php(494): CodeIgniter\CodeIgniter->runController(Object(App\Controllers\Fullcalendar))
 8 SYSTEMPATH\CodeIgniter.php(353): CodeIgniter\CodeIgniter->handleRequest(null, Object(Config\Cache), false)
 9 FCPATH\index.php(79): CodeIgniter\CodeIgniter->run()
10 SYSTEMPATH\Commands\Server\rewrite.php(47): require_once('D:\\laragon\\www\\method-oldagehome\\public\\index.php')
CRITICAL - 2024-05-09 05:50:36 --> Call to undefined method App\Models\AcceptbookingModel::getBookingsByMonth
in SYSTEMPATH\Model.php on line 873.
 1 APPPATH\Controllers\UserbookingController.php(36): CodeIgniter\Model->__call('getBookingsByMonth', [])
 2 SYSTEMPATH\CodeIgniter.php(919): App\Controllers\UserbookingController->index()
 3 SYSTEMPATH\CodeIgniter.php(494): CodeIgniter\CodeIgniter->runController(Object(App\Controllers\UserbookingController))
 4 SYSTEMPATH\CodeIgniter.php(353): CodeIgniter\CodeIgniter->handleRequest(null, Object(Config\Cache), false)
 5 FCPATH\index.php(79): CodeIgniter\CodeIgniter->run()
 6 SYSTEMPATH\Commands\Server\rewrite.php(47): require_once('D:\\laragon\\www\\method-oldagehome\\public\\index.php')
CRITICAL - 2024-05-09 05:50:40 --> Call to undefined method App\Models\AcceptbookingModel::getBookingsByMonth
in SYSTEMPATH\Model.php on line 873.
 1 APPPATH\Controllers\UserbookingController.php(36): CodeIgniter\Model->__call('getBookingsByMonth', [])
 2 SYSTEMPATH\CodeIgniter.php(919): App\Controllers\UserbookingController->index()
 3 SYSTEMPATH\CodeIgniter.php(494): CodeIgniter\CodeIgniter->runController(Object(App\Controllers\UserbookingController))
 4 SYSTEMPATH\CodeIgniter.php(353): CodeIgniter\CodeIgniter->handleRequest(null, Object(Config\Cache), false)
 5 FCPATH\index.php(79): CodeIgniter\CodeIgniter->run()
 6 SYSTEMPATH\Commands\Server\rewrite.php(47): require_once('D:\\laragon\\www\\method-oldagehome\\public\\index.php')
