CRITICAL - 2024-03-01 10:07:46 --> Undefined array key "fromdate"
in APPPATH\Views\dashboard\reportdetails.php on line 48.
 1 APPPATH\Views\dashboard\reportdetails.php(48): CodeIgniter\Debug\Exceptions->errorHandler(2, 'Undefined array key "fromdate"', 'D:\\laragon\\www\\method-oldagehome\\app\\Views\\dashboard\\reportdetails.php', 48)
 2 SYSTEMPATH\View\View.php(226): include('D:\\laragon\\www\\method-oldagehome\\app\\Views\\dashboard\\reportdetails.php')
 3 SYSTEMPATH\View\View.php(229): CodeIgniter\View\View->CodeIgniter\View\{closure}()
 4 SYSTEMPATH\Common.php(1188): CodeIgniter\View\View->render('dashboard/reportdetails', [], true)
 5 APPPATH\Controllers\ViewController.php(195): view('dashboard/reportdetails')
 6 SYSTEMPATH\CodeIgniter.php(919): App\Controllers\ViewController->viewreports()
 7 SYSTEMPATH\CodeIgniter.php(494): CodeIgniter\CodeIgniter->runController(Object(App\Controllers\ViewController))
 8 SYSTEMPATH\CodeIgniter.php(353): CodeIgniter\CodeIgniter->handleRequest(null, Object(Config\Cache), false)
 9 FCPATH\index.php(79): CodeIgniter\CodeIgniter->run()
10 SYSTEMPATH\Commands\Server\rewrite.php(47): require_once('D:\\laragon\\www\\method-oldagehome\\public\\index.php')
CRITICAL - 2024-03-01 10:10:02 --> Undefined array key "fromdate"
in APPPATH\Views\dashboard\reportdetails.php on line 48.
 1 APPPATH\Views\dashboard\reportdetails.php(48): CodeIgniter\Debug\Exceptions->errorHandler(2, 'Undefined array key "fromdate"', 'D:\\laragon\\www\\method-oldagehome\\app\\Views\\dashboard\\reportdetails.php', 48)
 2 SYSTEMPATH\View\View.php(226): include('D:\\laragon\\www\\method-oldagehome\\app\\Views\\dashboard\\reportdetails.php')
 3 SYSTEMPATH\View\View.php(229): CodeIgniter\View\View->CodeIgniter\View\{closure}()
 4 SYSTEMPATH\Common.php(1188): CodeIgniter\View\View->render('dashboard/reportdetails', [], true)
 5 APPPATH\Controllers\ViewController.php(195): view('dashboard/reportdetails')
 6 SYSTEMPATH\CodeIgniter.php(919): App\Controllers\ViewController->viewreports()
 7 SYSTEMPATH\CodeIgniter.php(494): CodeIgniter\CodeIgniter->runController(Object(App\Controllers\ViewController))
 8 SYSTEMPATH\CodeIgniter.php(353): CodeIgniter\CodeIgniter->handleRequest(null, Object(Config\Cache), false)
 9 FCPATH\index.php(79): CodeIgniter\CodeIgniter->run()
10 SYSTEMPATH\Commands\Server\rewrite.php(47): require_once('D:\\laragon\\www\\method-oldagehome\\public\\index.php')
CRITICAL - 2024-03-01 10:31:51 --> Class "App\Controllers\BookingMode" not found
in APPPATH\Controllers\ViewController.php on line 15.
 1 SYSTEMPATH\CodeIgniter.php(891): App\Controllers\ViewController->__construct()
 2 SYSTEMPATH\CodeIgniter.php(485): CodeIgniter\CodeIgniter->createController()
 3 SYSTEMPATH\CodeIgniter.php(353): CodeIgniter\CodeIgniter->handleRequest(null, Object(Config\Cache), false)
 4 FCPATH\index.php(79): CodeIgniter\CodeIgniter->run()
 5 SYSTEMPATH\Commands\Server\rewrite.php(47): require_once('D:\\laragon\\www\\method-oldagehome\\public\\index.php')
CRITICAL - 2024-03-01 10:45:11 --> syntax error, unexpected end of file
in APPPATH\Views\dashboard\reports.php on line 91.
 1 SYSTEMPATH\View\View.php(229): CodeIgniter\View\View->CodeIgniter\View\{closure}()
 2 SYSTEMPATH\Common.php(1188): CodeIgniter\View\View->render('dashboard/reports', [], true)
 3 APPPATH\Controllers\ViewController.php(101): view('dashboard/reports')
 4 SYSTEMPATH\CodeIgniter.php(919): App\Controllers\ViewController->reports()
 5 SYSTEMPATH\CodeIgniter.php(494): CodeIgniter\CodeIgniter->runController(Object(App\Controllers\ViewController))
 6 SYSTEMPATH\CodeIgniter.php(353): CodeIgniter\CodeIgniter->handleRequest(null, Object(Config\Cache), false)
 7 FCPATH\index.php(79): CodeIgniter\CodeIgniter->run()
 8 SYSTEMPATH\Commands\Server\rewrite.php(47): require_once('D:\\laragon\\www\\method-oldagehome\\public\\index.php')
CRITICAL - 2024-03-01 10:45:28 --> Undefined variable $booking
in APPPATH\Views\dashboard\reports.php on line 66.
 1 APPPATH\Views\dashboard\reports.php(66): CodeIgniter\Debug\Exceptions->errorHandler(2, 'Undefined variable $booking', 'D:\\laragon\\www\\method-oldagehome\\app\\Views\\dashboard\\reports.php', 66)
 2 SYSTEMPATH\View\View.php(226): include('D:\\laragon\\www\\method-oldagehome\\app\\Views\\dashboard\\reports.php')
 3 SYSTEMPATH\View\View.php(229): CodeIgniter\View\View->CodeIgniter\View\{closure}()
 4 SYSTEMPATH\Common.php(1188): CodeIgniter\View\View->render('dashboard/reports', [], true)
 5 APPPATH\Controllers\ViewController.php(101): view('dashboard/reports')
 6 SYSTEMPATH\CodeIgniter.php(919): App\Controllers\ViewController->reports()
 7 SYSTEMPATH\CodeIgniter.php(494): CodeIgniter\CodeIgniter->runController(Object(App\Controllers\ViewController))
 8 SYSTEMPATH\CodeIgniter.php(353): CodeIgniter\CodeIgniter->handleRequest(null, Object(Config\Cache), false)
 9 FCPATH\index.php(79): CodeIgniter\CodeIgniter->run()
10 SYSTEMPATH\Commands\Server\rewrite.php(47): require_once('D:\\laragon\\www\\method-oldagehome\\public\\index.php')
CRITICAL - 2024-03-01 10:45:29 --> Undefined variable $booking
in APPPATH\Views\dashboard\reports.php on line 66.
 1 APPPATH\Views\dashboard\reports.php(66): CodeIgniter\Debug\Exceptions->errorHandler(2, 'Undefined variable $booking', 'D:\\laragon\\www\\method-oldagehome\\app\\Views\\dashboard\\reports.php', 66)
 2 SYSTEMPATH\View\View.php(226): include('D:\\laragon\\www\\method-oldagehome\\app\\Views\\dashboard\\reports.php')
 3 SYSTEMPATH\View\View.php(229): CodeIgniter\View\View->CodeIgniter\View\{closure}()
 4 SYSTEMPATH\Common.php(1188): CodeIgniter\View\View->render('dashboard/reports', [], true)
 5 APPPATH\Controllers\ViewController.php(101): view('dashboard/reports')
 6 SYSTEMPATH\CodeIgniter.php(919): App\Controllers\ViewController->reports()
 7 SYSTEMPATH\CodeIgniter.php(494): CodeIgniter\CodeIgniter->runController(Object(App\Controllers\ViewController))
 8 SYSTEMPATH\CodeIgniter.php(353): CodeIgniter\CodeIgniter->handleRequest(null, Object(Config\Cache), false)
 9 FCPATH\index.php(79): CodeIgniter\CodeIgniter->run()
10 SYSTEMPATH\Commands\Server\rewrite.php(47): require_once('D:\\laragon\\www\\method-oldagehome\\public\\index.php')
CRITICAL - 2024-03-01 10:46:16 --> Undefined variable $data
in APPPATH\Controllers\Fullcalendar.php on line 56.
 1 APPPATH\Controllers\Fullcalendar.php(56): CodeIgniter\Debug\Exceptions->errorHandler(2, 'Undefined variable $data', 'D:\\laragon\\www\\method-oldagehome\\app\\Controllers\\Fullcalendar.php', 56)
 2 SYSTEMPATH\CodeIgniter.php(919): App\Controllers\Fullcalendar->searchRes()
 3 SYSTEMPATH\CodeIgniter.php(494): CodeIgniter\CodeIgniter->runController(Object(App\Controllers\Fullcalendar))
 4 SYSTEMPATH\CodeIgniter.php(353): CodeIgniter\CodeIgniter->handleRequest(null, Object(Config\Cache), false)
 5 FCPATH\index.php(79): CodeIgniter\CodeIgniter->run()
 6 SYSTEMPATH\Commands\Server\rewrite.php(47): require_once('D:\\laragon\\www\\method-oldagehome\\public\\index.php')
CRITICAL - 2024-03-01 10:47:09 --> CodeIgniter\Database\BaseBuilder::like(): Argument #2 ($match) must be of type string, null given, called in D:\laragon\www\method-oldagehome\system\Model.php on line 871
in SYSTEMPATH\Database\BaseBuilder.php on line 983.
 1 SYSTEMPATH\Model.php(871): CodeIgniter\Database\BaseBuilder->like('prefferdate', null)
 2 APPPATH\Controllers\Fullcalendar.php(50): CodeIgniter\Model->__call('like', [...])
 3 SYSTEMPATH\CodeIgniter.php(919): App\Controllers\Fullcalendar->searchRes()
 4 SYSTEMPATH\CodeIgniter.php(494): CodeIgniter\CodeIgniter->runController(Object(App\Controllers\Fullcalendar))
 5 SYSTEMPATH\CodeIgniter.php(353): CodeIgniter\CodeIgniter->handleRequest(null, Object(Config\Cache), false)
 6 FCPATH\index.php(79): CodeIgniter\CodeIgniter->run()
 7 SYSTEMPATH\Commands\Server\rewrite.php(47): require_once('D:\\laragon\\www\\method-oldagehome\\public\\index.php')
CRITICAL - 2024-03-01 10:47:23 --> Undefined variable $data
in APPPATH\Controllers\Fullcalendar.php on line 56.
 1 APPPATH\Controllers\Fullcalendar.php(56): CodeIgniter\Debug\Exceptions->errorHandler(2, 'Undefined variable $data', 'D:\\laragon\\www\\method-oldagehome\\app\\Controllers\\Fullcalendar.php', 56)
 2 SYSTEMPATH\CodeIgniter.php(919): App\Controllers\Fullcalendar->searchRes()
 3 SYSTEMPATH\CodeIgniter.php(494): CodeIgniter\CodeIgniter->runController(Object(App\Controllers\Fullcalendar))
 4 SYSTEMPATH\CodeIgniter.php(353): CodeIgniter\CodeIgniter->handleRequest(null, Object(Config\Cache), false)
 5 FCPATH\index.php(79): CodeIgniter\CodeIgniter->run()
 6 SYSTEMPATH\Commands\Server\rewrite.php(47): require_once('D:\\laragon\\www\\method-oldagehome\\public\\index.php')
CRITICAL - 2024-03-01 10:51:43 --> Undefined variable $searchRes
in APPPATH\Controllers\Fullcalendar.php on line 48.
 1 APPPATH\Controllers\Fullcalendar.php(48): CodeIgniter\Debug\Exceptions->errorHandler(2, 'Undefined variable $searchRes', 'D:\\laragon\\www\\method-oldagehome\\app\\Controllers\\Fullcalendar.php', 48)
 2 SYSTEMPATH\CodeIgniter.php(919): App\Controllers\Fullcalendar->try()
 3 SYSTEMPATH\CodeIgniter.php(494): CodeIgniter\CodeIgniter->runController(Object(App\Controllers\Fullcalendar))
 4 SYSTEMPATH\CodeIgniter.php(353): CodeIgniter\CodeIgniter->handleRequest(null, Object(Config\Cache), false)
 5 FCPATH\index.php(79): CodeIgniter\CodeIgniter->run()
 6 SYSTEMPATH\Commands\Server\rewrite.php(47): require_once('D:\\laragon\\www\\method-oldagehome\\public\\index.php')
CRITICAL - 2024-03-01 10:58:02 --> Undefined variable $book
in APPPATH\Views\dashboard\reports.php on line 66.
 1 APPPATH\Views\dashboard\reports.php(66): CodeIgniter\Debug\Exceptions->errorHandler(2, 'Undefined variable $book', 'D:\\laragon\\www\\method-oldagehome\\app\\Views\\dashboard\\reports.php', 66)
 2 SYSTEMPATH\View\View.php(226): include('D:\\laragon\\www\\method-oldagehome\\app\\Views\\dashboard\\reports.php')
 3 SYSTEMPATH\View\View.php(229): CodeIgniter\View\View->CodeIgniter\View\{closure}()
 4 SYSTEMPATH\Common.php(1188): CodeIgniter\View\View->render('dashboard/reports', [], true)
 5 APPPATH\Controllers\Fullcalendar.php(50): view('dashboard/reports', [...])
 6 SYSTEMPATH\CodeIgniter.php(919): App\Controllers\Fullcalendar->try()
 7 SYSTEMPATH\CodeIgniter.php(494): CodeIgniter\CodeIgniter->runController(Object(App\Controllers\Fullcalendar))
 8 SYSTEMPATH\CodeIgniter.php(353): CodeIgniter\CodeIgniter->handleRequest(null, Object(Config\Cache), false)
 9 FCPATH\index.php(79): CodeIgniter\CodeIgniter->run()
10 SYSTEMPATH\Commands\Server\rewrite.php(47): require_once('D:\\laragon\\www\\method-oldagehome\\public\\index.php')
CRITICAL - 2024-03-01 11:02:43 --> Undefined variable $data
in APPPATH\Controllers\Fullcalendar.php on line 68.
 1 APPPATH\Controllers\Fullcalendar.php(68): CodeIgniter\Debug\Exceptions->errorHandler(2, 'Undefined variable $data', 'D:\\laragon\\www\\method-oldagehome\\app\\Controllers\\Fullcalendar.php', 68)
 2 SYSTEMPATH\CodeIgniter.php(919): App\Controllers\Fullcalendar->searchRes()
 3 SYSTEMPATH\CodeIgniter.php(494): CodeIgniter\CodeIgniter->runController(Object(App\Controllers\Fullcalendar))
 4 SYSTEMPATH\CodeIgniter.php(353): CodeIgniter\CodeIgniter->handleRequest(null, Object(Config\Cache), false)
 5 FCPATH\index.php(79): CodeIgniter\CodeIgniter->run()
 6 SYSTEMPATH\Commands\Server\rewrite.php(47): require_once('D:\\laragon\\www\\method-oldagehome\\public\\index.php')
CRITICAL - 2024-03-01 11:02:54 --> Undefined variable $data
in APPPATH\Controllers\Fullcalendar.php on line 68.
 1 APPPATH\Controllers\Fullcalendar.php(68): CodeIgniter\Debug\Exceptions->errorHandler(2, 'Undefined variable $data', 'D:\\laragon\\www\\method-oldagehome\\app\\Controllers\\Fullcalendar.php', 68)
 2 SYSTEMPATH\CodeIgniter.php(919): App\Controllers\Fullcalendar->searchRes()
 3 SYSTEMPATH\CodeIgniter.php(494): CodeIgniter\CodeIgniter->runController(Object(App\Controllers\Fullcalendar))
 4 SYSTEMPATH\CodeIgniter.php(353): CodeIgniter\CodeIgniter->handleRequest(null, Object(Config\Cache), false)
 5 FCPATH\index.php(79): CodeIgniter\CodeIgniter->run()
 6 SYSTEMPATH\Commands\Server\rewrite.php(47): require_once('D:\\laragon\\www\\method-oldagehome\\public\\index.php')
CRITICAL - 2024-03-01 11:02:58 --> Undefined variable $data
in APPPATH\Controllers\Fullcalendar.php on line 68.
 1 APPPATH\Controllers\Fullcalendar.php(68): CodeIgniter\Debug\Exceptions->errorHandler(2, 'Undefined variable $data', 'D:\\laragon\\www\\method-oldagehome\\app\\Controllers\\Fullcalendar.php', 68)
 2 SYSTEMPATH\CodeIgniter.php(919): App\Controllers\Fullcalendar->searchRes()
 3 SYSTEMPATH\CodeIgniter.php(494): CodeIgniter\CodeIgniter->runController(Object(App\Controllers\Fullcalendar))
 4 SYSTEMPATH\CodeIgniter.php(353): CodeIgniter\CodeIgniter->handleRequest(null, Object(Config\Cache), false)
 5 FCPATH\index.php(79): CodeIgniter\CodeIgniter->run()
 6 SYSTEMPATH\Commands\Server\rewrite.php(47): require_once('D:\\laragon\\www\\method-oldagehome\\public\\index.php')
CRITICAL - 2024-03-01 11:03:47 --> Undefined variable $data
in APPPATH\Controllers\Fullcalendar.php on line 67.
 1 APPPATH\Controllers\Fullcalendar.php(67): CodeIgniter\Debug\Exceptions->errorHandler(2, 'Undefined variable $data', 'D:\\laragon\\www\\method-oldagehome\\app\\Controllers\\Fullcalendar.php', 67)
 2 SYSTEMPATH\CodeIgniter.php(919): App\Controllers\Fullcalendar->searchRes()
 3 SYSTEMPATH\CodeIgniter.php(494): CodeIgniter\CodeIgniter->runController(Object(App\Controllers\Fullcalendar))
 4 SYSTEMPATH\CodeIgniter.php(353): CodeIgniter\CodeIgniter->handleRequest(null, Object(Config\Cache), false)
 5 FCPATH\index.php(79): CodeIgniter\CodeIgniter->run()
 6 SYSTEMPATH\Commands\Server\rewrite.php(47): require_once('D:\\laragon\\www\\method-oldagehome\\public\\index.php')
CRITICAL - 2024-03-01 11:03:48 --> Undefined variable $data
in APPPATH\Controllers\Fullcalendar.php on line 67.
 1 APPPATH\Controllers\Fullcalendar.php(67): CodeIgniter\Debug\Exceptions->errorHandler(2, 'Undefined variable $data', 'D:\\laragon\\www\\method-oldagehome\\app\\Controllers\\Fullcalendar.php', 67)
 2 SYSTEMPATH\CodeIgniter.php(919): App\Controllers\Fullcalendar->searchRes()
 3 SYSTEMPATH\CodeIgniter.php(494): CodeIgniter\CodeIgniter->runController(Object(App\Controllers\Fullcalendar))
 4 SYSTEMPATH\CodeIgniter.php(353): CodeIgniter\CodeIgniter->handleRequest(null, Object(Config\Cache), false)
 5 FCPATH\index.php(79): CodeIgniter\CodeIgniter->run()
 6 SYSTEMPATH\Commands\Server\rewrite.php(47): require_once('D:\\laragon\\www\\method-oldagehome\\public\\index.php')
CRITICAL - 2024-03-01 11:04:01 --> Undefined variable $data
in APPPATH\Controllers\Fullcalendar.php on line 67.
 1 APPPATH\Controllers\Fullcalendar.php(67): CodeIgniter\Debug\Exceptions->errorHandler(2, 'Undefined variable $data', 'D:\\laragon\\www\\method-oldagehome\\app\\Controllers\\Fullcalendar.php', 67)
 2 SYSTEMPATH\CodeIgniter.php(919): App\Controllers\Fullcalendar->searchRes()
 3 SYSTEMPATH\CodeIgniter.php(494): CodeIgniter\CodeIgniter->runController(Object(App\Controllers\Fullcalendar))
 4 SYSTEMPATH\CodeIgniter.php(353): CodeIgniter\CodeIgniter->handleRequest(null, Object(Config\Cache), false)
 5 FCPATH\index.php(79): CodeIgniter\CodeIgniter->run()
 6 SYSTEMPATH\Commands\Server\rewrite.php(47): require_once('D:\\laragon\\www\\method-oldagehome\\public\\index.php')
CRITICAL - 2024-03-01 11:04:19 --> Undefined variable $data
in APPPATH\Controllers\Fullcalendar.php on line 68.
 1 APPPATH\Controllers\Fullcalendar.php(68): CodeIgniter\Debug\Exceptions->errorHandler(2, 'Undefined variable $data', 'D:\\laragon\\www\\method-oldagehome\\app\\Controllers\\Fullcalendar.php', 68)
 2 SYSTEMPATH\CodeIgniter.php(919): App\Controllers\Fullcalendar->searchRes()
 3 SYSTEMPATH\CodeIgniter.php(494): CodeIgniter\CodeIgniter->runController(Object(App\Controllers\Fullcalendar))
 4 SYSTEMPATH\CodeIgniter.php(353): CodeIgniter\CodeIgniter->handleRequest(null, Object(Config\Cache), false)
 5 FCPATH\index.php(79): CodeIgniter\CodeIgniter->run()
 6 SYSTEMPATH\Commands\Server\rewrite.php(47): require_once('D:\\laragon\\www\\method-oldagehome\\public\\index.php')
CRITICAL - 2024-03-01 11:04:40 --> Undefined variable $data
in APPPATH\Controllers\Fullcalendar.php on line 68.
 1 APPPATH\Controllers\Fullcalendar.php(68): CodeIgniter\Debug\Exceptions->errorHandler(2, 'Undefined variable $data', 'D:\\laragon\\www\\method-oldagehome\\app\\Controllers\\Fullcalendar.php', 68)
 2 SYSTEMPATH\CodeIgniter.php(919): App\Controllers\Fullcalendar->searchRes()
 3 SYSTEMPATH\CodeIgniter.php(494): CodeIgniter\CodeIgniter->runController(Object(App\Controllers\Fullcalendar))
 4 SYSTEMPATH\CodeIgniter.php(353): CodeIgniter\CodeIgniter->handleRequest(null, Object(Config\Cache), false)
 5 FCPATH\index.php(79): CodeIgniter\CodeIgniter->run()
 6 SYSTEMPATH\Commands\Server\rewrite.php(47): require_once('D:\\laragon\\www\\method-oldagehome\\public\\index.php')
CRITICAL - 2024-03-01 11:10:21 --> CodeIgniter\Database\BaseBuilder::like(): Argument #2 ($match) must be of type string, null given, called in D:\laragon\www\method-oldagehome\system\Model.php on line 871
in SYSTEMPATH\Database\BaseBuilder.php on line 983.
 1 SYSTEMPATH\Model.php(871): CodeIgniter\Database\BaseBuilder->like('alterdate', null)
 2 APPPATH\Controllers\Fullcalendar.php(64): CodeIgniter\Model->__call('like', [...])
 3 SYSTEMPATH\CodeIgniter.php(919): App\Controllers\Fullcalendar->searchRes()
 4 SYSTEMPATH\CodeIgniter.php(494): CodeIgniter\CodeIgniter->runController(Object(App\Controllers\Fullcalendar))
 5 SYSTEMPATH\CodeIgniter.php(353): CodeIgniter\CodeIgniter->handleRequest(null, Object(Config\Cache), false)
 6 FCPATH\index.php(79): CodeIgniter\CodeIgniter->run()
 7 SYSTEMPATH\Commands\Server\rewrite.php(47): require_once('D:\\laragon\\www\\method-oldagehome\\public\\index.php')
CRITICAL - 2024-03-01 11:24:05 --> Undefined array key "fromdate"
in APPPATH\Views\dashboard\reportdetails.php on line 48.
 1 APPPATH\Views\dashboard\reportdetails.php(48): CodeIgniter\Debug\Exceptions->errorHandler(2, 'Undefined array key "fromdate"', 'D:\\laragon\\www\\method-oldagehome\\app\\Views\\dashboard\\reportdetails.php', 48)
 2 SYSTEMPATH\View\View.php(226): include('D:\\laragon\\www\\method-oldagehome\\app\\Views\\dashboard\\reportdetails.php')
 3 SYSTEMPATH\View\View.php(229): CodeIgniter\View\View->CodeIgniter\View\{closure}()
 4 SYSTEMPATH\Common.php(1188): CodeIgniter\View\View->render('dashboard/reportdetails', [], true)
 5 APPPATH\Controllers\ViewController.php(208): view('dashboard/reportdetails')
 6 SYSTEMPATH\CodeIgniter.php(919): App\Controllers\ViewController->viewreports()
 7 SYSTEMPATH\CodeIgniter.php(494): CodeIgniter\CodeIgniter->runController(Object(App\Controllers\ViewController))
 8 SYSTEMPATH\CodeIgniter.php(353): CodeIgniter\CodeIgniter->handleRequest(null, Object(Config\Cache), false)
 9 FCPATH\index.php(79): CodeIgniter\CodeIgniter->run()
10 SYSTEMPATH\Commands\Server\rewrite.php(47): require_once('D:\\laragon\\www\\method-oldagehome\\public\\index.php')
CRITICAL - 2024-03-01 11:29:07 --> Undefined array key "fromdate"
in APPPATH\Views\dashboard\reportdetails.php on line 48.
 1 APPPATH\Views\dashboard\reportdetails.php(48): CodeIgniter\Debug\Exceptions->errorHandler(2, 'Undefined array key "fromdate"', 'D:\\laragon\\www\\method-oldagehome\\app\\Views\\dashboard\\reportdetails.php', 48)
 2 SYSTEMPATH\View\View.php(226): include('D:\\laragon\\www\\method-oldagehome\\app\\Views\\dashboard\\reportdetails.php')
 3 SYSTEMPATH\View\View.php(229): CodeIgniter\View\View->CodeIgniter\View\{closure}()
 4 SYSTEMPATH\Common.php(1188): CodeIgniter\View\View->render('dashboard/reportdetails', [], true)
 5 APPPATH\Controllers\ViewController.php(208): view('dashboard/reportdetails')
 6 SYSTEMPATH\CodeIgniter.php(919): App\Controllers\ViewController->viewreports()
 7 SYSTEMPATH\CodeIgniter.php(494): CodeIgniter\CodeIgniter->runController(Object(App\Controllers\ViewController))
 8 SYSTEMPATH\CodeIgniter.php(353): CodeIgniter\CodeIgniter->handleRequest(null, Object(Config\Cache), false)
 9 FCPATH\index.php(79): CodeIgniter\CodeIgniter->run()
10 SYSTEMPATH\Commands\Server\rewrite.php(47): require_once('D:\\laragon\\www\\method-oldagehome\\public\\index.php')
CRITICAL - 2024-03-01 11:59:10 --> Call to undefined method App\Models\MainModel::whereBetween
in SYSTEMPATH\Model.php on line 873.
 1 APPPATH\Controllers\Fullcalendar.php(65): CodeIgniter\Model->__call('whereBetween', [...])
 2 SYSTEMPATH\CodeIgniter.php(919): App\Controllers\Fullcalendar->searchRes()
 3 SYSTEMPATH\CodeIgniter.php(494): CodeIgniter\CodeIgniter->runController(Object(App\Controllers\Fullcalendar))
 4 SYSTEMPATH\CodeIgniter.php(353): CodeIgniter\CodeIgniter->handleRequest(null, Object(Config\Cache), false)
 5 FCPATH\index.php(79): CodeIgniter\CodeIgniter->run()
 6 SYSTEMPATH\Commands\Server\rewrite.php(47): require_once('D:\\laragon\\www\\method-oldagehome\\public\\index.php')
CRITICAL - 2024-03-01 11:59:11 --> Call to undefined method App\Models\MainModel::whereBetween
in SYSTEMPATH\Model.php on line 873.
 1 APPPATH\Controllers\Fullcalendar.php(65): CodeIgniter\Model->__call('whereBetween', [...])
 2 SYSTEMPATH\CodeIgniter.php(919): App\Controllers\Fullcalendar->searchRes()
 3 SYSTEMPATH\CodeIgniter.php(494): CodeIgniter\CodeIgniter->runController(Object(App\Controllers\Fullcalendar))
 4 SYSTEMPATH\CodeIgniter.php(353): CodeIgniter\CodeIgniter->handleRequest(null, Object(Config\Cache), false)
 5 FCPATH\index.php(79): CodeIgniter\CodeIgniter->run()
 6 SYSTEMPATH\Commands\Server\rewrite.php(47): require_once('D:\\laragon\\www\\method-oldagehome\\public\\index.php')
ERROR - 2024-03-01 12:01:02 --> mysqli_sql_exception: Unknown column 'RegistrationDate' in 'where clause' in D:\laragon\www\method-oldagehome\system\Database\MySQLi\Connection.php:306
Stack trace:
#0 D:\laragon\www\method-oldagehome\system\Database\MySQLi\Connection.php(306): mysqli->query('SELECT *\nFROM `...', 0)
#1 D:\laragon\www\method-oldagehome\system\Database\BaseConnection.php(692): CodeIgniter\Database\MySQLi\Connection->execute('SELECT *\nFROM `...')
#2 D:\laragon\www\method-oldagehome\system\Database\BaseConnection.php(606): CodeIgniter\Database\BaseConnection->simpleQuery('SELECT *\nFROM `...')
#3 D:\laragon\www\method-oldagehome\system\Database\BaseBuilder.php(1615): CodeIgniter\Database\BaseConnection->query('SELECT *\nFROM `...', Array, false)
#4 D:\laragon\www\method-oldagehome\system\Model.php(237): CodeIgniter\Database\BaseBuilder->get()
#5 D:\laragon\www\method-oldagehome\system\BaseModel.php(624): CodeIgniter\Model->doFindAll(0, 0)
#6 D:\laragon\www\method-oldagehome\app\Controllers\Fullcalendar.php(66): CodeIgniter\BaseModel->findAll()
#7 D:\laragon\www\method-oldagehome\system\CodeIgniter.php(919): App\Controllers\Fullcalendar->searchRes()
#8 D:\laragon\www\method-oldagehome\system\CodeIgniter.php(494): CodeIgniter\CodeIgniter->runController(Object(App\Controllers\Fullcalendar))
#9 D:\laragon\www\method-oldagehome\system\CodeIgniter.php(353): CodeIgniter\CodeIgniter->handleRequest(NULL, Object(Config\Cache), false)
#10 D:\laragon\www\method-oldagehome\public\index.php(79): CodeIgniter\CodeIgniter->run()
#11 D:\laragon\www\method-oldagehome\system\Commands\Server\rewrite.php(47): require_once('D:\\laragon\\www\\...')
#12 {main}
CRITICAL - 2024-03-01 12:01:02 --> Unknown column 'RegistrationDate' in 'where clause'
in SYSTEMPATH\Database\BaseConnection.php on line 646.
 1 SYSTEMPATH\Database\BaseBuilder.php(1615): CodeIgniter\Database\BaseConnection->query('SELECT *
FROM `tblscdetails`
WHERE `RegistrationDate` >= :RegistrationDate:
AND `RegistrationDate` <= :RegistrationDate.1:', [...], false)
 2 SYSTEMPATH\Model.php(237): CodeIgniter\Database\BaseBuilder->get()
 3 SYSTEMPATH\BaseModel.php(624): CodeIgniter\Model->doFindAll(0, 0)
 4 APPPATH\Controllers\Fullcalendar.php(66): CodeIgniter\BaseModel->findAll()
 5 SYSTEMPATH\CodeIgniter.php(919): App\Controllers\Fullcalendar->searchRes()
 6 SYSTEMPATH\CodeIgniter.php(494): CodeIgniter\CodeIgniter->runController(Object(App\Controllers\Fullcalendar))
 7 SYSTEMPATH\CodeIgniter.php(353): CodeIgniter\CodeIgniter->handleRequest(null, Object(Config\Cache), false)
 8 FCPATH\index.php(79): CodeIgniter\CodeIgniter->run()
 9 SYSTEMPATH\Commands\Server\rewrite.php(47): require_once('D:\\laragon\\www\\method-oldagehome\\public\\index.php')
ERROR - 2024-03-01 12:01:03 --> mysqli_sql_exception: Unknown column 'RegistrationDate' in 'where clause' in D:\laragon\www\method-oldagehome\system\Database\MySQLi\Connection.php:306
Stack trace:
#0 D:\laragon\www\method-oldagehome\system\Database\MySQLi\Connection.php(306): mysqli->query('SELECT *\nFROM `...', 0)
#1 D:\laragon\www\method-oldagehome\system\Database\BaseConnection.php(692): CodeIgniter\Database\MySQLi\Connection->execute('SELECT *\nFROM `...')
#2 D:\laragon\www\method-oldagehome\system\Database\BaseConnection.php(606): CodeIgniter\Database\BaseConnection->simpleQuery('SELECT *\nFROM `...')
#3 D:\laragon\www\method-oldagehome\system\Database\BaseBuilder.php(1615): CodeIgniter\Database\BaseConnection->query('SELECT *\nFROM `...', Array, false)
#4 D:\laragon\www\method-oldagehome\system\Model.php(237): CodeIgniter\Database\BaseBuilder->get()
#5 D:\laragon\www\method-oldagehome\system\BaseModel.php(624): CodeIgniter\Model->doFindAll(0, 0)
#6 D:\laragon\www\method-oldagehome\app\Controllers\Fullcalendar.php(66): CodeIgniter\BaseModel->findAll()
#7 D:\laragon\www\method-oldagehome\system\CodeIgniter.php(919): App\Controllers\Fullcalendar->searchRes()
#8 D:\laragon\www\method-oldagehome\system\CodeIgniter.php(494): CodeIgniter\CodeIgniter->runController(Object(App\Controllers\Fullcalendar))
#9 D:\laragon\www\method-oldagehome\system\CodeIgniter.php(353): CodeIgniter\CodeIgniter->handleRequest(NULL, Object(Config\Cache), false)
#10 D:\laragon\www\method-oldagehome\public\index.php(79): CodeIgniter\CodeIgniter->run()
#11 D:\laragon\www\method-oldagehome\system\Commands\Server\rewrite.php(47): require_once('D:\\laragon\\www\\...')
#12 {main}
CRITICAL - 2024-03-01 12:01:03 --> Unknown column 'RegistrationDate' in 'where clause'
in SYSTEMPATH\Database\BaseConnection.php on line 646.
 1 SYSTEMPATH\Database\BaseBuilder.php(1615): CodeIgniter\Database\BaseConnection->query('SELECT *
FROM `tblscdetails`
WHERE `RegistrationDate` >= :RegistrationDate:
AND `RegistrationDate` <= :RegistrationDate.1:', [...], false)
 2 SYSTEMPATH\Model.php(237): CodeIgniter\Database\BaseBuilder->get()
 3 SYSTEMPATH\BaseModel.php(624): CodeIgniter\Model->doFindAll(0, 0)
 4 APPPATH\Controllers\Fullcalendar.php(66): CodeIgniter\BaseModel->findAll()
 5 SYSTEMPATH\CodeIgniter.php(919): App\Controllers\Fullcalendar->searchRes()
 6 SYSTEMPATH\CodeIgniter.php(494): CodeIgniter\CodeIgniter->runController(Object(App\Controllers\Fullcalendar))
 7 SYSTEMPATH\CodeIgniter.php(353): CodeIgniter\CodeIgniter->handleRequest(null, Object(Config\Cache), false)
 8 FCPATH\index.php(79): CodeIgniter\CodeIgniter->run()
 9 SYSTEMPATH\Commands\Server\rewrite.php(47): require_once('D:\\laragon\\www\\method-oldagehome\\public\\index.php')
