ERROR - 2024-02-18 06:17:27 --> mysqli_sql_exception: Unknown column 'ContactNum' in 'field list' in D:\laragon\www\method-oldagehome\system\Database\MySQLi\Connection.php:306
Stack trace:
#0 D:\laragon\www\method-oldagehome\system\Database\MySQLi\Connection.php(306): mysqli->query('INSERT INTO `us...', 0)
#1 D:\laragon\www\method-oldagehome\system\Database\BaseConnection.php(692): CodeIgniter\Database\MySQLi\Connection->execute('INSERT INTO `us...')
#2 D:\laragon\www\method-oldagehome\system\Database\BaseConnection.php(606): CodeIgniter\Database\BaseConnection->simpleQuery('INSERT INTO `us...')
#3 D:\laragon\www\method-oldagehome\system\Database\BaseBuilder.php(2308): CodeIgniter\Database\BaseConnection->query('INSERT INTO `us...', Array, false)
#4 D:\laragon\www\method-oldagehome\system\Model.php(319): CodeIgniter\Database\BaseBuilder->insert()
#5 D:\laragon\www\method-oldagehome\system\BaseModel.php(788): CodeIgniter\Model->doInsert(Array)
#6 D:\laragon\www\method-oldagehome\system\Model.php(715): CodeIgniter\BaseModel->insert(Array, false)
#7 D:\laragon\www\method-oldagehome\system\BaseModel.php(698): CodeIgniter\Model->insert(Array, false)
#8 D:\laragon\www\method-oldagehome\app\Controllers\SignupController.php(40): CodeIgniter\BaseModel->save(Array)
#9 D:\laragon\www\method-oldagehome\system\CodeIgniter.php(919): App\Controllers\SignupController->store()
#10 D:\laragon\www\method-oldagehome\system\CodeIgniter.php(494): CodeIgniter\CodeIgniter->runController(Object(App\Controllers\SignupController))
#11 D:\laragon\www\method-oldagehome\system\CodeIgniter.php(353): CodeIgniter\CodeIgniter->handleRequest(NULL, Object(Config\Cache), false)
#12 D:\laragon\www\method-oldagehome\public\index.php(79): CodeIgniter\CodeIgniter->run()
#13 D:\laragon\www\method-oldagehome\system\Commands\Server\rewrite.php(47): require_once('D:\\laragon\\www\\...')
#14 {main}
CRITICAL - 2024-02-18 06:17:27 --> Unknown column 'ContactNum' in 'field list'
in SYSTEMPATH\Database\BaseConnection.php on line 646.
 1 SYSTEMPATH\Database\BaseBuilder.php(2308): CodeIgniter\Database\BaseConnection->query('INSERT INTO `user` (`LastName`, `FirstName`, `Username`, `Email`, `ContactNum`, `Password`) VALUES (:LastName:, :FirstName:, :Username:, :Email:, :ContactNum:, :Password:)', [...], false)
 2 SYSTEMPATH\Model.php(319): CodeIgniter\Database\BaseBuilder->insert()
 3 SYSTEMPATH\BaseModel.php(788): CodeIgniter\Model->doInsert([...])
 4 SYSTEMPATH\Model.php(715): CodeIgniter\BaseModel->insert([...], false)
 5 SYSTEMPATH\BaseModel.php(698): CodeIgniter\Model->insert([...], false)
 6 APPPATH\Controllers\SignupController.php(40): CodeIgniter\BaseModel->save([...])
 7 SYSTEMPATH\CodeIgniter.php(919): App\Controllers\SignupController->store()
 8 SYSTEMPATH\CodeIgniter.php(494): CodeIgniter\CodeIgniter->runController(Object(App\Controllers\SignupController))
 9 SYSTEMPATH\CodeIgniter.php(353): CodeIgniter\CodeIgniter->handleRequest(null, Object(Config\Cache), false)
10 FCPATH\index.php(79): CodeIgniter\CodeIgniter->run()
11 SYSTEMPATH\Commands\Server\rewrite.php(47): require_once('D:\\laragon\\www\\method-oldagehome\\public\\index.php')
CRITICAL - 2024-02-18 06:18:18 --> Undefined array key "ContactNum"
in APPPATH\Controllers\UserController.php on line 45.
 1 APPPATH\Controllers\UserController.php(45): CodeIgniter\Debug\Exceptions->errorHandler(2, 'Undefined array key "ContactNum"', 'D:\\laragon\\www\\method-oldagehome\\app\\Controllers\\UserController.php', 45)
 2 SYSTEMPATH\CodeIgniter.php(919): App\Controllers\UserController->loginAuth()
 3 SYSTEMPATH\CodeIgniter.php(494): CodeIgniter\CodeIgniter->runController(Object(App\Controllers\UserController))
 4 SYSTEMPATH\CodeIgniter.php(353): CodeIgniter\CodeIgniter->handleRequest(null, Object(Config\Cache), false)
 5 FCPATH\index.php(79): CodeIgniter\CodeIgniter->run()
 6 SYSTEMPATH\Commands\Server\rewrite.php(47): require_once('D:\\laragon\\www\\method-oldagehome\\public\\index.php')
CRITICAL - 2024-02-18 06:19:08 --> Undefined array key "ContactNum"
in APPPATH\Controllers\UserController.php on line 45.
 1 APPPATH\Controllers\UserController.php(45): CodeIgniter\Debug\Exceptions->errorHandler(2, 'Undefined array key "ContactNum"', 'D:\\laragon\\www\\method-oldagehome\\app\\Controllers\\UserController.php', 45)
 2 SYSTEMPATH\CodeIgniter.php(919): App\Controllers\UserController->loginAuth()
 3 SYSTEMPATH\CodeIgniter.php(494): CodeIgniter\CodeIgniter->runController(Object(App\Controllers\UserController))
 4 SYSTEMPATH\CodeIgniter.php(353): CodeIgniter\CodeIgniter->handleRequest(null, Object(Config\Cache), false)
 5 FCPATH\index.php(79): CodeIgniter\CodeIgniter->run()
 6 SYSTEMPATH\Commands\Server\rewrite.php(47): require_once('D:\\laragon\\www\\method-oldagehome\\public\\index.php')
CRITICAL - 2024-02-18 06:19:44 --> Undefined array key "ContactNum"
in APPPATH\Controllers\UserController.php on line 45.
 1 APPPATH\Controllers\UserController.php(45): CodeIgniter\Debug\Exceptions->errorHandler(2, 'Undefined array key "ContactNum"', 'D:\\laragon\\www\\method-oldagehome\\app\\Controllers\\UserController.php', 45)
 2 SYSTEMPATH\CodeIgniter.php(919): App\Controllers\UserController->loginAuth()
 3 SYSTEMPATH\CodeIgniter.php(494): CodeIgniter\CodeIgniter->runController(Object(App\Controllers\UserController))
 4 SYSTEMPATH\CodeIgniter.php(353): CodeIgniter\CodeIgniter->handleRequest(null, Object(Config\Cache), false)
 5 FCPATH\index.php(79): CodeIgniter\CodeIgniter->run()
 6 SYSTEMPATH\Commands\Server\rewrite.php(47): require_once('D:\\laragon\\www\\method-oldagehome\\public\\index.php')
CRITICAL - 2024-02-18 06:51:34 --> syntax error, unexpected token "}", expecting ";"
in APPPATH\Controllers\UserController.php on line 73.
 1 SYSTEMPATH\Autoloader\Autoloader.php(285): CodeIgniter\Autoloader\Autoloader->includeFile('D:\\laragon\\www\\method-oldagehome\\app\\Controllers\\UserController.php')
 2 SYSTEMPATH\Autoloader\Autoloader.php(263): CodeIgniter\Autoloader\Autoloader->loadInNamespace('App\\Controllers\\UserController')
 3 [internal function]: CodeIgniter\Autoloader\Autoloader->loadClass('App\\Controllers\\UserController')
 4 SYSTEMPATH\CodeIgniter.php(877): class_exists('\\App\\Controllers\\UserController', true)
 5 SYSTEMPATH\CodeIgniter.php(481): CodeIgniter\CodeIgniter->startController()
 6 SYSTEMPATH\CodeIgniter.php(353): CodeIgniter\CodeIgniter->handleRequest(null, Object(Config\Cache), false)
 7 FCPATH\index.php(79): CodeIgniter\CodeIgniter->run()
 8 SYSTEMPATH\Commands\Server\rewrite.php(47): require_once('D:\\laragon\\www\\method-oldagehome\\public\\index.php')
CRITICAL - 2024-02-18 07:19:37 --> Call to undefined function App\Filters\redxirect()
in APPPATH\Filters\GuestFilter.php on line 30.
 1 SYSTEMPATH\Filters\Filters.php(182): App\Filters\GuestFilter->before(Object(CodeIgniter\HTTP\IncomingRequest), null)
 2 SYSTEMPATH\CodeIgniter.php(466): CodeIgniter\Filters\Filters->run('', 'before')
 3 SYSTEMPATH\CodeIgniter.php(353): CodeIgniter\CodeIgniter->handleRequest(null, Object(Config\Cache), false)
 4 FCPATH\index.php(79): CodeIgniter\CodeIgniter->run()
 5 SYSTEMPATH\Commands\Server\rewrite.php(47): require_once('D:\\laragon\\www\\method-oldagehome\\public\\index.php')
CRITICAL - 2024-02-18 07:24:45 --> Undefined variable $sdata
in APPPATH\Views\dashboard\search.php on line 77.
 1 APPPATH\Views\dashboard\search.php(77): CodeIgniter\Debug\Exceptions->errorHandler(2, 'Undefined variable $sdata', 'D:\\laragon\\www\\method-oldagehome\\app\\Views\\dashboard\\search.php', 77)
 2 SYSTEMPATH\View\View.php(226): include('D:\\laragon\\www\\method-oldagehome\\app\\Views\\dashboard\\search.php')
 3 SYSTEMPATH\View\View.php(229): CodeIgniter\View\View->CodeIgniter\View\{closure}()
 4 SYSTEMPATH\Common.php(1188): CodeIgniter\View\View->render('dashboard/search', [], true)
 5 APPPATH\Controllers\ViewController.php(47): view('dashboard/search')
 6 SYSTEMPATH\CodeIgniter.php(919): App\Controllers\ViewController->search()
 7 SYSTEMPATH\CodeIgniter.php(494): CodeIgniter\CodeIgniter->runController(Object(App\Controllers\ViewController))
 8 SYSTEMPATH\CodeIgniter.php(353): CodeIgniter\CodeIgniter->handleRequest(null, Object(Config\Cache), false)
 9 FCPATH\index.php(79): CodeIgniter\CodeIgniter->run()
10 SYSTEMPATH\Commands\Server\rewrite.php(47): require_once('D:\\laragon\\www\\method-oldagehome\\public\\index.php')
CRITICAL - 2024-02-18 07:52:55 --> Undefined variable $main
in APPPATH\Views\dashboard\managescdetails.php on line 63.
 1 APPPATH\Views\dashboard\managescdetails.php(63): CodeIgniter\Debug\Exceptions->errorHandler(2, 'Undefined variable $main', 'D:\\laragon\\www\\method-oldagehome\\app\\Views\\dashboard\\managescdetails.php', 63)
 2 SYSTEMPATH\View\View.php(226): include('D:\\laragon\\www\\method-oldagehome\\app\\Views\\dashboard\\managescdetails.php')
 3 SYSTEMPATH\View\View.php(229): CodeIgniter\View\View->CodeIgniter\View\{closure}()
 4 SYSTEMPATH\Common.php(1188): CodeIgniter\View\View->render('dashboard/managescdetails', [], true)
 5 APPPATH\Controllers\HomeController.php(14): view('dashboard/managescdetails', [...])
 6 SYSTEMPATH\CodeIgniter.php(919): App\Controllers\HomeController->index()
 7 SYSTEMPATH\CodeIgniter.php(494): CodeIgniter\CodeIgniter->runController(Object(App\Controllers\HomeController))
 8 SYSTEMPATH\CodeIgniter.php(353): CodeIgniter\CodeIgniter->handleRequest(null, Object(Config\Cache), false)
 9 FCPATH\index.php(79): CodeIgniter\CodeIgniter->run()
10 SYSTEMPATH\Commands\Server\rewrite.php(47): require_once('D:\\laragon\\www\\method-oldagehome\\public\\index.php')
CRITICAL - 2024-02-18 07:55:05 --> Unmatched '}'
in APPPATH\Views\dashboard\managescdetails.php on line 48.
 1 SYSTEMPATH\View\View.php(229): CodeIgniter\View\View->CodeIgniter\View\{closure}()
 2 SYSTEMPATH\Common.php(1188): CodeIgniter\View\View->render('dashboard/managescdetails', [], true)
 3 APPPATH\Controllers\HomeController.php(14): view('dashboard/managescdetails', [...])
 4 SYSTEMPATH\CodeIgniter.php(919): App\Controllers\HomeController->index()
 5 SYSTEMPATH\CodeIgniter.php(494): CodeIgniter\CodeIgniter->runController(Object(App\Controllers\HomeController))
 6 SYSTEMPATH\CodeIgniter.php(353): CodeIgniter\CodeIgniter->handleRequest(null, Object(Config\Cache), false)
 7 FCPATH\index.php(79): CodeIgniter\CodeIgniter->run()
 8 SYSTEMPATH\Commands\Server\rewrite.php(47): require_once('D:\\laragon\\www\\method-oldagehome\\public\\index.php')
CRITICAL - 2024-02-18 07:55:19 --> Undefined variable $k
in APPPATH\Views\dashboard\managescdetails.php on line 47.
 1 APPPATH\Views\dashboard\managescdetails.php(47): CodeIgniter\Debug\Exceptions->errorHandler(2, 'Undefined variable $k', 'D:\\laragon\\www\\method-oldagehome\\app\\Views\\dashboard\\managescdetails.php', 47)
 2 SYSTEMPATH\View\View.php(226): include('D:\\laragon\\www\\method-oldagehome\\app\\Views\\dashboard\\managescdetails.php')
 3 SYSTEMPATH\View\View.php(229): CodeIgniter\View\View->CodeIgniter\View\{closure}()
 4 SYSTEMPATH\Common.php(1188): CodeIgniter\View\View->render('dashboard/managescdetails', [], true)
 5 APPPATH\Controllers\HomeController.php(14): view('dashboard/managescdetails', [...])
 6 SYSTEMPATH\CodeIgniter.php(919): App\Controllers\HomeController->index()
 7 SYSTEMPATH\CodeIgniter.php(494): CodeIgniter\CodeIgniter->runController(Object(App\Controllers\HomeController))
 8 SYSTEMPATH\CodeIgniter.php(353): CodeIgniter\CodeIgniter->handleRequest(null, Object(Config\Cache), false)
 9 FCPATH\index.php(79): CodeIgniter\CodeIgniter->run()
10 SYSTEMPATH\Commands\Server\rewrite.php(47): require_once('D:\\laragon\\www\\method-oldagehome\\public\\index.php')
CRITICAL - 2024-02-18 07:55:34 --> Undefined variable $main
in APPPATH\Views\dashboard\managescdetails.php on line 47.
 1 APPPATH\Views\dashboard\managescdetails.php(47): CodeIgniter\Debug\Exceptions->errorHandler(2, 'Undefined variable $main', 'D:\\laragon\\www\\method-oldagehome\\app\\Views\\dashboard\\managescdetails.php', 47)
 2 SYSTEMPATH\View\View.php(226): include('D:\\laragon\\www\\method-oldagehome\\app\\Views\\dashboard\\managescdetails.php')
 3 SYSTEMPATH\View\View.php(229): CodeIgniter\View\View->CodeIgniter\View\{closure}()
 4 SYSTEMPATH\Common.php(1188): CodeIgniter\View\View->render('dashboard/managescdetails', [], true)
 5 APPPATH\Controllers\HomeController.php(14): view('dashboard/managescdetails', [...])
 6 SYSTEMPATH\CodeIgniter.php(919): App\Controllers\HomeController->index()
 7 SYSTEMPATH\CodeIgniter.php(494): CodeIgniter\CodeIgniter->runController(Object(App\Controllers\HomeController))
 8 SYSTEMPATH\CodeIgniter.php(353): CodeIgniter\CodeIgniter->handleRequest(null, Object(Config\Cache), false)
 9 FCPATH\index.php(79): CodeIgniter\CodeIgniter->run()
10 SYSTEMPATH\Commands\Server\rewrite.php(47): require_once('D:\\laragon\\www\\method-oldagehome\\public\\index.php')
CRITICAL - 2024-02-18 07:56:23 --> Undefined variable $main
in APPPATH\Views\dashboard\managescdetails.php on line 47.
 1 APPPATH\Views\dashboard\managescdetails.php(47): CodeIgniter\Debug\Exceptions->errorHandler(2, 'Undefined variable $main', 'D:\\laragon\\www\\method-oldagehome\\app\\Views\\dashboard\\managescdetails.php', 47)
 2 SYSTEMPATH\View\View.php(226): include('D:\\laragon\\www\\method-oldagehome\\app\\Views\\dashboard\\managescdetails.php')
 3 SYSTEMPATH\View\View.php(229): CodeIgniter\View\View->CodeIgniter\View\{closure}()
 4 SYSTEMPATH\Common.php(1188): CodeIgniter\View\View->render('dashboard/managescdetails', [], true)
 5 APPPATH\Controllers\HomeController.php(14): view('dashboard/managescdetails', [...])
 6 SYSTEMPATH\CodeIgniter.php(919): App\Controllers\HomeController->index()
 7 SYSTEMPATH\CodeIgniter.php(494): CodeIgniter\CodeIgniter->runController(Object(App\Controllers\HomeController))
 8 SYSTEMPATH\CodeIgniter.php(353): CodeIgniter\CodeIgniter->handleRequest(null, Object(Config\Cache), false)
 9 FCPATH\index.php(79): CodeIgniter\CodeIgniter->run()
10 SYSTEMPATH\Commands\Server\rewrite.php(47): require_once('D:\\laragon\\www\\method-oldagehome\\public\\index.php')
CRITICAL - 2024-02-18 07:56:25 --> Undefined array key "Id"
in APPPATH\Views\dashboard\managescdetails.php on line 47.
 1 APPPATH\Views\dashboard\managescdetails.php(47): CodeIgniter\Debug\Exceptions->errorHandler(2, 'Undefined array key "Id"', 'D:\\laragon\\www\\method-oldagehome\\app\\Views\\dashboard\\managescdetails.php', 47)
 2 SYSTEMPATH\View\View.php(226): include('D:\\laragon\\www\\method-oldagehome\\app\\Views\\dashboard\\managescdetails.php')
 3 SYSTEMPATH\View\View.php(229): CodeIgniter\View\View->CodeIgniter\View\{closure}()
 4 SYSTEMPATH\Common.php(1188): CodeIgniter\View\View->render('dashboard/managescdetails', [], true)
 5 APPPATH\Controllers\NewController.php(16): view('dashboard/managescdetails', [...])
 6 SYSTEMPATH\CodeIgniter.php(919): App\Controllers\NewController->test()
 7 SYSTEMPATH\CodeIgniter.php(494): CodeIgniter\CodeIgniter->runController(Object(App\Controllers\NewController))
 8 SYSTEMPATH\CodeIgniter.php(353): CodeIgniter\CodeIgniter->handleRequest(null, Object(Config\Cache), false)
 9 FCPATH\index.php(79): CodeIgniter\CodeIgniter->run()
10 SYSTEMPATH\Commands\Server\rewrite.php(47): require_once('D:\\laragon\\www\\method-oldagehome\\public\\index.php')
CRITICAL - 2024-02-18 07:56:33 --> Undefined array key "Id"
in APPPATH\Views\dashboard\managescdetails.php on line 47.
 1 APPPATH\Views\dashboard\managescdetails.php(47): CodeIgniter\Debug\Exceptions->errorHandler(2, 'Undefined array key "Id"', 'D:\\laragon\\www\\method-oldagehome\\app\\Views\\dashboard\\managescdetails.php', 47)
 2 SYSTEMPATH\View\View.php(226): include('D:\\laragon\\www\\method-oldagehome\\app\\Views\\dashboard\\managescdetails.php')
 3 SYSTEMPATH\View\View.php(229): CodeIgniter\View\View->CodeIgniter\View\{closure}()
 4 SYSTEMPATH\Common.php(1188): CodeIgniter\View\View->render('dashboard/managescdetails', [], true)
 5 APPPATH\Controllers\NewController.php(16): view('dashboard/managescdetails', [...])
 6 SYSTEMPATH\CodeIgniter.php(919): App\Controllers\NewController->test()
 7 SYSTEMPATH\CodeIgniter.php(494): CodeIgniter\CodeIgniter->runController(Object(App\Controllers\NewController))
 8 SYSTEMPATH\CodeIgniter.php(353): CodeIgniter\CodeIgniter->handleRequest(null, Object(Config\Cache), false)
 9 FCPATH\index.php(79): CodeIgniter\CodeIgniter->run()
10 SYSTEMPATH\Commands\Server\rewrite.php(47): require_once('D:\\laragon\\www\\method-oldagehome\\public\\index.php')
CRITICAL - 2024-02-18 07:57:55 --> Undefined variable $main
in APPPATH\Views\dashboard\managescdetails.php on line 63.
 1 APPPATH\Views\dashboard\managescdetails.php(63): CodeIgniter\Debug\Exceptions->errorHandler(2, 'Undefined variable $main', 'D:\\laragon\\www\\method-oldagehome\\app\\Views\\dashboard\\managescdetails.php', 63)
 2 SYSTEMPATH\View\View.php(226): include('D:\\laragon\\www\\method-oldagehome\\app\\Views\\dashboard\\managescdetails.php')
 3 SYSTEMPATH\View\View.php(229): CodeIgniter\View\View->CodeIgniter\View\{closure}()
 4 SYSTEMPATH\Common.php(1188): CodeIgniter\View\View->render('dashboard/managescdetails', [], true)
 5 APPPATH\Controllers\HomeController.php(14): view('dashboard/managescdetails', [...])
 6 SYSTEMPATH\CodeIgniter.php(919): App\Controllers\HomeController->index()
 7 SYSTEMPATH\CodeIgniter.php(494): CodeIgniter\CodeIgniter->runController(Object(App\Controllers\HomeController))
 8 SYSTEMPATH\CodeIgniter.php(353): CodeIgniter\CodeIgniter->handleRequest(null, Object(Config\Cache), false)
 9 FCPATH\index.php(79): CodeIgniter\CodeIgniter->run()
10 SYSTEMPATH\Commands\Server\rewrite.php(47): require_once('D:\\laragon\\www\\method-oldagehome\\public\\index.php')
CRITICAL - 2024-02-18 07:58:53 --> Undefined variable $main
in APPPATH\Views\dashboard\managescdetails.php on line 63.
 1 APPPATH\Views\dashboard\managescdetails.php(63): CodeIgniter\Debug\Exceptions->errorHandler(2, 'Undefined variable $main', 'D:\\laragon\\www\\method-oldagehome\\app\\Views\\dashboard\\managescdetails.php', 63)
 2 SYSTEMPATH\View\View.php(226): include('D:\\laragon\\www\\method-oldagehome\\app\\Views\\dashboard\\managescdetails.php')
 3 SYSTEMPATH\View\View.php(229): CodeIgniter\View\View->CodeIgniter\View\{closure}()
 4 SYSTEMPATH\Common.php(1188): CodeIgniter\View\View->render('dashboard/managescdetails', [], true)
 5 APPPATH\Controllers\HomeController.php(14): view('dashboard/managescdetails', [...])
 6 SYSTEMPATH\CodeIgniter.php(919): App\Controllers\HomeController->index()
 7 SYSTEMPATH\CodeIgniter.php(494): CodeIgniter\CodeIgniter->runController(Object(App\Controllers\HomeController))
 8 SYSTEMPATH\CodeIgniter.php(353): CodeIgniter\CodeIgniter->handleRequest(null, Object(Config\Cache), false)
 9 FCPATH\index.php(79): CodeIgniter\CodeIgniter->run()
10 SYSTEMPATH\Commands\Server\rewrite.php(47): require_once('D:\\laragon\\www\\method-oldagehome\\public\\index.php')
CRITICAL - 2024-02-18 08:00:00 --> Undefined variable $main
in APPPATH\Views\dashboard\managescdetails.php on line 63.
 1 APPPATH\Views\dashboard\managescdetails.php(63): CodeIgniter\Debug\Exceptions->errorHandler(2, 'Undefined variable $main', 'D:\\laragon\\www\\method-oldagehome\\app\\Views\\dashboard\\managescdetails.php', 63)
 2 SYSTEMPATH\View\View.php(226): include('D:\\laragon\\www\\method-oldagehome\\app\\Views\\dashboard\\managescdetails.php')
 3 SYSTEMPATH\View\View.php(229): CodeIgniter\View\View->CodeIgniter\View\{closure}()
 4 SYSTEMPATH\Common.php(1188): CodeIgniter\View\View->render('dashboard/managescdetails', [], true)
 5 APPPATH\Controllers\HomeController.php(14): view('dashboard/managescdetails', [...])
 6 SYSTEMPATH\CodeIgniter.php(919): App\Controllers\HomeController->index()
 7 SYSTEMPATH\CodeIgniter.php(494): CodeIgniter\CodeIgniter->runController(Object(App\Controllers\HomeController))
 8 SYSTEMPATH\CodeIgniter.php(353): CodeIgniter\CodeIgniter->handleRequest(null, Object(Config\Cache), false)
 9 FCPATH\index.php(79): CodeIgniter\CodeIgniter->run()
10 SYSTEMPATH\Commands\Server\rewrite.php(47): require_once('D:\\laragon\\www\\method-oldagehome\\public\\index.php')
CRITICAL - 2024-02-18 08:00:44 --> Undefined variable $main
in APPPATH\Views\dashboard\managescdetails.php on line 63.
 1 APPPATH\Views\dashboard\managescdetails.php(63): CodeIgniter\Debug\Exceptions->errorHandler(2, 'Undefined variable $main', 'D:\\laragon\\www\\method-oldagehome\\app\\Views\\dashboard\\managescdetails.php', 63)
 2 SYSTEMPATH\View\View.php(226): include('D:\\laragon\\www\\method-oldagehome\\app\\Views\\dashboard\\managescdetails.php')
 3 SYSTEMPATH\View\View.php(229): CodeIgniter\View\View->CodeIgniter\View\{closure}()
 4 SYSTEMPATH\Common.php(1188): CodeIgniter\View\View->render('dashboard/managescdetails', [], true)
 5 APPPATH\Controllers\HomeController.php(14): view('dashboard/managescdetails', [...])
 6 SYSTEMPATH\CodeIgniter.php(919): App\Controllers\HomeController->index()
 7 SYSTEMPATH\CodeIgniter.php(494): CodeIgniter\CodeIgniter->runController(Object(App\Controllers\HomeController))
 8 SYSTEMPATH\CodeIgniter.php(353): CodeIgniter\CodeIgniter->handleRequest(null, Object(Config\Cache), false)
 9 FCPATH\index.php(79): CodeIgniter\CodeIgniter->run()
10 SYSTEMPATH\Commands\Server\rewrite.php(47): require_once('D:\\laragon\\www\\method-oldagehome\\public\\index.php')
CRITICAL - 2024-02-18 08:04:01 --> Undefined variable $main
in APPPATH\Views\dashboard\managescdetails.php on line 63.
 1 APPPATH\Views\dashboard\managescdetails.php(63): CodeIgniter\Debug\Exceptions->errorHandler(2, 'Undefined variable $main', 'D:\\laragon\\www\\method-oldagehome\\app\\Views\\dashboard\\managescdetails.php', 63)
 2 SYSTEMPATH\View\View.php(226): include('D:\\laragon\\www\\method-oldagehome\\app\\Views\\dashboard\\managescdetails.php')
 3 SYSTEMPATH\View\View.php(229): CodeIgniter\View\View->CodeIgniter\View\{closure}()
 4 SYSTEMPATH\Common.php(1188): CodeIgniter\View\View->render('dashboard/managescdetails', [], true)
 5 APPPATH\Controllers\HomeController.php(14): view('dashboard/managescdetails', [...])
 6 SYSTEMPATH\CodeIgniter.php(919): App\Controllers\HomeController->index()
 7 SYSTEMPATH\CodeIgniter.php(494): CodeIgniter\CodeIgniter->runController(Object(App\Controllers\HomeController))
 8 SYSTEMPATH\CodeIgniter.php(353): CodeIgniter\CodeIgniter->handleRequest(null, Object(Config\Cache), false)
 9 FCPATH\index.php(79): CodeIgniter\CodeIgniter->run()
10 SYSTEMPATH\Commands\Server\rewrite.php(47): require_once('D:\\laragon\\www\\method-oldagehome\\public\\index.php')
CRITICAL - 2024-02-18 08:08:47 --> Undefined property: App\Controllers\NewController::$MainModel
in APPPATH\Controllers\NewController.php on line 46.
 1 APPPATH\Controllers\NewController.php(46): CodeIgniter\Debug\Exceptions->errorHandler(2, 'Undefined property: App\\Controllers\\NewController::$MainModel', 'D:\\laragon\\www\\method-oldagehome\\app\\Controllers\\NewController.php', 46)
 2 SYSTEMPATH\CodeIgniter.php(919): App\Controllers\NewController->edit('8')
 3 SYSTEMPATH\CodeIgniter.php(494): CodeIgniter\CodeIgniter->runController(Object(App\Controllers\NewController))
 4 SYSTEMPATH\CodeIgniter.php(353): CodeIgniter\CodeIgniter->handleRequest(null, Object(Config\Cache), false)
 5 FCPATH\index.php(79): CodeIgniter\CodeIgniter->run()
 6 SYSTEMPATH\Commands\Server\rewrite.php(47): require_once('D:\\laragon\\www\\method-oldagehome\\public\\index.php')
CRITICAL - 2024-02-18 08:15:28 --> Invalid file: "edit.php"
in SYSTEMPATH\Exceptions\FrameworkException.php on line 39.
 1 SYSTEMPATH\View\View.php(214): CodeIgniter\Exceptions\FrameworkException::forInvalidFile('edit.php')
 2 SYSTEMPATH\Common.php(1188): CodeIgniter\View\View->render('edit', [], true)
 3 APPPATH\Controllers\NewController.php(57): view('edit', [...])
 4 SYSTEMPATH\CodeIgniter.php(919): App\Controllers\NewController->edit('8')
 5 SYSTEMPATH\CodeIgniter.php(494): CodeIgniter\CodeIgniter->runController(Object(App\Controllers\NewController))
 6 SYSTEMPATH\CodeIgniter.php(353): CodeIgniter\CodeIgniter->handleRequest(null, Object(Config\Cache), false)
 7 FCPATH\index.php(79): CodeIgniter\CodeIgniter->run()
 8 SYSTEMPATH\Commands\Server\rewrite.php(47): require_once('D:\\laragon\\www\\method-oldagehome\\public\\index.php')
CRITICAL - 2024-02-18 08:15:56 --> Invalid file: "dashboard/edit.php"
in SYSTEMPATH\Exceptions\FrameworkException.php on line 39.
 1 SYSTEMPATH\View\View.php(214): CodeIgniter\Exceptions\FrameworkException::forInvalidFile('dashboard/edit.php')
 2 SYSTEMPATH\Common.php(1188): CodeIgniter\View\View->render('dashboard/edit', [], true)
 3 APPPATH\Controllers\NewController.php(57): view('dashboard/edit', [...])
 4 SYSTEMPATH\CodeIgniter.php(919): App\Controllers\NewController->edit('8')
 5 SYSTEMPATH\CodeIgniter.php(494): CodeIgniter\CodeIgniter->runController(Object(App\Controllers\NewController))
 6 SYSTEMPATH\CodeIgniter.php(353): CodeIgniter\CodeIgniter->handleRequest(null, Object(Config\Cache), false)
 7 FCPATH\index.php(79): CodeIgniter\CodeIgniter->run()
 8 SYSTEMPATH\Commands\Server\rewrite.php(47): require_once('D:\\laragon\\www\\method-oldagehome\\public\\index.php')
CRITICAL - 2024-02-18 08:16:10 --> Undefined variable $d
in APPPATH\Views\dashboard\editscdetails.php on line 48.
 1 APPPATH\Views\dashboard\editscdetails.php(48): CodeIgniter\Debug\Exceptions->errorHandler(2, 'Undefined variable $d', 'D:\\laragon\\www\\method-oldagehome\\app\\Views\\dashboard\\editscdetails.php', 48)
 2 SYSTEMPATH\View\View.php(226): include('D:\\laragon\\www\\method-oldagehome\\app\\Views\\dashboard\\editscdetails.php')
 3 SYSTEMPATH\View\View.php(229): CodeIgniter\View\View->CodeIgniter\View\{closure}()
 4 SYSTEMPATH\Common.php(1188): CodeIgniter\View\View->render('dashboard/editscdetails', [], true)
 5 APPPATH\Controllers\NewController.php(57): view('dashboard/editscdetails', [...])
 6 SYSTEMPATH\CodeIgniter.php(919): App\Controllers\NewController->edit('8')
 7 SYSTEMPATH\CodeIgniter.php(494): CodeIgniter\CodeIgniter->runController(Object(App\Controllers\NewController))
 8 SYSTEMPATH\CodeIgniter.php(353): CodeIgniter\CodeIgniter->handleRequest(null, Object(Config\Cache), false)
 9 FCPATH\index.php(79): CodeIgniter\CodeIgniter->run()
10 SYSTEMPATH\Commands\Server\rewrite.php(47): require_once('D:\\laragon\\www\\method-oldagehome\\public\\index.php')
CRITICAL - 2024-02-18 08:17:10 --> Undefined variable $d
in APPPATH\Views\dashboard\editscdetails.php on line 48.
 1 APPPATH\Views\dashboard\editscdetails.php(48): CodeIgniter\Debug\Exceptions->errorHandler(2, 'Undefined variable $d', 'D:\\laragon\\www\\method-oldagehome\\app\\Views\\dashboard\\editscdetails.php', 48)
 2 SYSTEMPATH\View\View.php(226): include('D:\\laragon\\www\\method-oldagehome\\app\\Views\\dashboard\\editscdetails.php')
 3 SYSTEMPATH\View\View.php(229): CodeIgniter\View\View->CodeIgniter\View\{closure}()
 4 SYSTEMPATH\Common.php(1188): CodeIgniter\View\View->render('dashboard/editscdetails', [], true)
 5 APPPATH\Controllers\NewController.php(57): view('dashboard/editscdetails', [...])
 6 SYSTEMPATH\CodeIgniter.php(919): App\Controllers\NewController->edit('8')
 7 SYSTEMPATH\CodeIgniter.php(494): CodeIgniter\CodeIgniter->runController(Object(App\Controllers\NewController))
 8 SYSTEMPATH\CodeIgniter.php(353): CodeIgniter\CodeIgniter->handleRequest(null, Object(Config\Cache), false)
 9 FCPATH\index.php(79): CodeIgniter\CodeIgniter->run()
10 SYSTEMPATH\Commands\Server\rewrite.php(47): require_once('D:\\laragon\\www\\method-oldagehome\\public\\index.php')
CRITICAL - 2024-02-18 08:17:12 --> Undefined variable $d
in APPPATH\Views\dashboard\editscdetails.php on line 48.
 1 APPPATH\Views\dashboard\editscdetails.php(48): CodeIgniter\Debug\Exceptions->errorHandler(2, 'Undefined variable $d', 'D:\\laragon\\www\\method-oldagehome\\app\\Views\\dashboard\\editscdetails.php', 48)
 2 SYSTEMPATH\View\View.php(226): include('D:\\laragon\\www\\method-oldagehome\\app\\Views\\dashboard\\editscdetails.php')
 3 SYSTEMPATH\View\View.php(229): CodeIgniter\View\View->CodeIgniter\View\{closure}()
 4 SYSTEMPATH\Common.php(1188): CodeIgniter\View\View->render('dashboard/editscdetails', [], true)
 5 APPPATH\Controllers\NewController.php(57): view('dashboard/editscdetails', [...])
 6 SYSTEMPATH\CodeIgniter.php(919): App\Controllers\NewController->edit('8')
 7 SYSTEMPATH\CodeIgniter.php(494): CodeIgniter\CodeIgniter->runController(Object(App\Controllers\NewController))
 8 SYSTEMPATH\CodeIgniter.php(353): CodeIgniter\CodeIgniter->handleRequest(null, Object(Config\Cache), false)
 9 FCPATH\index.php(79): CodeIgniter\CodeIgniter->run()
10 SYSTEMPATH\Commands\Server\rewrite.php(47): require_once('D:\\laragon\\www\\method-oldagehome\\public\\index.php')
CRITICAL - 2024-02-18 08:19:43 --> Too few arguments to function App\Controllers\NewController::update(), 0 passed in D:\laragon\www\method-oldagehome\system\CodeIgniter.php on line 919 and exactly 1 expected
in APPPATH\Controllers\NewController.php on line 72.
 1 SYSTEMPATH\CodeIgniter.php(919): App\Controllers\NewController->update()
 2 SYSTEMPATH\CodeIgniter.php(494): CodeIgniter\CodeIgniter->runController(Object(App\Controllers\NewController))
 3 SYSTEMPATH\CodeIgniter.php(353): CodeIgniter\CodeIgniter->handleRequest(null, Object(Config\Cache), false)
 4 FCPATH\index.php(79): CodeIgniter\CodeIgniter->run()
 5 SYSTEMPATH\Commands\Server\rewrite.php(47): require_once('D:\\laragon\\www\\method-oldagehome\\public\\index.php')
CRITICAL - 2024-02-18 08:20:07 --> There is no data to update.
in SYSTEMPATH\BaseModel.php on line 1724.
 1 SYSTEMPATH\BaseModel.php(1724): CodeIgniter\Database\Exceptions\DataException::forEmptyDataset('update')
 2 SYSTEMPATH\BaseModel.php(916): CodeIgniter\BaseModel->transformDataToArray(null, 'update')
 3 SYSTEMPATH\Model.php(776): CodeIgniter\BaseModel->update([...], null)
 4 APPPATH\Controllers\NewController.php(87): CodeIgniter\Model->update([...])
 5 SYSTEMPATH\CodeIgniter.php(919): App\Controllers\NewController->update()
 6 SYSTEMPATH\CodeIgniter.php(494): CodeIgniter\CodeIgniter->runController(Object(App\Controllers\NewController))
 7 SYSTEMPATH\CodeIgniter.php(353): CodeIgniter\CodeIgniter->handleRequest(null, Object(Config\Cache), false)
 8 FCPATH\index.php(79): CodeIgniter\CodeIgniter->run()
 9 SYSTEMPATH\Commands\Server\rewrite.php(47): require_once('D:\\laragon\\www\\method-oldagehome\\public\\index.php')
CRITICAL - 2024-02-18 08:20:26 --> There is no data to update.
in SYSTEMPATH\BaseModel.php on line 1724.
 1 SYSTEMPATH\BaseModel.php(1724): CodeIgniter\Database\Exceptions\DataException::forEmptyDataset('update')
 2 SYSTEMPATH\BaseModel.php(916): CodeIgniter\BaseModel->transformDataToArray(null, 'update')
 3 SYSTEMPATH\Model.php(776): CodeIgniter\BaseModel->update([...], null)
 4 APPPATH\Controllers\NewController.php(87): CodeIgniter\Model->update([...])
 5 SYSTEMPATH\CodeIgniter.php(919): App\Controllers\NewController->update()
 6 SYSTEMPATH\CodeIgniter.php(494): CodeIgniter\CodeIgniter->runController(Object(App\Controllers\NewController))
 7 SYSTEMPATH\CodeIgniter.php(353): CodeIgniter\CodeIgniter->handleRequest(null, Object(Config\Cache), false)
 8 FCPATH\index.php(79): CodeIgniter\CodeIgniter->run()
 9 SYSTEMPATH\Commands\Server\rewrite.php(47): require_once('D:\\laragon\\www\\method-oldagehome\\public\\index.php')
CRITICAL - 2024-02-18 08:21:10 --> Too few arguments to function App\Controllers\NewController::update(), 0 passed in D:\laragon\www\method-oldagehome\system\CodeIgniter.php on line 919 and exactly 1 expected
in APPPATH\Controllers\NewController.php on line 72.
 1 SYSTEMPATH\CodeIgniter.php(919): App\Controllers\NewController->update()
 2 SYSTEMPATH\CodeIgniter.php(494): CodeIgniter\CodeIgniter->runController(Object(App\Controllers\NewController))
 3 SYSTEMPATH\CodeIgniter.php(353): CodeIgniter\CodeIgniter->handleRequest(null, Object(Config\Cache), false)
 4 FCPATH\index.php(79): CodeIgniter\CodeIgniter->run()
 5 SYSTEMPATH\Commands\Server\rewrite.php(47): require_once('D:\\laragon\\www\\method-oldagehome\\public\\index.php')
CRITICAL - 2024-02-18 14:08:55 --> Undefined variable $d
in APPPATH\Views\dashboard\adddetails.php on line 58.
 1 APPPATH\Views\dashboard\adddetails.php(58): CodeIgniter\Debug\Exceptions->errorHandler(2, 'Undefined variable $d', 'D:\\laragon\\www\\method-oldagehome\\app\\Views\\dashboard\\adddetails.php', 58)
 2 SYSTEMPATH\View\View.php(226): include('D:\\laragon\\www\\method-oldagehome\\app\\Views\\dashboard\\adddetails.php')
 3 SYSTEMPATH\View\View.php(229): CodeIgniter\View\View->CodeIgniter\View\{closure}()
 4 SYSTEMPATH\Common.php(1188): CodeIgniter\View\View->render('dashboard/adddetails', [], true)
 5 APPPATH\Controllers\ViewController.php(112): view('dashboard/adddetails')
 6 SYSTEMPATH\CodeIgniter.php(919): App\Controllers\ViewController->adddetails()
 7 SYSTEMPATH\CodeIgniter.php(494): CodeIgniter\CodeIgniter->runController(Object(App\Controllers\ViewController))
 8 SYSTEMPATH\CodeIgniter.php(353): CodeIgniter\CodeIgniter->handleRequest(null, Object(Config\Cache), false)
 9 FCPATH\index.php(79): CodeIgniter\CodeIgniter->run()
10 SYSTEMPATH\Commands\Server\rewrite.php(47): require_once('D:\\laragon\\www\\method-oldagehome\\public\\index.php')
