CRITICAL - 2024-03-04 03:25:08 --> include_once(include/header.php): Failed to open stream: No such file or directory
in APPPATH\Views\dashboard\profile.php on line 35.
 1 APPPATH\Views\dashboard\profile.php(35): CodeIgniter\Debug\Exceptions->errorHandler(2, 'include_once(include/header.php): Failed to open stream: No such file or directory', 'D:\\laragon\\www\\method-oldagehome\\app\\Views\\dashboard\\profile.php', 35)
 2 APPPATH\Views\dashboard\profile.php(35): include_once()
 3 SYSTEMPATH\View\View.php(226): include('D:\\laragon\\www\\method-oldagehome\\app\\Views\\dashboard\\profile.php')
 4 SYSTEMPATH\View\View.php(229): CodeIgniter\View\View->CodeIgniter\View\{closure}()
 5 SYSTEMPATH\Common.php(1188): CodeIgniter\View\View->render('dashboard/profile', [], true)
 6 APPPATH\Controllers\UserController.php(23): view('dashboard/profile')
 7 SYSTEMPATH\CodeIgniter.php(919): App\Controllers\UserController->Admin()
 8 SYSTEMPATH\CodeIgniter.php(494): CodeIgniter\CodeIgniter->runController(Object(App\Controllers\UserController))
 9 SYSTEMPATH\CodeIgniter.php(353): CodeIgniter\CodeIgniter->handleRequest(null, Object(Config\Cache), false)
10 FCPATH\index.php(79): CodeIgniter\CodeIgniter->run()
11 SYSTEMPATH\Commands\Server\rewrite.php(47): require_once('D:\\laragon\\www\\method-oldagehome\\public\\index.php')
CRITICAL - 2024-03-04 04:02:38 --> There is no data to update.
in SYSTEMPATH\BaseModel.php on line 1724.
 1 SYSTEMPATH\BaseModel.php(1724): CodeIgniter\Database\Exceptions\DataException::forEmptyDataset('update')
 2 SYSTEMPATH\BaseModel.php(916): CodeIgniter\BaseModel->transformDataToArray(null, 'update')
 3 SYSTEMPATH\Model.php(776): CodeIgniter\BaseModel->update([...], null)
 4 APPPATH\Controllers\UserController.php(35): CodeIgniter\Model->update('9')
 5 SYSTEMPATH\CodeIgniter.php(919): App\Controllers\UserController->updateProfile('9')
 6 SYSTEMPATH\CodeIgniter.php(494): CodeIgniter\CodeIgniter->runController(Object(App\Controllers\UserController))
 7 SYSTEMPATH\CodeIgniter.php(353): CodeIgniter\CodeIgniter->handleRequest(null, Object(Config\Cache), false)
 8 FCPATH\index.php(79): CodeIgniter\CodeIgniter->run()
 9 SYSTEMPATH\Commands\Server\rewrite.php(47): require_once('D:\\laragon\\www\\method-oldagehome\\public\\index.php')
CRITICAL - 2024-03-04 04:48:42 --> syntax error, unexpected identifier "session", expecting "," or ";"
in APPPATH\Views\dashboard\profile.php on line 45.
 1 SYSTEMPATH\View\View.php(229): CodeIgniter\View\View->CodeIgniter\View\{closure}()
 2 SYSTEMPATH\Common.php(1188): CodeIgniter\View\View->render('dashboard/profile', [], true)
 3 APPPATH\Controllers\UserController.php(23): view('dashboard/profile')
 4 SYSTEMPATH\CodeIgniter.php(919): App\Controllers\UserController->Admin()
 5 SYSTEMPATH\CodeIgniter.php(494): CodeIgniter\CodeIgniter->runController(Object(App\Controllers\UserController))
 6 SYSTEMPATH\CodeIgniter.php(353): CodeIgniter\CodeIgniter->handleRequest(null, Object(Config\Cache), false)
 7 FCPATH\index.php(79): CodeIgniter\CodeIgniter->run()
 8 SYSTEMPATH\Commands\Server\rewrite.php(47): require_once('D:\\laragon\\www\\method-oldagehome\\public\\index.php')
CRITICAL - 2024-03-04 04:49:39 --> Class "App\Controllers\UsersController" not found
in APPPATH\Controllers\UserController.php on line 27.
 1 SYSTEMPATH\CodeIgniter.php(919): App\Controllers\UserController->updateProfile('9')
 2 SYSTEMPATH\CodeIgniter.php(494): CodeIgniter\CodeIgniter->runController(Object(App\Controllers\UserController))
 3 SYSTEMPATH\CodeIgniter.php(353): CodeIgniter\CodeIgniter->handleRequest(null, Object(Config\Cache), false)
 4 FCPATH\index.php(79): CodeIgniter\CodeIgniter->run()
 5 SYSTEMPATH\Commands\Server\rewrite.php(47): require_once('D:\\laragon\\www\\method-oldagehome\\public\\index.php')
CRITICAL - 2024-03-04 05:06:31 --> syntax error, unexpected token "!", expecting "," or ";"
in APPPATH\Views\dashboard\includes\header.php on line 13.
 1 SYSTEMPATH\View\View.php(226): include()
 2 SYSTEMPATH\View\View.php(229): CodeIgniter\View\View->CodeIgniter\View\{closure}()
 3 SYSTEMPATH\Common.php(1188): CodeIgniter\View\View->render('dashboard/profile', [], true)
 4 APPPATH\Controllers\UserController.php(23): view('dashboard/profile')
 5 SYSTEMPATH\CodeIgniter.php(919): App\Controllers\UserController->Admin()
 6 SYSTEMPATH\CodeIgniter.php(494): CodeIgniter\CodeIgniter->runController(Object(App\Controllers\UserController))
 7 SYSTEMPATH\CodeIgniter.php(353): CodeIgniter\CodeIgniter->handleRequest(null, Object(Config\Cache), false)
 8 FCPATH\index.php(79): CodeIgniter\CodeIgniter->run()
 9 SYSTEMPATH\Commands\Server\rewrite.php(47): require_once('D:\\laragon\\www\\method-oldagehome\\public\\index.php')
CRITICAL - 2024-03-04 05:51:30 --> syntax error, unexpected end of file
in APPPATH\Config\Routes.php on line 110.
 1 SYSTEMPATH\CodeIgniter.php(787): CodeIgniter\Router\RouteCollection->loadRoutes()
 2 SYSTEMPATH\CodeIgniter.php(442): CodeIgniter\CodeIgniter->tryToRouteIt(null)
 3 SYSTEMPATH\CodeIgniter.php(353): CodeIgniter\CodeIgniter->handleRequest(null, Object(Config\Cache), false)
 4 FCPATH\index.php(79): CodeIgniter\CodeIgniter->run()
 5 SYSTEMPATH\Commands\Server\rewrite.php(47): require_once('D:\\laragon\\www\\method-oldagehome\\public\\index.php')
CRITICAL - 2024-03-04 05:56:34 --> CodeIgniter\Router\RouteCollection::match(): Argument #1 ($verbs) must be of type array, string given, called in D:\laragon\www\method-oldagehome\system\Router\RouteCollection.php on line 1000
in SYSTEMPATH\Router\RouteCollection.php on line 991.
 1 SYSTEMPATH\Router\RouteCollection.php(1000): CodeIgniter\Router\RouteCollection->match('updateUserProfile', 'UsersigninController::updateuserProfile', null)
 2 APPPATH\Config\Routes.php(109): CodeIgniter\Router\RouteCollection->match([...], 'updateUserProfile', 'UsersigninController::updateuserProfile')
 3 SYSTEMPATH\Router\RouteCollection.php(339): require('D:\\laragon\\www\\method-oldagehome\\app\\Config\\Routes.php')
 4 SYSTEMPATH\CodeIgniter.php(787): CodeIgniter\Router\RouteCollection->loadRoutes()
 5 SYSTEMPATH\CodeIgniter.php(442): CodeIgniter\CodeIgniter->tryToRouteIt(null)
 6 SYSTEMPATH\CodeIgniter.php(353): CodeIgniter\CodeIgniter->handleRequest(null, Object(Config\Cache), false)
 7 FCPATH\index.php(79): CodeIgniter\CodeIgniter->run()
 8 SYSTEMPATH\Commands\Server\rewrite.php(47): require_once('D:\\laragon\\www\\method-oldagehome\\public\\index.php')
CRITICAL - 2024-03-04 05:56:59 --> CodeIgniter\Router\RouteCollection::match(): Argument #1 ($verbs) must be of type array, string given, called in D:\laragon\www\method-oldagehome\system\Router\RouteCollection.php on line 1000
in SYSTEMPATH\Router\RouteCollection.php on line 991.
 1 SYSTEMPATH\Router\RouteCollection.php(1000): CodeIgniter\Router\RouteCollection->match('updateUserProfile/(:any)', 'UsersigninController::updateuserProfile/$1', null)
 2 APPPATH\Config\Routes.php(109): CodeIgniter\Router\RouteCollection->match([...], 'updateUserProfile/(:any)', 'UsersigninController::updateuserProfile/$1')
 3 SYSTEMPATH\Router\RouteCollection.php(339): require('D:\\laragon\\www\\method-oldagehome\\app\\Config\\Routes.php')
 4 SYSTEMPATH\CodeIgniter.php(787): CodeIgniter\Router\RouteCollection->loadRoutes()
 5 SYSTEMPATH\CodeIgniter.php(442): CodeIgniter\CodeIgniter->tryToRouteIt(null)
 6 SYSTEMPATH\CodeIgniter.php(353): CodeIgniter\CodeIgniter->handleRequest(null, Object(Config\Cache), false)
 7 FCPATH\index.php(79): CodeIgniter\CodeIgniter->run()
 8 SYSTEMPATH\Commands\Server\rewrite.php(47): require_once('D:\\laragon\\www\\method-oldagehome\\public\\index.php')
CRITICAL - 2024-03-04 05:57:01 --> CodeIgniter\Router\RouteCollection::match(): Argument #1 ($verbs) must be of type array, string given, called in D:\laragon\www\method-oldagehome\system\Router\RouteCollection.php on line 1000
in SYSTEMPATH\Router\RouteCollection.php on line 991.
 1 SYSTEMPATH\Router\RouteCollection.php(1000): CodeIgniter\Router\RouteCollection->match('updateUserProfile/(:any)', 'UsersigninController::updateuserProfile/$1', null)
 2 APPPATH\Config\Routes.php(109): CodeIgniter\Router\RouteCollection->match([...], 'updateUserProfile/(:any)', 'UsersigninController::updateuserProfile/$1')
 3 SYSTEMPATH\Router\RouteCollection.php(339): require('D:\\laragon\\www\\method-oldagehome\\app\\Config\\Routes.php')
 4 SYSTEMPATH\CodeIgniter.php(787): CodeIgniter\Router\RouteCollection->loadRoutes()
 5 SYSTEMPATH\CodeIgniter.php(442): CodeIgniter\CodeIgniter->tryToRouteIt(null)
 6 SYSTEMPATH\CodeIgniter.php(353): CodeIgniter\CodeIgniter->handleRequest(null, Object(Config\Cache), false)
 7 FCPATH\index.php(79): CodeIgniter\CodeIgniter->run()
 8 SYSTEMPATH\Commands\Server\rewrite.php(47): require_once('D:\\laragon\\www\\method-oldagehome\\public\\index.php')
CRITICAL - 2024-03-04 05:57:03 --> CodeIgniter\Router\RouteCollection::match(): Argument #1 ($verbs) must be of type array, string given, called in D:\laragon\www\method-oldagehome\system\Router\RouteCollection.php on line 1000
in SYSTEMPATH\Router\RouteCollection.php on line 991.
 1 SYSTEMPATH\Router\RouteCollection.php(1000): CodeIgniter\Router\RouteCollection->match('updateUserProfile/(:any)', 'UsersigninController::updateuserProfile/$1', null)
 2 APPPATH\Config\Routes.php(109): CodeIgniter\Router\RouteCollection->match([...], 'updateUserProfile/(:any)', 'UsersigninController::updateuserProfile/$1')
 3 SYSTEMPATH\Router\RouteCollection.php(339): require('D:\\laragon\\www\\method-oldagehome\\app\\Config\\Routes.php')
 4 SYSTEMPATH\CodeIgniter.php(787): CodeIgniter\Router\RouteCollection->loadRoutes()
 5 SYSTEMPATH\CodeIgniter.php(442): CodeIgniter\CodeIgniter->tryToRouteIt(null)
 6 SYSTEMPATH\CodeIgniter.php(353): CodeIgniter\CodeIgniter->handleRequest(null, Object(Config\Cache), false)
 7 FCPATH\index.php(79): CodeIgniter\CodeIgniter->run()
 8 SYSTEMPATH\Commands\Server\rewrite.php(47): require_once('D:\\laragon\\www\\method-oldagehome\\public\\index.php')
CRITICAL - 2024-03-04 05:57:04 --> CodeIgniter\Router\RouteCollection::match(): Argument #1 ($verbs) must be of type array, string given, called in D:\laragon\www\method-oldagehome\system\Router\RouteCollection.php on line 1000
in SYSTEMPATH\Router\RouteCollection.php on line 991.
 1 SYSTEMPATH\Router\RouteCollection.php(1000): CodeIgniter\Router\RouteCollection->match('updateUserProfile/(:any)', 'UsersigninController::updateuserProfile/$1', null)
 2 APPPATH\Config\Routes.php(109): CodeIgniter\Router\RouteCollection->match([...], 'updateUserProfile/(:any)', 'UsersigninController::updateuserProfile/$1')
 3 SYSTEMPATH\Router\RouteCollection.php(339): require('D:\\laragon\\www\\method-oldagehome\\app\\Config\\Routes.php')
 4 SYSTEMPATH\CodeIgniter.php(787): CodeIgniter\Router\RouteCollection->loadRoutes()
 5 SYSTEMPATH\CodeIgniter.php(442): CodeIgniter\CodeIgniter->tryToRouteIt(null)
 6 SYSTEMPATH\CodeIgniter.php(353): CodeIgniter\CodeIgniter->handleRequest(null, Object(Config\Cache), false)
 7 FCPATH\index.php(79): CodeIgniter\CodeIgniter->run()
 8 SYSTEMPATH\Commands\Server\rewrite.php(47): require_once('D:\\laragon\\www\\method-oldagehome\\public\\index.php')
CRITICAL - 2024-03-04 05:57:08 --> CodeIgniter\Router\RouteCollection::match(): Argument #1 ($verbs) must be of type array, string given, called in D:\laragon\www\method-oldagehome\system\Router\RouteCollection.php on line 1000
in SYSTEMPATH\Router\RouteCollection.php on line 991.
 1 SYSTEMPATH\Router\RouteCollection.php(1000): CodeIgniter\Router\RouteCollection->match('updateUserProfile/(:any)', 'UsersigninController::updateuserProfile/$1', null)
 2 APPPATH\Config\Routes.php(109): CodeIgniter\Router\RouteCollection->match([...], 'updateUserProfile/(:any)', 'UsersigninController::updateuserProfile/$1')
 3 SYSTEMPATH\Router\RouteCollection.php(339): require('D:\\laragon\\www\\method-oldagehome\\app\\Config\\Routes.php')
 4 SYSTEMPATH\CodeIgniter.php(787): CodeIgniter\Router\RouteCollection->loadRoutes()
 5 SYSTEMPATH\CodeIgniter.php(442): CodeIgniter\CodeIgniter->tryToRouteIt(null)
 6 SYSTEMPATH\CodeIgniter.php(353): CodeIgniter\CodeIgniter->handleRequest(null, Object(Config\Cache), false)
 7 FCPATH\index.php(79): CodeIgniter\CodeIgniter->run()
 8 SYSTEMPATH\Commands\Server\rewrite.php(47): require_once('D:\\laragon\\www\\method-oldagehome\\public\\index.php')
CRITICAL - 2024-03-04 06:02:26 --> session_destroy(): Trying to destroy uninitialized session
in APPPATH\Controllers\UsersigninController.php on line 127.
 1 [internal function]: CodeIgniter\Debug\Exceptions->errorHandler(2, 'session_destroy(): Trying to destroy uninitialized session', 'D:\\laragon\\www\\method-oldagehome\\app\\Controllers\\UsersigninController.php', 127)
 2 APPPATH\Controllers\UsersigninController.php(127): session_destroy()
 3 SYSTEMPATH\CodeIgniter.php(919): App\Controllers\UsersigninController->logout()
 4 SYSTEMPATH\CodeIgniter.php(494): CodeIgniter\CodeIgniter->runController(Object(App\Controllers\UsersigninController))
 5 SYSTEMPATH\CodeIgniter.php(353): CodeIgniter\CodeIgniter->handleRequest(null, Object(Config\Cache), false)
 6 FCPATH\index.php(79): CodeIgniter\CodeIgniter->run()
 7 SYSTEMPATH\Commands\Server\rewrite.php(47): require_once('D:\\laragon\\www\\method-oldagehome\\public\\index.php')
CRITICAL - 2024-03-04 06:02:39 --> session_destroy(): Trying to destroy uninitialized session
in APPPATH\Controllers\UsersigninController.php on line 127.
 1 [internal function]: CodeIgniter\Debug\Exceptions->errorHandler(2, 'session_destroy(): Trying to destroy uninitialized session', 'D:\\laragon\\www\\method-oldagehome\\app\\Controllers\\UsersigninController.php', 127)
 2 APPPATH\Controllers\UsersigninController.php(127): session_destroy()
 3 SYSTEMPATH\CodeIgniter.php(919): App\Controllers\UsersigninController->logout()
 4 SYSTEMPATH\CodeIgniter.php(494): CodeIgniter\CodeIgniter->runController(Object(App\Controllers\UsersigninController))
 5 SYSTEMPATH\CodeIgniter.php(353): CodeIgniter\CodeIgniter->handleRequest(null, Object(Config\Cache), false)
 6 FCPATH\index.php(79): CodeIgniter\CodeIgniter->run()
 7 SYSTEMPATH\Commands\Server\rewrite.php(47): require_once('D:\\laragon\\www\\method-oldagehome\\public\\index.php')
