CRITICAL - 2024-02-23 15:38:34 --> Undefined variable $cont
in APPPATH\Views\dashboard\fullcalendar.php on line 60.
 1 APPPATH\Views\dashboard\fullcalendar.php(60): CodeIgniter\Debug\Exceptions->errorHandler(2, 'Undefined variable $cont', 'D:\\laragon\\www\\method-oldagehome\\app\\Views\\dashboard\\fullcalendar.php', 60)
 2 SYSTEMPATH\View\View.php(226): include('D:\\laragon\\www\\method-oldagehome\\app\\Views\\dashboard\\fullcalendar.php')
 3 SYSTEMPATH\View\View.php(229): CodeIgniter\View\View->CodeIgniter\View\{closure}()
 4 SYSTEMPATH\Common.php(1188): CodeIgniter\View\View->render('dashboard/fullcalendar', [], true)
 5 APPPATH\Controllers\UserbookingController.php(18): view('dashboard/fullcalendar', [...])
 6 SYSTEMPATH\CodeIgniter.php(919): App\Controllers\UserbookingController->bookinge()
 7 SYSTEMPATH\CodeIgniter.php(494): CodeIgniter\CodeIgniter->runController(Object(App\Controllers\UserbookingController))
 8 SYSTEMPATH\CodeIgniter.php(353): CodeIgniter\CodeIgniter->handleRequest(null, Object(Config\Cache), false)
 9 FCPATH\index.php(79): CodeIgniter\CodeIgniter->run()
10 SYSTEMPATH\Commands\Server\rewrite.php(47): require_once('D:\\laragon\\www\\method-oldagehome\\public\\index.php')
CRITICAL - 2024-02-23 15:40:31 --> Undefined variable $cont
in APPPATH\Views\dashboard\fullcalendar.php on line 60.
 1 APPPATH\Views\dashboard\fullcalendar.php(60): CodeIgniter\Debug\Exceptions->errorHandler(2, 'Undefined variable $cont', 'D:\\laragon\\www\\method-oldagehome\\app\\Views\\dashboard\\fullcalendar.php', 60)
 2 SYSTEMPATH\View\View.php(226): include('D:\\laragon\\www\\method-oldagehome\\app\\Views\\dashboard\\fullcalendar.php')
 3 SYSTEMPATH\View\View.php(229): CodeIgniter\View\View->CodeIgniter\View\{closure}()
 4 SYSTEMPATH\Common.php(1188): CodeIgniter\View\View->render('dashboard/fullcalendar', [], true)
 5 APPPATH\Controllers\UserbookingController.php(18): view('dashboard/fullcalendar', [...])
 6 SYSTEMPATH\CodeIgniter.php(919): App\Controllers\UserbookingController->bookinge()
 7 SYSTEMPATH\CodeIgniter.php(494): CodeIgniter\CodeIgniter->runController(Object(App\Controllers\UserbookingController))
 8 SYSTEMPATH\CodeIgniter.php(353): CodeIgniter\CodeIgniter->handleRequest(null, Object(Config\Cache), false)
 9 FCPATH\index.php(79): CodeIgniter\CodeIgniter->run()
10 SYSTEMPATH\Commands\Server\rewrite.php(47): require_once('D:\\laragon\\www\\method-oldagehome\\public\\index.php')
CRITICAL - 2024-02-23 15:40:51 --> Undefined variable $pint
in APPPATH\Views\dashboard\fullcalendar.php on line 60.
 1 APPPATH\Views\dashboard\fullcalendar.php(60): CodeIgniter\Debug\Exceptions->errorHandler(2, 'Undefined variable $pint', 'D:\\laragon\\www\\method-oldagehome\\app\\Views\\dashboard\\fullcalendar.php', 60)
 2 SYSTEMPATH\View\View.php(226): include('D:\\laragon\\www\\method-oldagehome\\app\\Views\\dashboard\\fullcalendar.php')
 3 SYSTEMPATH\View\View.php(229): CodeIgniter\View\View->CodeIgniter\View\{closure}()
 4 SYSTEMPATH\Common.php(1188): CodeIgniter\View\View->render('dashboard/fullcalendar', [], true)
 5 APPPATH\Controllers\UserbookingController.php(18): view('dashboard/fullcalendar', [...])
 6 SYSTEMPATH\CodeIgniter.php(919): App\Controllers\UserbookingController->bookinge()
 7 SYSTEMPATH\CodeIgniter.php(494): CodeIgniter\CodeIgniter->runController(Object(App\Controllers\UserbookingController))
 8 SYSTEMPATH\CodeIgniter.php(353): CodeIgniter\CodeIgniter->handleRequest(null, Object(Config\Cache), false)
 9 FCPATH\index.php(79): CodeIgniter\CodeIgniter->run()
10 SYSTEMPATH\Commands\Server\rewrite.php(47): require_once('D:\\laragon\\www\\method-oldagehome\\public\\index.php')
CRITICAL - 2024-02-23 15:50:57 --> Undefined variable $pint
in APPPATH\Views\dashboard\fullcalendar.php on line 60.
 1 APPPATH\Views\dashboard\fullcalendar.php(60): CodeIgniter\Debug\Exceptions->errorHandler(2, 'Undefined variable $pint', 'D:\\laragon\\www\\method-oldagehome\\app\\Views\\dashboard\\fullcalendar.php', 60)
 2 SYSTEMPATH\View\View.php(226): include('D:\\laragon\\www\\method-oldagehome\\app\\Views\\dashboard\\fullcalendar.php')
 3 SYSTEMPATH\View\View.php(229): CodeIgniter\View\View->CodeIgniter\View\{closure}()
 4 SYSTEMPATH\Common.php(1188): CodeIgniter\View\View->render('dashboard/fullcalendar', [], true)
 5 APPPATH\Controllers\UserbookingController.php(18): view('dashboard/fullcalendar', [...])
 6 SYSTEMPATH\CodeIgniter.php(919): App\Controllers\UserbookingController->bookinge()
 7 SYSTEMPATH\CodeIgniter.php(494): CodeIgniter\CodeIgniter->runController(Object(App\Controllers\UserbookingController))
 8 SYSTEMPATH\CodeIgniter.php(353): CodeIgniter\CodeIgniter->handleRequest(null, Object(Config\Cache), false)
 9 FCPATH\index.php(79): CodeIgniter\CodeIgniter->run()
10 SYSTEMPATH\Commands\Server\rewrite.php(47): require_once('D:\\laragon\\www\\method-oldagehome\\public\\index.php')
CRITICAL - 2024-02-23 15:52:29 --> Undefined variable $pint
in APPPATH\Views\dashboard\fullcalendar.php on line 60.
 1 APPPATH\Views\dashboard\fullcalendar.php(60): CodeIgniter\Debug\Exceptions->errorHandler(2, 'Undefined variable $pint', 'D:\\laragon\\www\\method-oldagehome\\app\\Views\\dashboard\\fullcalendar.php', 60)
 2 SYSTEMPATH\View\View.php(226): include('D:\\laragon\\www\\method-oldagehome\\app\\Views\\dashboard\\fullcalendar.php')
 3 SYSTEMPATH\View\View.php(229): CodeIgniter\View\View->CodeIgniter\View\{closure}()
 4 SYSTEMPATH\Common.php(1188): CodeIgniter\View\View->render('dashboard/fullcalendar', [], true)
 5 APPPATH\Controllers\UserbookingController.php(18): view('dashboard/fullcalendar', [...])
 6 SYSTEMPATH\CodeIgniter.php(919): App\Controllers\UserbookingController->bookinge()
 7 SYSTEMPATH\CodeIgniter.php(494): CodeIgniter\CodeIgniter->runController(Object(App\Controllers\UserbookingController))
 8 SYSTEMPATH\CodeIgniter.php(353): CodeIgniter\CodeIgniter->handleRequest(null, Object(Config\Cache), false)
 9 FCPATH\index.php(79): CodeIgniter\CodeIgniter->run()
10 SYSTEMPATH\Commands\Server\rewrite.php(47): require_once('D:\\laragon\\www\\method-oldagehome\\public\\index.php')
CRITICAL - 2024-02-23 15:54:08 --> Undefined variable $pint
in APPPATH\Views\dashboard\fullcalendar.php on line 60.
 1 APPPATH\Views\dashboard\fullcalendar.php(60): CodeIgniter\Debug\Exceptions->errorHandler(2, 'Undefined variable $pint', 'D:\\laragon\\www\\method-oldagehome\\app\\Views\\dashboard\\fullcalendar.php', 60)
 2 SYSTEMPATH\View\View.php(226): include('D:\\laragon\\www\\method-oldagehome\\app\\Views\\dashboard\\fullcalendar.php')
 3 SYSTEMPATH\View\View.php(229): CodeIgniter\View\View->CodeIgniter\View\{closure}()
 4 SYSTEMPATH\Common.php(1188): CodeIgniter\View\View->render('dashboard/fullcalendar', [], true)
 5 APPPATH\Controllers\UserbookingController.php(18): view('dashboard/fullcalendar', [...])
 6 SYSTEMPATH\CodeIgniter.php(919): App\Controllers\UserbookingController->bookinge()
 7 SYSTEMPATH\CodeIgniter.php(494): CodeIgniter\CodeIgniter->runController(Object(App\Controllers\UserbookingController))
 8 SYSTEMPATH\CodeIgniter.php(353): CodeIgniter\CodeIgniter->handleRequest(null, Object(Config\Cache), false)
 9 FCPATH\index.php(79): CodeIgniter\CodeIgniter->run()
10 SYSTEMPATH\Commands\Server\rewrite.php(47): require_once('D:\\laragon\\www\\method-oldagehome\\public\\index.php')
CRITICAL - 2024-02-23 16:13:04 --> syntax error, unexpected token ":", expecting "->" or "?->" or "{" or "["
in APPPATH\Views\dashboard\fullcalendar.php on line 63.
 1 SYSTEMPATH\View\View.php(229): CodeIgniter\View\View->CodeIgniter\View\{closure}()
 2 SYSTEMPATH\Common.php(1188): CodeIgniter\View\View->render('dashboard/fullcalendar', [], true)
 3 APPPATH\Controllers\UserbookingController.php(18): view('dashboard/fullcalendar', [...])
 4 SYSTEMPATH\CodeIgniter.php(919): App\Controllers\UserbookingController->bookinge()
 5 SYSTEMPATH\CodeIgniter.php(494): CodeIgniter\CodeIgniter->runController(Object(App\Controllers\UserbookingController))
 6 SYSTEMPATH\CodeIgniter.php(353): CodeIgniter\CodeIgniter->handleRequest(null, Object(Config\Cache), false)
 7 FCPATH\index.php(79): CodeIgniter\CodeIgniter->run()
 8 SYSTEMPATH\Commands\Server\rewrite.php(47): require_once('D:\\laragon\\www\\method-oldagehome\\public\\index.php')
CRITICAL - 2024-02-23 16:20:17 --> Undefined variable $calen
in APPPATH\Views\dashboard\fullcalendar.php on line 63.
 1 APPPATH\Views\dashboard\fullcalendar.php(63): CodeIgniter\Debug\Exceptions->errorHandler(2, 'Undefined variable $calen', 'D:\\laragon\\www\\method-oldagehome\\app\\Views\\dashboard\\fullcalendar.php', 63)
 2 SYSTEMPATH\View\View.php(226): include('D:\\laragon\\www\\method-oldagehome\\app\\Views\\dashboard\\fullcalendar.php')
 3 SYSTEMPATH\View\View.php(229): CodeIgniter\View\View->CodeIgniter\View\{closure}()
 4 SYSTEMPATH\Common.php(1188): CodeIgniter\View\View->render('dashboard/fullcalendar', [], true)
 5 APPPATH\Controllers\UserbookingController.php(18): view('dashboard/fullcalendar', [...])
 6 SYSTEMPATH\CodeIgniter.php(919): App\Controllers\UserbookingController->bookinge()
 7 SYSTEMPATH\CodeIgniter.php(494): CodeIgniter\CodeIgniter->runController(Object(App\Controllers\UserbookingController))
 8 SYSTEMPATH\CodeIgniter.php(353): CodeIgniter\CodeIgniter->handleRequest(null, Object(Config\Cache), false)
 9 FCPATH\index.php(79): CodeIgniter\CodeIgniter->run()
10 SYSTEMPATH\Commands\Server\rewrite.php(47): require_once('D:\\laragon\\www\\method-oldagehome\\public\\index.php')
CRITICAL - 2024-02-23 16:20:42 --> Undefined variable $calend
in APPPATH\Views\dashboard\fullcalendar.php on line 63.
 1 APPPATH\Views\dashboard\fullcalendar.php(63): CodeIgniter\Debug\Exceptions->errorHandler(2, 'Undefined variable $calend', 'D:\\laragon\\www\\method-oldagehome\\app\\Views\\dashboard\\fullcalendar.php', 63)
 2 SYSTEMPATH\View\View.php(226): include('D:\\laragon\\www\\method-oldagehome\\app\\Views\\dashboard\\fullcalendar.php')
 3 SYSTEMPATH\View\View.php(229): CodeIgniter\View\View->CodeIgniter\View\{closure}()
 4 SYSTEMPATH\Common.php(1188): CodeIgniter\View\View->render('dashboard/fullcalendar', [], true)
 5 APPPATH\Controllers\UserbookingController.php(18): view('dashboard/fullcalendar', [...])
 6 SYSTEMPATH\CodeIgniter.php(919): App\Controllers\UserbookingController->bookinge()
 7 SYSTEMPATH\CodeIgniter.php(494): CodeIgniter\CodeIgniter->runController(Object(App\Controllers\UserbookingController))
 8 SYSTEMPATH\CodeIgniter.php(353): CodeIgniter\CodeIgniter->handleRequest(null, Object(Config\Cache), false)
 9 FCPATH\index.php(79): CodeIgniter\CodeIgniter->run()
10 SYSTEMPATH\Commands\Server\rewrite.php(47): require_once('D:\\laragon\\www\\method-oldagehome\\public\\index.php')
CRITICAL - 2024-02-23 16:20:55 --> Undefined variable $calend
in APPPATH\Views\dashboard\fullcalendar.php on line 63.
 1 APPPATH\Views\dashboard\fullcalendar.php(63): CodeIgniter\Debug\Exceptions->errorHandler(2, 'Undefined variable $calend', 'D:\\laragon\\www\\method-oldagehome\\app\\Views\\dashboard\\fullcalendar.php', 63)
 2 SYSTEMPATH\View\View.php(226): include('D:\\laragon\\www\\method-oldagehome\\app\\Views\\dashboard\\fullcalendar.php')
 3 SYSTEMPATH\View\View.php(229): CodeIgniter\View\View->CodeIgniter\View\{closure}()
 4 SYSTEMPATH\Common.php(1188): CodeIgniter\View\View->render('dashboard/fullcalendar', [], true)
 5 APPPATH\Controllers\UserbookingController.php(18): view('dashboard/fullcalendar', [...])
 6 SYSTEMPATH\CodeIgniter.php(919): App\Controllers\UserbookingController->bookinge()
 7 SYSTEMPATH\CodeIgniter.php(494): CodeIgniter\CodeIgniter->runController(Object(App\Controllers\UserbookingController))
 8 SYSTEMPATH\CodeIgniter.php(353): CodeIgniter\CodeIgniter->handleRequest(null, Object(Config\Cache), false)
 9 FCPATH\index.php(79): CodeIgniter\CodeIgniter->run()
10 SYSTEMPATH\Commands\Server\rewrite.php(47): require_once('D:\\laragon\\www\\method-oldagehome\\public\\index.php')
CRITICAL - 2024-02-23 16:33:40 --> Undefined variable $calend
in APPPATH\Views\dashboard\fullcalendar.php on line 64.
 1 APPPATH\Views\dashboard\fullcalendar.php(64): CodeIgniter\Debug\Exceptions->errorHandler(2, 'Undefined variable $calend', 'D:\\laragon\\www\\method-oldagehome\\app\\Views\\dashboard\\fullcalendar.php', 64)
 2 SYSTEMPATH\View\View.php(226): include('D:\\laragon\\www\\method-oldagehome\\app\\Views\\dashboard\\fullcalendar.php')
 3 SYSTEMPATH\View\View.php(229): CodeIgniter\View\View->CodeIgniter\View\{closure}()
 4 SYSTEMPATH\Common.php(1188): CodeIgniter\View\View->render('dashboard/fullcalendar', [], true)
 5 APPPATH\Controllers\UserbookingController.php(18): view('dashboard/fullcalendar', [...])
 6 SYSTEMPATH\CodeIgniter.php(919): App\Controllers\UserbookingController->bookinge()
 7 SYSTEMPATH\CodeIgniter.php(494): CodeIgniter\CodeIgniter->runController(Object(App\Controllers\UserbookingController))
 8 SYSTEMPATH\CodeIgniter.php(353): CodeIgniter\CodeIgniter->handleRequest(null, Object(Config\Cache), false)
 9 FCPATH\index.php(79): CodeIgniter\CodeIgniter->run()
10 SYSTEMPATH\Commands\Server\rewrite.php(47): require_once('D:\\laragon\\www\\method-oldagehome\\public\\index.php')
CRITICAL - 2024-02-23 16:37:09 --> Undefined variable $calend
in APPPATH\Views\dashboard\fullcalendar.php on line 64.
 1 APPPATH\Views\dashboard\fullcalendar.php(64): CodeIgniter\Debug\Exceptions->errorHandler(2, 'Undefined variable $calend', 'D:\\laragon\\www\\method-oldagehome\\app\\Views\\dashboard\\fullcalendar.php', 64)
 2 SYSTEMPATH\View\View.php(226): include('D:\\laragon\\www\\method-oldagehome\\app\\Views\\dashboard\\fullcalendar.php')
 3 SYSTEMPATH\View\View.php(229): CodeIgniter\View\View->CodeIgniter\View\{closure}()
 4 SYSTEMPATH\Common.php(1188): CodeIgniter\View\View->render('dashboard/fullcalendar', [], true)
 5 APPPATH\Controllers\UserbookingController.php(18): view('dashboard/fullcalendar', [...])
 6 SYSTEMPATH\CodeIgniter.php(919): App\Controllers\UserbookingController->bookinge()
 7 SYSTEMPATH\CodeIgniter.php(494): CodeIgniter\CodeIgniter->runController(Object(App\Controllers\UserbookingController))
 8 SYSTEMPATH\CodeIgniter.php(353): CodeIgniter\CodeIgniter->handleRequest(null, Object(Config\Cache), false)
 9 FCPATH\index.php(79): CodeIgniter\CodeIgniter->run()
10 SYSTEMPATH\Commands\Server\rewrite.php(47): require_once('D:\\laragon\\www\\method-oldagehome\\public\\index.php')
CRITICAL - 2024-02-23 16:37:19 --> Undefined variable $calen
in APPPATH\Views\dashboard\fullcalendar.php on line 64.
 1 APPPATH\Views\dashboard\fullcalendar.php(64): CodeIgniter\Debug\Exceptions->errorHandler(2, 'Undefined variable $calen', 'D:\\laragon\\www\\method-oldagehome\\app\\Views\\dashboard\\fullcalendar.php', 64)
 2 SYSTEMPATH\View\View.php(226): include('D:\\laragon\\www\\method-oldagehome\\app\\Views\\dashboard\\fullcalendar.php')
 3 SYSTEMPATH\View\View.php(229): CodeIgniter\View\View->CodeIgniter\View\{closure}()
 4 SYSTEMPATH\Common.php(1188): CodeIgniter\View\View->render('dashboard/fullcalendar', [], true)
 5 APPPATH\Controllers\UserbookingController.php(18): view('dashboard/fullcalendar', [...])
 6 SYSTEMPATH\CodeIgniter.php(919): App\Controllers\UserbookingController->bookinge()
 7 SYSTEMPATH\CodeIgniter.php(494): CodeIgniter\CodeIgniter->runController(Object(App\Controllers\UserbookingController))
 8 SYSTEMPATH\CodeIgniter.php(353): CodeIgniter\CodeIgniter->handleRequest(null, Object(Config\Cache), false)
 9 FCPATH\index.php(79): CodeIgniter\CodeIgniter->run()
10 SYSTEMPATH\Commands\Server\rewrite.php(47): require_once('D:\\laragon\\www\\method-oldagehome\\public\\index.php')
