CRITICAL - 2024-09-18 08:49:40 --> syntax error, unexpected token ":", expecting "," or ";"
in APPPATH\Views\admin\admissionwithdata.php on line 313.
 1 SYSTEMPATH\View\View.php(229): CodeIgniter\View\View->CodeIgniter\View\{closure}()
 2 SYSTEMPATH\Common.php(1188): CodeIgniter\View\View->render('admin/admissionwithdata', [], true)
 3 APPPATH\Controllers\NewController.php(1606): view('admin/admissionwithdata', [...])
 4 SYSTEMPATH\CodeIgniter.php(919): App\Controllers\NewController->admisionWithData('1')
 5 SYSTEMPATH\CodeIgniter.php(494): CodeIgniter\CodeIgniter->runController(Object(App\Controllers\NewController))
 6 SYSTEMPATH\CodeIgniter.php(353): CodeIgniter\CodeIgniter->handleRequest(null, Object(Config\Cache), false)
 7 FCPATH\index.php(79): CodeIgniter\CodeIgniter->run()
 8 SYSTEMPATH\Commands\Server\rewrite.php(47): require_once('D:\\laragon\\www\\method-oldagehome\\public\\index.php')
CRITICAL - 2024-09-18 08:49:49 --> Trying to access array offset on value of type null
in APPPATH\Views\admin\admissionwithdata.php on line 313.
 1 APPPATH\Views\admin\admissionwithdata.php(313): CodeIgniter\Debug\Exceptions->errorHandler(2, 'Trying to access array offset on value of type null', 'D:\\laragon\\www\\method-oldagehome\\app\\Views\\admin\\admissionwithdata.php', 313)
 2 SYSTEMPATH\View\View.php(226): include('D:\\laragon\\www\\method-oldagehome\\app\\Views\\admin\\admissionwithdata.php')
 3 SYSTEMPATH\View\View.php(229): CodeIgniter\View\View->CodeIgniter\View\{closure}()
 4 SYSTEMPATH\Common.php(1188): CodeIgniter\View\View->render('admin/admissionwithdata', [], true)
 5 APPPATH\Controllers\NewController.php(1606): view('admin/admissionwithdata', [...])
 6 SYSTEMPATH\CodeIgniter.php(919): App\Controllers\NewController->admisionWithData('1')
 7 SYSTEMPATH\CodeIgniter.php(494): CodeIgniter\CodeIgniter->runController(Object(App\Controllers\NewController))
 8 SYSTEMPATH\CodeIgniter.php(353): CodeIgniter\CodeIgniter->handleRequest(null, Object(Config\Cache), false)
 9 FCPATH\index.php(79): CodeIgniter\CodeIgniter->run()
10 SYSTEMPATH\Commands\Server\rewrite.php(47): require_once('D:\\laragon\\www\\method-oldagehome\\public\\index.php')
CRITICAL - 2024-09-18 08:50:04 --> Undefined array key "lastname"
in APPPATH\Views\admin\admissionwithdata.php on line 313.
 1 APPPATH\Views\admin\admissionwithdata.php(313): CodeIgniter\Debug\Exceptions->errorHandler(2, 'Undefined array key "lastname"', 'D:\\laragon\\www\\method-oldagehome\\app\\Views\\admin\\admissionwithdata.php', 313)
 2 SYSTEMPATH\View\View.php(226): include('D:\\laragon\\www\\method-oldagehome\\app\\Views\\admin\\admissionwithdata.php')
 3 SYSTEMPATH\View\View.php(229): CodeIgniter\View\View->CodeIgniter\View\{closure}()
 4 SYSTEMPATH\Common.php(1188): CodeIgniter\View\View->render('admin/admissionwithdata', [], true)
 5 APPPATH\Controllers\NewController.php(1606): view('admin/admissionwithdata', [...])
 6 SYSTEMPATH\CodeIgniter.php(919): App\Controllers\NewController->admisionWithData('1')
 7 SYSTEMPATH\CodeIgniter.php(494): CodeIgniter\CodeIgniter->runController(Object(App\Controllers\NewController))
 8 SYSTEMPATH\CodeIgniter.php(353): CodeIgniter\CodeIgniter->handleRequest(null, Object(Config\Cache), false)
 9 FCPATH\index.php(79): CodeIgniter\CodeIgniter->run()
10 SYSTEMPATH\Commands\Server\rewrite.php(47): require_once('D:\\laragon\\www\\method-oldagehome\\public\\index.php')
CRITICAL - 2024-09-18 08:50:21 --> Undefined array key "firstname"
in APPPATH\Views\admin\admissionwithdata.php on line 313.
 1 APPPATH\Views\admin\admissionwithdata.php(313): CodeIgniter\Debug\Exceptions->errorHandler(2, 'Undefined array key "firstname"', 'D:\\laragon\\www\\method-oldagehome\\app\\Views\\admin\\admissionwithdata.php', 313)
 2 SYSTEMPATH\View\View.php(226): include('D:\\laragon\\www\\method-oldagehome\\app\\Views\\admin\\admissionwithdata.php')
 3 SYSTEMPATH\View\View.php(229): CodeIgniter\View\View->CodeIgniter\View\{closure}()
 4 SYSTEMPATH\Common.php(1188): CodeIgniter\View\View->render('admin/admissionwithdata', [], true)
 5 APPPATH\Controllers\NewController.php(1606): view('admin/admissionwithdata', [...])
 6 SYSTEMPATH\CodeIgniter.php(919): App\Controllers\NewController->admisionWithData('1')
 7 SYSTEMPATH\CodeIgniter.php(494): CodeIgniter\CodeIgniter->runController(Object(App\Controllers\NewController))
 8 SYSTEMPATH\CodeIgniter.php(353): CodeIgniter\CodeIgniter->handleRequest(null, Object(Config\Cache), false)
 9 FCPATH\index.php(79): CodeIgniter\CodeIgniter->run()
10 SYSTEMPATH\Commands\Server\rewrite.php(47): require_once('D:\\laragon\\www\\method-oldagehome\\public\\index.php')
CRITICAL - 2024-09-18 08:50:32 --> Trying to access array offset on value of type null
in APPPATH\Views\admin\admissionwithdata.php on line 313.
 1 APPPATH\Views\admin\admissionwithdata.php(313): CodeIgniter\Debug\Exceptions->errorHandler(2, 'Trying to access array offset on value of type null', 'D:\\laragon\\www\\method-oldagehome\\app\\Views\\admin\\admissionwithdata.php', 313)
 2 SYSTEMPATH\View\View.php(226): include('D:\\laragon\\www\\method-oldagehome\\app\\Views\\admin\\admissionwithdata.php')
 3 SYSTEMPATH\View\View.php(229): CodeIgniter\View\View->CodeIgniter\View\{closure}()
 4 SYSTEMPATH\Common.php(1188): CodeIgniter\View\View->render('admin/admissionwithdata', [], true)
 5 APPPATH\Controllers\NewController.php(1606): view('admin/admissionwithdata', [...])
 6 SYSTEMPATH\CodeIgniter.php(919): App\Controllers\NewController->admisionWithData('1')
 7 SYSTEMPATH\CodeIgniter.php(494): CodeIgniter\CodeIgniter->runController(Object(App\Controllers\NewController))
 8 SYSTEMPATH\CodeIgniter.php(353): CodeIgniter\CodeIgniter->handleRequest(null, Object(Config\Cache), false)
 9 FCPATH\index.php(79): CodeIgniter\CodeIgniter->run()
10 SYSTEMPATH\Commands\Server\rewrite.php(47): require_once('D:\\laragon\\www\\method-oldagehome\\public\\index.php')
CRITICAL - 2024-09-18 08:50:45 --> Trying to access array offset on value of type null
in APPPATH\Views\admin\admissionwithdata.php on line 313.
 1 APPPATH\Views\admin\admissionwithdata.php(313): CodeIgniter\Debug\Exceptions->errorHandler(2, 'Trying to access array offset on value of type null', 'D:\\laragon\\www\\method-oldagehome\\app\\Views\\admin\\admissionwithdata.php', 313)
 2 SYSTEMPATH\View\View.php(226): include('D:\\laragon\\www\\method-oldagehome\\app\\Views\\admin\\admissionwithdata.php')
 3 SYSTEMPATH\View\View.php(229): CodeIgniter\View\View->CodeIgniter\View\{closure}()
 4 SYSTEMPATH\Common.php(1188): CodeIgniter\View\View->render('admin/admissionwithdata', [], true)
 5 APPPATH\Controllers\NewController.php(1606): view('admin/admissionwithdata', [...])
 6 SYSTEMPATH\CodeIgniter.php(919): App\Controllers\NewController->admisionWithData('1')
 7 SYSTEMPATH\CodeIgniter.php(494): CodeIgniter\CodeIgniter->runController(Object(App\Controllers\NewController))
 8 SYSTEMPATH\CodeIgniter.php(353): CodeIgniter\CodeIgniter->handleRequest(null, Object(Config\Cache), false)
 9 FCPATH\index.php(79): CodeIgniter\CodeIgniter->run()
10 SYSTEMPATH\Commands\Server\rewrite.php(47): require_once('D:\\laragon\\www\\method-oldagehome\\public\\index.php')
CRITICAL - 2024-09-18 08:50:51 --> Trying to access array offset on value of type null
in APPPATH\Views\admin\admissionwithdata.php on line 313.
 1 APPPATH\Views\admin\admissionwithdata.php(313): CodeIgniter\Debug\Exceptions->errorHandler(2, 'Trying to access array offset on value of type null', 'D:\\laragon\\www\\method-oldagehome\\app\\Views\\admin\\admissionwithdata.php', 313)
 2 SYSTEMPATH\View\View.php(226): include('D:\\laragon\\www\\method-oldagehome\\app\\Views\\admin\\admissionwithdata.php')
 3 SYSTEMPATH\View\View.php(229): CodeIgniter\View\View->CodeIgniter\View\{closure}()
 4 SYSTEMPATH\Common.php(1188): CodeIgniter\View\View->render('admin/admissionwithdata', [], true)
 5 APPPATH\Controllers\NewController.php(1606): view('admin/admissionwithdata', [...])
 6 SYSTEMPATH\CodeIgniter.php(919): App\Controllers\NewController->admisionWithData('1')
 7 SYSTEMPATH\CodeIgniter.php(494): CodeIgniter\CodeIgniter->runController(Object(App\Controllers\NewController))
 8 SYSTEMPATH\CodeIgniter.php(353): CodeIgniter\CodeIgniter->handleRequest(null, Object(Config\Cache), false)
 9 FCPATH\index.php(79): CodeIgniter\CodeIgniter->run()
10 SYSTEMPATH\Commands\Server\rewrite.php(47): require_once('D:\\laragon\\www\\method-oldagehome\\public\\index.php')
CRITICAL - 2024-09-18 08:51:29 --> foreach() argument must be of type array|object, null given
in APPPATH\Views\admin\admissionwithdata.php on line 313.
 1 APPPATH\Views\admin\admissionwithdata.php(313): CodeIgniter\Debug\Exceptions->errorHandler(2, 'foreach() argument must be of type array|object, null given', 'D:\\laragon\\www\\method-oldagehome\\app\\Views\\admin\\admissionwithdata.php', 313)
 2 SYSTEMPATH\View\View.php(226): include('D:\\laragon\\www\\method-oldagehome\\app\\Views\\admin\\admissionwithdata.php')
 3 SYSTEMPATH\View\View.php(229): CodeIgniter\View\View->CodeIgniter\View\{closure}()
 4 SYSTEMPATH\Common.php(1188): CodeIgniter\View\View->render('admin/admissionwithdata', [], true)
 5 APPPATH\Controllers\NewController.php(1606): view('admin/admissionwithdata', [...])
 6 SYSTEMPATH\CodeIgniter.php(919): App\Controllers\NewController->admisionWithData('1')
 7 SYSTEMPATH\CodeIgniter.php(494): CodeIgniter\CodeIgniter->runController(Object(App\Controllers\NewController))
 8 SYSTEMPATH\CodeIgniter.php(353): CodeIgniter\CodeIgniter->handleRequest(null, Object(Config\Cache), false)
 9 FCPATH\index.php(79): CodeIgniter\CodeIgniter->run()
10 SYSTEMPATH\Commands\Server\rewrite.php(47): require_once('D:\\laragon\\www\\method-oldagehome\\public\\index.php')
CRITICAL - 2024-09-18 08:51:32 --> foreach() argument must be of type array|object, null given
in APPPATH\Views\admin\admissionwithdata.php on line 313.
 1 APPPATH\Views\admin\admissionwithdata.php(313): CodeIgniter\Debug\Exceptions->errorHandler(2, 'foreach() argument must be of type array|object, null given', 'D:\\laragon\\www\\method-oldagehome\\app\\Views\\admin\\admissionwithdata.php', 313)
 2 SYSTEMPATH\View\View.php(226): include('D:\\laragon\\www\\method-oldagehome\\app\\Views\\admin\\admissionwithdata.php')
 3 SYSTEMPATH\View\View.php(229): CodeIgniter\View\View->CodeIgniter\View\{closure}()
 4 SYSTEMPATH\Common.php(1188): CodeIgniter\View\View->render('admin/admissionwithdata', [], true)
 5 APPPATH\Controllers\NewController.php(1606): view('admin/admissionwithdata', [...])
 6 SYSTEMPATH\CodeIgniter.php(919): App\Controllers\NewController->admisionWithData('1')
 7 SYSTEMPATH\CodeIgniter.php(494): CodeIgniter\CodeIgniter->runController(Object(App\Controllers\NewController))
 8 SYSTEMPATH\CodeIgniter.php(353): CodeIgniter\CodeIgniter->handleRequest(null, Object(Config\Cache), false)
 9 FCPATH\index.php(79): CodeIgniter\CodeIgniter->run()
10 SYSTEMPATH\Commands\Server\rewrite.php(47): require_once('D:\\laragon\\www\\method-oldagehome\\public\\index.php')
CRITICAL - 2024-09-18 09:44:52 --> Undefined variable $contactCom
in APPPATH\Views\admin\addmissionWithDatapreviewtosave.php on line 208.
 1 APPPATH\Views\admin\addmissionWithDatapreviewtosave.php(208): CodeIgniter\Debug\Exceptions->errorHandler(2, 'Undefined variable $contactCom', 'D:\\laragon\\www\\method-oldagehome\\app\\Views\\admin\\addmissionWithDatapreviewtosave.php', 208)
 2 SYSTEMPATH\View\View.php(226): include('D:\\laragon\\www\\method-oldagehome\\app\\Views\\admin\\addmissionWithDatapreviewtosave.php')
 3 SYSTEMPATH\View\View.php(229): CodeIgniter\View\View->CodeIgniter\View\{closure}()
 4 SYSTEMPATH\Common.php(1188): CodeIgniter\View\View->render('admin/addmissionWithDatapreviewtosave', [], true)
 5 APPPATH\Controllers\NewController.php(1636): view('admin/addmissionWithDatapreviewtosave', [...])
 6 SYSTEMPATH\CodeIgniter.php(919): App\Controllers\NewController->addmissionWithDatapreviewtosave('101')
 7 SYSTEMPATH\CodeIgniter.php(494): CodeIgniter\CodeIgniter->runController(Object(App\Controllers\NewController))
 8 SYSTEMPATH\CodeIgniter.php(353): CodeIgniter\CodeIgniter->handleRequest(null, Object(Config\Cache), false)
 9 FCPATH\index.php(79): CodeIgniter\CodeIgniter->run()
10 SYSTEMPATH\Commands\Server\rewrite.php(47): require_once('D:\\laragon\\www\\method-oldagehome\\public\\index.php')
CRITICAL - 2024-09-18 09:45:25 --> Undefined variable $RelatinClient
in APPPATH\Views\admin\addmissionWithDatapreviewtosave.php on line 212.
 1 APPPATH\Views\admin\addmissionWithDatapreviewtosave.php(212): CodeIgniter\Debug\Exceptions->errorHandler(2, 'Undefined variable $RelatinClient', 'D:\\laragon\\www\\method-oldagehome\\app\\Views\\admin\\addmissionWithDatapreviewtosave.php', 212)
 2 SYSTEMPATH\View\View.php(226): include('D:\\laragon\\www\\method-oldagehome\\app\\Views\\admin\\addmissionWithDatapreviewtosave.php')
 3 SYSTEMPATH\View\View.php(229): CodeIgniter\View\View->CodeIgniter\View\{closure}()
 4 SYSTEMPATH\Common.php(1188): CodeIgniter\View\View->render('admin/addmissionWithDatapreviewtosave', [], true)
 5 APPPATH\Controllers\NewController.php(1637): view('admin/addmissionWithDatapreviewtosave', [...])
 6 SYSTEMPATH\CodeIgniter.php(919): App\Controllers\NewController->addmissionWithDatapreviewtosave('101')
 7 SYSTEMPATH\CodeIgniter.php(494): CodeIgniter\CodeIgniter->runController(Object(App\Controllers\NewController))
 8 SYSTEMPATH\CodeIgniter.php(353): CodeIgniter\CodeIgniter->handleRequest(null, Object(Config\Cache), false)
 9 FCPATH\index.php(79): CodeIgniter\CodeIgniter->run()
10 SYSTEMPATH\Commands\Server\rewrite.php(47): require_once('D:\\laragon\\www\\method-oldagehome\\public\\index.php')
