ERROR - 2024-10-11 07:05:27 --> mysqli_sql_exception: Unknown column 'usedonation.usersignId' in 'on clause' in D:\laragon\www\method-oldagehome\system\Database\MySQLi\Connection.php:306
Stack trace:
#0 D:\laragon\www\method-oldagehome\system\Database\MySQLi\Connection.php(306): mysqli->query('SELECT `user`.`...', 0)
#1 D:\laragon\www\method-oldagehome\system\Database\BaseConnection.php(692): CodeIgniter\Database\MySQLi\Connection->execute('SELECT `user`.`...')
#2 D:\laragon\www\method-oldagehome\system\Database\BaseConnection.php(606): CodeIgniter\Database\BaseConnection->simpleQuery('SELECT `user`.`...')
#3 D:\laragon\www\method-oldagehome\system\Database\BaseBuilder.php(1615): CodeIgniter\Database\BaseConnection->query('SELECT `user`.`...', Array, false)
#4 D:\laragon\www\method-oldagehome\system\Model.php(264): CodeIgniter\Database\BaseBuilder->get()
#5 D:\laragon\www\method-oldagehome\system\BaseModel.php(662): CodeIgniter\Model->doFirst()
#6 D:\laragon\www\method-oldagehome\app\Controllers\UserIdonateController.php(59): CodeIgniter\BaseModel->first()
#7 D:\laragon\www\method-oldagehome\system\CodeIgniter.php(919): App\Controllers\UserIdonateController->ReceivedMonetary()
#8 D:\laragon\www\method-oldagehome\system\CodeIgniter.php(494): CodeIgniter\CodeIgniter->runController(Object(App\Controllers\UserIdonateController))
#9 D:\laragon\www\method-oldagehome\system\CodeIgniter.php(353): CodeIgniter\CodeIgniter->handleRequest(NULL, Object(Config\Cache), false)
#10 D:\laragon\www\method-oldagehome\public\index.php(79): CodeIgniter\CodeIgniter->run()
#11 D:\laragon\www\method-oldagehome\system\Commands\Server\rewrite.php(47): require_once('D:\\laragon\\www\\...')
#12 {main}
CRITICAL - 2024-10-11 07:05:27 --> Unknown column 'usedonation.usersignId' in 'on clause'
in SYSTEMPATH\Database\BaseConnection.php on line 646.
 1 SYSTEMPATH\Database\BaseBuilder.php(1615): CodeIgniter\Database\BaseConnection->query('SELECT `user`.`Email`
FROM `userdonation`
JOIN `user` ON `user`.`userID` = `usedonation`.`usersignId`
WHERE `userdonation`.`id` = :userdonation.id:
 LIMIT 1', [...], false)
 2 SYSTEMPATH\Model.php(264): CodeIgniter\Database\BaseBuilder->get()
 3 SYSTEMPATH\BaseModel.php(662): CodeIgniter\Model->doFirst()
 4 APPPATH\Controllers\UserIdonateController.php(59): CodeIgniter\BaseModel->first()
 5 SYSTEMPATH\CodeIgniter.php(919): App\Controllers\UserIdonateController->ReceivedMonetary()
 6 SYSTEMPATH\CodeIgniter.php(494): CodeIgniter\CodeIgniter->runController(Object(App\Controllers\UserIdonateController))
 7 SYSTEMPATH\CodeIgniter.php(353): CodeIgniter\CodeIgniter->handleRequest(null, Object(Config\Cache), false)
 8 FCPATH\index.php(79): CodeIgniter\CodeIgniter->run()
 9 SYSTEMPATH\Commands\Server\rewrite.php(47): require_once('D:\\laragon\\www\\method-oldagehome\\public\\index.php')
ERROR - 2024-10-11 07:05:52 --> mysqli_sql_exception: Unknown column 'usedonation.usersignsId' in 'on clause' in D:\laragon\www\method-oldagehome\system\Database\MySQLi\Connection.php:306
Stack trace:
#0 D:\laragon\www\method-oldagehome\system\Database\MySQLi\Connection.php(306): mysqli->query('SELECT `user`.`...', 0)
#1 D:\laragon\www\method-oldagehome\system\Database\BaseConnection.php(692): CodeIgniter\Database\MySQLi\Connection->execute('SELECT `user`.`...')
#2 D:\laragon\www\method-oldagehome\system\Database\BaseConnection.php(606): CodeIgniter\Database\BaseConnection->simpleQuery('SELECT `user`.`...')
#3 D:\laragon\www\method-oldagehome\system\Database\BaseBuilder.php(1615): CodeIgniter\Database\BaseConnection->query('SELECT `user`.`...', Array, false)
#4 D:\laragon\www\method-oldagehome\system\Model.php(264): CodeIgniter\Database\BaseBuilder->get()
#5 D:\laragon\www\method-oldagehome\system\BaseModel.php(662): CodeIgniter\Model->doFirst()
#6 D:\laragon\www\method-oldagehome\app\Controllers\UserIdonateController.php(59): CodeIgniter\BaseModel->first()
#7 D:\laragon\www\method-oldagehome\system\CodeIgniter.php(919): App\Controllers\UserIdonateController->ReceivedMonetary()
#8 D:\laragon\www\method-oldagehome\system\CodeIgniter.php(494): CodeIgniter\CodeIgniter->runController(Object(App\Controllers\UserIdonateController))
#9 D:\laragon\www\method-oldagehome\system\CodeIgniter.php(353): CodeIgniter\CodeIgniter->handleRequest(NULL, Object(Config\Cache), false)
#10 D:\laragon\www\method-oldagehome\public\index.php(79): CodeIgniter\CodeIgniter->run()
#11 D:\laragon\www\method-oldagehome\system\Commands\Server\rewrite.php(47): require_once('D:\\laragon\\www\\...')
#12 {main}
CRITICAL - 2024-10-11 07:05:52 --> Unknown column 'usedonation.usersignsId' in 'on clause'
in SYSTEMPATH\Database\BaseConnection.php on line 646.
 1 SYSTEMPATH\Database\BaseBuilder.php(1615): CodeIgniter\Database\BaseConnection->query('SELECT `user`.`Email`
FROM `userdonation`
JOIN `user` ON `user`.`userID` = `usedonation`.`usersignsId`
WHERE `userdonation`.`id` = :userdonation.id:
 LIMIT 1', [...], false)
 2 SYSTEMPATH\Model.php(264): CodeIgniter\Database\BaseBuilder->get()
 3 SYSTEMPATH\BaseModel.php(662): CodeIgniter\Model->doFirst()
 4 APPPATH\Controllers\UserIdonateController.php(59): CodeIgniter\BaseModel->first()
 5 SYSTEMPATH\CodeIgniter.php(919): App\Controllers\UserIdonateController->ReceivedMonetary()
 6 SYSTEMPATH\CodeIgniter.php(494): CodeIgniter\CodeIgniter->runController(Object(App\Controllers\UserIdonateController))
 7 SYSTEMPATH\CodeIgniter.php(353): CodeIgniter\CodeIgniter->handleRequest(null, Object(Config\Cache), false)
 8 FCPATH\index.php(79): CodeIgniter\CodeIgniter->run()
 9 SYSTEMPATH\Commands\Server\rewrite.php(47): require_once('D:\\laragon\\www\\method-oldagehome\\public\\index.php')
CRITICAL - 2024-10-11 07:06:00 --> Too few arguments to function App\Controllers\UserIdonateController::sendEmailForDonation(), 1 passed in D:\laragon\www\method-oldagehome\app\Controllers\UserIdonateController.php on line 62 and exactly 2 expected
in APPPATH\Controllers\UserIdonateController.php on line 184.
 1 APPPATH\Controllers\UserIdonateController.php(62): App\Controllers\UserIdonateController->sendEmailForDonation('changeldc11@gmail.com')
 2 SYSTEMPATH\CodeIgniter.php(919): App\Controllers\UserIdonateController->ReceivedMonetary()
 3 SYSTEMPATH\CodeIgniter.php(494): CodeIgniter\CodeIgniter->runController(Object(App\Controllers\UserIdonateController))
 4 SYSTEMPATH\CodeIgniter.php(353): CodeIgniter\CodeIgniter->handleRequest(null, Object(Config\Cache), false)
 5 FCPATH\index.php(79): CodeIgniter\CodeIgniter->run()
 6 SYSTEMPATH\Commands\Server\rewrite.php(47): require_once('D:\\laragon\\www\\method-oldagehome\\public\\index.php')
CRITICAL - 2024-10-11 07:06:33 --> Too few arguments to function App\Controllers\UserIdonateController::sendEmailForDonation(), 1 passed in D:\laragon\www\method-oldagehome\app\Controllers\UserIdonateController.php on line 62 and exactly 2 expected
in APPPATH\Controllers\UserIdonateController.php on line 184.
 1 APPPATH\Controllers\UserIdonateController.php(62): App\Controllers\UserIdonateController->sendEmailForDonation('changeldc11@gmail.com')
 2 SYSTEMPATH\CodeIgniter.php(919): App\Controllers\UserIdonateController->ReceivedMonetary()
 3 SYSTEMPATH\CodeIgniter.php(494): CodeIgniter\CodeIgniter->runController(Object(App\Controllers\UserIdonateController))
 4 SYSTEMPATH\CodeIgniter.php(353): CodeIgniter\CodeIgniter->handleRequest(null, Object(Config\Cache), false)
 5 FCPATH\index.php(79): CodeIgniter\CodeIgniter->run()
 6 SYSTEMPATH\Commands\Server\rewrite.php(47): require_once('D:\\laragon\\www\\method-oldagehome\\public\\index.php')
CRITICAL - 2024-10-11 07:06:55 --> Too few arguments to function App\Controllers\UserIdonateController::sendEmailForDonation(), 1 passed in D:\laragon\www\method-oldagehome\app\Controllers\UserIdonateController.php on line 62 and exactly 2 expected
in APPPATH\Controllers\UserIdonateController.php on line 184.
 1 APPPATH\Controllers\UserIdonateController.php(62): App\Controllers\UserIdonateController->sendEmailForDonation('changeldc11@gmail.com')
 2 SYSTEMPATH\CodeIgniter.php(919): App\Controllers\UserIdonateController->ReceivedMonetary()
 3 SYSTEMPATH\CodeIgniter.php(494): CodeIgniter\CodeIgniter->runController(Object(App\Controllers\UserIdonateController))
 4 SYSTEMPATH\CodeIgniter.php(353): CodeIgniter\CodeIgniter->handleRequest(null, Object(Config\Cache), false)
 5 FCPATH\index.php(79): CodeIgniter\CodeIgniter->run()
 6 SYSTEMPATH\Commands\Server\rewrite.php(47): require_once('D:\\laragon\\www\\method-oldagehome\\public\\index.php')
CRITICAL - 2024-10-11 07:07:01 --> Too few arguments to function App\Controllers\UserIdonateController::sendEmailForDonation(), 1 passed in D:\laragon\www\method-oldagehome\app\Controllers\UserIdonateController.php on line 62 and exactly 2 expected
in APPPATH\Controllers\UserIdonateController.php on line 184.
 1 APPPATH\Controllers\UserIdonateController.php(62): App\Controllers\UserIdonateController->sendEmailForDonation('changeldc11@gmail.com')
 2 SYSTEMPATH\CodeIgniter.php(919): App\Controllers\UserIdonateController->ReceivedMonetary()
 3 SYSTEMPATH\CodeIgniter.php(494): CodeIgniter\CodeIgniter->runController(Object(App\Controllers\UserIdonateController))
 4 SYSTEMPATH\CodeIgniter.php(353): CodeIgniter\CodeIgniter->handleRequest(null, Object(Config\Cache), false)
 5 FCPATH\index.php(79): CodeIgniter\CodeIgniter->run()
 6 SYSTEMPATH\Commands\Server\rewrite.php(47): require_once('D:\\laragon\\www\\method-oldagehome\\public\\index.php')
CRITICAL - 2024-10-11 07:07:42 --> Too few arguments to function App\Controllers\UserIdonateController::sendEmailForDonation(), 1 passed in D:\laragon\www\method-oldagehome\app\Controllers\UserIdonateController.php on line 62 and exactly 2 expected
in APPPATH\Controllers\UserIdonateController.php on line 184.
 1 APPPATH\Controllers\UserIdonateController.php(62): App\Controllers\UserIdonateController->sendEmailForDonation('changeldc11@gmail.com')
 2 SYSTEMPATH\CodeIgniter.php(919): App\Controllers\UserIdonateController->ReceivedMonetary()
 3 SYSTEMPATH\CodeIgniter.php(494): CodeIgniter\CodeIgniter->runController(Object(App\Controllers\UserIdonateController))
 4 SYSTEMPATH\CodeIgniter.php(353): CodeIgniter\CodeIgniter->handleRequest(null, Object(Config\Cache), false)
 5 FCPATH\index.php(79): CodeIgniter\CodeIgniter->run()
 6 SYSTEMPATH\Commands\Server\rewrite.php(47): require_once('D:\\laragon\\www\\method-oldagehome\\public\\index.php')
CRITICAL - 2024-10-11 07:07:54 --> Undefined variable $token
in APPPATH\Controllers\UserIdonateController.php on line 75.
 1 APPPATH\Controllers\UserIdonateController.php(75): CodeIgniter\Debug\Exceptions->errorHandler(2, 'Undefined variable $token', 'D:\\laragon\\www\\method-oldagehome\\app\\Controllers\\UserIdonateController.php', 75)
 2 APPPATH\Controllers\UserIdonateController.php(62): App\Controllers\UserIdonateController->sendEmailReceived('changeldc11@gmail.com')
 3 SYSTEMPATH\CodeIgniter.php(919): App\Controllers\UserIdonateController->ReceivedMonetary()
 4 SYSTEMPATH\CodeIgniter.php(494): CodeIgniter\CodeIgniter->runController(Object(App\Controllers\UserIdonateController))
 5 SYSTEMPATH\CodeIgniter.php(353): CodeIgniter\CodeIgniter->handleRequest(null, Object(Config\Cache), false)
 6 FCPATH\index.php(79): CodeIgniter\CodeIgniter->run()
 7 SYSTEMPATH\Commands\Server\rewrite.php(47): require_once('D:\\laragon\\www\\method-oldagehome\\public\\index.php')
CRITICAL - 2024-10-11 07:37:10 --> Cannot use object of type App\Models\UsersModel as array
in APPPATH\Controllers\UserIdonateController.php on line 251.
 1 SYSTEMPATH\CodeIgniter.php(919): App\Controllers\UserIdonateController->sbmtInkindDonation()
 2 SYSTEMPATH\CodeIgniter.php(494): CodeIgniter\CodeIgniter->runController(Object(App\Controllers\UserIdonateController))
 3 SYSTEMPATH\CodeIgniter.php(353): CodeIgniter\CodeIgniter->handleRequest(null, Object(Config\Cache), false)
 4 FCPATH\index.php(79): CodeIgniter\CodeIgniter->run()
 5 SYSTEMPATH\Commands\Server\rewrite.php(47): require_once('D:\\laragon\\www\\method-oldagehome\\public\\index.php')
CRITICAL - 2024-10-11 07:48:41 --> Trying to access array offset on value of type null
in APPPATH\Controllers\UserIdonateController.php on line 384.
 1 APPPATH\Controllers\UserIdonateController.php(384): CodeIgniter\Debug\Exceptions->errorHandler(2, 'Trying to access array offset on value of type null', 'D:\\laragon\\www\\method-oldagehome\\app\\Controllers\\UserIdonateController.php', 384)
 2 SYSTEMPATH\CodeIgniter.php(919): App\Controllers\UserIdonateController->ReceivedInkind()
 3 SYSTEMPATH\CodeIgniter.php(494): CodeIgniter\CodeIgniter->runController(Object(App\Controllers\UserIdonateController))
 4 SYSTEMPATH\CodeIgniter.php(353): CodeIgniter\CodeIgniter->handleRequest(null, Object(Config\Cache), false)
 5 FCPATH\index.php(79): CodeIgniter\CodeIgniter->run()
 6 SYSTEMPATH\Commands\Server\rewrite.php(47): require_once('D:\\laragon\\www\\method-oldagehome\\public\\index.php')
ERROR - 2024-10-11 07:50:11 --> mysqli_sql_exception: Unknown column 'inkinddonation_tbl.id' in 'where clause' in D:\laragon\www\method-oldagehome\system\Database\MySQLi\Connection.php:306
Stack trace:
#0 D:\laragon\www\method-oldagehome\system\Database\MySQLi\Connection.php(306): mysqli->query('SELECT `user`.`...', 0)
#1 D:\laragon\www\method-oldagehome\system\Database\BaseConnection.php(692): CodeIgniter\Database\MySQLi\Connection->execute('SELECT `user`.`...')
#2 D:\laragon\www\method-oldagehome\system\Database\BaseConnection.php(606): CodeIgniter\Database\BaseConnection->simpleQuery('SELECT `user`.`...')
#3 D:\laragon\www\method-oldagehome\system\Database\BaseBuilder.php(1615): CodeIgniter\Database\BaseConnection->query('SELECT `user`.`...', Array, false)
#4 D:\laragon\www\method-oldagehome\system\Model.php(264): CodeIgniter\Database\BaseBuilder->get()
#5 D:\laragon\www\method-oldagehome\system\BaseModel.php(662): CodeIgniter\Model->doFirst()
#6 D:\laragon\www\method-oldagehome\app\Controllers\UserIdonateController.php(383): CodeIgniter\BaseModel->first()
#7 D:\laragon\www\method-oldagehome\system\CodeIgniter.php(919): App\Controllers\UserIdonateController->ReceivedInkind()
#8 D:\laragon\www\method-oldagehome\system\CodeIgniter.php(494): CodeIgniter\CodeIgniter->runController(Object(App\Controllers\UserIdonateController))
#9 D:\laragon\www\method-oldagehome\system\CodeIgniter.php(353): CodeIgniter\CodeIgniter->handleRequest(NULL, Object(Config\Cache), false)
#10 D:\laragon\www\method-oldagehome\public\index.php(79): CodeIgniter\CodeIgniter->run()
#11 D:\laragon\www\method-oldagehome\system\Commands\Server\rewrite.php(47): require_once('D:\\laragon\\www\\...')
#12 {main}
CRITICAL - 2024-10-11 07:50:11 --> Unknown column 'inkinddonation_tbl.id' in 'where clause'
in SYSTEMPATH\Database\BaseConnection.php on line 646.
 1 SYSTEMPATH\Database\BaseBuilder.php(1615): CodeIgniter\Database\BaseConnection->query('SELECT `user`.`Email`, `user`.`FirstName`
FROM `userdonation`
JOIN `user` ON `user`.`userID` = `inkinddonation_tbl`.`usersignsId`
WHERE `inkinddonation_tbl`.`id` = :inkinddonation_tbl.id:
 LIMIT 1', [...], false)
 2 SYSTEMPATH\Model.php(264): CodeIgniter\Database\BaseBuilder->get()
 3 SYSTEMPATH\BaseModel.php(662): CodeIgniter\Model->doFirst()
 4 APPPATH\Controllers\UserIdonateController.php(383): CodeIgniter\BaseModel->first()
 5 SYSTEMPATH\CodeIgniter.php(919): App\Controllers\UserIdonateController->ReceivedInkind()
 6 SYSTEMPATH\CodeIgniter.php(494): CodeIgniter\CodeIgniter->runController(Object(App\Controllers\UserIdonateController))
 7 SYSTEMPATH\CodeIgniter.php(353): CodeIgniter\CodeIgniter->handleRequest(null, Object(Config\Cache), false)
 8 FCPATH\index.php(79): CodeIgniter\CodeIgniter->run()
 9 SYSTEMPATH\Commands\Server\rewrite.php(47): require_once('D:\\laragon\\www\\method-oldagehome\\public\\index.php')
CRITICAL - 2024-10-11 08:19:13 --> Unsupported operand types: string + string
in APPPATH\Controllers\Main.php on line 74.
 1 SYSTEMPATH\CodeIgniter.php(919): App\Controllers\Main->product_edit('18')
 2 SYSTEMPATH\CodeIgniter.php(494): CodeIgniter\CodeIgniter->runController(Object(App\Controllers\Main))
 3 SYSTEMPATH\CodeIgniter.php(353): CodeIgniter\CodeIgniter->handleRequest(null, Object(Config\Cache), false)
 4 FCPATH\index.php(79): CodeIgniter\CodeIgniter->run()
 5 SYSTEMPATH\Commands\Server\rewrite.php(47): require_once('D:\\laragon\\www\\method-oldagehome\\public\\index.php')
CRITICAL - 2024-10-11 08:19:41 --> Unsupported operand types: string + string
in APPPATH\Controllers\Main.php on line 73.
 1 SYSTEMPATH\CodeIgniter.php(919): App\Controllers\Main->product_edit('18')
 2 SYSTEMPATH\CodeIgniter.php(494): CodeIgniter\CodeIgniter->runController(Object(App\Controllers\Main))
 3 SYSTEMPATH\CodeIgniter.php(353): CodeIgniter\CodeIgniter->handleRequest(null, Object(Config\Cache), false)
 4 FCPATH\index.php(79): CodeIgniter\CodeIgniter->run()
 5 SYSTEMPATH\Commands\Server\rewrite.php(47): require_once('D:\\laragon\\www\\method-oldagehome\\public\\index.php')
CRITICAL - 2024-10-11 08:20:47 --> Undefined variable $Prodpic
in APPPATH\Controllers\Main.php on line 72.
 1 APPPATH\Controllers\Main.php(72): CodeIgniter\Debug\Exceptions->errorHandler(2, 'Undefined variable $Prodpic', 'D:\\laragon\\www\\method-oldagehome\\app\\Controllers\\Main.php', 72)
 2 SYSTEMPATH\CodeIgniter.php(919): App\Controllers\Main->product_edit('18')
 3 SYSTEMPATH\CodeIgniter.php(494): CodeIgniter\CodeIgniter->runController(Object(App\Controllers\Main))
 4 SYSTEMPATH\CodeIgniter.php(353): CodeIgniter\CodeIgniter->handleRequest(null, Object(Config\Cache), false)
 5 FCPATH\index.php(79): CodeIgniter\CodeIgniter->run()
 6 SYSTEMPATH\Commands\Server\rewrite.php(47): require_once('D:\\laragon\\www\\method-oldagehome\\public\\index.php')
CRITICAL - 2024-10-11 08:20:56 --> Unsupported operand types: string + string
in APPPATH\Controllers\Main.php on line 74.
 1 SYSTEMPATH\CodeIgniter.php(919): App\Controllers\Main->product_edit('18')
 2 SYSTEMPATH\CodeIgniter.php(494): CodeIgniter\CodeIgniter->runController(Object(App\Controllers\Main))
 3 SYSTEMPATH\CodeIgniter.php(353): CodeIgniter\CodeIgniter->handleRequest(null, Object(Config\Cache), false)
 4 FCPATH\index.php(79): CodeIgniter\CodeIgniter->run()
 5 SYSTEMPATH\Commands\Server\rewrite.php(47): require_once('D:\\laragon\\www\\method-oldagehome\\public\\index.php')
CRITICAL - 2024-10-11 08:23:38 --> syntax error, unexpected token "else"
in APPPATH\Controllers\Main.php on line 82.
 1 SYSTEMPATH\Autoloader\Autoloader.php(285): CodeIgniter\Autoloader\Autoloader->includeFile('D:\\laragon\\www\\method-oldagehome\\app\\Controllers\\Main.php')
 2 SYSTEMPATH\Autoloader\Autoloader.php(263): CodeIgniter\Autoloader\Autoloader->loadInNamespace('App\\Controllers\\Main')
 3 [internal function]: CodeIgniter\Autoloader\Autoloader->loadClass('App\\Controllers\\Main')
 4 SYSTEMPATH\CodeIgniter.php(877): class_exists('\\App\\Controllers\\Main', true)
 5 SYSTEMPATH\CodeIgniter.php(481): CodeIgniter\CodeIgniter->startController()
 6 SYSTEMPATH\CodeIgniter.php(353): CodeIgniter\CodeIgniter->handleRequest(null, Object(Config\Cache), false)
 7 FCPATH\index.php(79): CodeIgniter\CodeIgniter->run()
 8 SYSTEMPATH\Commands\Server\rewrite.php(47): require_once('D:\\laragon\\www\\method-oldagehome\\public\\index.php')
