CRITICAL - 2024-04-13 12:57:22 --> Undefined property: App\Controllers\EventsController::$events
in APPPATH\Controllers\EventsController.php on line 153.
 1 APPPATH\Controllers\EventsController.php(153): CodeIgniter\Debug\Exceptions->errorHandler(2, 'Undefined property: App\\Controllers\\EventsController::$events', 'D:\\laragon\\www\\method-oldagehome\\app\\Controllers\\EventsController.php', 153)
 2 SYSTEMPATH\CodeIgniter.php(919): App\Controllers\EventsController->publishedevent()
 3 SYSTEMPATH\CodeIgniter.php(494): CodeIgniter\CodeIgniter->runController(Object(App\Controllers\EventsController))
 4 SYSTEMPATH\CodeIgniter.php(353): CodeIgniter\CodeIgniter->handleRequest(null, Object(Config\Cache), false)
 5 FCPATH\index.php(79): CodeIgniter\CodeIgniter->run()
 6 SYSTEMPATH\Commands\Server\rewrite.php(47): require_once('D:\\laragon\\www\\method-oldagehome\\public\\index.php')
CRITICAL - 2024-04-13 12:57:39 --> Undefined property: App\Controllers\EventsController::$events
in APPPATH\Controllers\EventsController.php on line 153.
 1 APPPATH\Controllers\EventsController.php(153): CodeIgniter\Debug\Exceptions->errorHandler(2, 'Undefined property: App\\Controllers\\EventsController::$events', 'D:\\laragon\\www\\method-oldagehome\\app\\Controllers\\EventsController.php', 153)
 2 SYSTEMPATH\CodeIgniter.php(919): App\Controllers\EventsController->publishedevent()
 3 SYSTEMPATH\CodeIgniter.php(494): CodeIgniter\CodeIgniter->runController(Object(App\Controllers\EventsController))
 4 SYSTEMPATH\CodeIgniter.php(353): CodeIgniter\CodeIgniter->handleRequest(null, Object(Config\Cache), false)
 5 FCPATH\index.php(79): CodeIgniter\CodeIgniter->run()
 6 SYSTEMPATH\Commands\Server\rewrite.php(47): require_once('D:\\laragon\\www\\method-oldagehome\\public\\index.php')
CRITICAL - 2024-04-13 12:57:44 --> Undefined property: App\Controllers\EventsController::$events
in APPPATH\Controllers\EventsController.php on line 153.
 1 APPPATH\Controllers\EventsController.php(153): CodeIgniter\Debug\Exceptions->errorHandler(2, 'Undefined property: App\\Controllers\\EventsController::$events', 'D:\\laragon\\www\\method-oldagehome\\app\\Controllers\\EventsController.php', 153)
 2 SYSTEMPATH\CodeIgniter.php(919): App\Controllers\EventsController->publishedevent()
 3 SYSTEMPATH\CodeIgniter.php(494): CodeIgniter\CodeIgniter->runController(Object(App\Controllers\EventsController))
 4 SYSTEMPATH\CodeIgniter.php(353): CodeIgniter\CodeIgniter->handleRequest(null, Object(Config\Cache), false)
 5 FCPATH\index.php(79): CodeIgniter\CodeIgniter->run()
 6 SYSTEMPATH\Commands\Server\rewrite.php(47): require_once('D:\\laragon\\www\\method-oldagehome\\public\\index.php')
CRITICAL - 2024-04-13 12:57:57 --> Undefined property: App\Controllers\EventsController::$events
in APPPATH\Controllers\EventsController.php on line 153.
 1 APPPATH\Controllers\EventsController.php(153): CodeIgniter\Debug\Exceptions->errorHandler(2, 'Undefined property: App\\Controllers\\EventsController::$events', 'D:\\laragon\\www\\method-oldagehome\\app\\Controllers\\EventsController.php', 153)
 2 SYSTEMPATH\CodeIgniter.php(919): App\Controllers\EventsController->publishedevent()
 3 SYSTEMPATH\CodeIgniter.php(494): CodeIgniter\CodeIgniter->runController(Object(App\Controllers\EventsController))
 4 SYSTEMPATH\CodeIgniter.php(353): CodeIgniter\CodeIgniter->handleRequest(null, Object(Config\Cache), false)
 5 FCPATH\index.php(79): CodeIgniter\CodeIgniter->run()
 6 SYSTEMPATH\Commands\Server\rewrite.php(47): require_once('D:\\laragon\\www\\method-oldagehome\\public\\index.php')
CRITICAL - 2024-04-13 12:58:12 --> Undefined array key "id"
in APPPATH\Views\dashboard\eventspublished.php on line 86.
 1 APPPATH\Views\dashboard\eventspublished.php(86): CodeIgniter\Debug\Exceptions->errorHandler(2, 'Undefined array key "id"', 'D:\\laragon\\www\\method-oldagehome\\app\\Views\\dashboard\\eventspublished.php', 86)
 2 SYSTEMPATH\View\View.php(226): include('D:\\laragon\\www\\method-oldagehome\\app\\Views\\dashboard\\eventspublished.php')
 3 SYSTEMPATH\View\View.php(229): CodeIgniter\View\View->CodeIgniter\View\{closure}()
 4 SYSTEMPATH\Common.php(1188): CodeIgniter\View\View->render('dashboard/eventspublished', [], true)
 5 APPPATH\Controllers\EventsController.php(154): view('dashboard/eventspublished', [...])
 6 SYSTEMPATH\CodeIgniter.php(919): App\Controllers\EventsController->publishedevent()
 7 SYSTEMPATH\CodeIgniter.php(494): CodeIgniter\CodeIgniter->runController(Object(App\Controllers\EventsController))
 8 SYSTEMPATH\CodeIgniter.php(353): CodeIgniter\CodeIgniter->handleRequest(null, Object(Config\Cache), false)
 9 FCPATH\index.php(79): CodeIgniter\CodeIgniter->run()
10 SYSTEMPATH\Commands\Server\rewrite.php(47): require_once('D:\\laragon\\www\\method-oldagehome\\public\\index.php')
CRITICAL - 2024-04-13 13:38:51 --> Undefined property: App\Controllers\EventsController::$events
in APPPATH\Controllers\EventsController.php on line 159.
 1 APPPATH\Controllers\EventsController.php(159): CodeIgniter\Debug\Exceptions->errorHandler(2, 'Undefined property: App\\Controllers\\EventsController::$events', 'D:\\laragon\\www\\method-oldagehome\\app\\Controllers\\EventsController.php', 159)
 2 SYSTEMPATH\CodeIgniter.php(919): App\Controllers\EventsController->eventsarchived()
 3 SYSTEMPATH\CodeIgniter.php(494): CodeIgniter\CodeIgniter->runController(Object(App\Controllers\EventsController))
 4 SYSTEMPATH\CodeIgniter.php(353): CodeIgniter\CodeIgniter->handleRequest(null, Object(Config\Cache), false)
 5 FCPATH\index.php(79): CodeIgniter\CodeIgniter->run()
 6 SYSTEMPATH\Commands\Server\rewrite.php(47): require_once('D:\\laragon\\www\\method-oldagehome\\public\\index.php')
CRITICAL - 2024-04-13 13:39:04 --> Undefined property: App\Controllers\EventsController::$events
in APPPATH\Controllers\EventsController.php on line 159.
 1 APPPATH\Controllers\EventsController.php(159): CodeIgniter\Debug\Exceptions->errorHandler(2, 'Undefined property: App\\Controllers\\EventsController::$events', 'D:\\laragon\\www\\method-oldagehome\\app\\Controllers\\EventsController.php', 159)
 2 SYSTEMPATH\CodeIgniter.php(919): App\Controllers\EventsController->eventsarchived()
 3 SYSTEMPATH\CodeIgniter.php(494): CodeIgniter\CodeIgniter->runController(Object(App\Controllers\EventsController))
 4 SYSTEMPATH\CodeIgniter.php(353): CodeIgniter\CodeIgniter->handleRequest(null, Object(Config\Cache), false)
 5 FCPATH\index.php(79): CodeIgniter\CodeIgniter->run()
 6 SYSTEMPATH\Commands\Server\rewrite.php(47): require_once('D:\\laragon\\www\\method-oldagehome\\public\\index.php')
CRITICAL - 2024-04-13 13:39:09 --> Undefined property: App\Controllers\EventsController::$events
in APPPATH\Controllers\EventsController.php on line 159.
 1 APPPATH\Controllers\EventsController.php(159): CodeIgniter\Debug\Exceptions->errorHandler(2, 'Undefined property: App\\Controllers\\EventsController::$events', 'D:\\laragon\\www\\method-oldagehome\\app\\Controllers\\EventsController.php', 159)
 2 SYSTEMPATH\CodeIgniter.php(919): App\Controllers\EventsController->eventsarchived()
 3 SYSTEMPATH\CodeIgniter.php(494): CodeIgniter\CodeIgniter->runController(Object(App\Controllers\EventsController))
 4 SYSTEMPATH\CodeIgniter.php(353): CodeIgniter\CodeIgniter->handleRequest(null, Object(Config\Cache), false)
 5 FCPATH\index.php(79): CodeIgniter\CodeIgniter->run()
 6 SYSTEMPATH\Commands\Server\rewrite.php(47): require_once('D:\\laragon\\www\\method-oldagehome\\public\\index.php')
CRITICAL - 2024-04-13 13:57:44 --> Call to undefined method App\Controllers\EventsController::eventDetails()
in APPPATH\Controllers\EventsController.php on line 167.
 1 SYSTEMPATH\CodeIgniter.php(919): App\Controllers\EventsController->EventPubArc()
 2 SYSTEMPATH\CodeIgniter.php(494): CodeIgniter\CodeIgniter->runController(Object(App\Controllers\EventsController))
 3 SYSTEMPATH\CodeIgniter.php(353): CodeIgniter\CodeIgniter->handleRequest(null, Object(Config\Cache), false)
 4 FCPATH\index.php(79): CodeIgniter\CodeIgniter->run()
 5 SYSTEMPATH\Commands\Server\rewrite.php(47): require_once('D:\\laragon\\www\\method-oldagehome\\public\\index.php')
CRITICAL - 2024-04-13 13:59:52 --> Call to undefined method App\Controllers\EventsController::eventDetails()
in APPPATH\Controllers\EventsController.php on line 167.
 1 SYSTEMPATH\CodeIgniter.php(919): App\Controllers\EventsController->EventPubArc()
 2 SYSTEMPATH\CodeIgniter.php(494): CodeIgniter\CodeIgniter->runController(Object(App\Controllers\EventsController))
 3 SYSTEMPATH\CodeIgniter.php(353): CodeIgniter\CodeIgniter->handleRequest(null, Object(Config\Cache), false)
 4 FCPATH\index.php(79): CodeIgniter\CodeIgniter->run()
 5 SYSTEMPATH\Commands\Server\rewrite.php(47): require_once('D:\\laragon\\www\\method-oldagehome\\public\\index.php')
CRITICAL - 2024-04-13 14:00:10 --> Call to undefined method App\Controllers\EventsController::eventDetails()
in APPPATH\Controllers\EventsController.php on line 167.
 1 SYSTEMPATH\CodeIgniter.php(919): App\Controllers\EventsController->EventPubArc()
 2 SYSTEMPATH\CodeIgniter.php(494): CodeIgniter\CodeIgniter->runController(Object(App\Controllers\EventsController))
 3 SYSTEMPATH\CodeIgniter.php(353): CodeIgniter\CodeIgniter->handleRequest(null, Object(Config\Cache), false)
 4 FCPATH\index.php(79): CodeIgniter\CodeIgniter->run()
 5 SYSTEMPATH\Commands\Server\rewrite.php(47): require_once('D:\\laragon\\www\\method-oldagehome\\public\\index.php')
CRITICAL - 2024-04-13 14:05:14 --> Undefined property: App\Controllers\EventsController::$newsevent
in APPPATH\Controllers\EventsController.php on line 174.
 1 APPPATH\Controllers\EventsController.php(174): CodeIgniter\Debug\Exceptions->errorHandler(2, 'Undefined property: App\\Controllers\\EventsController::$newsevent', 'D:\\laragon\\www\\method-oldagehome\\app\\Controllers\\EventsController.php', 174)
 2 APPPATH\Controllers\EventsController.php(167): App\Controllers\EventsController->EventPublishedArch('7')
 3 SYSTEMPATH\CodeIgniter.php(919): App\Controllers\EventsController->EventPubArc()
 4 SYSTEMPATH\CodeIgniter.php(494): CodeIgniter\CodeIgniter->runController(Object(App\Controllers\EventsController))
 5 SYSTEMPATH\CodeIgniter.php(353): CodeIgniter\CodeIgniter->handleRequest(null, Object(Config\Cache), false)
 6 FCPATH\index.php(79): CodeIgniter\CodeIgniter->run()
 7 SYSTEMPATH\Commands\Server\rewrite.php(47): require_once('D:\\laragon\\www\\method-oldagehome\\public\\index.php')
ERROR - 2024-04-13 14:06:18 --> mysqli_sql_exception: Unknown column 'id' in 'where clause' in D:\laragon\www\method-oldagehome\system\Database\MySQLi\Connection.php:306
Stack trace:
#0 D:\laragon\www\method-oldagehome\system\Database\MySQLi\Connection.php(306): mysqli->query('SELECT *\nFROM `...', 0)
#1 D:\laragon\www\method-oldagehome\system\Database\BaseConnection.php(692): CodeIgniter\Database\MySQLi\Connection->execute('SELECT *\nFROM `...')
#2 D:\laragon\www\method-oldagehome\system\Database\BaseConnection.php(606): CodeIgniter\Database\BaseConnection->simpleQuery('SELECT *\nFROM `...')
#3 D:\laragon\www\method-oldagehome\system\Database\BaseBuilder.php(1615): CodeIgniter\Database\BaseConnection->query('SELECT *\nFROM `...', Array, false)
#4 D:\laragon\www\method-oldagehome\system\Model.php(264): CodeIgniter\Database\BaseBuilder->get()
#5 D:\laragon\www\method-oldagehome\system\BaseModel.php(662): CodeIgniter\Model->doFirst()
#6 D:\laragon\www\method-oldagehome\app\Controllers\EventsController.php(174): CodeIgniter\BaseModel->first()
#7 D:\laragon\www\method-oldagehome\app\Controllers\EventsController.php(167): App\Controllers\EventsController->EventPublishedArch('7')
#8 D:\laragon\www\method-oldagehome\system\CodeIgniter.php(919): App\Controllers\EventsController->EventPubArc()
#9 D:\laragon\www\method-oldagehome\system\CodeIgniter.php(494): CodeIgniter\CodeIgniter->runController(Object(App\Controllers\EventsController))
#10 D:\laragon\www\method-oldagehome\system\CodeIgniter.php(353): CodeIgniter\CodeIgniter->handleRequest(NULL, Object(Config\Cache), false)
#11 D:\laragon\www\method-oldagehome\public\index.php(79): CodeIgniter\CodeIgniter->run()
#12 D:\laragon\www\method-oldagehome\system\Commands\Server\rewrite.php(47): require_once('D:\\laragon\\www\\...')
#13 {main}
CRITICAL - 2024-04-13 14:06:18 --> Unknown column 'id' in 'where clause'
in SYSTEMPATH\Database\BaseConnection.php on line 646.
 1 SYSTEMPATH\Database\BaseBuilder.php(1615): CodeIgniter\Database\BaseConnection->query('SELECT *
FROM `events`
WHERE `id` = :id:
 LIMIT 1', [...], false)
 2 SYSTEMPATH\Model.php(264): CodeIgniter\Database\BaseBuilder->get()
 3 SYSTEMPATH\BaseModel.php(662): CodeIgniter\Model->doFirst()
 4 APPPATH\Controllers\EventsController.php(174): CodeIgniter\BaseModel->first()
 5 APPPATH\Controllers\EventsController.php(167): App\Controllers\EventsController->EventPublishedArch('7')
 6 SYSTEMPATH\CodeIgniter.php(919): App\Controllers\EventsController->EventPubArc()
 7 SYSTEMPATH\CodeIgniter.php(494): CodeIgniter\CodeIgniter->runController(Object(App\Controllers\EventsController))
 8 SYSTEMPATH\CodeIgniter.php(353): CodeIgniter\CodeIgniter->handleRequest(null, Object(Config\Cache), false)
 9 FCPATH\index.php(79): CodeIgniter\CodeIgniter->run()
10 SYSTEMPATH\Commands\Server\rewrite.php(47): require_once('D:\\laragon\\www\\method-oldagehome\\public\\index.php')
CRITICAL - 2024-04-13 14:06:39 --> Undefined property: App\Controllers\EventsController::$newsevent
in APPPATH\Controllers\EventsController.php on line 183.
 1 APPPATH\Controllers\EventsController.php(183): CodeIgniter\Debug\Exceptions->errorHandler(2, 'Undefined property: App\\Controllers\\EventsController::$newsevent', 'D:\\laragon\\www\\method-oldagehome\\app\\Controllers\\EventsController.php', 183)
 2 APPPATH\Controllers\EventsController.php(168): App\Controllers\EventsController->updateMyEvePublished([...])
 3 SYSTEMPATH\CodeIgniter.php(919): App\Controllers\EventsController->EventPubArc()
 4 SYSTEMPATH\CodeIgniter.php(494): CodeIgniter\CodeIgniter->runController(Object(App\Controllers\EventsController))
 5 SYSTEMPATH\CodeIgniter.php(353): CodeIgniter\CodeIgniter->handleRequest(null, Object(Config\Cache), false)
 6 FCPATH\index.php(79): CodeIgniter\CodeIgniter->run()
 7 SYSTEMPATH\Commands\Server\rewrite.php(47): require_once('D:\\laragon\\www\\method-oldagehome\\public\\index.php')
CRITICAL - 2024-04-13 14:06:50 --> Call to undefined method App\Models\EventsModel::updateEve
in SYSTEMPATH\Model.php on line 873.
 1 APPPATH\Controllers\EventsController.php(183): CodeIgniter\Model->__call('updateEve', [...])
 2 APPPATH\Controllers\EventsController.php(168): App\Controllers\EventsController->updateMyEvePublished([...])
 3 SYSTEMPATH\CodeIgniter.php(919): App\Controllers\EventsController->EventPubArc()
 4 SYSTEMPATH\CodeIgniter.php(494): CodeIgniter\CodeIgniter->runController(Object(App\Controllers\EventsController))
 5 SYSTEMPATH\CodeIgniter.php(353): CodeIgniter\CodeIgniter->handleRequest(null, Object(Config\Cache), false)
 6 FCPATH\index.php(79): CodeIgniter\CodeIgniter->run()
 7 SYSTEMPATH\Commands\Server\rewrite.php(47): require_once('D:\\laragon\\www\\method-oldagehome\\public\\index.php')
CRITICAL - 2024-04-13 14:16:29 --> Trying to access array offset on value of type null
in APPPATH\Views\dashboard\editevents.php on line 51.
 1 APPPATH\Views\dashboard\editevents.php(51): CodeIgniter\Debug\Exceptions->errorHandler(2, 'Trying to access array offset on value of type null', 'D:\\laragon\\www\\method-oldagehome\\app\\Views\\dashboard\\editevents.php', 51)
 2 SYSTEMPATH\View\View.php(226): include('D:\\laragon\\www\\method-oldagehome\\app\\Views\\dashboard\\editevents.php')
 3 SYSTEMPATH\View\View.php(229): CodeIgniter\View\View->CodeIgniter\View\{closure}()
 4 SYSTEMPATH\Common.php(1188): CodeIgniter\View\View->render('dashboard/editevents', [], true)
 5 APPPATH\Controllers\EventsController.php(87): view('dashboard/editevents', [...])
 6 SYSTEMPATH\CodeIgniter.php(919): App\Controllers\EventsController->update('vendors', 'js', 'vendor.bundle.base.js')
 7 SYSTEMPATH\CodeIgniter.php(494): CodeIgniter\CodeIgniter->runController(Object(App\Controllers\EventsController))
 8 SYSTEMPATH\CodeIgniter.php(353): CodeIgniter\CodeIgniter->handleRequest(null, Object(Config\Cache), false)
 9 FCPATH\index.php(79): CodeIgniter\CodeIgniter->run()
10 SYSTEMPATH\Commands\Server\rewrite.php(47): require_once('D:\\laragon\\www\\method-oldagehome\\public\\index.php')
CRITICAL - 2024-04-13 14:16:30 --> Trying to access array offset on value of type null
in APPPATH\Views\dashboard\editevents.php on line 51.
 1 APPPATH\Views\dashboard\editevents.php(51): CodeIgniter\Debug\Exceptions->errorHandler(2, 'Trying to access array offset on value of type null', 'D:\\laragon\\www\\method-oldagehome\\app\\Views\\dashboard\\editevents.php', 51)
 2 SYSTEMPATH\View\View.php(226): include('D:\\laragon\\www\\method-oldagehome\\app\\Views\\dashboard\\editevents.php')
 3 SYSTEMPATH\View\View.php(229): CodeIgniter\View\View->CodeIgniter\View\{closure}()
 4 SYSTEMPATH\Common.php(1188): CodeIgniter\View\View->render('dashboard/editevents', [], true)
 5 APPPATH\Controllers\EventsController.php(87): view('dashboard/editevents', [...])
 6 SYSTEMPATH\CodeIgniter.php(919): App\Controllers\EventsController->update('js', 'off-canvas.js')
 7 SYSTEMPATH\CodeIgniter.php(494): CodeIgniter\CodeIgniter->runController(Object(App\Controllers\EventsController))
 8 SYSTEMPATH\CodeIgniter.php(353): CodeIgniter\CodeIgniter->handleRequest(null, Object(Config\Cache), false)
 9 FCPATH\index.php(79): CodeIgniter\CodeIgniter->run()
10 SYSTEMPATH\Commands\Server\rewrite.php(47): require_once('D:\\laragon\\www\\method-oldagehome\\public\\index.php')
CRITICAL - 2024-04-13 14:16:30 --> Trying to access array offset on value of type null
in APPPATH\Views\dashboard\editevents.php on line 51.
 1 APPPATH\Views\dashboard\editevents.php(51): CodeIgniter\Debug\Exceptions->errorHandler(2, 'Trying to access array offset on value of type null', 'D:\\laragon\\www\\method-oldagehome\\app\\Views\\dashboard\\editevents.php', 51)
 2 SYSTEMPATH\View\View.php(226): include('D:\\laragon\\www\\method-oldagehome\\app\\Views\\dashboard\\editevents.php')
 3 SYSTEMPATH\View\View.php(229): CodeIgniter\View\View->CodeIgniter\View\{closure}()
 4 SYSTEMPATH\Common.php(1188): CodeIgniter\View\View->render('dashboard/editevents', [], true)
 5 APPPATH\Controllers\EventsController.php(87): view('dashboard/editevents', [...])
 6 SYSTEMPATH\CodeIgniter.php(919): App\Controllers\EventsController->update('js', 'hoverable-collapse.js')
 7 SYSTEMPATH\CodeIgniter.php(494): CodeIgniter\CodeIgniter->runController(Object(App\Controllers\EventsController))
 8 SYSTEMPATH\CodeIgniter.php(353): CodeIgniter\CodeIgniter->handleRequest(null, Object(Config\Cache), false)
 9 FCPATH\index.php(79): CodeIgniter\CodeIgniter->run()
10 SYSTEMPATH\Commands\Server\rewrite.php(47): require_once('D:\\laragon\\www\\method-oldagehome\\public\\index.php')
CRITICAL - 2024-04-13 14:16:30 --> Trying to access array offset on value of type null
in APPPATH\Views\dashboard\editevents.php on line 51.
 1 APPPATH\Views\dashboard\editevents.php(51): CodeIgniter\Debug\Exceptions->errorHandler(2, 'Trying to access array offset on value of type null', 'D:\\laragon\\www\\method-oldagehome\\app\\Views\\dashboard\\editevents.php', 51)
 2 SYSTEMPATH\View\View.php(226): include('D:\\laragon\\www\\method-oldagehome\\app\\Views\\dashboard\\editevents.php')
 3 SYSTEMPATH\View\View.php(229): CodeIgniter\View\View->CodeIgniter\View\{closure}()
 4 SYSTEMPATH\Common.php(1188): CodeIgniter\View\View->render('dashboard/editevents', [], true)
 5 APPPATH\Controllers\EventsController.php(87): view('dashboard/editevents', [...])
 6 SYSTEMPATH\CodeIgniter.php(919): App\Controllers\EventsController->update('js', 'template.js')
 7 SYSTEMPATH\CodeIgniter.php(494): CodeIgniter\CodeIgniter->runController(Object(App\Controllers\EventsController))
 8 SYSTEMPATH\CodeIgniter.php(353): CodeIgniter\CodeIgniter->handleRequest(null, Object(Config\Cache), false)
 9 FCPATH\index.php(79): CodeIgniter\CodeIgniter->run()
10 SYSTEMPATH\Commands\Server\rewrite.php(47): require_once('D:\\laragon\\www\\method-oldagehome\\public\\index.php')
CRITICAL - 2024-04-13 14:16:30 --> Trying to access array offset on value of type null
in APPPATH\Views\dashboard\editevents.php on line 51.
 1 APPPATH\Views\dashboard\editevents.php(51): CodeIgniter\Debug\Exceptions->errorHandler(2, 'Trying to access array offset on value of type null', 'D:\\laragon\\www\\method-oldagehome\\app\\Views\\dashboard\\editevents.php', 51)
 2 SYSTEMPATH\View\View.php(226): include('D:\\laragon\\www\\method-oldagehome\\app\\Views\\dashboard\\editevents.php')
 3 SYSTEMPATH\View\View.php(229): CodeIgniter\View\View->CodeIgniter\View\{closure}()
 4 SYSTEMPATH\Common.php(1188): CodeIgniter\View\View->render('dashboard/editevents', [], true)
 5 APPPATH\Controllers\EventsController.php(87): view('dashboard/editevents', [...])
 6 SYSTEMPATH\CodeIgniter.php(919): App\Controllers\EventsController->update('js', 'settings.js')
 7 SYSTEMPATH\CodeIgniter.php(494): CodeIgniter\CodeIgniter->runController(Object(App\Controllers\EventsController))
 8 SYSTEMPATH\CodeIgniter.php(353): CodeIgniter\CodeIgniter->handleRequest(null, Object(Config\Cache), false)
 9 FCPATH\index.php(79): CodeIgniter\CodeIgniter->run()
10 SYSTEMPATH\Commands\Server\rewrite.php(47): require_once('D:\\laragon\\www\\method-oldagehome\\public\\index.php')
CRITICAL - 2024-04-13 14:16:30 --> Trying to access array offset on value of type null
in APPPATH\Views\dashboard\editevents.php on line 51.
 1 APPPATH\Views\dashboard\editevents.php(51): CodeIgniter\Debug\Exceptions->errorHandler(2, 'Trying to access array offset on value of type null', 'D:\\laragon\\www\\method-oldagehome\\app\\Views\\dashboard\\editevents.php', 51)
 2 SYSTEMPATH\View\View.php(226): include('D:\\laragon\\www\\method-oldagehome\\app\\Views\\dashboard\\editevents.php')
 3 SYSTEMPATH\View\View.php(229): CodeIgniter\View\View->CodeIgniter\View\{closure}()
 4 SYSTEMPATH\Common.php(1188): CodeIgniter\View\View->render('dashboard/editevents', [], true)
 5 APPPATH\Controllers\EventsController.php(87): view('dashboard/editevents', [...])
 6 SYSTEMPATH\CodeIgniter.php(919): App\Controllers\EventsController->update('js', 'todolist.js')
 7 SYSTEMPATH\CodeIgniter.php(494): CodeIgniter\CodeIgniter->runController(Object(App\Controllers\EventsController))
 8 SYSTEMPATH\CodeIgniter.php(353): CodeIgniter\CodeIgniter->handleRequest(null, Object(Config\Cache), false)
 9 FCPATH\index.php(79): CodeIgniter\CodeIgniter->run()
10 SYSTEMPATH\Commands\Server\rewrite.php(47): require_once('D:\\laragon\\www\\method-oldagehome\\public\\index.php')
CRITICAL - 2024-04-13 14:16:30 --> Trying to access array offset on value of type null
in APPPATH\Views\dashboard\editevents.php on line 51.
 1 APPPATH\Views\dashboard\editevents.php(51): CodeIgniter\Debug\Exceptions->errorHandler(2, 'Trying to access array offset on value of type null', 'D:\\laragon\\www\\method-oldagehome\\app\\Views\\dashboard\\editevents.php', 51)
 2 SYSTEMPATH\View\View.php(226): include('D:\\laragon\\www\\method-oldagehome\\app\\Views\\dashboard\\editevents.php')
 3 SYSTEMPATH\View\View.php(229): CodeIgniter\View\View->CodeIgniter\View\{closure}()
 4 SYSTEMPATH\Common.php(1188): CodeIgniter\View\View->render('dashboard/editevents', [], true)
 5 APPPATH\Controllers\EventsController.php(87): view('dashboard/editevents', [...])
 6 SYSTEMPATH\CodeIgniter.php(919): App\Controllers\EventsController->update('vendors', 'typeahead.js', 'typeahead.bundle.min.js')
 7 SYSTEMPATH\CodeIgniter.php(494): CodeIgniter\CodeIgniter->runController(Object(App\Controllers\EventsController))
 8 SYSTEMPATH\CodeIgniter.php(353): CodeIgniter\CodeIgniter->handleRequest(null, Object(Config\Cache), false)
 9 FCPATH\index.php(79): CodeIgniter\CodeIgniter->run()
10 SYSTEMPATH\Commands\Server\rewrite.php(47): require_once('D:\\laragon\\www\\method-oldagehome\\public\\index.php')
CRITICAL - 2024-04-13 14:16:30 --> Trying to access array offset on value of type null
in APPPATH\Views\dashboard\editevents.php on line 51.
 1 APPPATH\Views\dashboard\editevents.php(51): CodeIgniter\Debug\Exceptions->errorHandler(2, 'Trying to access array offset on value of type null', 'D:\\laragon\\www\\method-oldagehome\\app\\Views\\dashboard\\editevents.php', 51)
 2 SYSTEMPATH\View\View.php(226): include('D:\\laragon\\www\\method-oldagehome\\app\\Views\\dashboard\\editevents.php')
 3 SYSTEMPATH\View\View.php(229): CodeIgniter\View\View->CodeIgniter\View\{closure}()
 4 SYSTEMPATH\Common.php(1188): CodeIgniter\View\View->render('dashboard/editevents', [], true)
 5 APPPATH\Controllers\EventsController.php(87): view('dashboard/editevents', [...])
 6 SYSTEMPATH\CodeIgniter.php(919): App\Controllers\EventsController->update('vendors', 'select2', 'select2.min.js')
 7 SYSTEMPATH\CodeIgniter.php(494): CodeIgniter\CodeIgniter->runController(Object(App\Controllers\EventsController))
 8 SYSTEMPATH\CodeIgniter.php(353): CodeIgniter\CodeIgniter->handleRequest(null, Object(Config\Cache), false)
 9 FCPATH\index.php(79): CodeIgniter\CodeIgniter->run()
10 SYSTEMPATH\Commands\Server\rewrite.php(47): require_once('D:\\laragon\\www\\method-oldagehome\\public\\index.php')
CRITICAL - 2024-04-13 14:16:30 --> Trying to access array offset on value of type null
in APPPATH\Views\dashboard\editevents.php on line 51.
 1 APPPATH\Views\dashboard\editevents.php(51): CodeIgniter\Debug\Exceptions->errorHandler(2, 'Trying to access array offset on value of type null', 'D:\\laragon\\www\\method-oldagehome\\app\\Views\\dashboard\\editevents.php', 51)
 2 SYSTEMPATH\View\View.php(226): include('D:\\laragon\\www\\method-oldagehome\\app\\Views\\dashboard\\editevents.php')
 3 SYSTEMPATH\View\View.php(229): CodeIgniter\View\View->CodeIgniter\View\{closure}()
 4 SYSTEMPATH\Common.php(1188): CodeIgniter\View\View->render('dashboard/editevents', [], true)
 5 APPPATH\Controllers\EventsController.php(87): view('dashboard/editevents', [...])
 6 SYSTEMPATH\CodeIgniter.php(919): App\Controllers\EventsController->update('js', 'file-upload.js')
 7 SYSTEMPATH\CodeIgniter.php(494): CodeIgniter\CodeIgniter->runController(Object(App\Controllers\EventsController))
 8 SYSTEMPATH\CodeIgniter.php(353): CodeIgniter\CodeIgniter->handleRequest(null, Object(Config\Cache), false)
 9 FCPATH\index.php(79): CodeIgniter\CodeIgniter->run()
10 SYSTEMPATH\Commands\Server\rewrite.php(47): require_once('D:\\laragon\\www\\method-oldagehome\\public\\index.php')
CRITICAL - 2024-04-13 14:16:30 --> Trying to access array offset on value of type null
in APPPATH\Views\dashboard\editevents.php on line 51.
 1 APPPATH\Views\dashboard\editevents.php(51): CodeIgniter\Debug\Exceptions->errorHandler(2, 'Trying to access array offset on value of type null', 'D:\\laragon\\www\\method-oldagehome\\app\\Views\\dashboard\\editevents.php', 51)
 2 SYSTEMPATH\View\View.php(226): include('D:\\laragon\\www\\method-oldagehome\\app\\Views\\dashboard\\editevents.php')
 3 SYSTEMPATH\View\View.php(229): CodeIgniter\View\View->CodeIgniter\View\{closure}()
 4 SYSTEMPATH\Common.php(1188): CodeIgniter\View\View->render('dashboard/editevents', [], true)
 5 APPPATH\Controllers\EventsController.php(87): view('dashboard/editevents', [...])
 6 SYSTEMPATH\CodeIgniter.php(919): App\Controllers\EventsController->update('js', 'typeahead.js')
 7 SYSTEMPATH\CodeIgniter.php(494): CodeIgniter\CodeIgniter->runController(Object(App\Controllers\EventsController))
 8 SYSTEMPATH\CodeIgniter.php(353): CodeIgniter\CodeIgniter->handleRequest(null, Object(Config\Cache), false)
 9 FCPATH\index.php(79): CodeIgniter\CodeIgniter->run()
10 SYSTEMPATH\Commands\Server\rewrite.php(47): require_once('D:\\laragon\\www\\method-oldagehome\\public\\index.php')
CRITICAL - 2024-04-13 14:16:31 --> Trying to access array offset on value of type null
in APPPATH\Views\dashboard\editevents.php on line 51.
 1 APPPATH\Views\dashboard\editevents.php(51): CodeIgniter\Debug\Exceptions->errorHandler(2, 'Trying to access array offset on value of type null', 'D:\\laragon\\www\\method-oldagehome\\app\\Views\\dashboard\\editevents.php', 51)
 2 SYSTEMPATH\View\View.php(226): include('D:\\laragon\\www\\method-oldagehome\\app\\Views\\dashboard\\editevents.php')
 3 SYSTEMPATH\View\View.php(229): CodeIgniter\View\View->CodeIgniter\View\{closure}()
 4 SYSTEMPATH\Common.php(1188): CodeIgniter\View\View->render('dashboard/editevents', [], true)
 5 APPPATH\Controllers\EventsController.php(87): view('dashboard/editevents', [...])
 6 SYSTEMPATH\CodeIgniter.php(919): App\Controllers\EventsController->update('js', 'select2.js')
 7 SYSTEMPATH\CodeIgniter.php(494): CodeIgniter\CodeIgniter->runController(Object(App\Controllers\EventsController))
 8 SYSTEMPATH\CodeIgniter.php(353): CodeIgniter\CodeIgniter->handleRequest(null, Object(Config\Cache), false)
 9 FCPATH\index.php(79): CodeIgniter\CodeIgniter->run()
10 SYSTEMPATH\Commands\Server\rewrite.php(47): require_once('D:\\laragon\\www\\method-oldagehome\\public\\index.php')
CRITICAL - 2024-04-13 17:10:31 --> Undefined variable $reservedDates
in APPPATH\Views\admin\userbooking.php on line 132.
 1 APPPATH\Views\admin\userbooking.php(132): CodeIgniter\Debug\Exceptions->errorHandler(2, 'Undefined variable $reservedDates', 'D:\\laragon\\www\\method-oldagehome\\app\\Views\\admin\\userbooking.php', 132)
 2 SYSTEMPATH\View\View.php(226): include('D:\\laragon\\www\\method-oldagehome\\app\\Views\\admin\\userbooking.php')
 3 SYSTEMPATH\View\View.php(229): CodeIgniter\View\View->CodeIgniter\View\{closure}()
 4 SYSTEMPATH\Common.php(1188): CodeIgniter\View\View->render('admin/userbooking', [], true)
 5 APPPATH\Controllers\UserbookingController.php(58): view('admin/userbooking', [...])
 6 SYSTEMPATH\CodeIgniter.php(919): App\Controllers\UserbookingController->bookchecked()
 7 SYSTEMPATH\CodeIgniter.php(494): CodeIgniter\CodeIgniter->runController(Object(App\Controllers\UserbookingController))
 8 SYSTEMPATH\CodeIgniter.php(353): CodeIgniter\CodeIgniter->handleRequest(null, Object(Config\Cache), false)
 9 FCPATH\index.php(79): CodeIgniter\CodeIgniter->run()
10 SYSTEMPATH\Commands\Server\rewrite.php(47): require_once('D:\\laragon\\www\\method-oldagehome\\public\\index.php')
CRITICAL - 2024-04-13 17:12:42 --> Undefined property: App\Controllers\UserbookingController::$admevent
in APPPATH\Controllers\UserbookingController.php on line 65.
 1 APPPATH\Controllers\UserbookingController.php(65): CodeIgniter\Debug\Exceptions->errorHandler(2, 'Undefined property: App\\Controllers\\UserbookingController::$admevent', 'D:\\laragon\\www\\method-oldagehome\\app\\Controllers\\UserbookingController.php', 65)
 2 APPPATH\Controllers\UserbookingController.php(58): App\Controllers\UserbookingController->getReservationDates()
 3 SYSTEMPATH\CodeIgniter.php(919): App\Controllers\UserbookingController->bookchecked()
 4 SYSTEMPATH\CodeIgniter.php(494): CodeIgniter\CodeIgniter->runController(Object(App\Controllers\UserbookingController))
 5 SYSTEMPATH\CodeIgniter.php(353): CodeIgniter\CodeIgniter->handleRequest(null, Object(Config\Cache), false)
 6 FCPATH\index.php(79): CodeIgniter\CodeIgniter->run()
 7 SYSTEMPATH\Commands\Server\rewrite.php(47): require_once('D:\\laragon\\www\\method-oldagehome\\public\\index.php')
CRITICAL - 2024-04-13 17:13:36 --> Undefined array key "reserved_date"
in APPPATH\Controllers\UserbookingController.php on line 72.
 1 APPPATH\Controllers\UserbookingController.php(72): CodeIgniter\Debug\Exceptions->errorHandler(2, 'Undefined array key "reserved_date"', 'D:\\laragon\\www\\method-oldagehome\\app\\Controllers\\UserbookingController.php', 72)
 2 APPPATH\Controllers\UserbookingController.php(60): App\Controllers\UserbookingController->getReservationDates()
 3 SYSTEMPATH\CodeIgniter.php(919): App\Controllers\UserbookingController->bookchecked()
 4 SYSTEMPATH\CodeIgniter.php(494): CodeIgniter\CodeIgniter->runController(Object(App\Controllers\UserbookingController))
 5 SYSTEMPATH\CodeIgniter.php(353): CodeIgniter\CodeIgniter->handleRequest(null, Object(Config\Cache), false)
 6 FCPATH\index.php(79): CodeIgniter\CodeIgniter->run()
 7 SYSTEMPATH\Commands\Server\rewrite.php(47): require_once('D:\\laragon\\www\\method-oldagehome\\public\\index.php')
ERROR - 2024-04-13 17:48:34 --> mysqli_sql_exception: Unknown column 'Start_date' in 'field list' in D:\laragon\www\method-oldagehome\system\Database\MySQLi\Connection.php:306
Stack trace:
#0 D:\laragon\www\method-oldagehome\system\Database\MySQLi\Connection.php(306): mysqli->query('SELECT `Start_d...', 0)
#1 D:\laragon\www\method-oldagehome\system\Database\BaseConnection.php(692): CodeIgniter\Database\MySQLi\Connection->execute('SELECT `Start_d...')
#2 D:\laragon\www\method-oldagehome\system\Database\BaseConnection.php(606): CodeIgniter\Database\BaseConnection->simpleQuery('SELECT `Start_d...')
#3 D:\laragon\www\method-oldagehome\system\Database\BaseBuilder.php(1615): CodeIgniter\Database\BaseConnection->query('SELECT `Start_d...', Array, false)
#4 D:\laragon\www\method-oldagehome\system\Model.php(237): CodeIgniter\Database\BaseBuilder->get()
#5 D:\laragon\www\method-oldagehome\system\BaseModel.php(624): CodeIgniter\Model->doFindAll(0, 0)
#6 D:\laragon\www\method-oldagehome\app\Controllers\UserbookingController.php(67): CodeIgniter\BaseModel->findAll()
#7 D:\laragon\www\method-oldagehome\app\Controllers\UserbookingController.php(60): App\Controllers\UserbookingController->getReservationDates()
#8 D:\laragon\www\method-oldagehome\system\CodeIgniter.php(919): App\Controllers\UserbookingController->bookchecked()
#9 D:\laragon\www\method-oldagehome\system\CodeIgniter.php(494): CodeIgniter\CodeIgniter->runController(Object(App\Controllers\UserbookingController))
#10 D:\laragon\www\method-oldagehome\system\CodeIgniter.php(353): CodeIgniter\CodeIgniter->handleRequest(NULL, Object(Config\Cache), false)
#11 D:\laragon\www\method-oldagehome\public\index.php(79): CodeIgniter\CodeIgniter->run()
#12 D:\laragon\www\method-oldagehome\system\Commands\Server\rewrite.php(47): require_once('D:\\laragon\\www\\...')
#13 {main}
CRITICAL - 2024-04-13 17:48:34 --> Unknown column 'Start_date' in 'field list'
in SYSTEMPATH\Database\BaseConnection.php on line 646.
 1 SYSTEMPATH\Database\BaseBuilder.php(1615): CodeIgniter\Database\BaseConnection->query('SELECT `Start_date`
FROM `userbooking`', [], false)
 2 SYSTEMPATH\Model.php(237): CodeIgniter\Database\BaseBuilder->get()
 3 SYSTEMPATH\BaseModel.php(624): CodeIgniter\Model->doFindAll(0, 0)
 4 APPPATH\Controllers\UserbookingController.php(67): CodeIgniter\BaseModel->findAll()
 5 APPPATH\Controllers\UserbookingController.php(60): App\Controllers\UserbookingController->getReservationDates()
 6 SYSTEMPATH\CodeIgniter.php(919): App\Controllers\UserbookingController->bookchecked()
 7 SYSTEMPATH\CodeIgniter.php(494): CodeIgniter\CodeIgniter->runController(Object(App\Controllers\UserbookingController))
 8 SYSTEMPATH\CodeIgniter.php(353): CodeIgniter\CodeIgniter->handleRequest(null, Object(Config\Cache), false)
 9 FCPATH\index.php(79): CodeIgniter\CodeIgniter->run()
10 SYSTEMPATH\Commands\Server\rewrite.php(47): require_once('D:\\laragon\\www\\method-oldagehome\\public\\index.php')
CRITICAL - 2024-04-13 18:05:35 --> syntax error, unexpected variable "$routes"
in APPPATH\Config\Routes.php on line 105.
 1 SYSTEMPATH\CodeIgniter.php(787): CodeIgniter\Router\RouteCollection->loadRoutes()
 2 SYSTEMPATH\CodeIgniter.php(442): CodeIgniter\CodeIgniter->tryToRouteIt(null)
 3 SYSTEMPATH\CodeIgniter.php(353): CodeIgniter\CodeIgniter->handleRequest(null, Object(Config\Cache), false)
 4 FCPATH\index.php(79): CodeIgniter\CodeIgniter->run()
 5 SYSTEMPATH\Commands\Server\rewrite.php(47): require_once('D:\\laragon\\www\\method-oldagehome\\public\\index.php')
CRITICAL - 2024-04-13 18:05:36 --> syntax error, unexpected variable "$routes"
in APPPATH\Config\Routes.php on line 105.
 1 SYSTEMPATH\CodeIgniter.php(787): CodeIgniter\Router\RouteCollection->loadRoutes()
 2 SYSTEMPATH\CodeIgniter.php(442): CodeIgniter\CodeIgniter->tryToRouteIt(null)
 3 SYSTEMPATH\CodeIgniter.php(353): CodeIgniter\CodeIgniter->handleRequest(null, Object(Config\Cache), false)
 4 FCPATH\index.php(79): CodeIgniter\CodeIgniter->run()
 5 SYSTEMPATH\Commands\Server\rewrite.php(47): require_once('D:\\laragon\\www\\method-oldagehome\\public\\index.php')
CRITICAL - 2024-04-13 18:05:37 --> syntax error, unexpected single-quoted string ""
in APPPATH\Config\Routes.php on line 102.
 1 SYSTEMPATH\CodeIgniter.php(787): CodeIgniter\Router\RouteCollection->loadRoutes()
 2 SYSTEMPATH\CodeIgniter.php(442): CodeIgniter\CodeIgniter->tryToRouteIt(null)
 3 SYSTEMPATH\CodeIgniter.php(353): CodeIgniter\CodeIgniter->handleRequest(null, Object(Config\Cache), false)
 4 FCPATH\index.php(79): CodeIgniter\CodeIgniter->run()
 5 SYSTEMPATH\Commands\Server\rewrite.php(47): require_once('D:\\laragon\\www\\method-oldagehome\\public\\index.php')
CRITICAL - 2024-04-13 18:06:16 --> Call to undefined method App\Models\BookingModel::getReservedDateRanges
in SYSTEMPATH\Model.php on line 873.
 1 APPPATH\Controllers\UserbookingController.php(106): CodeIgniter\Model->__call('getReservedDateRanges', [])
 2 SYSTEMPATH\CodeIgniter.php(919): App\Controllers\UserbookingController->reserveEventDate()
 3 SYSTEMPATH\CodeIgniter.php(494): CodeIgniter\CodeIgniter->runController(Object(App\Controllers\UserbookingController))
 4 SYSTEMPATH\CodeIgniter.php(353): CodeIgniter\CodeIgniter->handleRequest(null, Object(Config\Cache), false)
 5 FCPATH\index.php(79): CodeIgniter\CodeIgniter->run()
 6 SYSTEMPATH\Commands\Server\rewrite.php(47): require_once('D:\\laragon\\www\\method-oldagehome\\public\\index.php')
CRITICAL - 2024-04-13 18:09:59 --> Undefined variable $reservationModel
in APPPATH\Controllers\UserbookingController.php on line 109.
 1 APPPATH\Controllers\UserbookingController.php(109): CodeIgniter\Debug\Exceptions->errorHandler(2, 'Undefined variable $reservationModel', 'D:\\laragon\\www\\method-oldagehome\\app\\Controllers\\UserbookingController.php', 109)
 2 SYSTEMPATH\CodeIgniter.php(919): App\Controllers\UserbookingController->reserveEventDate()
 3 SYSTEMPATH\CodeIgniter.php(494): CodeIgniter\CodeIgniter->runController(Object(App\Controllers\UserbookingController))
 4 SYSTEMPATH\CodeIgniter.php(353): CodeIgniter\CodeIgniter->handleRequest(null, Object(Config\Cache), false)
 5 FCPATH\index.php(79): CodeIgniter\CodeIgniter->run()
 6 SYSTEMPATH\Commands\Server\rewrite.php(47): require_once('D:\\laragon\\www\\method-oldagehome\\public\\index.php')
CRITICAL - 2024-04-13 18:10:18 --> Undefined variable $conflict
in APPPATH\Controllers\UserbookingController.php on line 112.
 1 APPPATH\Controllers\UserbookingController.php(112): CodeIgniter\Debug\Exceptions->errorHandler(2, 'Undefined variable $conflict', 'D:\\laragon\\www\\method-oldagehome\\app\\Controllers\\UserbookingController.php', 112)
 2 SYSTEMPATH\CodeIgniter.php(919): App\Controllers\UserbookingController->reserveEventDate()
 3 SYSTEMPATH\CodeIgniter.php(494): CodeIgniter\CodeIgniter->runController(Object(App\Controllers\UserbookingController))
 4 SYSTEMPATH\CodeIgniter.php(353): CodeIgniter\CodeIgniter->handleRequest(null, Object(Config\Cache), false)
 5 FCPATH\index.php(79): CodeIgniter\CodeIgniter->run()
 6 SYSTEMPATH\Commands\Server\rewrite.php(47): require_once('D:\\laragon\\www\\method-oldagehome\\public\\index.php')
CRITICAL - 2024-04-13 18:11:21 --> Undefined variable $endDate
in APPPATH\Controllers\UserbookingController.php on line 97.
 1 APPPATH\Controllers\UserbookingController.php(97): CodeIgniter\Debug\Exceptions->errorHandler(2, 'Undefined variable $endDate', 'D:\\laragon\\www\\method-oldagehome\\app\\Controllers\\UserbookingController.php', 97)
 2 APPPATH\Controllers\UserbookingController.php(110): App\Controllers\UserbookingController->getReservedDateRanges()
 3 SYSTEMPATH\CodeIgniter.php(919): App\Controllers\UserbookingController->reserveEventDate()
 4 SYSTEMPATH\CodeIgniter.php(494): CodeIgniter\CodeIgniter->runController(Object(App\Controllers\UserbookingController))
 5 SYSTEMPATH\CodeIgniter.php(353): CodeIgniter\CodeIgniter->handleRequest(null, Object(Config\Cache), false)
 6 FCPATH\index.php(79): CodeIgniter\CodeIgniter->run()
 7 SYSTEMPATH\Commands\Server\rewrite.php(47): require_once('D:\\laragon\\www\\method-oldagehome\\public\\index.php')
CRITICAL - 2024-04-13 18:12:05 --> Undefined variable $existingReservation
in APPPATH\Controllers\UserbookingController.php on line 113.
 1 APPPATH\Controllers\UserbookingController.php(113): CodeIgniter\Debug\Exceptions->errorHandler(2, 'Undefined variable $existingReservation', 'D:\\laragon\\www\\method-oldagehome\\app\\Controllers\\UserbookingController.php', 113)
 2 SYSTEMPATH\CodeIgniter.php(919): App\Controllers\UserbookingController->reserveEventDate()
 3 SYSTEMPATH\CodeIgniter.php(494): CodeIgniter\CodeIgniter->runController(Object(App\Controllers\UserbookingController))
 4 SYSTEMPATH\CodeIgniter.php(353): CodeIgniter\CodeIgniter->handleRequest(null, Object(Config\Cache), false)
 5 FCPATH\index.php(79): CodeIgniter\CodeIgniter->run()
 6 SYSTEMPATH\Commands\Server\rewrite.php(47): require_once('D:\\laragon\\www\\method-oldagehome\\public\\index.php')
CRITICAL - 2024-04-13 18:17:02 --> Too few arguments to function App\Controllers\UserbookingController::getReservedDateRanges(), 0 passed in D:\laragon\www\method-oldagehome\app\Controllers\UserbookingController.php on line 106 and exactly 2 expected
in APPPATH\Controllers\UserbookingController.php on line 92.
 1 APPPATH\Controllers\UserbookingController.php(106): App\Controllers\UserbookingController->getReservedDateRanges()
 2 SYSTEMPATH\CodeIgniter.php(919): App\Controllers\UserbookingController->reserveEventDate()
 3 SYSTEMPATH\CodeIgniter.php(494): CodeIgniter\CodeIgniter->runController(Object(App\Controllers\UserbookingController))
 4 SYSTEMPATH\CodeIgniter.php(353): CodeIgniter\CodeIgniter->handleRequest(null, Object(Config\Cache), false)
 5 FCPATH\index.php(79): CodeIgniter\CodeIgniter->run()
 6 SYSTEMPATH\Commands\Server\rewrite.php(47): require_once('D:\\laragon\\www\\method-oldagehome\\public\\index.php')
CRITICAL - 2024-04-13 18:20:14 --> Cannot access offset of type string on string
in APPPATH\Controllers\UserbookingController.php on line 97.
 1 APPPATH\Controllers\UserbookingController.php(110): App\Controllers\UserbookingController->getReservedDateRanges('2024-05-29T02:17', '2024-05-22T02:17')
 2 SYSTEMPATH\CodeIgniter.php(919): App\Controllers\UserbookingController->reserveEventDate()
 3 SYSTEMPATH\CodeIgniter.php(494): CodeIgniter\CodeIgniter->runController(Object(App\Controllers\UserbookingController))
 4 SYSTEMPATH\CodeIgniter.php(353): CodeIgniter\CodeIgniter->handleRequest(null, Object(Config\Cache), false)
 5 FCPATH\index.php(79): CodeIgniter\CodeIgniter->run()
 6 SYSTEMPATH\Commands\Server\rewrite.php(47): require_once('D:\\laragon\\www\\method-oldagehome\\public\\index.php')
CRITICAL - 2024-04-13 18:20:32 --> Cannot access offset of type string on string
in APPPATH\Controllers\UserbookingController.php on line 97.
 1 APPPATH\Controllers\UserbookingController.php(110): App\Controllers\UserbookingController->getReservedDateRanges('2024-05-29T02:17', '2024-05-22T02:17')
 2 SYSTEMPATH\CodeIgniter.php(919): App\Controllers\UserbookingController->reserveEventDate()
 3 SYSTEMPATH\CodeIgniter.php(494): CodeIgniter\CodeIgniter->runController(Object(App\Controllers\UserbookingController))
 4 SYSTEMPATH\CodeIgniter.php(353): CodeIgniter\CodeIgniter->handleRequest(null, Object(Config\Cache), false)
 5 FCPATH\index.php(79): CodeIgniter\CodeIgniter->run()
 6 SYSTEMPATH\Commands\Server\rewrite.php(47): require_once('D:\\laragon\\www\\method-oldagehome\\public\\index.php')
CRITICAL - 2024-04-13 18:27:50 --> Call to undefined method CodeIgniter\Log\Logger::getLogger()
in APPPATH\Controllers\UserbookingController.php on line 124.
 1 SYSTEMPATH\CodeIgniter.php(919): App\Controllers\UserbookingController->reserveEventDate()
 2 SYSTEMPATH\CodeIgniter.php(494): CodeIgniter\CodeIgniter->runController(Object(App\Controllers\UserbookingController))
 3 SYSTEMPATH\CodeIgniter.php(353): CodeIgniter\CodeIgniter->handleRequest(null, Object(Config\Cache), false)
 4 FCPATH\index.php(79): CodeIgniter\CodeIgniter->run()
 5 SYSTEMPATH\Commands\Server\rewrite.php(47): require_once('D:\\laragon\\www\\method-oldagehome\\public\\index.php')
CRITICAL - 2024-04-13 18:29:12 --> Call to undefined function App\Controllers\logger()
in APPPATH\Controllers\UserbookingController.php on line 124.
 1 SYSTEMPATH\CodeIgniter.php(919): App\Controllers\UserbookingController->reserveEventDate()
 2 SYSTEMPATH\CodeIgniter.php(494): CodeIgniter\CodeIgniter->runController(Object(App\Controllers\UserbookingController))
 3 SYSTEMPATH\CodeIgniter.php(353): CodeIgniter\CodeIgniter->handleRequest(null, Object(Config\Cache), false)
 4 FCPATH\index.php(79): CodeIgniter\CodeIgniter->run()
 5 SYSTEMPATH\Commands\Server\rewrite.php(47): require_once('D:\\laragon\\www\\method-oldagehome\\public\\index.php')
CRITICAL - 2024-04-13 18:30:21 --> Undefined variable $logger
in APPPATH\Controllers\UserbookingController.php on line 21.
 1 APPPATH\Controllers\UserbookingController.php(21): CodeIgniter\Debug\Exceptions->errorHandler(2, 'Undefined variable $logger', 'D:\\laragon\\www\\method-oldagehome\\app\\Controllers\\UserbookingController.php', 21)
 2 SYSTEMPATH\CodeIgniter.php(891): App\Controllers\UserbookingController->__construct()
 3 SYSTEMPATH\CodeIgniter.php(485): CodeIgniter\CodeIgniter->createController()
 4 SYSTEMPATH\CodeIgniter.php(353): CodeIgniter\CodeIgniter->handleRequest(null, Object(Config\Cache), false)
 5 FCPATH\index.php(79): CodeIgniter\CodeIgniter->run()
 6 SYSTEMPATH\Commands\Server\rewrite.php(47): require_once('D:\\laragon\\www\\method-oldagehome\\public\\index.php')
CRITICAL - 2024-04-13 18:30:42 --> Too few arguments to function App\Controllers\UserbookingController::__construct(), 0 passed in D:\laragon\www\method-oldagehome\system\CodeIgniter.php on line 891 and exactly 1 expected
in APPPATH\Controllers\UserbookingController.php on line 16.
 1 SYSTEMPATH\CodeIgniter.php(891): App\Controllers\UserbookingController->__construct()
 2 SYSTEMPATH\CodeIgniter.php(485): CodeIgniter\CodeIgniter->createController()
 3 SYSTEMPATH\CodeIgniter.php(353): CodeIgniter\CodeIgniter->handleRequest(null, Object(Config\Cache), false)
 4 FCPATH\index.php(79): CodeIgniter\CodeIgniter->run()
 5 SYSTEMPATH\Commands\Server\rewrite.php(47): require_once('D:\\laragon\\www\\method-oldagehome\\public\\index.php')
CRITICAL - 2024-04-13 18:31:22 --> Cannot instantiate interface Psr\Log\LoggerInterface
in APPPATH\Controllers\UserbookingController.php on line 22.
 1 SYSTEMPATH\CodeIgniter.php(891): App\Controllers\UserbookingController->__construct()
 2 SYSTEMPATH\CodeIgniter.php(485): CodeIgniter\CodeIgniter->createController()
 3 SYSTEMPATH\CodeIgniter.php(353): CodeIgniter\CodeIgniter->handleRequest(null, Object(Config\Cache), false)
 4 FCPATH\index.php(79): CodeIgniter\CodeIgniter->run()
 5 SYSTEMPATH\Commands\Server\rewrite.php(47): require_once('D:\\laragon\\www\\method-oldagehome\\public\\index.php')
CRITICAL - 2024-04-13 18:31:42 --> Class "App\Controllers\Psr\Log\LoggerInterface" not found
in APPPATH\Controllers\UserbookingController.php on line 22.
 1 SYSTEMPATH\CodeIgniter.php(891): App\Controllers\UserbookingController->__construct()
 2 SYSTEMPATH\CodeIgniter.php(485): CodeIgniter\CodeIgniter->createController()
 3 SYSTEMPATH\CodeIgniter.php(353): CodeIgniter\CodeIgniter->handleRequest(null, Object(Config\Cache), false)
 4 FCPATH\index.php(79): CodeIgniter\CodeIgniter->run()
 5 SYSTEMPATH\Commands\Server\rewrite.php(47): require_once('D:\\laragon\\www\\method-oldagehome\\public\\index.php')
CRITICAL - 2024-04-13 18:31:49 --> Cannot instantiate interface Psr\Log\LoggerInterface
in APPPATH\Controllers\UserbookingController.php on line 22.
 1 SYSTEMPATH\CodeIgniter.php(891): App\Controllers\UserbookingController->__construct()
 2 SYSTEMPATH\CodeIgniter.php(485): CodeIgniter\CodeIgniter->createController()
 3 SYSTEMPATH\CodeIgniter.php(353): CodeIgniter\CodeIgniter->handleRequest(null, Object(Config\Cache), false)
 4 FCPATH\index.php(79): CodeIgniter\CodeIgniter->run()
 5 SYSTEMPATH\Commands\Server\rewrite.php(47): require_once('D:\\laragon\\www\\method-oldagehome\\public\\index.php')
CRITICAL - 2024-04-13 18:31:53 --> Cannot instantiate interface Psr\Log\LoggerInterface
in APPPATH\Controllers\UserbookingController.php on line 22.
 1 SYSTEMPATH\CodeIgniter.php(891): App\Controllers\UserbookingController->__construct()
 2 SYSTEMPATH\CodeIgniter.php(485): CodeIgniter\CodeIgniter->createController()
 3 SYSTEMPATH\CodeIgniter.php(353): CodeIgniter\CodeIgniter->handleRequest(null, Object(Config\Cache), false)
 4 FCPATH\index.php(79): CodeIgniter\CodeIgniter->run()
 5 SYSTEMPATH\Commands\Server\rewrite.php(47): require_once('D:\\laragon\\www\\method-oldagehome\\public\\index.php')
CRITICAL - 2024-04-13 18:32:28 --> Access level to App\Controllers\UserbookingController::$logger must be protected (as in class CodeIgniter\Controller) or weaker
in APPPATH\Controllers\UserbookingController.php on line 10.
 1 [internal function]: CodeIgniter\Debug\Exceptions->shutdownHandler()
CRITICAL - 2024-04-13 18:32:44 --> Access level to App\Controllers\UserbookingController::$logger must be protected (as in class CodeIgniter\Controller) or weaker
in APPPATH\Controllers\UserbookingController.php on line 10.
 1 [internal function]: CodeIgniter\Debug\Exceptions->shutdownHandler()
CRITICAL - 2024-04-13 18:33:25 --> Call to undefined method App\Models\BookingModel::getReservedDateRanges
in SYSTEMPATH\Model.php on line 873.
 1 APPPATH\Controllers\UserbookingController.php(106): CodeIgniter\Model->__call('getReservedDateRanges', [])
 2 SYSTEMPATH\CodeIgniter.php(919): App\Controllers\UserbookingController->reserveEventDate()
 3 SYSTEMPATH\CodeIgniter.php(494): CodeIgniter\CodeIgniter->runController(Object(App\Controllers\UserbookingController))
 4 SYSTEMPATH\CodeIgniter.php(353): CodeIgniter\CodeIgniter->handleRequest(null, Object(Config\Cache), false)
 5 FCPATH\index.php(79): CodeIgniter\CodeIgniter->run()
 6 SYSTEMPATH\Commands\Server\rewrite.php(47): require_once('D:\\laragon\\www\\method-oldagehome\\public\\index.php')
CRITICAL - 2024-04-13 18:33:30 --> Call to undefined method App\Models\BookingModel::getReservedDateRanges
in SYSTEMPATH\Model.php on line 873.
 1 APPPATH\Controllers\UserbookingController.php(106): CodeIgniter\Model->__call('getReservedDateRanges', [])
 2 SYSTEMPATH\CodeIgniter.php(919): App\Controllers\UserbookingController->reserveEventDate()
 3 SYSTEMPATH\CodeIgniter.php(494): CodeIgniter\CodeIgniter->runController(Object(App\Controllers\UserbookingController))
 4 SYSTEMPATH\CodeIgniter.php(353): CodeIgniter\CodeIgniter->handleRequest(null, Object(Config\Cache), false)
 5 FCPATH\index.php(79): CodeIgniter\CodeIgniter->run()
 6 SYSTEMPATH\Commands\Server\rewrite.php(47): require_once('D:\\laragon\\www\\method-oldagehome\\public\\index.php')
