CRITICAL - 2024-02-14 13:16:46 --> Undefined variable $tblscdetails
in APPPATH\Views\dashboard\managescdetails.php on line 59.
 1 APPPATH\Views\dashboard\managescdetails.php(59): CodeIgniter\Debug\Exceptions->errorHandler(2, 'Undefined variable $tblscdetails', 'C:\\laragon\\www\\method-oldagehome\\app\\Views\\dashboard\\managescdetails.php', 59)
 2 SYSTEMPATH\View\View.php(226): include('C:\\laragon\\www\\method-oldagehome\\app\\Views\\dashboard\\managescdetails.php')
 3 SYSTEMPATH\View\View.php(229): CodeIgniter\View\View->CodeIgniter\View\{closure}()
 4 SYSTEMPATH\Common.php(1188): CodeIgniter\View\View->render('dashboard/managescdetails', [], true)
 5 APPPATH\Controllers\ViewController.php(79): view('dashboard/managescdetails')
 6 SYSTEMPATH\CodeIgniter.php(919): App\Controllers\ViewController->managescdetails()
 7 SYSTEMPATH\CodeIgniter.php(494): CodeIgniter\CodeIgniter->runController(Object(App\Controllers\ViewController))
 8 SYSTEMPATH\CodeIgniter.php(353): CodeIgniter\CodeIgniter->handleRequest(null, Object(Config\Cache), false)
 9 FCPATH\index.php(79): CodeIgniter\CodeIgniter->run()
10 SYSTEMPATH\Commands\Server\rewrite.php(47): require_once('C:\\laragon\\www\\method-oldagehome\\public\\index.php')
CRITICAL - 2024-02-14 13:18:00 --> Undefined variable $tblscdetails
in APPPATH\Views\dashboard\managescdetails.php on line 59.
 1 APPPATH\Views\dashboard\managescdetails.php(59): CodeIgniter\Debug\Exceptions->errorHandler(2, 'Undefined variable $tblscdetails', 'C:\\laragon\\www\\method-oldagehome\\app\\Views\\dashboard\\managescdetails.php', 59)
 2 SYSTEMPATH\View\View.php(226): include('C:\\laragon\\www\\method-oldagehome\\app\\Views\\dashboard\\managescdetails.php')
 3 SYSTEMPATH\View\View.php(229): CodeIgniter\View\View->CodeIgniter\View\{closure}()
 4 SYSTEMPATH\Common.php(1188): CodeIgniter\View\View->render('dashboard/managescdetails', [], true)
 5 APPPATH\Controllers\ViewController.php(79): view('dashboard/managescdetails')
 6 SYSTEMPATH\CodeIgniter.php(919): App\Controllers\ViewController->managescdetails()
 7 SYSTEMPATH\CodeIgniter.php(494): CodeIgniter\CodeIgniter->runController(Object(App\Controllers\ViewController))
 8 SYSTEMPATH\CodeIgniter.php(353): CodeIgniter\CodeIgniter->handleRequest(null, Object(Config\Cache), false)
 9 FCPATH\index.php(79): CodeIgniter\CodeIgniter->run()
10 SYSTEMPATH\Commands\Server\rewrite.php(47): require_once('C:\\laragon\\www\\method-oldagehome\\public\\index.php')
CRITICAL - 2024-02-14 14:16:27 --> Undefined variable $main
in APPPATH\Views\dashboard\managescdetails.php on line 59.
 1 APPPATH\Views\dashboard\managescdetails.php(59): CodeIgniter\Debug\Exceptions->errorHandler(2, 'Undefined variable $main', 'C:\\laragon\\www\\method-oldagehome\\app\\Views\\dashboard\\managescdetails.php', 59)
 2 SYSTEMPATH\View\View.php(226): include('C:\\laragon\\www\\method-oldagehome\\app\\Views\\dashboard\\managescdetails.php')
 3 SYSTEMPATH\View\View.php(229): CodeIgniter\View\View->CodeIgniter\View\{closure}()
 4 SYSTEMPATH\Common.php(1188): CodeIgniter\View\View->render('dashboard/managescdetails', [], true)
 5 APPPATH\Controllers\ViewController.php(79): view('dashboard/managescdetails')
 6 SYSTEMPATH\CodeIgniter.php(919): App\Controllers\ViewController->managescdetails()
 7 SYSTEMPATH\CodeIgniter.php(494): CodeIgniter\CodeIgniter->runController(Object(App\Controllers\ViewController))
 8 SYSTEMPATH\CodeIgniter.php(353): CodeIgniter\CodeIgniter->handleRequest(null, Object(Config\Cache), false)
 9 FCPATH\index.php(79): CodeIgniter\CodeIgniter->run()
10 SYSTEMPATH\Commands\Server\rewrite.php(47): require_once('C:\\laragon\\www\\method-oldagehome\\public\\index.php')
CRITICAL - 2024-02-14 14:38:24 --> Invalid file: "managescdetails.php"
in SYSTEMPATH\Exceptions\FrameworkException.php on line 39.
 1 SYSTEMPATH\View\View.php(214): CodeIgniter\Exceptions\FrameworkException::forInvalidFile('managescdetails.php')
 2 SYSTEMPATH\Common.php(1188): CodeIgniter\View\View->render('managescdetails', [], true)
 3 APPPATH\Controllers\NewController.php(14): view('managescdetails', [...])
 4 SYSTEMPATH\CodeIgniter.php(919): App\Controllers\NewController->test()
 5 SYSTEMPATH\CodeIgniter.php(494): CodeIgniter\CodeIgniter->runController(Object(App\Controllers\NewController))
 6 SYSTEMPATH\CodeIgniter.php(353): CodeIgniter\CodeIgniter->handleRequest(null, Object(Config\Cache), false)
 7 FCPATH\index.php(79): CodeIgniter\CodeIgniter->run()
 8 SYSTEMPATH\Commands\Server\rewrite.php(47): require_once('C:\\laragon\\www\\method-oldagehome\\public\\index.php')
CRITICAL - 2024-02-14 14:39:33 --> Undefined array key "DateBirtd"
in APPPATH\Views\dashboard\managescdetails.php on line 63.
 1 APPPATH\Views\dashboard\managescdetails.php(63): CodeIgniter\Debug\Exceptions->errorHandler(2, 'Undefined array key "DateBirtd"', 'C:\\laragon\\www\\method-oldagehome\\app\\Views\\dashboard\\managescdetails.php', 63)
 2 SYSTEMPATH\View\View.php(226): include('C:\\laragon\\www\\method-oldagehome\\app\\Views\\dashboard\\managescdetails.php')
 3 SYSTEMPATH\View\View.php(229): CodeIgniter\View\View->CodeIgniter\View\{closure}()
 4 SYSTEMPATH\Common.php(1188): CodeIgniter\View\View->render('dashboard/managescdetails', [], true)
 5 APPPATH\Controllers\NewController.php(14): view('dashboard/managescdetails', [...])
 6 SYSTEMPATH\CodeIgniter.php(919): App\Controllers\NewController->test()
 7 SYSTEMPATH\CodeIgniter.php(494): CodeIgniter\CodeIgniter->runController(Object(App\Controllers\NewController))
 8 SYSTEMPATH\CodeIgniter.php(353): CodeIgniter\CodeIgniter->handleRequest(null, Object(Config\Cache), false)
 9 FCPATH\index.php(79): CodeIgniter\CodeIgniter->run()
10 SYSTEMPATH\Commands\Server\rewrite.php(47): require_once('C:\\laragon\\www\\method-oldagehome\\public\\index.php')
CRITICAL - 2024-02-14 14:56:02 --> Invalid file: "managescdetails.php"
in SYSTEMPATH\Exceptions\FrameworkException.php on line 39.
 1 SYSTEMPATH\View\View.php(214): CodeIgniter\Exceptions\FrameworkException::forInvalidFile('managescdetails.php')
 2 SYSTEMPATH\Common.php(1188): CodeIgniter\View\View->render('managescdetails', [], true)
 3 APPPATH\Controllers\NewController.php(49): view('managescdetails', [...])
 4 SYSTEMPATH\CodeIgniter.php(919): App\Controllers\NewController->update('2')
 5 SYSTEMPATH\CodeIgniter.php(494): CodeIgniter\CodeIgniter->runController(Object(App\Controllers\NewController))
 6 SYSTEMPATH\CodeIgniter.php(353): CodeIgniter\CodeIgniter->handleRequest(null, Object(Config\Cache), false)
 7 FCPATH\index.php(79): CodeIgniter\CodeIgniter->run()
 8 SYSTEMPATH\Commands\Server\rewrite.php(47): require_once('C:\\laragon\\www\\method-oldagehome\\public\\index.php')
CRITICAL - 2024-02-14 15:03:40 --> Undefined variable $row
in APPPATH\Views\dashboard\editscdetails.php on line 49.
 1 APPPATH\Views\dashboard\editscdetails.php(49): CodeIgniter\Debug\Exceptions->errorHandler(2, 'Undefined variable $row', 'C:\\laragon\\www\\method-oldagehome\\app\\Views\\dashboard\\editscdetails.php', 49)
 2 SYSTEMPATH\View\View.php(226): include('C:\\laragon\\www\\method-oldagehome\\app\\Views\\dashboard\\editscdetails.php')
 3 SYSTEMPATH\View\View.php(229): CodeIgniter\View\View->CodeIgniter\View\{closure}()
 4 SYSTEMPATH\Common.php(1188): CodeIgniter\View\View->render('dashboard/editscdetails', [], true)
 5 APPPATH\Controllers\ViewController.php(99): view('dashboard/editscdetails')
 6 SYSTEMPATH\CodeIgniter.php(919): App\Controllers\ViewController->editscdetails()
 7 SYSTEMPATH\CodeIgniter.php(494): CodeIgniter\CodeIgniter->runController(Object(App\Controllers\ViewController))
 8 SYSTEMPATH\CodeIgniter.php(353): CodeIgniter\CodeIgniter->handleRequest(null, Object(Config\Cache), false)
 9 FCPATH\index.php(79): CodeIgniter\CodeIgniter->run()
10 SYSTEMPATH\Commands\Server\rewrite.php(47): require_once('C:\\laragon\\www\\method-oldagehome\\public\\index.php')
CRITICAL - 2024-02-14 15:06:37 --> Undefined variable $main
in APPPATH\Views\dashboard\managescdetails.php on line 59.
 1 APPPATH\Views\dashboard\managescdetails.php(59): CodeIgniter\Debug\Exceptions->errorHandler(2, 'Undefined variable $main', 'C:\\laragon\\www\\method-oldagehome\\app\\Views\\dashboard\\managescdetails.php', 59)
 2 SYSTEMPATH\View\View.php(226): include('C:\\laragon\\www\\method-oldagehome\\app\\Views\\dashboard\\managescdetails.php')
 3 SYSTEMPATH\View\View.php(229): CodeIgniter\View\View->CodeIgniter\View\{closure}()
 4 SYSTEMPATH\Common.php(1188): CodeIgniter\View\View->render('dashboard/managescdetails', [], true)
 5 APPPATH\Controllers\ViewController.php(79): view('dashboard/managescdetails')
 6 SYSTEMPATH\CodeIgniter.php(919): App\Controllers\ViewController->managescdetails()
 7 SYSTEMPATH\CodeIgniter.php(494): CodeIgniter\CodeIgniter->runController(Object(App\Controllers\ViewController))
 8 SYSTEMPATH\CodeIgniter.php(353): CodeIgniter\CodeIgniter->handleRequest(null, Object(Config\Cache), false)
 9 FCPATH\index.php(79): CodeIgniter\CodeIgniter->run()
10 SYSTEMPATH\Commands\Server\rewrite.php(47): require_once('C:\\laragon\\www\\method-oldagehome\\public\\index.php')
CRITICAL - 2024-02-14 15:06:52 --> Undefined variable $main
in APPPATH\Views\dashboard\managescdetails.php on line 59.
 1 APPPATH\Views\dashboard\managescdetails.php(59): CodeIgniter\Debug\Exceptions->errorHandler(2, 'Undefined variable $main', 'C:\\laragon\\www\\method-oldagehome\\app\\Views\\dashboard\\managescdetails.php', 59)
 2 SYSTEMPATH\View\View.php(226): include('C:\\laragon\\www\\method-oldagehome\\app\\Views\\dashboard\\managescdetails.php')
 3 SYSTEMPATH\View\View.php(229): CodeIgniter\View\View->CodeIgniter\View\{closure}()
 4 SYSTEMPATH\Common.php(1188): CodeIgniter\View\View->render('dashboard/managescdetails', [], true)
 5 APPPATH\Controllers\ViewController.php(79): view('dashboard/managescdetails')
 6 SYSTEMPATH\CodeIgniter.php(919): App\Controllers\ViewController->managescdetails()
 7 SYSTEMPATH\CodeIgniter.php(494): CodeIgniter\CodeIgniter->runController(Object(App\Controllers\ViewController))
 8 SYSTEMPATH\CodeIgniter.php(353): CodeIgniter\CodeIgniter->handleRequest(null, Object(Config\Cache), false)
 9 FCPATH\index.php(79): CodeIgniter\CodeIgniter->run()
10 SYSTEMPATH\Commands\Server\rewrite.php(47): require_once('C:\\laragon\\www\\method-oldagehome\\public\\index.php')
CRITICAL - 2024-02-14 15:06:58 --> Undefined variable $main
in APPPATH\Views\dashboard\managescdetails.php on line 59.
 1 APPPATH\Views\dashboard\managescdetails.php(59): CodeIgniter\Debug\Exceptions->errorHandler(2, 'Undefined variable $main', 'C:\\laragon\\www\\method-oldagehome\\app\\Views\\dashboard\\managescdetails.php', 59)
 2 SYSTEMPATH\View\View.php(226): include('C:\\laragon\\www\\method-oldagehome\\app\\Views\\dashboard\\managescdetails.php')
 3 SYSTEMPATH\View\View.php(229): CodeIgniter\View\View->CodeIgniter\View\{closure}()
 4 SYSTEMPATH\Common.php(1188): CodeIgniter\View\View->render('dashboard/managescdetails', [], true)
 5 APPPATH\Controllers\ViewController.php(79): view('dashboard/managescdetails')
 6 SYSTEMPATH\CodeIgniter.php(919): App\Controllers\ViewController->managescdetails()
 7 SYSTEMPATH\CodeIgniter.php(494): CodeIgniter\CodeIgniter->runController(Object(App\Controllers\ViewController))
 8 SYSTEMPATH\CodeIgniter.php(353): CodeIgniter\CodeIgniter->handleRequest(null, Object(Config\Cache), false)
 9 FCPATH\index.php(79): CodeIgniter\CodeIgniter->run()
10 SYSTEMPATH\Commands\Server\rewrite.php(47): require_once('C:\\laragon\\www\\method-oldagehome\\public\\index.php')
CRITICAL - 2024-02-14 15:08:02 --> Undefined variable $main
in APPPATH\Views\dashboard\managescdetails.php on line 59.
 1 APPPATH\Views\dashboard\managescdetails.php(59): CodeIgniter\Debug\Exceptions->errorHandler(2, 'Undefined variable $main', 'C:\\laragon\\www\\method-oldagehome\\app\\Views\\dashboard\\managescdetails.php', 59)
 2 SYSTEMPATH\View\View.php(226): include('C:\\laragon\\www\\method-oldagehome\\app\\Views\\dashboard\\managescdetails.php')
 3 SYSTEMPATH\View\View.php(229): CodeIgniter\View\View->CodeIgniter\View\{closure}()
 4 SYSTEMPATH\Common.php(1188): CodeIgniter\View\View->render('dashboard/managescdetails', [], true)
 5 APPPATH\Controllers\ViewController.php(79): view('dashboard/managescdetails')
 6 SYSTEMPATH\CodeIgniter.php(919): App\Controllers\ViewController->managescdetails()
 7 SYSTEMPATH\CodeIgniter.php(494): CodeIgniter\CodeIgniter->runController(Object(App\Controllers\ViewController))
 8 SYSTEMPATH\CodeIgniter.php(353): CodeIgniter\CodeIgniter->handleRequest(null, Object(Config\Cache), false)
 9 FCPATH\index.php(79): CodeIgniter\CodeIgniter->run()
10 SYSTEMPATH\Commands\Server\rewrite.php(47): require_once('C:\\laragon\\www\\method-oldagehome\\public\\index.php')
CRITICAL - 2024-02-14 15:08:29 --> Undefined variable $main
in APPPATH\Views\dashboard\managescdetails.php on line 59.
 1 APPPATH\Views\dashboard\managescdetails.php(59): CodeIgniter\Debug\Exceptions->errorHandler(2, 'Undefined variable $main', 'C:\\laragon\\www\\method-oldagehome\\app\\Views\\dashboard\\managescdetails.php', 59)
 2 SYSTEMPATH\View\View.php(226): include('C:\\laragon\\www\\method-oldagehome\\app\\Views\\dashboard\\managescdetails.php')
 3 SYSTEMPATH\View\View.php(229): CodeIgniter\View\View->CodeIgniter\View\{closure}()
 4 SYSTEMPATH\Common.php(1188): CodeIgniter\View\View->render('dashboard/managescdetails', [], true)
 5 APPPATH\Controllers\ViewController.php(79): view('dashboard/managescdetails')
 6 SYSTEMPATH\CodeIgniter.php(919): App\Controllers\ViewController->managescdetails()
 7 SYSTEMPATH\CodeIgniter.php(494): CodeIgniter\CodeIgniter->runController(Object(App\Controllers\ViewController))
 8 SYSTEMPATH\CodeIgniter.php(353): CodeIgniter\CodeIgniter->handleRequest(null, Object(Config\Cache), false)
 9 FCPATH\index.php(79): CodeIgniter\CodeIgniter->run()
10 SYSTEMPATH\Commands\Server\rewrite.php(47): require_once('C:\\laragon\\www\\method-oldagehome\\public\\index.php')
CRITICAL - 2024-02-14 15:15:45 --> Undefined variable $main
in APPPATH\Views\dashboard\managescdetails.php on line 62.
 1 APPPATH\Views\dashboard\managescdetails.php(62): CodeIgniter\Debug\Exceptions->errorHandler(2, 'Undefined variable $main', 'C:\\laragon\\www\\method-oldagehome\\app\\Views\\dashboard\\managescdetails.php', 62)
 2 SYSTEMPATH\View\View.php(226): include('C:\\laragon\\www\\method-oldagehome\\app\\Views\\dashboard\\managescdetails.php')
 3 SYSTEMPATH\View\View.php(229): CodeIgniter\View\View->CodeIgniter\View\{closure}()
 4 SYSTEMPATH\Common.php(1188): CodeIgniter\View\View->render('dashboard/managescdetails', [], true)
 5 APPPATH\Controllers\ViewController.php(79): view('dashboard/managescdetails')
 6 SYSTEMPATH\CodeIgniter.php(919): App\Controllers\ViewController->managescdetails()
 7 SYSTEMPATH\CodeIgniter.php(494): CodeIgniter\CodeIgniter->runController(Object(App\Controllers\ViewController))
 8 SYSTEMPATH\CodeIgniter.php(353): CodeIgniter\CodeIgniter->handleRequest(null, Object(Config\Cache), false)
 9 FCPATH\index.php(79): CodeIgniter\CodeIgniter->run()
10 SYSTEMPATH\Commands\Server\rewrite.php(47): require_once('C:\\laragon\\www\\method-oldagehome\\public\\index.php')
CRITICAL - 2024-02-14 15:18:18 --> Undefined variable $row
in APPPATH\Views\dashboard\editscdetails.php on line 49.
 1 APPPATH\Views\dashboard\editscdetails.php(49): CodeIgniter\Debug\Exceptions->errorHandler(2, 'Undefined variable $row', 'C:\\laragon\\www\\method-oldagehome\\app\\Views\\dashboard\\editscdetails.php', 49)
 2 SYSTEMPATH\View\View.php(226): include('C:\\laragon\\www\\method-oldagehome\\app\\Views\\dashboard\\editscdetails.php')
 3 SYSTEMPATH\View\View.php(229): CodeIgniter\View\View->CodeIgniter\View\{closure}()
 4 SYSTEMPATH\Common.php(1188): CodeIgniter\View\View->render('dashboard/editscdetails', [], true)
 5 APPPATH\Controllers\ViewController.php(99): view('dashboard/editscdetails')
 6 SYSTEMPATH\CodeIgniter.php(919): App\Controllers\ViewController->editscdetails()
 7 SYSTEMPATH\CodeIgniter.php(494): CodeIgniter\CodeIgniter->runController(Object(App\Controllers\ViewController))
 8 SYSTEMPATH\CodeIgniter.php(353): CodeIgniter\CodeIgniter->handleRequest(null, Object(Config\Cache), false)
 9 FCPATH\index.php(79): CodeIgniter\CodeIgniter->run()
10 SYSTEMPATH\Commands\Server\rewrite.php(47): require_once('C:\\laragon\\www\\method-oldagehome\\public\\index.php')
CRITICAL - 2024-02-14 15:33:12 --> Undefined variable $row
in APPPATH\Views\dashboard\editscdetails.php on line 55.
 1 APPPATH\Views\dashboard\editscdetails.php(55): CodeIgniter\Debug\Exceptions->errorHandler(2, 'Undefined variable $row', 'C:\\laragon\\www\\method-oldagehome\\app\\Views\\dashboard\\editscdetails.php', 55)
 2 SYSTEMPATH\View\View.php(226): include('C:\\laragon\\www\\method-oldagehome\\app\\Views\\dashboard\\editscdetails.php')
 3 SYSTEMPATH\View\View.php(229): CodeIgniter\View\View->CodeIgniter\View\{closure}()
 4 SYSTEMPATH\Common.php(1188): CodeIgniter\View\View->render('dashboard/editscdetails', [], true)
 5 APPPATH\Controllers\ViewController.php(99): view('dashboard/editscdetails')
 6 SYSTEMPATH\CodeIgniter.php(919): App\Controllers\ViewController->editscdetails()
 7 SYSTEMPATH\CodeIgniter.php(494): CodeIgniter\CodeIgniter->runController(Object(App\Controllers\ViewController))
 8 SYSTEMPATH\CodeIgniter.php(353): CodeIgniter\CodeIgniter->handleRequest(null, Object(Config\Cache), false)
 9 FCPATH\index.php(79): CodeIgniter\CodeIgniter->run()
10 SYSTEMPATH\Commands\Server\rewrite.php(47): require_once('C:\\laragon\\www\\method-oldagehome\\public\\index.php')
CRITICAL - 2024-02-14 15:54:15 --> Undefined variable $main
in APPPATH\Views\dashboard\editscdetails.php on line 49.
 1 APPPATH\Views\dashboard\editscdetails.php(49): CodeIgniter\Debug\Exceptions->errorHandler(2, 'Undefined variable $main', 'C:\\laragon\\www\\method-oldagehome\\app\\Views\\dashboard\\editscdetails.php', 49)
 2 SYSTEMPATH\View\View.php(226): include('C:\\laragon\\www\\method-oldagehome\\app\\Views\\dashboard\\editscdetails.php')
 3 SYSTEMPATH\View\View.php(229): CodeIgniter\View\View->CodeIgniter\View\{closure}()
 4 SYSTEMPATH\Common.php(1188): CodeIgniter\View\View->render('dashboard/editscdetails', [], true)
 5 APPPATH\Controllers\ViewController.php(99): view('dashboard/editscdetails')
 6 SYSTEMPATH\CodeIgniter.php(919): App\Controllers\ViewController->editscdetails()
 7 SYSTEMPATH\CodeIgniter.php(494): CodeIgniter\CodeIgniter->runController(Object(App\Controllers\ViewController))
 8 SYSTEMPATH\CodeIgniter.php(353): CodeIgniter\CodeIgniter->handleRequest(null, Object(Config\Cache), false)
 9 FCPATH\index.php(79): CodeIgniter\CodeIgniter->run()
10 SYSTEMPATH\Commands\Server\rewrite.php(47): require_once('C:\\laragon\\www\\method-oldagehome\\public\\index.php')
CRITICAL - 2024-02-14 15:56:59 --> Undefined variable $main
in APPPATH\Views\dashboard\editscdetails.php on line 49.
 1 APPPATH\Views\dashboard\editscdetails.php(49): CodeIgniter\Debug\Exceptions->errorHandler(2, 'Undefined variable $main', 'C:\\laragon\\www\\method-oldagehome\\app\\Views\\dashboard\\editscdetails.php', 49)
 2 SYSTEMPATH\View\View.php(226): include('C:\\laragon\\www\\method-oldagehome\\app\\Views\\dashboard\\editscdetails.php')
 3 SYSTEMPATH\View\View.php(229): CodeIgniter\View\View->CodeIgniter\View\{closure}()
 4 SYSTEMPATH\Common.php(1188): CodeIgniter\View\View->render('dashboard/editscdetails', [], true)
 5 APPPATH\Controllers\ViewController.php(99): view('dashboard/editscdetails')
 6 SYSTEMPATH\CodeIgniter.php(919): App\Controllers\ViewController->editscdetails()
 7 SYSTEMPATH\CodeIgniter.php(494): CodeIgniter\CodeIgniter->runController(Object(App\Controllers\ViewController))
 8 SYSTEMPATH\CodeIgniter.php(353): CodeIgniter\CodeIgniter->handleRequest(null, Object(Config\Cache), false)
 9 FCPATH\index.php(79): CodeIgniter\CodeIgniter->run()
10 SYSTEMPATH\Commands\Server\rewrite.php(47): require_once('C:\\laragon\\www\\method-oldagehome\\public\\index.php')
CRITICAL - 2024-02-14 15:57:01 --> Undefined variable $main
in APPPATH\Views\dashboard\editscdetails.php on line 49.
 1 APPPATH\Views\dashboard\editscdetails.php(49): CodeIgniter\Debug\Exceptions->errorHandler(2, 'Undefined variable $main', 'C:\\laragon\\www\\method-oldagehome\\app\\Views\\dashboard\\editscdetails.php', 49)
 2 SYSTEMPATH\View\View.php(226): include('C:\\laragon\\www\\method-oldagehome\\app\\Views\\dashboard\\editscdetails.php')
 3 SYSTEMPATH\View\View.php(229): CodeIgniter\View\View->CodeIgniter\View\{closure}()
 4 SYSTEMPATH\Common.php(1188): CodeIgniter\View\View->render('dashboard/editscdetails', [], true)
 5 APPPATH\Controllers\ViewController.php(99): view('dashboard/editscdetails')
 6 SYSTEMPATH\CodeIgniter.php(919): App\Controllers\ViewController->editscdetails()
 7 SYSTEMPATH\CodeIgniter.php(494): CodeIgniter\CodeIgniter->runController(Object(App\Controllers\ViewController))
 8 SYSTEMPATH\CodeIgniter.php(353): CodeIgniter\CodeIgniter->handleRequest(null, Object(Config\Cache), false)
 9 FCPATH\index.php(79): CodeIgniter\CodeIgniter->run()
10 SYSTEMPATH\Commands\Server\rewrite.php(47): require_once('C:\\laragon\\www\\method-oldagehome\\public\\index.php')
CRITICAL - 2024-02-14 15:57:14 --> Undefined variable $main
in APPPATH\Views\dashboard\editscdetails.php on line 49.
 1 APPPATH\Views\dashboard\editscdetails.php(49): CodeIgniter\Debug\Exceptions->errorHandler(2, 'Undefined variable $main', 'C:\\laragon\\www\\method-oldagehome\\app\\Views\\dashboard\\editscdetails.php', 49)
 2 SYSTEMPATH\View\View.php(226): include('C:\\laragon\\www\\method-oldagehome\\app\\Views\\dashboard\\editscdetails.php')
 3 SYSTEMPATH\View\View.php(229): CodeIgniter\View\View->CodeIgniter\View\{closure}()
 4 SYSTEMPATH\Common.php(1188): CodeIgniter\View\View->render('dashboard/editscdetails', [], true)
 5 APPPATH\Controllers\ViewController.php(99): view('dashboard/editscdetails')
 6 SYSTEMPATH\CodeIgniter.php(919): App\Controllers\ViewController->editscdetails()
 7 SYSTEMPATH\CodeIgniter.php(494): CodeIgniter\CodeIgniter->runController(Object(App\Controllers\ViewController))
 8 SYSTEMPATH\CodeIgniter.php(353): CodeIgniter\CodeIgniter->handleRequest(null, Object(Config\Cache), false)
 9 FCPATH\index.php(79): CodeIgniter\CodeIgniter->run()
10 SYSTEMPATH\Commands\Server\rewrite.php(47): require_once('C:\\laragon\\www\\method-oldagehome\\public\\index.php')
CRITICAL - 2024-02-14 15:58:53 --> Undefined variable $main
in APPPATH\Views\dashboard\editscdetails.php on line 51.
 1 APPPATH\Views\dashboard\editscdetails.php(51): CodeIgniter\Debug\Exceptions->errorHandler(2, 'Undefined variable $main', 'C:\\laragon\\www\\method-oldagehome\\app\\Views\\dashboard\\editscdetails.php', 51)
 2 SYSTEMPATH\View\View.php(226): include('C:\\laragon\\www\\method-oldagehome\\app\\Views\\dashboard\\editscdetails.php')
 3 SYSTEMPATH\View\View.php(229): CodeIgniter\View\View->CodeIgniter\View\{closure}()
 4 SYSTEMPATH\Common.php(1188): CodeIgniter\View\View->render('dashboard/editscdetails', [], true)
 5 APPPATH\Controllers\ViewController.php(99): view('dashboard/editscdetails')
 6 SYSTEMPATH\CodeIgniter.php(919): App\Controllers\ViewController->editscdetails()
 7 SYSTEMPATH\CodeIgniter.php(494): CodeIgniter\CodeIgniter->runController(Object(App\Controllers\ViewController))
 8 SYSTEMPATH\CodeIgniter.php(353): CodeIgniter\CodeIgniter->handleRequest(null, Object(Config\Cache), false)
 9 FCPATH\index.php(79): CodeIgniter\CodeIgniter->run()
10 SYSTEMPATH\Commands\Server\rewrite.php(47): require_once('C:\\laragon\\www\\method-oldagehome\\public\\index.php')
CRITICAL - 2024-02-14 16:00:31 --> Undefined variable $main
in APPPATH\Views\dashboard\editscdetails.php on line 55.
 1 APPPATH\Views\dashboard\editscdetails.php(55): CodeIgniter\Debug\Exceptions->errorHandler(2, 'Undefined variable $main', 'C:\\laragon\\www\\method-oldagehome\\app\\Views\\dashboard\\editscdetails.php', 55)
 2 SYSTEMPATH\View\View.php(226): include('C:\\laragon\\www\\method-oldagehome\\app\\Views\\dashboard\\editscdetails.php')
 3 SYSTEMPATH\View\View.php(229): CodeIgniter\View\View->CodeIgniter\View\{closure}()
 4 SYSTEMPATH\Common.php(1188): CodeIgniter\View\View->render('dashboard/editscdetails', [], true)
 5 APPPATH\Controllers\ViewController.php(99): view('dashboard/editscdetails')
 6 SYSTEMPATH\CodeIgniter.php(919): App\Controllers\ViewController->editscdetails()
 7 SYSTEMPATH\CodeIgniter.php(494): CodeIgniter\CodeIgniter->runController(Object(App\Controllers\ViewController))
 8 SYSTEMPATH\CodeIgniter.php(353): CodeIgniter\CodeIgniter->handleRequest(null, Object(Config\Cache), false)
 9 FCPATH\index.php(79): CodeIgniter\CodeIgniter->run()
10 SYSTEMPATH\Commands\Server\rewrite.php(47): require_once('C:\\laragon\\www\\method-oldagehome\\public\\index.php')
CRITICAL - 2024-02-14 16:01:07 --> Undefined variable $main
in APPPATH\Views\dashboard\editscdetails.php on line 60.
 1 APPPATH\Views\dashboard\editscdetails.php(60): CodeIgniter\Debug\Exceptions->errorHandler(2, 'Undefined variable $main', 'C:\\laragon\\www\\method-oldagehome\\app\\Views\\dashboard\\editscdetails.php', 60)
 2 SYSTEMPATH\View\View.php(226): include('C:\\laragon\\www\\method-oldagehome\\app\\Views\\dashboard\\editscdetails.php')
 3 SYSTEMPATH\View\View.php(229): CodeIgniter\View\View->CodeIgniter\View\{closure}()
 4 SYSTEMPATH\Common.php(1188): CodeIgniter\View\View->render('dashboard/editscdetails', [], true)
 5 APPPATH\Controllers\ViewController.php(99): view('dashboard/editscdetails')
 6 SYSTEMPATH\CodeIgniter.php(919): App\Controllers\ViewController->editscdetails()
 7 SYSTEMPATH\CodeIgniter.php(494): CodeIgniter\CodeIgniter->runController(Object(App\Controllers\ViewController))
 8 SYSTEMPATH\CodeIgniter.php(353): CodeIgniter\CodeIgniter->handleRequest(null, Object(Config\Cache), false)
 9 FCPATH\index.php(79): CodeIgniter\CodeIgniter->run()
10 SYSTEMPATH\Commands\Server\rewrite.php(47): require_once('C:\\laragon\\www\\method-oldagehome\\public\\index.php')
CRITICAL - 2024-02-14 16:14:41 --> Undefined variable $main
in APPPATH\Views\dashboard\editscdetails.php on line 49.
 1 APPPATH\Views\dashboard\editscdetails.php(49): CodeIgniter\Debug\Exceptions->errorHandler(2, 'Undefined variable $main', 'C:\\laragon\\www\\method-oldagehome\\app\\Views\\dashboard\\editscdetails.php', 49)
 2 SYSTEMPATH\View\View.php(226): include('C:\\laragon\\www\\method-oldagehome\\app\\Views\\dashboard\\editscdetails.php')
 3 SYSTEMPATH\View\View.php(229): CodeIgniter\View\View->CodeIgniter\View\{closure}()
 4 SYSTEMPATH\Common.php(1188): CodeIgniter\View\View->render('dashboard/editscdetails', [], true)
 5 APPPATH\Controllers\ViewController.php(99): view('dashboard/editscdetails')
 6 SYSTEMPATH\CodeIgniter.php(919): App\Controllers\ViewController->editscdetails()
 7 SYSTEMPATH\CodeIgniter.php(494): CodeIgniter\CodeIgniter->runController(Object(App\Controllers\ViewController))
 8 SYSTEMPATH\CodeIgniter.php(353): CodeIgniter\CodeIgniter->handleRequest(null, Object(Config\Cache), false)
 9 FCPATH\index.php(79): CodeIgniter\CodeIgniter->run()
10 SYSTEMPATH\Commands\Server\rewrite.php(47): require_once('C:\\laragon\\www\\method-oldagehome\\public\\index.php')
CRITICAL - 2024-02-14 16:15:04 --> Undefined variable $main
in APPPATH\Views\dashboard\editscdetails.php on line 49.
 1 APPPATH\Views\dashboard\editscdetails.php(49): CodeIgniter\Debug\Exceptions->errorHandler(2, 'Undefined variable $main', 'C:\\laragon\\www\\method-oldagehome\\app\\Views\\dashboard\\editscdetails.php', 49)
 2 SYSTEMPATH\View\View.php(226): include('C:\\laragon\\www\\method-oldagehome\\app\\Views\\dashboard\\editscdetails.php')
 3 SYSTEMPATH\View\View.php(229): CodeIgniter\View\View->CodeIgniter\View\{closure}()
 4 SYSTEMPATH\Common.php(1188): CodeIgniter\View\View->render('dashboard/editscdetails', [], true)
 5 APPPATH\Controllers\ViewController.php(99): view('dashboard/editscdetails')
 6 SYSTEMPATH\CodeIgniter.php(919): App\Controllers\ViewController->editscdetails()
 7 SYSTEMPATH\CodeIgniter.php(494): CodeIgniter\CodeIgniter->runController(Object(App\Controllers\ViewController))
 8 SYSTEMPATH\CodeIgniter.php(353): CodeIgniter\CodeIgniter->handleRequest(null, Object(Config\Cache), false)
 9 FCPATH\index.php(79): CodeIgniter\CodeIgniter->run()
10 SYSTEMPATH\Commands\Server\rewrite.php(47): require_once('C:\\laragon\\www\\method-oldagehome\\public\\index.php')
CRITICAL - 2024-02-14 16:15:11 --> Undefined variable $main
in APPPATH\Views\dashboard\editscdetails.php on line 49.
 1 APPPATH\Views\dashboard\editscdetails.php(49): CodeIgniter\Debug\Exceptions->errorHandler(2, 'Undefined variable $main', 'C:\\laragon\\www\\method-oldagehome\\app\\Views\\dashboard\\editscdetails.php', 49)
 2 SYSTEMPATH\View\View.php(226): include('C:\\laragon\\www\\method-oldagehome\\app\\Views\\dashboard\\editscdetails.php')
 3 SYSTEMPATH\View\View.php(229): CodeIgniter\View\View->CodeIgniter\View\{closure}()
 4 SYSTEMPATH\Common.php(1188): CodeIgniter\View\View->render('dashboard/editscdetails', [], true)
 5 APPPATH\Controllers\ViewController.php(99): view('dashboard/editscdetails')
 6 SYSTEMPATH\CodeIgniter.php(919): App\Controllers\ViewController->editscdetails()
 7 SYSTEMPATH\CodeIgniter.php(494): CodeIgniter\CodeIgniter->runController(Object(App\Controllers\ViewController))
 8 SYSTEMPATH\CodeIgniter.php(353): CodeIgniter\CodeIgniter->handleRequest(null, Object(Config\Cache), false)
 9 FCPATH\index.php(79): CodeIgniter\CodeIgniter->run()
10 SYSTEMPATH\Commands\Server\rewrite.php(47): require_once('C:\\laragon\\www\\method-oldagehome\\public\\index.php')
CRITICAL - 2024-02-14 16:31:16 --> Undefined variable $main
in APPPATH\Views\dashboard\editscdetails.php on line 45.
 1 APPPATH\Views\dashboard\editscdetails.php(45): CodeIgniter\Debug\Exceptions->errorHandler(2, 'Undefined variable $main', 'C:\\laragon\\www\\method-oldagehome\\app\\Views\\dashboard\\editscdetails.php', 45)
 2 SYSTEMPATH\View\View.php(226): include('C:\\laragon\\www\\method-oldagehome\\app\\Views\\dashboard\\editscdetails.php')
 3 SYSTEMPATH\View\View.php(229): CodeIgniter\View\View->CodeIgniter\View\{closure}()
 4 SYSTEMPATH\Common.php(1188): CodeIgniter\View\View->render('dashboard/editscdetails', [], true)
 5 APPPATH\Controllers\ViewController.php(99): view('dashboard/editscdetails')
 6 SYSTEMPATH\CodeIgniter.php(919): App\Controllers\ViewController->editscdetails()
 7 SYSTEMPATH\CodeIgniter.php(494): CodeIgniter\CodeIgniter->runController(Object(App\Controllers\ViewController))
 8 SYSTEMPATH\CodeIgniter.php(353): CodeIgniter\CodeIgniter->handleRequest(null, Object(Config\Cache), false)
 9 FCPATH\index.php(79): CodeIgniter\CodeIgniter->run()
10 SYSTEMPATH\Commands\Server\rewrite.php(47): require_once('C:\\laragon\\www\\method-oldagehome\\public\\index.php')
CRITICAL - 2024-02-14 16:31:25 --> Undefined variable $main
in APPPATH\Views\dashboard\editscdetails.php on line 45.
 1 APPPATH\Views\dashboard\editscdetails.php(45): CodeIgniter\Debug\Exceptions->errorHandler(2, 'Undefined variable $main', 'C:\\laragon\\www\\method-oldagehome\\app\\Views\\dashboard\\editscdetails.php', 45)
 2 SYSTEMPATH\View\View.php(226): include('C:\\laragon\\www\\method-oldagehome\\app\\Views\\dashboard\\editscdetails.php')
 3 SYSTEMPATH\View\View.php(229): CodeIgniter\View\View->CodeIgniter\View\{closure}()
 4 SYSTEMPATH\Common.php(1188): CodeIgniter\View\View->render('dashboard/editscdetails', [], true)
 5 APPPATH\Controllers\ViewController.php(99): view('dashboard/editscdetails')
 6 SYSTEMPATH\CodeIgniter.php(919): App\Controllers\ViewController->editscdetails()
 7 SYSTEMPATH\CodeIgniter.php(494): CodeIgniter\CodeIgniter->runController(Object(App\Controllers\ViewController))
 8 SYSTEMPATH\CodeIgniter.php(353): CodeIgniter\CodeIgniter->handleRequest(null, Object(Config\Cache), false)
 9 FCPATH\index.php(79): CodeIgniter\CodeIgniter->run()
10 SYSTEMPATH\Commands\Server\rewrite.php(47): require_once('C:\\laragon\\www\\method-oldagehome\\public\\index.php')
CRITICAL - 2024-02-14 21:19:05 --> Undefined variable $main
in APPPATH\Views\dashboard\editscdetails.php on line 45.
 1 APPPATH\Views\dashboard\editscdetails.php(45): CodeIgniter\Debug\Exceptions->errorHandler(2, 'Undefined variable $main', 'C:\\laragon\\www\\method-oldagehome\\app\\Views\\dashboard\\editscdetails.php', 45)
 2 SYSTEMPATH\View\View.php(226): include('C:\\laragon\\www\\method-oldagehome\\app\\Views\\dashboard\\editscdetails.php')
 3 SYSTEMPATH\View\View.php(229): CodeIgniter\View\View->CodeIgniter\View\{closure}()
 4 SYSTEMPATH\Common.php(1188): CodeIgniter\View\View->render('dashboard/editscdetails', [], true)
 5 APPPATH\Controllers\ViewController.php(99): view('dashboard/editscdetails')
 6 SYSTEMPATH\CodeIgniter.php(919): App\Controllers\ViewController->editscdetails()
 7 SYSTEMPATH\CodeIgniter.php(494): CodeIgniter\CodeIgniter->runController(Object(App\Controllers\ViewController))
 8 SYSTEMPATH\CodeIgniter.php(353): CodeIgniter\CodeIgniter->handleRequest(null, Object(Config\Cache), false)
 9 FCPATH\index.php(79): CodeIgniter\CodeIgniter->run()
10 SYSTEMPATH\Commands\Server\rewrite.php(47): require_once('C:\\laragon\\www\\method-oldagehome\\public\\index.php')
CRITICAL - 2024-02-14 21:20:14 --> Undefined variable $main
in APPPATH\Views\dashboard\editscdetails.php on line 45.
 1 APPPATH\Views\dashboard\editscdetails.php(45): CodeIgniter\Debug\Exceptions->errorHandler(2, 'Undefined variable $main', 'C:\\laragon\\www\\method-oldagehome\\app\\Views\\dashboard\\editscdetails.php', 45)
 2 SYSTEMPATH\View\View.php(226): include('C:\\laragon\\www\\method-oldagehome\\app\\Views\\dashboard\\editscdetails.php')
 3 SYSTEMPATH\View\View.php(229): CodeIgniter\View\View->CodeIgniter\View\{closure}()
 4 SYSTEMPATH\Common.php(1188): CodeIgniter\View\View->render('dashboard/editscdetails', [], true)
 5 APPPATH\Controllers\ViewController.php(99): view('dashboard/editscdetails')
 6 SYSTEMPATH\CodeIgniter.php(919): App\Controllers\ViewController->editscdetails()
 7 SYSTEMPATH\CodeIgniter.php(494): CodeIgniter\CodeIgniter->runController(Object(App\Controllers\ViewController))
 8 SYSTEMPATH\CodeIgniter.php(353): CodeIgniter\CodeIgniter->handleRequest(null, Object(Config\Cache), false)
 9 FCPATH\index.php(79): CodeIgniter\CodeIgniter->run()
10 SYSTEMPATH\Commands\Server\rewrite.php(47): require_once('C:\\laragon\\www\\method-oldagehome\\public\\index.php')
CRITICAL - 2024-02-14 21:20:35 --> Undefined variable $d
in APPPATH\Views\dashboard\editscdetails.php on line 45.
 1 APPPATH\Views\dashboard\editscdetails.php(45): CodeIgniter\Debug\Exceptions->errorHandler(2, 'Undefined variable $d', 'C:\\laragon\\www\\method-oldagehome\\app\\Views\\dashboard\\editscdetails.php', 45)
 2 SYSTEMPATH\View\View.php(226): include('C:\\laragon\\www\\method-oldagehome\\app\\Views\\dashboard\\editscdetails.php')
 3 SYSTEMPATH\View\View.php(229): CodeIgniter\View\View->CodeIgniter\View\{closure}()
 4 SYSTEMPATH\Common.php(1188): CodeIgniter\View\View->render('dashboard/editscdetails', [], true)
 5 APPPATH\Controllers\ViewController.php(99): view('dashboard/editscdetails')
 6 SYSTEMPATH\CodeIgniter.php(919): App\Controllers\ViewController->editscdetails()
 7 SYSTEMPATH\CodeIgniter.php(494): CodeIgniter\CodeIgniter->runController(Object(App\Controllers\ViewController))
 8 SYSTEMPATH\CodeIgniter.php(353): CodeIgniter\CodeIgniter->handleRequest(null, Object(Config\Cache), false)
 9 FCPATH\index.php(79): CodeIgniter\CodeIgniter->run()
10 SYSTEMPATH\Commands\Server\rewrite.php(47): require_once('C:\\laragon\\www\\method-oldagehome\\public\\index.php')
CRITICAL - 2024-02-14 21:21:43 --> syntax error, unexpected token "{", expecting "," or ";"
in APPPATH\Views\dashboard\editscdetails.php on line 46.
 1 SYSTEMPATH\View\View.php(229): CodeIgniter\View\View->CodeIgniter\View\{closure}()
 2 SYSTEMPATH\Common.php(1188): CodeIgniter\View\View->render('dashboard/editscdetails', [], true)
 3 APPPATH\Controllers\ViewController.php(99): view('dashboard/editscdetails')
 4 SYSTEMPATH\CodeIgniter.php(919): App\Controllers\ViewController->editscdetails()
 5 SYSTEMPATH\CodeIgniter.php(494): CodeIgniter\CodeIgniter->runController(Object(App\Controllers\ViewController))
 6 SYSTEMPATH\CodeIgniter.php(353): CodeIgniter\CodeIgniter->handleRequest(null, Object(Config\Cache), false)
 7 FCPATH\index.php(79): CodeIgniter\CodeIgniter->run()
 8 SYSTEMPATH\Commands\Server\rewrite.php(47): require_once('C:\\laragon\\www\\method-oldagehome\\public\\index.php')
CRITICAL - 2024-02-14 21:22:49 --> Undefined variable $d
in APPPATH\Views\dashboard\editscdetails.php on line 45.
 1 APPPATH\Views\dashboard\editscdetails.php(45): CodeIgniter\Debug\Exceptions->errorHandler(2, 'Undefined variable $d', 'C:\\laragon\\www\\method-oldagehome\\app\\Views\\dashboard\\editscdetails.php', 45)
 2 SYSTEMPATH\View\View.php(226): include('C:\\laragon\\www\\method-oldagehome\\app\\Views\\dashboard\\editscdetails.php')
 3 SYSTEMPATH\View\View.php(229): CodeIgniter\View\View->CodeIgniter\View\{closure}()
 4 SYSTEMPATH\Common.php(1188): CodeIgniter\View\View->render('dashboard/editscdetails', [], true)
 5 APPPATH\Controllers\ViewController.php(99): view('dashboard/editscdetails')
 6 SYSTEMPATH\CodeIgniter.php(919): App\Controllers\ViewController->editscdetails()
 7 SYSTEMPATH\CodeIgniter.php(494): CodeIgniter\CodeIgniter->runController(Object(App\Controllers\ViewController))
 8 SYSTEMPATH\CodeIgniter.php(353): CodeIgniter\CodeIgniter->handleRequest(null, Object(Config\Cache), false)
 9 FCPATH\index.php(79): CodeIgniter\CodeIgniter->run()
10 SYSTEMPATH\Commands\Server\rewrite.php(47): require_once('C:\\laragon\\www\\method-oldagehome\\public\\index.php')
CRITICAL - 2024-02-14 21:23:17 --> Undefined variable $d
in APPPATH\Views\dashboard\editscdetails.php on line 47.
 1 APPPATH\Views\dashboard\editscdetails.php(47): CodeIgniter\Debug\Exceptions->errorHandler(2, 'Undefined variable $d', 'C:\\laragon\\www\\method-oldagehome\\app\\Views\\dashboard\\editscdetails.php', 47)
 2 SYSTEMPATH\View\View.php(226): include('C:\\laragon\\www\\method-oldagehome\\app\\Views\\dashboard\\editscdetails.php')
 3 SYSTEMPATH\View\View.php(229): CodeIgniter\View\View->CodeIgniter\View\{closure}()
 4 SYSTEMPATH\Common.php(1188): CodeIgniter\View\View->render('dashboard/editscdetails', [], true)
 5 APPPATH\Controllers\ViewController.php(99): view('dashboard/editscdetails')
 6 SYSTEMPATH\CodeIgniter.php(919): App\Controllers\ViewController->editscdetails()
 7 SYSTEMPATH\CodeIgniter.php(494): CodeIgniter\CodeIgniter->runController(Object(App\Controllers\ViewController))
 8 SYSTEMPATH\CodeIgniter.php(353): CodeIgniter\CodeIgniter->handleRequest(null, Object(Config\Cache), false)
 9 FCPATH\index.php(79): CodeIgniter\CodeIgniter->run()
10 SYSTEMPATH\Commands\Server\rewrite.php(47): require_once('C:\\laragon\\www\\method-oldagehome\\public\\index.php')
CRITICAL - 2024-02-14 21:24:28 --> Undefined variable $d
in APPPATH\Views\dashboard\editscdetails.php on line 47.
 1 APPPATH\Views\dashboard\editscdetails.php(47): CodeIgniter\Debug\Exceptions->errorHandler(2, 'Undefined variable $d', 'C:\\laragon\\www\\method-oldagehome\\app\\Views\\dashboard\\editscdetails.php', 47)
 2 SYSTEMPATH\View\View.php(226): include('C:\\laragon\\www\\method-oldagehome\\app\\Views\\dashboard\\editscdetails.php')
 3 SYSTEMPATH\View\View.php(229): CodeIgniter\View\View->CodeIgniter\View\{closure}()
 4 SYSTEMPATH\Common.php(1188): CodeIgniter\View\View->render('dashboard/editscdetails', [], true)
 5 APPPATH\Controllers\ViewController.php(99): view('dashboard/editscdetails')
 6 SYSTEMPATH\CodeIgniter.php(919): App\Controllers\ViewController->editscdetails()
 7 SYSTEMPATH\CodeIgniter.php(494): CodeIgniter\CodeIgniter->runController(Object(App\Controllers\ViewController))
 8 SYSTEMPATH\CodeIgniter.php(353): CodeIgniter\CodeIgniter->handleRequest(null, Object(Config\Cache), false)
 9 FCPATH\index.php(79): CodeIgniter\CodeIgniter->run()
10 SYSTEMPATH\Commands\Server\rewrite.php(47): require_once('C:\\laragon\\www\\method-oldagehome\\public\\index.php')
CRITICAL - 2024-02-14 21:25:20 --> Undefined variable $d
in APPPATH\Views\dashboard\editscdetails.php on line 55.
 1 APPPATH\Views\dashboard\editscdetails.php(55): CodeIgniter\Debug\Exceptions->errorHandler(2, 'Undefined variable $d', 'C:\\laragon\\www\\method-oldagehome\\app\\Views\\dashboard\\editscdetails.php', 55)
 2 SYSTEMPATH\View\View.php(226): include('C:\\laragon\\www\\method-oldagehome\\app\\Views\\dashboard\\editscdetails.php')
 3 SYSTEMPATH\View\View.php(229): CodeIgniter\View\View->CodeIgniter\View\{closure}()
 4 SYSTEMPATH\Common.php(1188): CodeIgniter\View\View->render('dashboard/editscdetails', [], true)
 5 APPPATH\Controllers\ViewController.php(99): view('dashboard/editscdetails')
 6 SYSTEMPATH\CodeIgniter.php(919): App\Controllers\ViewController->editscdetails()
 7 SYSTEMPATH\CodeIgniter.php(494): CodeIgniter\CodeIgniter->runController(Object(App\Controllers\ViewController))
 8 SYSTEMPATH\CodeIgniter.php(353): CodeIgniter\CodeIgniter->handleRequest(null, Object(Config\Cache), false)
 9 FCPATH\index.php(79): CodeIgniter\CodeIgniter->run()
10 SYSTEMPATH\Commands\Server\rewrite.php(47): require_once('C:\\laragon\\www\\method-oldagehome\\public\\index.php')
CRITICAL - 2024-02-14 21:28:20 --> Class "App\Models\ScModel" not found
in APPPATH\Controllers\HomeController.php on line 40.
 1 SYSTEMPATH\CodeIgniter.php(919): App\Controllers\HomeController->update()
 2 SYSTEMPATH\CodeIgniter.php(494): CodeIgniter\CodeIgniter->runController(Object(App\Controllers\HomeController))
 3 SYSTEMPATH\CodeIgniter.php(353): CodeIgniter\CodeIgniter->handleRequest(null, Object(Config\Cache), false)
 4 FCPATH\index.php(79): CodeIgniter\CodeIgniter->run()
 5 SYSTEMPATH\Commands\Server\rewrite.php(47): require_once('C:\\laragon\\www\\method-oldagehome\\public\\index.php')
CRITICAL - 2024-02-14 21:31:34 --> Updates are not allowed unless they contain a "where" or "like" clause.
in SYSTEMPATH\Model.php on line 380.
 1 SYSTEMPATH\BaseModel.php(949): CodeIgniter\Model->doUpdate(null, [...])
 2 SYSTEMPATH\Model.php(776): CodeIgniter\BaseModel->update(null, [...])
 3 APPPATH\Controllers\HomeController.php(52): CodeIgniter\Model->update(null, [...])
 4 SYSTEMPATH\CodeIgniter.php(919): App\Controllers\HomeController->update()
 5 SYSTEMPATH\CodeIgniter.php(494): CodeIgniter\CodeIgniter->runController(Object(App\Controllers\HomeController))
 6 SYSTEMPATH\CodeIgniter.php(353): CodeIgniter\CodeIgniter->handleRequest(null, Object(Config\Cache), false)
 7 FCPATH\index.php(79): CodeIgniter\CodeIgniter->run()
 8 SYSTEMPATH\Commands\Server\rewrite.php(47): require_once('C:\\laragon\\www\\method-oldagehome\\public\\index.php')
CRITICAL - 2024-02-14 21:31:58 --> Updates are not allowed unless they contain a "where" or "like" clause.
in SYSTEMPATH\Model.php on line 380.
 1 SYSTEMPATH\BaseModel.php(949): CodeIgniter\Model->doUpdate(null, [...])
 2 SYSTEMPATH\Model.php(776): CodeIgniter\BaseModel->update(null, [...])
 3 APPPATH\Controllers\HomeController.php(52): CodeIgniter\Model->update(null, [...])
 4 SYSTEMPATH\CodeIgniter.php(919): App\Controllers\HomeController->update()
 5 SYSTEMPATH\CodeIgniter.php(494): CodeIgniter\CodeIgniter->runController(Object(App\Controllers\HomeController))
 6 SYSTEMPATH\CodeIgniter.php(353): CodeIgniter\CodeIgniter->handleRequest(null, Object(Config\Cache), false)
 7 FCPATH\index.php(79): CodeIgniter\CodeIgniter->run()
 8 SYSTEMPATH\Commands\Server\rewrite.php(47): require_once('C:\\laragon\\www\\method-oldagehome\\public\\index.php')
CRITICAL - 2024-02-14 21:59:07 --> Too few arguments to function App\Controllers\NewController::update(), 0 passed in C:\laragon\www\method-oldagehome\system\CodeIgniter.php on line 919 and exactly 1 expected
in APPPATH\Controllers\NewController.php on line 41.
 1 SYSTEMPATH\CodeIgniter.php(919): App\Controllers\NewController->update()
 2 SYSTEMPATH\CodeIgniter.php(494): CodeIgniter\CodeIgniter->runController(Object(App\Controllers\NewController))
 3 SYSTEMPATH\CodeIgniter.php(353): CodeIgniter\CodeIgniter->handleRequest(null, Object(Config\Cache), false)
 4 FCPATH\index.php(79): CodeIgniter\CodeIgniter->run()
 5 SYSTEMPATH\Commands\Server\rewrite.php(47): require_once('C:\\laragon\\www\\method-oldagehome\\public\\index.php')
CRITICAL - 2024-02-14 22:00:08 --> Too few arguments to function App\Controllers\NewController::update(), 0 passed in C:\laragon\www\method-oldagehome\system\CodeIgniter.php on line 919 and exactly 1 expected
in APPPATH\Controllers\NewController.php on line 41.
 1 SYSTEMPATH\CodeIgniter.php(919): App\Controllers\NewController->update()
 2 SYSTEMPATH\CodeIgniter.php(494): CodeIgniter\CodeIgniter->runController(Object(App\Controllers\NewController))
 3 SYSTEMPATH\CodeIgniter.php(353): CodeIgniter\CodeIgniter->handleRequest(null, Object(Config\Cache), false)
 4 FCPATH\index.php(79): CodeIgniter\CodeIgniter->run()
 5 SYSTEMPATH\Commands\Server\rewrite.php(47): require_once('C:\\laragon\\www\\method-oldagehome\\public\\index.php')
CRITICAL - 2024-02-14 22:17:20 --> Too few arguments to function App\Controllers\NewController::updates(), 0 passed in C:\laragon\www\method-oldagehome\system\CodeIgniter.php on line 919 and exactly 1 expected
in APPPATH\Controllers\NewController.php on line 57.
 1 SYSTEMPATH\CodeIgniter.php(919): App\Controllers\NewController->updates()
 2 SYSTEMPATH\CodeIgniter.php(494): CodeIgniter\CodeIgniter->runController(Object(App\Controllers\NewController))
 3 SYSTEMPATH\CodeIgniter.php(353): CodeIgniter\CodeIgniter->handleRequest(null, Object(Config\Cache), false)
 4 FCPATH\index.php(79): CodeIgniter\CodeIgniter->run()
 5 SYSTEMPATH\Commands\Server\rewrite.php(47): require_once('C:\\laragon\\www\\method-oldagehome\\public\\index.php')
CRITICAL - 2024-02-14 22:17:54 --> Too few arguments to function App\Controllers\NewController::updates(), 0 passed in C:\laragon\www\method-oldagehome\system\CodeIgniter.php on line 919 and exactly 1 expected
in APPPATH\Controllers\NewController.php on line 57.
 1 SYSTEMPATH\CodeIgniter.php(919): App\Controllers\NewController->updates()
 2 SYSTEMPATH\CodeIgniter.php(494): CodeIgniter\CodeIgniter->runController(Object(App\Controllers\NewController))
 3 SYSTEMPATH\CodeIgniter.php(353): CodeIgniter\CodeIgniter->handleRequest(null, Object(Config\Cache), false)
 4 FCPATH\index.php(79): CodeIgniter\CodeIgniter->run()
 5 SYSTEMPATH\Commands\Server\rewrite.php(47): require_once('C:\\laragon\\www\\method-oldagehome\\public\\index.php')
CRITICAL - 2024-02-14 22:18:17 --> Too few arguments to function App\Controllers\NewController::updates(), 0 passed in C:\laragon\www\method-oldagehome\system\CodeIgniter.php on line 919 and exactly 1 expected
in APPPATH\Controllers\NewController.php on line 57.
 1 SYSTEMPATH\CodeIgniter.php(919): App\Controllers\NewController->updates()
 2 SYSTEMPATH\CodeIgniter.php(494): CodeIgniter\CodeIgniter->runController(Object(App\Controllers\NewController))
 3 SYSTEMPATH\CodeIgniter.php(353): CodeIgniter\CodeIgniter->handleRequest(null, Object(Config\Cache), false)
 4 FCPATH\index.php(79): CodeIgniter\CodeIgniter->run()
 5 SYSTEMPATH\Commands\Server\rewrite.php(47): require_once('C:\\laragon\\www\\method-oldagehome\\public\\index.php')
CRITICAL - 2024-02-14 22:19:07 --> Undefined variable $Id
in APPPATH\Controllers\NewController.php on line 62.
 1 APPPATH\Controllers\NewController.php(62): CodeIgniter\Debug\Exceptions->errorHandler(2, 'Undefined variable $Id', 'C:\\laragon\\www\\method-oldagehome\\app\\Controllers\\NewController.php', 62)
 2 SYSTEMPATH\CodeIgniter.php(919): App\Controllers\NewController->updates()
 3 SYSTEMPATH\CodeIgniter.php(494): CodeIgniter\CodeIgniter->runController(Object(App\Controllers\NewController))
 4 SYSTEMPATH\CodeIgniter.php(353): CodeIgniter\CodeIgniter->handleRequest(null, Object(Config\Cache), false)
 5 FCPATH\index.php(79): CodeIgniter\CodeIgniter->run()
 6 SYSTEMPATH\Commands\Server\rewrite.php(47): require_once('C:\\laragon\\www\\method-oldagehome\\public\\index.php')
CRITICAL - 2024-02-14 22:19:23 --> Undefined variable $Id
in APPPATH\Controllers\NewController.php on line 72.
 1 APPPATH\Controllers\NewController.php(72): CodeIgniter\Debug\Exceptions->errorHandler(2, 'Undefined variable $Id', 'C:\\laragon\\www\\method-oldagehome\\app\\Controllers\\NewController.php', 72)
 2 SYSTEMPATH\CodeIgniter.php(919): App\Controllers\NewController->updates()
 3 SYSTEMPATH\CodeIgniter.php(494): CodeIgniter\CodeIgniter->runController(Object(App\Controllers\NewController))
 4 SYSTEMPATH\CodeIgniter.php(353): CodeIgniter\CodeIgniter->handleRequest(null, Object(Config\Cache), false)
 5 FCPATH\index.php(79): CodeIgniter\CodeIgniter->run()
 6 SYSTEMPATH\Commands\Server\rewrite.php(47): require_once('C:\\laragon\\www\\method-oldagehome\\public\\index.php')
CRITICAL - 2024-02-14 23:04:23 --> syntax error, unexpected end of file
in APPPATH\Views\dashboard\manageproduct.php on line 102.
 1 SYSTEMPATH\View\View.php(229): CodeIgniter\View\View->CodeIgniter\View\{closure}()
 2 SYSTEMPATH\Common.php(1188): CodeIgniter\View\View->render('dashboard/manageproduct', [], true)
 3 APPPATH\Controllers\NewController.php(72): view('dashboard/manageproduct', [...])
 4 SYSTEMPATH\CodeIgniter.php(919): App\Controllers\NewController->show()
 5 SYSTEMPATH\CodeIgniter.php(494): CodeIgniter\CodeIgniter->runController(Object(App\Controllers\NewController))
 6 SYSTEMPATH\CodeIgniter.php(353): CodeIgniter\CodeIgniter->handleRequest(null, Object(Config\Cache), false)
 7 FCPATH\index.php(79): CodeIgniter\CodeIgniter->run()
 8 SYSTEMPATH\Commands\Server\rewrite.php(47): require_once('C:\\laragon\\www\\method-oldagehome\\public\\index.php')
