CRITICAL - 2024-10-15 01:19:03 --> Undefined variable $getCount
in APPPATH\Views\admin\includes\user\sidebar.php on line 202.
 1 APPPATH\Views\admin\includes\user\sidebar.php(202): CodeIgniter\Debug\Exceptions->errorHandler(2, 'Undefined variable $getCount', 'D:\\laragon\\www\\method-oldagehome\\app\\Views\\admin\\includes\\user\\sidebar.php', 202)
 2 APPPATH\Views\admin\menu.php(30): include_once('D:\\laragon\\www\\method-oldagehome\\app\\Views\\admin\\includes\\user\\sidebar.php')
 3 SYSTEMPATH\View\View.php(226): include('D:\\laragon\\www\\method-oldagehome\\app\\Views\\admin\\menu.php')
 4 SYSTEMPATH\View\View.php(229): CodeIgniter\View\View->CodeIgniter\View\{closure}()
 5 SYSTEMPATH\Common.php(1188): CodeIgniter\View\View->render('admin/menu', [], true)
 6 APPPATH\Controllers\MenuController.php(26): view('admin/menu', [...])
 7 SYSTEMPATH\CodeIgniter.php(919): App\Controllers\MenuController->seemenu()
 8 SYSTEMPATH\CodeIgniter.php(494): CodeIgniter\CodeIgniter->runController(Object(App\Controllers\MenuController))
 9 SYSTEMPATH\CodeIgniter.php(353): CodeIgniter\CodeIgniter->handleRequest(null, Object(Config\Cache), false)
10 FCPATH\index.php(79): CodeIgniter\CodeIgniter->run()
11 SYSTEMPATH\Commands\Server\rewrite.php(47): require_once('D:\\laragon\\www\\method-oldagehome\\public\\index.php')
CRITICAL - 2024-10-15 01:19:42 --> Undefined variable $getCount
in APPPATH\Views\admin\includes\user\sidebar.php on line 202.
 1 APPPATH\Views\admin\includes\user\sidebar.php(202): CodeIgniter\Debug\Exceptions->errorHandler(2, 'Undefined variable $getCount', 'D:\\laragon\\www\\method-oldagehome\\app\\Views\\admin\\includes\\user\\sidebar.php', 202)
 2 APPPATH\Views\admin\menu.php(30): include_once('D:\\laragon\\www\\method-oldagehome\\app\\Views\\admin\\includes\\user\\sidebar.php')
 3 SYSTEMPATH\View\View.php(226): include('D:\\laragon\\www\\method-oldagehome\\app\\Views\\admin\\menu.php')
 4 SYSTEMPATH\View\View.php(229): CodeIgniter\View\View->CodeIgniter\View\{closure}()
 5 SYSTEMPATH\Common.php(1188): CodeIgniter\View\View->render('admin/menu', [], true)
 6 APPPATH\Controllers\MenuController.php(26): view('admin/menu', [...])
 7 SYSTEMPATH\CodeIgniter.php(919): App\Controllers\MenuController->seemenu()
 8 SYSTEMPATH\CodeIgniter.php(494): CodeIgniter\CodeIgniter->runController(Object(App\Controllers\MenuController))
 9 SYSTEMPATH\CodeIgniter.php(353): CodeIgniter\CodeIgniter->handleRequest(null, Object(Config\Cache), false)
10 FCPATH\index.php(79): CodeIgniter\CodeIgniter->run()
11 SYSTEMPATH\Commands\Server\rewrite.php(47): require_once('D:\\laragon\\www\\method-oldagehome\\public\\index.php')
CRITICAL - 2024-10-15 09:37:37 --> Undefined variable $donation
in APPPATH\Views\admin\home.php on line 41.
 1 APPPATH\Views\admin\home.php(41): CodeIgniter\Debug\Exceptions->errorHandler(2, 'Undefined variable $donation', 'D:\\laragon\\www\\method-oldagehome\\app\\Views\\admin\\home.php', 41)
 2 SYSTEMPATH\View\View.php(226): include('D:\\laragon\\www\\method-oldagehome\\app\\Views\\admin\\home.php')
 3 SYSTEMPATH\View\View.php(229): CodeIgniter\View\View->CodeIgniter\View\{closure}()
 4 SYSTEMPATH\Common.php(1188): CodeIgniter\View\View->render('admin/home', [], true)
 5 APPPATH\Controllers\ViewController.php(61): view('admin/home', [...])
 6 SYSTEMPATH\CodeIgniter.php(919): App\Controllers\ViewController->home()
 7 SYSTEMPATH\CodeIgniter.php(494): CodeIgniter\CodeIgniter->runController(Object(App\Controllers\ViewController))
 8 SYSTEMPATH\CodeIgniter.php(353): CodeIgniter\CodeIgniter->handleRequest(null, Object(Config\Cache), false)
 9 FCPATH\index.php(79): CodeIgniter\CodeIgniter->run()
10 SYSTEMPATH\Commands\Server\rewrite.php(47): require_once('D:\\laragon\\www\\method-oldagehome\\public\\index.php')
CRITICAL - 2024-10-15 09:45:10 --> Undefined variable $home
in APPPATH\Views\admin\donation.php on line 48.
 1 APPPATH\Views\admin\donation.php(48): CodeIgniter\Debug\Exceptions->errorHandler(2, 'Undefined variable $home', 'D:\\laragon\\www\\method-oldagehome\\app\\Views\\admin\\donation.php', 48)
 2 SYSTEMPATH\View\View.php(226): include('D:\\laragon\\www\\method-oldagehome\\app\\Views\\admin\\donation.php')
 3 SYSTEMPATH\View\View.php(229): CodeIgniter\View\View->CodeIgniter\View\{closure}()
 4 SYSTEMPATH\Common.php(1188): CodeIgniter\View\View->render('admin/donation', [], true)
 5 APPPATH\Controllers\ViewController.php(71): view('admin/donation', [...])
 6 SYSTEMPATH\CodeIgniter.php(919): App\Controllers\ViewController->donation()
 7 SYSTEMPATH\CodeIgniter.php(494): CodeIgniter\CodeIgniter->runController(Object(App\Controllers\ViewController))
 8 SYSTEMPATH\CodeIgniter.php(353): CodeIgniter\CodeIgniter->handleRequest(null, Object(Config\Cache), false)
 9 FCPATH\index.php(79): CodeIgniter\CodeIgniter->run()
10 SYSTEMPATH\Commands\Server\rewrite.php(47): require_once('D:\\laragon\\www\\method-oldagehome\\public\\index.php')
CRITICAL - 2024-10-15 09:51:09 --> Undefined variable $donation
in APPPATH\Views\admin\home.php on line 41.
 1 APPPATH\Views\admin\home.php(41): CodeIgniter\Debug\Exceptions->errorHandler(2, 'Undefined variable $donation', 'D:\\laragon\\www\\method-oldagehome\\app\\Views\\admin\\home.php', 41)
 2 SYSTEMPATH\View\View.php(226): include('D:\\laragon\\www\\method-oldagehome\\app\\Views\\admin\\home.php')
 3 SYSTEMPATH\View\View.php(229): CodeIgniter\View\View->CodeIgniter\View\{closure}()
 4 SYSTEMPATH\Common.php(1188): CodeIgniter\View\View->render('admin/home', [], true)
 5 APPPATH\Controllers\ViewController.php(61): view('admin/home', [...])
 6 SYSTEMPATH\CodeIgniter.php(919): App\Controllers\ViewController->home()
 7 SYSTEMPATH\CodeIgniter.php(494): CodeIgniter\CodeIgniter->runController(Object(App\Controllers\ViewController))
 8 SYSTEMPATH\CodeIgniter.php(353): CodeIgniter\CodeIgniter->handleRequest(null, Object(Config\Cache), false)
 9 FCPATH\index.php(79): CodeIgniter\CodeIgniter->run()
10 SYSTEMPATH\Commands\Server\rewrite.php(47): require_once('D:\\laragon\\www\\method-oldagehome\\public\\index.php')
