CRITICAL - 2024-05-13 13:34:21 --> Undefined array key "role"
in APPPATH\Controllers\UserController.php on line 80.
 1 APPPATH\Controllers\UserController.php(80): CodeIgniter\Debug\Exceptions->errorHandler(2, 'Undefined array key "role"', 'D:\\laragon\\www\\method-oldagehome\\app\\Controllers\\UserController.php', 80)
 2 SYSTEMPATH\CodeIgniter.php(919): App\Controllers\UserController->loginAuth()
 3 SYSTEMPATH\CodeIgniter.php(494): CodeIgniter\CodeIgniter->runController(Object(App\Controllers\UserController))
 4 SYSTEMPATH\CodeIgniter.php(353): CodeIgniter\CodeIgniter->handleRequest(null, Object(Config\Cache), false)
 5 FCPATH\index.php(79): CodeIgniter\CodeIgniter->run()
 6 SYSTEMPATH\Commands\Server\rewrite.php(47): require_once('D:\\laragon\\www\\method-oldagehome\\public\\index.php')
CRITICAL - 2024-05-13 15:47:20 --> Namespace declaration statement has to be the very first statement or after any declare call in the script
in APPPATH\Config\Filters.php on line 3.
 1 [internal function]: CodeIgniter\Debug\Exceptions->shutdownHandler()
CRITICAL - 2024-05-13 15:47:27 --> Namespace declaration statement has to be the very first statement or after any declare call in the script
in APPPATH\Config\Filters.php on line 3.
 1 [internal function]: CodeIgniter\Debug\Exceptions->shutdownHandler()
CRITICAL - 2024-05-13 15:47:28 --> Namespace declaration statement has to be the very first statement or after any declare call in the script
in APPPATH\Config\Filters.php on line 3.
 1 [internal function]: CodeIgniter\Debug\Exceptions->shutdownHandler()
CRITICAL - 2024-05-13 15:47:30 --> Namespace declaration statement has to be the very first statement or after any declare call in the script
in APPPATH\Config\Filters.php on line 3.
 1 [internal function]: CodeIgniter\Debug\Exceptions->shutdownHandler()
CRITICAL - 2024-05-13 15:47:45 --> Namespace declaration statement has to be the very first statement or after any declare call in the script
in APPPATH\Config\Filters.php on line 3.
 1 [internal function]: CodeIgniter\Debug\Exceptions->shutdownHandler()
CRITICAL - 2024-05-13 15:49:13 --> Namespace declaration statement has to be the very first statement or after any declare call in the script
in APPPATH\Config\Filters.php on line 3.
 1 [internal function]: CodeIgniter\Debug\Exceptions->shutdownHandler()
CRITICAL - 2024-05-13 15:50:16 --> Namespace declaration statement has to be the very first statement or after any declare call in the script
in APPPATH\Config\Filters.php on line 3.
 1 [internal function]: CodeIgniter\Debug\Exceptions->shutdownHandler()
