CRITICAL - 2024-04-14 00:03:00 --> syntax error, unexpected token "if", expecting "function" or "const"
in APPPATH\Controllers\UserbookingController.php on line 117.
 1 SYSTEMPATH\Autoloader\Autoloader.php(285): CodeIgniter\Autoloader\Autoloader->includeFile('D:\\laragon\\www\\method-oldagehome\\app\\Controllers\\UserbookingController.php')
 2 SYSTEMPATH\Autoloader\Autoloader.php(263): CodeIgniter\Autoloader\Autoloader->loadInNamespace('App\\Controllers\\UserbookingController')
 3 [internal function]: CodeIgniter\Autoloader\Autoloader->loadClass('App\\Controllers\\UserbookingController')
 4 SYSTEMPATH\CodeIgniter.php(877): class_exists('\\App\\Controllers\\UserbookingController', true)
 5 SYSTEMPATH\CodeIgniter.php(481): CodeIgniter\CodeIgniter->startController()
 6 SYSTEMPATH\CodeIgniter.php(353): CodeIgniter\CodeIgniter->handleRequest(null, Object(Config\Cache), false)
 7 FCPATH\index.php(79): CodeIgniter\CodeIgniter->run()
 8 SYSTEMPATH\Commands\Server\rewrite.php(47): require_once('D:\\laragon\\www\\method-oldagehome\\public\\index.php')
CRITICAL - 2024-04-14 00:05:07 --> Undefined variable $data
in APPPATH\Controllers\UserbookingController.php on line 62.
 1 APPPATH\Controllers\UserbookingController.php(62): CodeIgniter\Debug\Exceptions->errorHandler(2, 'Undefined variable $data', 'D:\\laragon\\www\\method-oldagehome\\app\\Controllers\\UserbookingController.php', 62)
 2 SYSTEMPATH\CodeIgniter.php(919): App\Controllers\UserbookingController->bookchecked()
 3 SYSTEMPATH\CodeIgniter.php(494): CodeIgniter\CodeIgniter->runController(Object(App\Controllers\UserbookingController))
 4 SYSTEMPATH\CodeIgniter.php(353): CodeIgniter\CodeIgniter->handleRequest(null, Object(Config\Cache), false)
 5 FCPATH\index.php(79): CodeIgniter\CodeIgniter->run()
 6 SYSTEMPATH\Commands\Server\rewrite.php(47): require_once('D:\\laragon\\www\\method-oldagehome\\public\\index.php')
CRITICAL - 2024-04-14 00:05:17 --> Undefined variable $reservedDates
in APPPATH\Views\admin\userbooking.php on line 132.
 1 APPPATH\Views\admin\userbooking.php(132): CodeIgniter\Debug\Exceptions->errorHandler(2, 'Undefined variable $reservedDates', 'D:\\laragon\\www\\method-oldagehome\\app\\Views\\admin\\userbooking.php', 132)
 2 SYSTEMPATH\View\View.php(226): include('D:\\laragon\\www\\method-oldagehome\\app\\Views\\admin\\userbooking.php')
 3 SYSTEMPATH\View\View.php(229): CodeIgniter\View\View->CodeIgniter\View\{closure}()
 4 SYSTEMPATH\Common.php(1188): CodeIgniter\View\View->render('admin/userbooking', [], true)
 5 APPPATH\Controllers\UserbookingController.php(62): view('admin/userbooking')
 6 SYSTEMPATH\CodeIgniter.php(919): App\Controllers\UserbookingController->bookchecked()
 7 SYSTEMPATH\CodeIgniter.php(494): CodeIgniter\CodeIgniter->runController(Object(App\Controllers\UserbookingController))
 8 SYSTEMPATH\CodeIgniter.php(353): CodeIgniter\CodeIgniter->handleRequest(null, Object(Config\Cache), false)
 9 FCPATH\index.php(79): CodeIgniter\CodeIgniter->run()
10 SYSTEMPATH\Commands\Server\rewrite.php(47): require_once('D:\\laragon\\www\\method-oldagehome\\public\\index.php')
CRITICAL - 2024-04-14 00:05:19 --> Undefined variable $reservedDates
in APPPATH\Views\admin\userbooking.php on line 132.
 1 APPPATH\Views\admin\userbooking.php(132): CodeIgniter\Debug\Exceptions->errorHandler(2, 'Undefined variable $reservedDates', 'D:\\laragon\\www\\method-oldagehome\\app\\Views\\admin\\userbooking.php', 132)
 2 SYSTEMPATH\View\View.php(226): include('D:\\laragon\\www\\method-oldagehome\\app\\Views\\admin\\userbooking.php')
 3 SYSTEMPATH\View\View.php(229): CodeIgniter\View\View->CodeIgniter\View\{closure}()
 4 SYSTEMPATH\Common.php(1188): CodeIgniter\View\View->render('admin/userbooking', [], true)
 5 APPPATH\Controllers\UserbookingController.php(62): view('admin/userbooking')
 6 SYSTEMPATH\CodeIgniter.php(919): App\Controllers\UserbookingController->bookchecked()
 7 SYSTEMPATH\CodeIgniter.php(494): CodeIgniter\CodeIgniter->runController(Object(App\Controllers\UserbookingController))
 8 SYSTEMPATH\CodeIgniter.php(353): CodeIgniter\CodeIgniter->handleRequest(null, Object(Config\Cache), false)
 9 FCPATH\index.php(79): CodeIgniter\CodeIgniter->run()
10 SYSTEMPATH\Commands\Server\rewrite.php(47): require_once('D:\\laragon\\www\\method-oldagehome\\public\\index.php')
CRITICAL - 2024-04-14 00:05:20 --> Undefined variable $reservedDates
in APPPATH\Views\admin\userbooking.php on line 132.
 1 APPPATH\Views\admin\userbooking.php(132): CodeIgniter\Debug\Exceptions->errorHandler(2, 'Undefined variable $reservedDates', 'D:\\laragon\\www\\method-oldagehome\\app\\Views\\admin\\userbooking.php', 132)
 2 SYSTEMPATH\View\View.php(226): include('D:\\laragon\\www\\method-oldagehome\\app\\Views\\admin\\userbooking.php')
 3 SYSTEMPATH\View\View.php(229): CodeIgniter\View\View->CodeIgniter\View\{closure}()
 4 SYSTEMPATH\Common.php(1188): CodeIgniter\View\View->render('admin/userbooking', [], true)
 5 APPPATH\Controllers\UserbookingController.php(62): view('admin/userbooking')
 6 SYSTEMPATH\CodeIgniter.php(919): App\Controllers\UserbookingController->bookchecked()
 7 SYSTEMPATH\CodeIgniter.php(494): CodeIgniter\CodeIgniter->runController(Object(App\Controllers\UserbookingController))
 8 SYSTEMPATH\CodeIgniter.php(353): CodeIgniter\CodeIgniter->handleRequest(null, Object(Config\Cache), false)
 9 FCPATH\index.php(79): CodeIgniter\CodeIgniter->run()
10 SYSTEMPATH\Commands\Server\rewrite.php(47): require_once('D:\\laragon\\www\\method-oldagehome\\public\\index.php')
CRITICAL - 2024-04-14 00:05:20 --> Undefined variable $reservedDates
in APPPATH\Views\admin\userbooking.php on line 132.
 1 APPPATH\Views\admin\userbooking.php(132): CodeIgniter\Debug\Exceptions->errorHandler(2, 'Undefined variable $reservedDates', 'D:\\laragon\\www\\method-oldagehome\\app\\Views\\admin\\userbooking.php', 132)
 2 SYSTEMPATH\View\View.php(226): include('D:\\laragon\\www\\method-oldagehome\\app\\Views\\admin\\userbooking.php')
 3 SYSTEMPATH\View\View.php(229): CodeIgniter\View\View->CodeIgniter\View\{closure}()
 4 SYSTEMPATH\Common.php(1188): CodeIgniter\View\View->render('admin/userbooking', [], true)
 5 APPPATH\Controllers\UserbookingController.php(62): view('admin/userbooking')
 6 SYSTEMPATH\CodeIgniter.php(919): App\Controllers\UserbookingController->bookchecked()
 7 SYSTEMPATH\CodeIgniter.php(494): CodeIgniter\CodeIgniter->runController(Object(App\Controllers\UserbookingController))
 8 SYSTEMPATH\CodeIgniter.php(353): CodeIgniter\CodeIgniter->handleRequest(null, Object(Config\Cache), false)
 9 FCPATH\index.php(79): CodeIgniter\CodeIgniter->run()
10 SYSTEMPATH\Commands\Server\rewrite.php(47): require_once('D:\\laragon\\www\\method-oldagehome\\public\\index.php')
CRITICAL - 2024-04-14 00:14:07 --> Call to undefined method App\Models\BookingModel::getExistingReservations
in SYSTEMPATH\Model.php on line 873.
 1 APPPATH\Controllers\UserbookingController.php(106): CodeIgniter\Model->__call('getExistingReservations', [])
 2 SYSTEMPATH\CodeIgniter.php(919): App\Controllers\UserbookingController->reserveEventDate()
 3 SYSTEMPATH\CodeIgniter.php(494): CodeIgniter\CodeIgniter->runController(Object(App\Controllers\UserbookingController))
 4 SYSTEMPATH\CodeIgniter.php(353): CodeIgniter\CodeIgniter->handleRequest(null, Object(Config\Cache), false)
 5 FCPATH\index.php(79): CodeIgniter\CodeIgniter->run()
 6 SYSTEMPATH\Commands\Server\rewrite.php(47): require_once('D:\\laragon\\www\\method-oldagehome\\public\\index.php')
CRITICAL - 2024-04-14 00:14:28 --> Call to undefined method App\Models\BookingModel::getExistingReservations
in SYSTEMPATH\Model.php on line 873.
 1 APPPATH\Controllers\UserbookingController.php(106): CodeIgniter\Model->__call('getExistingReservations', [])
 2 SYSTEMPATH\CodeIgniter.php(919): App\Controllers\UserbookingController->reserveEventDate()
 3 SYSTEMPATH\CodeIgniter.php(494): CodeIgniter\CodeIgniter->runController(Object(App\Controllers\UserbookingController))
 4 SYSTEMPATH\CodeIgniter.php(353): CodeIgniter\CodeIgniter->handleRequest(null, Object(Config\Cache), false)
 5 FCPATH\index.php(79): CodeIgniter\CodeIgniter->run()
 6 SYSTEMPATH\Commands\Server\rewrite.php(47): require_once('D:\\laragon\\www\\method-oldagehome\\public\\index.php')
CRITICAL - 2024-04-14 00:43:00 --> Call to undefined method App\Controllers\UserbookingController::isAvailable()
in APPPATH\Controllers\UserbookingController.php on line 99.
 1 SYSTEMPATH\CodeIgniter.php(919): App\Controllers\UserbookingController->reserveEventDate()
 2 SYSTEMPATH\CodeIgniter.php(494): CodeIgniter\CodeIgniter->runController(Object(App\Controllers\UserbookingController))
 3 SYSTEMPATH\CodeIgniter.php(353): CodeIgniter\CodeIgniter->handleRequest(null, Object(Config\Cache), false)
 4 FCPATH\index.php(79): CodeIgniter\CodeIgniter->run()
 5 SYSTEMPATH\Commands\Server\rewrite.php(47): require_once('D:\\laragon\\www\\method-oldagehome\\public\\index.php')
CRITICAL - 2024-04-14 00:46:06 --> Call to undefined method App\Controllers\UserbookingController::isAvailable()
in APPPATH\Controllers\UserbookingController.php on line 99.
 1 SYSTEMPATH\CodeIgniter.php(919): App\Controllers\UserbookingController->reserveEventDate()
 2 SYSTEMPATH\CodeIgniter.php(494): CodeIgniter\CodeIgniter->runController(Object(App\Controllers\UserbookingController))
 3 SYSTEMPATH\CodeIgniter.php(353): CodeIgniter\CodeIgniter->handleRequest(null, Object(Config\Cache), false)
 4 FCPATH\index.php(79): CodeIgniter\CodeIgniter->run()
 5 SYSTEMPATH\Commands\Server\rewrite.php(47): require_once('D:\\laragon\\www\\method-oldagehome\\public\\index.php')
CRITICAL - 2024-04-14 00:47:43 --> Call to undefined method App\Controllers\UserbookingController::isAvailable()
in APPPATH\Controllers\UserbookingController.php on line 99.
 1 SYSTEMPATH\CodeIgniter.php(919): App\Controllers\UserbookingController->reserveEventDate()
 2 SYSTEMPATH\CodeIgniter.php(494): CodeIgniter\CodeIgniter->runController(Object(App\Controllers\UserbookingController))
 3 SYSTEMPATH\CodeIgniter.php(353): CodeIgniter\CodeIgniter->handleRequest(null, Object(Config\Cache), false)
 4 FCPATH\index.php(79): CodeIgniter\CodeIgniter->run()
 5 SYSTEMPATH\Commands\Server\rewrite.php(47): require_once('D:\\laragon\\www\\method-oldagehome\\public\\index.php')
CRITICAL - 2024-04-14 00:47:48 --> Call to undefined method App\Controllers\UserbookingController::isAvailable()
in APPPATH\Controllers\UserbookingController.php on line 99.
 1 SYSTEMPATH\CodeIgniter.php(919): App\Controllers\UserbookingController->reserveEventDate()
 2 SYSTEMPATH\CodeIgniter.php(494): CodeIgniter\CodeIgniter->runController(Object(App\Controllers\UserbookingController))
 3 SYSTEMPATH\CodeIgniter.php(353): CodeIgniter\CodeIgniter->handleRequest(null, Object(Config\Cache), false)
 4 FCPATH\index.php(79): CodeIgniter\CodeIgniter->run()
 5 SYSTEMPATH\Commands\Server\rewrite.php(47): require_once('D:\\laragon\\www\\method-oldagehome\\public\\index.php')
CRITICAL - 2024-04-14 00:47:55 --> Call to undefined method App\Controllers\UserbookingController::isAvailable()
in APPPATH\Controllers\UserbookingController.php on line 99.
 1 SYSTEMPATH\CodeIgniter.php(919): App\Controllers\UserbookingController->reserveEventDate()
 2 SYSTEMPATH\CodeIgniter.php(494): CodeIgniter\CodeIgniter->runController(Object(App\Controllers\UserbookingController))
 3 SYSTEMPATH\CodeIgniter.php(353): CodeIgniter\CodeIgniter->handleRequest(null, Object(Config\Cache), false)
 4 FCPATH\index.php(79): CodeIgniter\CodeIgniter->run()
 5 SYSTEMPATH\Commands\Server\rewrite.php(47): require_once('D:\\laragon\\www\\method-oldagehome\\public\\index.php')
CRITICAL - 2024-04-14 00:51:05 --> Call to undefined method App\Controllers\UserbookingController::isAvailable()
in APPPATH\Controllers\UserbookingController.php on line 99.
 1 SYSTEMPATH\CodeIgniter.php(919): App\Controllers\UserbookingController->reserveEventDate()
 2 SYSTEMPATH\CodeIgniter.php(494): CodeIgniter\CodeIgniter->runController(Object(App\Controllers\UserbookingController))
 3 SYSTEMPATH\CodeIgniter.php(353): CodeIgniter\CodeIgniter->handleRequest(null, Object(Config\Cache), false)
 4 FCPATH\index.php(79): CodeIgniter\CodeIgniter->run()
 5 SYSTEMPATH\Commands\Server\rewrite.php(47): require_once('D:\\laragon\\www\\method-oldagehome\\public\\index.php')
ERROR - 2024-04-14 01:01:26 --> mysqli_sql_exception: Incorrect DATETIME value: '' in D:\laragon\www\method-oldagehome\system\Database\MySQLi\Connection.php:306
Stack trace:
#0 D:\laragon\www\method-oldagehome\system\Database\MySQLi\Connection.php(306): mysqli->query('SELECT COUNT(*)...', 0)
#1 D:\laragon\www\method-oldagehome\system\Database\BaseConnection.php(692): CodeIgniter\Database\MySQLi\Connection->execute('SELECT COUNT(*)...')
#2 D:\laragon\www\method-oldagehome\system\Database\BaseConnection.php(606): CodeIgniter\Database\BaseConnection->simpleQuery('SELECT COUNT(*)...')
#3 D:\laragon\www\method-oldagehome\system\Database\BaseBuilder.php(1699): CodeIgniter\Database\BaseConnection->query('SELECT COUNT(*)...', Array, false)
#4 D:\laragon\www\method-oldagehome\system\Model.php(599): CodeIgniter\Database\BaseBuilder->countAllResults(true)
#5 D:\laragon\www\method-oldagehome\app\Models\BookingModel.php(48): CodeIgniter\Model->countAllResults()
#6 D:\laragon\www\method-oldagehome\app\Controllers\UserbookingController.php(99): App\Models\BookingModel->isAvailable(NULL, NULL)
#7 D:\laragon\www\method-oldagehome\system\CodeIgniter.php(919): App\Controllers\UserbookingController->reserveEventDate()
#8 D:\laragon\www\method-oldagehome\system\CodeIgniter.php(494): CodeIgniter\CodeIgniter->runController(Object(App\Controllers\UserbookingController))
#9 D:\laragon\www\method-oldagehome\system\CodeIgniter.php(353): CodeIgniter\CodeIgniter->handleRequest(NULL, Object(Config\Cache), false)
#10 D:\laragon\www\method-oldagehome\public\index.php(79): CodeIgniter\CodeIgniter->run()
#11 D:\laragon\www\method-oldagehome\system\Commands\Server\rewrite.php(47): require_once('D:\\laragon\\www\\...')
#12 {main}
CRITICAL - 2024-04-14 01:01:26 --> Incorrect DATETIME value: ''
in SYSTEMPATH\Database\BaseConnection.php on line 646.
 1 SYSTEMPATH\Database\BaseBuilder.php(1699): CodeIgniter\Database\BaseConnection->query('SELECT COUNT(*) AS `numrows`
FROM `acceptbooking`
WHERE `prefferdate` BETWEEN \'\' AND \'\'
OR `alterdate` BETWEEN \'\' AND \'\'', [], false)
 2 SYSTEMPATH\Model.php(599): CodeIgniter\Database\BaseBuilder->countAllResults(true)
 3 APPPATH\Models\BookingModel.php(48): CodeIgniter\Model->countAllResults()
 4 APPPATH\Controllers\UserbookingController.php(99): App\Models\BookingModel->isAvailable(null, null)
 5 SYSTEMPATH\CodeIgniter.php(919): App\Controllers\UserbookingController->reserveEventDate()
 6 SYSTEMPATH\CodeIgniter.php(494): CodeIgniter\CodeIgniter->runController(Object(App\Controllers\UserbookingController))
 7 SYSTEMPATH\CodeIgniter.php(353): CodeIgniter\CodeIgniter->handleRequest(null, Object(Config\Cache), false)
 8 FCPATH\index.php(79): CodeIgniter\CodeIgniter->run()
 9 SYSTEMPATH\Commands\Server\rewrite.php(47): require_once('D:\\laragon\\www\\method-oldagehome\\public\\index.php')
CRITICAL - 2024-04-14 01:03:29 --> Trying to access array offset on value of type bool
in APPPATH\Controllers\UserbookingController.php on line 103.
 1 APPPATH\Controllers\UserbookingController.php(103): CodeIgniter\Debug\Exceptions->errorHandler(2, 'Trying to access array offset on value of type bool', 'D:\\laragon\\www\\method-oldagehome\\app\\Controllers\\UserbookingController.php', 103)
 2 SYSTEMPATH\CodeIgniter.php(919): App\Controllers\UserbookingController->reserveEventDate()
 3 SYSTEMPATH\CodeIgniter.php(494): CodeIgniter\CodeIgniter->runController(Object(App\Controllers\UserbookingController))
 4 SYSTEMPATH\CodeIgniter.php(353): CodeIgniter\CodeIgniter->handleRequest(null, Object(Config\Cache), false)
 5 FCPATH\index.php(79): CodeIgniter\CodeIgniter->run()
 6 SYSTEMPATH\Commands\Server\rewrite.php(47): require_once('D:\\laragon\\www\\method-oldagehome\\public\\index.php')
CRITICAL - 2024-04-14 01:03:38 --> Trying to access array offset on value of type bool
in APPPATH\Controllers\UserbookingController.php on line 103.
 1 APPPATH\Controllers\UserbookingController.php(103): CodeIgniter\Debug\Exceptions->errorHandler(2, 'Trying to access array offset on value of type bool', 'D:\\laragon\\www\\method-oldagehome\\app\\Controllers\\UserbookingController.php', 103)
 2 SYSTEMPATH\CodeIgniter.php(919): App\Controllers\UserbookingController->reserveEventDate()
 3 SYSTEMPATH\CodeIgniter.php(494): CodeIgniter\CodeIgniter->runController(Object(App\Controllers\UserbookingController))
 4 SYSTEMPATH\CodeIgniter.php(353): CodeIgniter\CodeIgniter->handleRequest(null, Object(Config\Cache), false)
 5 FCPATH\index.php(79): CodeIgniter\CodeIgniter->run()
 6 SYSTEMPATH\Commands\Server\rewrite.php(47): require_once('D:\\laragon\\www\\method-oldagehome\\public\\index.php')
CRITICAL - 2024-04-14 01:03:59 --> Trying to access array offset on value of type bool
in APPPATH\Controllers\UserbookingController.php on line 103.
 1 APPPATH\Controllers\UserbookingController.php(103): CodeIgniter\Debug\Exceptions->errorHandler(2, 'Trying to access array offset on value of type bool', 'D:\\laragon\\www\\method-oldagehome\\app\\Controllers\\UserbookingController.php', 103)
 2 SYSTEMPATH\CodeIgniter.php(919): App\Controllers\UserbookingController->reserveEventDate()
 3 SYSTEMPATH\CodeIgniter.php(494): CodeIgniter\CodeIgniter->runController(Object(App\Controllers\UserbookingController))
 4 SYSTEMPATH\CodeIgniter.php(353): CodeIgniter\CodeIgniter->handleRequest(null, Object(Config\Cache), false)
 5 FCPATH\index.php(79): CodeIgniter\CodeIgniter->run()
 6 SYSTEMPATH\Commands\Server\rewrite.php(47): require_once('D:\\laragon\\www\\method-oldagehome\\public\\index.php')
CRITICAL - 2024-04-14 01:14:08 --> include(include/user/header.php): Failed to open stream: No such file or directory
in APPPATH\Views\admin\userbooking.php on line 40.
 1 APPPATH\Views\admin\userbooking.php(40): CodeIgniter\Debug\Exceptions->errorHandler(2, 'include(include/user/header.php): Failed to open stream: No such file or directory', 'D:\\laragon\\www\\method-oldagehome\\app\\Views\\admin\\userbooking.php', 40)
 2 APPPATH\Views\admin\userbooking.php(40): include()
 3 SYSTEMPATH\View\View.php(226): include('D:\\laragon\\www\\method-oldagehome\\app\\Views\\admin\\userbooking.php')
 4 SYSTEMPATH\View\View.php(229): CodeIgniter\View\View->CodeIgniter\View\{closure}()
 5 SYSTEMPATH\Common.php(1188): CodeIgniter\View\View->render('admin/userbooking', [], true)
 6 APPPATH\Controllers\UserbookingController.php(62): view('admin/userbooking')
 7 SYSTEMPATH\CodeIgniter.php(919): App\Controllers\UserbookingController->bookchecked()
 8 SYSTEMPATH\CodeIgniter.php(494): CodeIgniter\CodeIgniter->runController(Object(App\Controllers\UserbookingController))
 9 SYSTEMPATH\CodeIgniter.php(353): CodeIgniter\CodeIgniter->handleRequest(null, Object(Config\Cache), false)
10 FCPATH\index.php(79): CodeIgniter\CodeIgniter->run()
11 SYSTEMPATH\Commands\Server\rewrite.php(47): require_once('D:\\laragon\\www\\method-oldagehome\\public\\index.php')
CRITICAL - 2024-04-14 05:05:01 --> Cannot access offset of type string on string
in APPPATH\Views\admin\news.php on line 34.
 1 SYSTEMPATH\View\View.php(226): include()
 2 SYSTEMPATH\View\View.php(229): CodeIgniter\View\View->CodeIgniter\View\{closure}()
 3 SYSTEMPATH\Common.php(1188): CodeIgniter\View\View->render('admin/news', [], true)
 4 APPPATH\Controllers\ViewController.php(59): view('admin/news', [...])
 5 SYSTEMPATH\CodeIgniter.php(919): App\Controllers\ViewController->eventnews('11')
 6 SYSTEMPATH\CodeIgniter.php(494): CodeIgniter\CodeIgniter->runController(Object(App\Controllers\ViewController))
 7 SYSTEMPATH\CodeIgniter.php(353): CodeIgniter\CodeIgniter->handleRequest(null, Object(Config\Cache), false)
 8 FCPATH\index.php(79): CodeIgniter\CodeIgniter->run()
 9 SYSTEMPATH\Commands\Server\rewrite.php(47): require_once('D:\\laragon\\www\\method-oldagehome\\public\\index.php')
CRITICAL - 2024-04-14 05:05:25 --> Cannot access offset of type string on string
in APPPATH\Views\admin\news.php on line 34.
 1 SYSTEMPATH\View\View.php(226): include()
 2 SYSTEMPATH\View\View.php(229): CodeIgniter\View\View->CodeIgniter\View\{closure}()
 3 SYSTEMPATH\Common.php(1188): CodeIgniter\View\View->render('admin/news', [], true)
 4 APPPATH\Controllers\ViewController.php(59): view('admin/news', [...])
 5 SYSTEMPATH\CodeIgniter.php(919): App\Controllers\ViewController->eventnews('11')
 6 SYSTEMPATH\CodeIgniter.php(494): CodeIgniter\CodeIgniter->runController(Object(App\Controllers\ViewController))
 7 SYSTEMPATH\CodeIgniter.php(353): CodeIgniter\CodeIgniter->handleRequest(null, Object(Config\Cache), false)
 8 FCPATH\index.php(79): CodeIgniter\CodeIgniter->run()
 9 SYSTEMPATH\Commands\Server\rewrite.php(47): require_once('D:\\laragon\\www\\method-oldagehome\\public\\index.php')
CRITICAL - 2024-04-14 05:05:28 --> Cannot access offset of type string on string
in APPPATH\Views\admin\news.php on line 34.
 1 SYSTEMPATH\View\View.php(226): include()
 2 SYSTEMPATH\View\View.php(229): CodeIgniter\View\View->CodeIgniter\View\{closure}()
 3 SYSTEMPATH\Common.php(1188): CodeIgniter\View\View->render('admin/news', [], true)
 4 APPPATH\Controllers\ViewController.php(59): view('admin/news', [...])
 5 SYSTEMPATH\CodeIgniter.php(919): App\Controllers\ViewController->eventnews('11')
 6 SYSTEMPATH\CodeIgniter.php(494): CodeIgniter\CodeIgniter->runController(Object(App\Controllers\ViewController))
 7 SYSTEMPATH\CodeIgniter.php(353): CodeIgniter\CodeIgniter->handleRequest(null, Object(Config\Cache), false)
 8 FCPATH\index.php(79): CodeIgniter\CodeIgniter->run()
 9 SYSTEMPATH\Commands\Server\rewrite.php(47): require_once('D:\\laragon\\www\\method-oldagehome\\public\\index.php')
CRITICAL - 2024-04-14 05:06:12 --> Cannot access offset of type string on string
in APPPATH\Views\admin\newsevent.php on line 36.
 1 SYSTEMPATH\View\View.php(226): include()
 2 SYSTEMPATH\View\View.php(229): CodeIgniter\View\View->CodeIgniter\View\{closure}()
 3 SYSTEMPATH\Common.php(1188): CodeIgniter\View\View->render('admin/newsevent', [], true)
 4 APPPATH\Controllers\ViewController.php(59): view('admin/newsevent', [...])
 5 SYSTEMPATH\CodeIgniter.php(919): App\Controllers\ViewController->eventnews('11')
 6 SYSTEMPATH\CodeIgniter.php(494): CodeIgniter\CodeIgniter->runController(Object(App\Controllers\ViewController))
 7 SYSTEMPATH\CodeIgniter.php(353): CodeIgniter\CodeIgniter->handleRequest(null, Object(Config\Cache), false)
 8 FCPATH\index.php(79): CodeIgniter\CodeIgniter->run()
 9 SYSTEMPATH\Commands\Server\rewrite.php(47): require_once('D:\\laragon\\www\\method-oldagehome\\public\\index.php')
CRITICAL - 2024-04-14 05:06:40 --> Cannot access offset of type string on string
in APPPATH\Views\admin\newsevent.php on line 36.
 1 SYSTEMPATH\View\View.php(226): include()
 2 SYSTEMPATH\View\View.php(229): CodeIgniter\View\View->CodeIgniter\View\{closure}()
 3 SYSTEMPATH\Common.php(1188): CodeIgniter\View\View->render('admin/newsevent', [], true)
 4 APPPATH\Controllers\ViewController.php(59): view('admin/newsevent', [...])
 5 SYSTEMPATH\CodeIgniter.php(919): App\Controllers\ViewController->eventnews('11')
 6 SYSTEMPATH\CodeIgniter.php(494): CodeIgniter\CodeIgniter->runController(Object(App\Controllers\ViewController))
 7 SYSTEMPATH\CodeIgniter.php(353): CodeIgniter\CodeIgniter->handleRequest(null, Object(Config\Cache), false)
 8 FCPATH\index.php(79): CodeIgniter\CodeIgniter->run()
 9 SYSTEMPATH\Commands\Server\rewrite.php(47): require_once('D:\\laragon\\www\\method-oldagehome\\public\\index.php')
CRITICAL - 2024-04-14 05:08:18 --> syntax error, unexpected identifier "findAll"
in APPPATH\Controllers\ViewController.php on line 58.
 1 SYSTEMPATH\Autoloader\Autoloader.php(285): CodeIgniter\Autoloader\Autoloader->includeFile('D:\\laragon\\www\\method-oldagehome\\app\\Controllers\\ViewController.php')
 2 SYSTEMPATH\Autoloader\Autoloader.php(263): CodeIgniter\Autoloader\Autoloader->loadInNamespace('App\\Controllers\\ViewController')
 3 [internal function]: CodeIgniter\Autoloader\Autoloader->loadClass('App\\Controllers\\ViewController')
 4 SYSTEMPATH\CodeIgniter.php(877): class_exists('\\App\\Controllers\\ViewController', true)
 5 SYSTEMPATH\CodeIgniter.php(481): CodeIgniter\CodeIgniter->startController()
 6 SYSTEMPATH\CodeIgniter.php(353): CodeIgniter\CodeIgniter->handleRequest(null, Object(Config\Cache), false)
 7 FCPATH\index.php(79): CodeIgniter\CodeIgniter->run()
 8 SYSTEMPATH\Commands\Server\rewrite.php(47): require_once('D:\\laragon\\www\\method-oldagehome\\public\\index.php')
CRITICAL - 2024-04-14 05:15:12 --> Undefined variable $main
in APPPATH\Views\admin\news.php on line 49.
 1 APPPATH\Views\admin\news.php(49): CodeIgniter\Debug\Exceptions->errorHandler(2, 'Undefined variable $main', 'D:\\laragon\\www\\method-oldagehome\\app\\Views\\admin\\news.php', 49)
 2 SYSTEMPATH\View\View.php(226): include('D:\\laragon\\www\\method-oldagehome\\app\\Views\\admin\\news.php')
 3 SYSTEMPATH\View\View.php(229): CodeIgniter\View\View->CodeIgniter\View\{closure}()
 4 SYSTEMPATH\Common.php(1188): CodeIgniter\View\View->render('admin/news', [], true)
 5 APPPATH\Controllers\ViewController.php(58): view('admin/news', [...])
 6 SYSTEMPATH\CodeIgniter.php(919): App\Controllers\ViewController->news()
 7 SYSTEMPATH\CodeIgniter.php(494): CodeIgniter\CodeIgniter->runController(Object(App\Controllers\ViewController))
 8 SYSTEMPATH\CodeIgniter.php(353): CodeIgniter\CodeIgniter->handleRequest(null, Object(Config\Cache), false)
 9 FCPATH\index.php(79): CodeIgniter\CodeIgniter->run()
10 SYSTEMPATH\Commands\Server\rewrite.php(47): require_once('D:\\laragon\\www\\method-oldagehome\\public\\index.php')
CRITICAL - 2024-04-14 05:15:21 --> Undefined variable $events
in APPPATH\Views\admin\news.php on line 49.
 1 APPPATH\Views\admin\news.php(49): CodeIgniter\Debug\Exceptions->errorHandler(2, 'Undefined variable $events', 'D:\\laragon\\www\\method-oldagehome\\app\\Views\\admin\\news.php', 49)
 2 SYSTEMPATH\View\View.php(226): include('D:\\laragon\\www\\method-oldagehome\\app\\Views\\admin\\news.php')
 3 SYSTEMPATH\View\View.php(229): CodeIgniter\View\View->CodeIgniter\View\{closure}()
 4 SYSTEMPATH\Common.php(1188): CodeIgniter\View\View->render('admin/news', [], true)
 5 APPPATH\Controllers\ViewController.php(58): view('admin/news', [...])
 6 SYSTEMPATH\CodeIgniter.php(919): App\Controllers\ViewController->news()
 7 SYSTEMPATH\CodeIgniter.php(494): CodeIgniter\CodeIgniter->runController(Object(App\Controllers\ViewController))
 8 SYSTEMPATH\CodeIgniter.php(353): CodeIgniter\CodeIgniter->handleRequest(null, Object(Config\Cache), false)
 9 FCPATH\index.php(79): CodeIgniter\CodeIgniter->run()
10 SYSTEMPATH\Commands\Server\rewrite.php(47): require_once('D:\\laragon\\www\\method-oldagehome\\public\\index.php')
CRITICAL - 2024-04-14 05:15:39 --> Undefined variable $events
in APPPATH\Views\admin\news.php on line 49.
 1 APPPATH\Views\admin\news.php(49): CodeIgniter\Debug\Exceptions->errorHandler(2, 'Undefined variable $events', 'D:\\laragon\\www\\method-oldagehome\\app\\Views\\admin\\news.php', 49)
 2 SYSTEMPATH\View\View.php(226): include('D:\\laragon\\www\\method-oldagehome\\app\\Views\\admin\\news.php')
 3 SYSTEMPATH\View\View.php(229): CodeIgniter\View\View->CodeIgniter\View\{closure}()
 4 SYSTEMPATH\Common.php(1188): CodeIgniter\View\View->render('admin/news', [], true)
 5 APPPATH\Controllers\ViewController.php(58): view('admin/news', [...])
 6 SYSTEMPATH\CodeIgniter.php(919): App\Controllers\ViewController->news()
 7 SYSTEMPATH\CodeIgniter.php(494): CodeIgniter\CodeIgniter->runController(Object(App\Controllers\ViewController))
 8 SYSTEMPATH\CodeIgniter.php(353): CodeIgniter\CodeIgniter->handleRequest(null, Object(Config\Cache), false)
 9 FCPATH\index.php(79): CodeIgniter\CodeIgniter->run()
10 SYSTEMPATH\Commands\Server\rewrite.php(47): require_once('D:\\laragon\\www\\method-oldagehome\\public\\index.php')
CRITICAL - 2024-04-14 05:16:07 --> Undefined variable $events
in APPPATH\Views\admin\news.php on line 51.
 1 APPPATH\Views\admin\news.php(51): CodeIgniter\Debug\Exceptions->errorHandler(2, 'Undefined variable $events', 'D:\\laragon\\www\\method-oldagehome\\app\\Views\\admin\\news.php', 51)
 2 SYSTEMPATH\View\View.php(226): include('D:\\laragon\\www\\method-oldagehome\\app\\Views\\admin\\news.php')
 3 SYSTEMPATH\View\View.php(229): CodeIgniter\View\View->CodeIgniter\View\{closure}()
 4 SYSTEMPATH\Common.php(1188): CodeIgniter\View\View->render('admin/news', [], true)
 5 APPPATH\Controllers\ViewController.php(58): view('admin/news', [...])
 6 SYSTEMPATH\CodeIgniter.php(919): App\Controllers\ViewController->news()
 7 SYSTEMPATH\CodeIgniter.php(494): CodeIgniter\CodeIgniter->runController(Object(App\Controllers\ViewController))
 8 SYSTEMPATH\CodeIgniter.php(353): CodeIgniter\CodeIgniter->handleRequest(null, Object(Config\Cache), false)
 9 FCPATH\index.php(79): CodeIgniter\CodeIgniter->run()
10 SYSTEMPATH\Commands\Server\rewrite.php(47): require_once('D:\\laragon\\www\\method-oldagehome\\public\\index.php')
CRITICAL - 2024-04-14 05:17:05 --> Undefined variable $main
in APPPATH\Views\admin\news.php on line 51.
 1 APPPATH\Views\admin\news.php(51): CodeIgniter\Debug\Exceptions->errorHandler(2, 'Undefined variable $main', 'D:\\laragon\\www\\method-oldagehome\\app\\Views\\admin\\news.php', 51)
 2 SYSTEMPATH\View\View.php(226): include('D:\\laragon\\www\\method-oldagehome\\app\\Views\\admin\\news.php')
 3 SYSTEMPATH\View\View.php(229): CodeIgniter\View\View->CodeIgniter\View\{closure}()
 4 SYSTEMPATH\Common.php(1188): CodeIgniter\View\View->render('admin/news', [], true)
 5 APPPATH\Controllers\ViewController.php(58): view('admin/news', [...])
 6 SYSTEMPATH\CodeIgniter.php(919): App\Controllers\ViewController->news()
 7 SYSTEMPATH\CodeIgniter.php(494): CodeIgniter\CodeIgniter->runController(Object(App\Controllers\ViewController))
 8 SYSTEMPATH\CodeIgniter.php(353): CodeIgniter\CodeIgniter->handleRequest(null, Object(Config\Cache), false)
 9 FCPATH\index.php(79): CodeIgniter\CodeIgniter->run()
10 SYSTEMPATH\Commands\Server\rewrite.php(47): require_once('D:\\laragon\\www\\method-oldagehome\\public\\index.php')
CRITICAL - 2024-04-14 05:17:52 --> Undefined variable $main
in APPPATH\Views\admin\news.php on line 51.
 1 APPPATH\Views\admin\news.php(51): CodeIgniter\Debug\Exceptions->errorHandler(2, 'Undefined variable $main', 'D:\\laragon\\www\\method-oldagehome\\app\\Views\\admin\\news.php', 51)
 2 SYSTEMPATH\View\View.php(226): include('D:\\laragon\\www\\method-oldagehome\\app\\Views\\admin\\news.php')
 3 SYSTEMPATH\View\View.php(229): CodeIgniter\View\View->CodeIgniter\View\{closure}()
 4 SYSTEMPATH\Common.php(1188): CodeIgniter\View\View->render('admin/news', [], true)
 5 APPPATH\Controllers\ViewController.php(60): view('admin/news', [...])
 6 SYSTEMPATH\CodeIgniter.php(919): App\Controllers\ViewController->news()
 7 SYSTEMPATH\CodeIgniter.php(494): CodeIgniter\CodeIgniter->runController(Object(App\Controllers\ViewController))
 8 SYSTEMPATH\CodeIgniter.php(353): CodeIgniter\CodeIgniter->handleRequest(null, Object(Config\Cache), false)
 9 FCPATH\index.php(79): CodeIgniter\CodeIgniter->run()
10 SYSTEMPATH\Commands\Server\rewrite.php(47): require_once('D:\\laragon\\www\\method-oldagehome\\public\\index.php')
CRITICAL - 2024-04-14 05:17:53 --> Undefined variable $main
in APPPATH\Views\admin\news.php on line 51.
 1 APPPATH\Views\admin\news.php(51): CodeIgniter\Debug\Exceptions->errorHandler(2, 'Undefined variable $main', 'D:\\laragon\\www\\method-oldagehome\\app\\Views\\admin\\news.php', 51)
 2 SYSTEMPATH\View\View.php(226): include('D:\\laragon\\www\\method-oldagehome\\app\\Views\\admin\\news.php')
 3 SYSTEMPATH\View\View.php(229): CodeIgniter\View\View->CodeIgniter\View\{closure}()
 4 SYSTEMPATH\Common.php(1188): CodeIgniter\View\View->render('admin/news', [], true)
 5 APPPATH\Controllers\ViewController.php(60): view('admin/news', [...])
 6 SYSTEMPATH\CodeIgniter.php(919): App\Controllers\ViewController->news()
 7 SYSTEMPATH\CodeIgniter.php(494): CodeIgniter\CodeIgniter->runController(Object(App\Controllers\ViewController))
 8 SYSTEMPATH\CodeIgniter.php(353): CodeIgniter\CodeIgniter->handleRequest(null, Object(Config\Cache), false)
 9 FCPATH\index.php(79): CodeIgniter\CodeIgniter->run()
10 SYSTEMPATH\Commands\Server\rewrite.php(47): require_once('D:\\laragon\\www\\method-oldagehome\\public\\index.php')
