CRITICAL - 2024-05-25 08:17:57 --> Trying to access array offset on value of type null
in APPPATH\Views\admin\includes\user\sidebar.php on line 106.
 1 APPPATH\Views\admin\includes\user\sidebar.php(106): CodeIgniter\Debug\Exceptions->errorHandler(2, 'Trying to access array offset on value of type null', 'C:\\laragon\\www\\method-oldagehome\\app\\Views\\admin\\includes\\user\\sidebar.php', 106)
 2 APPPATH\Views\admin\userViewpost.php(213): include_once('C:\\laragon\\www\\method-oldagehome\\app\\Views\\admin\\includes\\user\\sidebar.php')
 3 SYSTEMPATH\View\View.php(226): include('C:\\laragon\\www\\method-oldagehome\\app\\Views\\admin\\userViewpost.php')
 4 SYSTEMPATH\View\View.php(229): CodeIgniter\View\View->CodeIgniter\View\{closure}()
 5 SYSTEMPATH\Common.php(1188): CodeIgniter\View\View->render('admin/userViewpost', [], true)
 6 APPPATH\Controllers\UserViewPostController.php(55): view('admin/userViewpost', [...])
 7 SYSTEMPATH\CodeIgniter.php(919): App\Controllers\UserViewPostController->userViewpost()
 8 SYSTEMPATH\CodeIgniter.php(494): CodeIgniter\CodeIgniter->runController(Object(App\Controllers\UserViewPostController))
 9 SYSTEMPATH\CodeIgniter.php(353): CodeIgniter\CodeIgniter->handleRequest(null, Object(Config\Cache), false)
10 FCPATH\index.php(79): CodeIgniter\CodeIgniter->run()
11 SYSTEMPATH\Commands\Server\rewrite.php(47): require_once('C:\\laragon\\www\\method-oldagehome\\public\\index.php')
CRITICAL - 2024-05-25 08:18:11 --> Trying to access array offset on value of type null
in APPPATH\Views\admin\includes\user\sidebar.php on line 106.
 1 APPPATH\Views\admin\includes\user\sidebar.php(106): CodeIgniter\Debug\Exceptions->errorHandler(2, 'Trying to access array offset on value of type null', 'C:\\laragon\\www\\method-oldagehome\\app\\Views\\admin\\includes\\user\\sidebar.php', 106)
 2 APPPATH\Views\admin\userbooking.php(39): include('C:\\laragon\\www\\method-oldagehome\\app\\Views\\admin\\includes\\user\\sidebar.php')
 3 SYSTEMPATH\View\View.php(226): include('C:\\laragon\\www\\method-oldagehome\\app\\Views\\admin\\userbooking.php')
 4 SYSTEMPATH\View\View.php(229): CodeIgniter\View\View->CodeIgniter\View\{closure}()
 5 SYSTEMPATH\Common.php(1188): CodeIgniter\View\View->render('admin/userbooking', [], true)
 6 APPPATH\Controllers\UserbookingController.php(157): view('admin/userbooking', [...])
 7 SYSTEMPATH\CodeIgniter.php(919): App\Controllers\UserbookingController->bookchecked()
 8 SYSTEMPATH\CodeIgniter.php(494): CodeIgniter\CodeIgniter->runController(Object(App\Controllers\UserbookingController))
 9 SYSTEMPATH\CodeIgniter.php(353): CodeIgniter\CodeIgniter->handleRequest(null, Object(Config\Cache), false)
10 FCPATH\index.php(79): CodeIgniter\CodeIgniter->run()
11 SYSTEMPATH\Commands\Server\rewrite.php(47): require_once('C:\\laragon\\www\\method-oldagehome\\public\\index.php')
CRITICAL - 2024-05-25 08:18:22 --> Trying to access array offset on value of type null
in APPPATH\Views\admin\includes\user\sidebar.php on line 106.
 1 APPPATH\Views\admin\includes\user\sidebar.php(106): CodeIgniter\Debug\Exceptions->errorHandler(2, 'Trying to access array offset on value of type null', 'C:\\laragon\\www\\method-oldagehome\\app\\Views\\admin\\includes\\user\\sidebar.php', 106)
 2 APPPATH\Views\admin\userbooking.php(39): include('C:\\laragon\\www\\method-oldagehome\\app\\Views\\admin\\includes\\user\\sidebar.php')
 3 SYSTEMPATH\View\View.php(226): include('C:\\laragon\\www\\method-oldagehome\\app\\Views\\admin\\userbooking.php')
 4 SYSTEMPATH\View\View.php(229): CodeIgniter\View\View->CodeIgniter\View\{closure}()
 5 SYSTEMPATH\Common.php(1188): CodeIgniter\View\View->render('admin/userbooking', [], true)
 6 APPPATH\Controllers\UserbookingController.php(157): view('admin/userbooking', [...])
 7 SYSTEMPATH\CodeIgniter.php(919): App\Controllers\UserbookingController->bookchecked()
 8 SYSTEMPATH\CodeIgniter.php(494): CodeIgniter\CodeIgniter->runController(Object(App\Controllers\UserbookingController))
 9 SYSTEMPATH\CodeIgniter.php(353): CodeIgniter\CodeIgniter->handleRequest(null, Object(Config\Cache), false)
10 FCPATH\index.php(79): CodeIgniter\CodeIgniter->run()
11 SYSTEMPATH\Commands\Server\rewrite.php(47): require_once('C:\\laragon\\www\\method-oldagehome\\public\\index.php')
CRITICAL - 2024-05-25 08:18:45 --> Trying to access array offset on value of type null
in APPPATH\Views\admin\includes\user\sidebar.php on line 106.
 1 APPPATH\Views\admin\includes\user\sidebar.php(106): CodeIgniter\Debug\Exceptions->errorHandler(2, 'Trying to access array offset on value of type null', 'C:\\laragon\\www\\method-oldagehome\\app\\Views\\admin\\includes\\user\\sidebar.php', 106)
 2 APPPATH\Views\admin\userbooking.php(39): include('C:\\laragon\\www\\method-oldagehome\\app\\Views\\admin\\includes\\user\\sidebar.php')
 3 SYSTEMPATH\View\View.php(226): include('C:\\laragon\\www\\method-oldagehome\\app\\Views\\admin\\userbooking.php')
 4 SYSTEMPATH\View\View.php(229): CodeIgniter\View\View->CodeIgniter\View\{closure}()
 5 SYSTEMPATH\Common.php(1188): CodeIgniter\View\View->render('admin/userbooking', [], true)
 6 APPPATH\Controllers\UserbookingController.php(157): view('admin/userbooking', [...])
 7 SYSTEMPATH\CodeIgniter.php(919): App\Controllers\UserbookingController->bookchecked()
 8 SYSTEMPATH\CodeIgniter.php(494): CodeIgniter\CodeIgniter->runController(Object(App\Controllers\UserbookingController))
 9 SYSTEMPATH\CodeIgniter.php(353): CodeIgniter\CodeIgniter->handleRequest(null, Object(Config\Cache), false)
10 FCPATH\index.php(79): CodeIgniter\CodeIgniter->run()
11 SYSTEMPATH\Commands\Server\rewrite.php(47): require_once('C:\\laragon\\www\\method-oldagehome\\public\\index.php')
CRITICAL - 2024-05-25 08:19:10 --> Trying to access array offset on value of type null
in APPPATH\Views\admin\includes\user\sidebar.php on line 106.
 1 APPPATH\Views\admin\includes\user\sidebar.php(106): CodeIgniter\Debug\Exceptions->errorHandler(2, 'Trying to access array offset on value of type null', 'C:\\laragon\\www\\method-oldagehome\\app\\Views\\admin\\includes\\user\\sidebar.php', 106)
 2 APPPATH\Views\admin\userbooking.php(39): include('C:\\laragon\\www\\method-oldagehome\\app\\Views\\admin\\includes\\user\\sidebar.php')
 3 SYSTEMPATH\View\View.php(226): include('C:\\laragon\\www\\method-oldagehome\\app\\Views\\admin\\userbooking.php')
 4 SYSTEMPATH\View\View.php(229): CodeIgniter\View\View->CodeIgniter\View\{closure}()
 5 SYSTEMPATH\Common.php(1188): CodeIgniter\View\View->render('admin/userbooking', [], true)
 6 APPPATH\Controllers\UserbookingController.php(157): view('admin/userbooking', [...])
 7 SYSTEMPATH\CodeIgniter.php(919): App\Controllers\UserbookingController->bookchecked()
 8 SYSTEMPATH\CodeIgniter.php(494): CodeIgniter\CodeIgniter->runController(Object(App\Controllers\UserbookingController))
 9 SYSTEMPATH\CodeIgniter.php(353): CodeIgniter\CodeIgniter->handleRequest(null, Object(Config\Cache), false)
10 FCPATH\index.php(79): CodeIgniter\CodeIgniter->run()
11 SYSTEMPATH\Commands\Server\rewrite.php(47): require_once('C:\\laragon\\www\\method-oldagehome\\public\\index.php')
CRITICAL - 2024-05-25 08:23:02 --> Trying to access array offset on value of type null
in APPPATH\Views\admin\includes\user\sidebar.php on line 106.
 1 APPPATH\Views\admin\includes\user\sidebar.php(106): CodeIgniter\Debug\Exceptions->errorHandler(2, 'Trying to access array offset on value of type null', 'C:\\laragon\\www\\method-oldagehome\\app\\Views\\admin\\includes\\user\\sidebar.php', 106)
 2 APPPATH\Views\admin\userbooking.php(39): include('C:\\laragon\\www\\method-oldagehome\\app\\Views\\admin\\includes\\user\\sidebar.php')
 3 SYSTEMPATH\View\View.php(226): include('C:\\laragon\\www\\method-oldagehome\\app\\Views\\admin\\userbooking.php')
 4 SYSTEMPATH\View\View.php(229): CodeIgniter\View\View->CodeIgniter\View\{closure}()
 5 SYSTEMPATH\Common.php(1188): CodeIgniter\View\View->render('admin/userbooking', [], true)
 6 APPPATH\Controllers\UserbookingController.php(157): view('admin/userbooking', [...])
 7 SYSTEMPATH\CodeIgniter.php(919): App\Controllers\UserbookingController->bookchecked()
 8 SYSTEMPATH\CodeIgniter.php(494): CodeIgniter\CodeIgniter->runController(Object(App\Controllers\UserbookingController))
 9 SYSTEMPATH\CodeIgniter.php(353): CodeIgniter\CodeIgniter->handleRequest(null, Object(Config\Cache), false)
10 FCPATH\index.php(79): CodeIgniter\CodeIgniter->run()
11 SYSTEMPATH\Commands\Server\rewrite.php(47): require_once('C:\\laragon\\www\\method-oldagehome\\public\\index.php')
CRITICAL - 2024-05-25 08:32:19 --> Trying to access array offset on value of type null
in APPPATH\Views\admin\includes\user\sidebar.php on line 106.
 1 APPPATH\Views\admin\includes\user\sidebar.php(106): CodeIgniter\Debug\Exceptions->errorHandler(2, 'Trying to access array offset on value of type null', 'C:\\laragon\\www\\method-oldagehome\\app\\Views\\admin\\includes\\user\\sidebar.php', 106)
 2 APPPATH\Views\admin\userbooking.php(39): include('C:\\laragon\\www\\method-oldagehome\\app\\Views\\admin\\includes\\user\\sidebar.php')
 3 SYSTEMPATH\View\View.php(226): include('C:\\laragon\\www\\method-oldagehome\\app\\Views\\admin\\userbooking.php')
 4 SYSTEMPATH\View\View.php(229): CodeIgniter\View\View->CodeIgniter\View\{closure}()
 5 SYSTEMPATH\Common.php(1188): CodeIgniter\View\View->render('admin/userbooking', [], true)
 6 APPPATH\Controllers\UserbookingController.php(157): view('admin/userbooking', [...])
 7 SYSTEMPATH\CodeIgniter.php(919): App\Controllers\UserbookingController->bookchecked()
 8 SYSTEMPATH\CodeIgniter.php(494): CodeIgniter\CodeIgniter->runController(Object(App\Controllers\UserbookingController))
 9 SYSTEMPATH\CodeIgniter.php(353): CodeIgniter\CodeIgniter->handleRequest(null, Object(Config\Cache), false)
10 FCPATH\index.php(79): CodeIgniter\CodeIgniter->run()
11 SYSTEMPATH\Commands\Server\rewrite.php(47): require_once('C:\\laragon\\www\\method-oldagehome\\public\\index.php')
CRITICAL - 2024-05-25 08:32:38 --> Trying to access array offset on value of type null
in APPPATH\Views\admin\includes\user\sidebar.php on line 106.
 1 APPPATH\Views\admin\includes\user\sidebar.php(106): CodeIgniter\Debug\Exceptions->errorHandler(2, 'Trying to access array offset on value of type null', 'C:\\laragon\\www\\method-oldagehome\\app\\Views\\admin\\includes\\user\\sidebar.php', 106)
 2 APPPATH\Views\admin\userbooking.php(39): include('C:\\laragon\\www\\method-oldagehome\\app\\Views\\admin\\includes\\user\\sidebar.php')
 3 SYSTEMPATH\View\View.php(226): include('C:\\laragon\\www\\method-oldagehome\\app\\Views\\admin\\userbooking.php')
 4 SYSTEMPATH\View\View.php(229): CodeIgniter\View\View->CodeIgniter\View\{closure}()
 5 SYSTEMPATH\Common.php(1188): CodeIgniter\View\View->render('admin/userbooking', [], true)
 6 APPPATH\Controllers\UserbookingController.php(157): view('admin/userbooking', [...])
 7 SYSTEMPATH\CodeIgniter.php(919): App\Controllers\UserbookingController->bookchecked()
 8 SYSTEMPATH\CodeIgniter.php(494): CodeIgniter\CodeIgniter->runController(Object(App\Controllers\UserbookingController))
 9 SYSTEMPATH\CodeIgniter.php(353): CodeIgniter\CodeIgniter->handleRequest(null, Object(Config\Cache), false)
10 FCPATH\index.php(79): CodeIgniter\CodeIgniter->run()
11 SYSTEMPATH\Commands\Server\rewrite.php(47): require_once('C:\\laragon\\www\\method-oldagehome\\public\\index.php')
CRITICAL - 2024-05-25 08:33:51 --> Trying to access array offset on value of type null
in APPPATH\Views\admin\includes\user\sidebar.php on line 106.
 1 APPPATH\Views\admin\includes\user\sidebar.php(106): CodeIgniter\Debug\Exceptions->errorHandler(2, 'Trying to access array offset on value of type null', 'C:\\laragon\\www\\method-oldagehome\\app\\Views\\admin\\includes\\user\\sidebar.php', 106)
 2 APPPATH\Views\admin\userbooking.php(39): include('C:\\laragon\\www\\method-oldagehome\\app\\Views\\admin\\includes\\user\\sidebar.php')
 3 SYSTEMPATH\View\View.php(226): include('C:\\laragon\\www\\method-oldagehome\\app\\Views\\admin\\userbooking.php')
 4 SYSTEMPATH\View\View.php(229): CodeIgniter\View\View->CodeIgniter\View\{closure}()
 5 SYSTEMPATH\Common.php(1188): CodeIgniter\View\View->render('admin/userbooking', [], true)
 6 APPPATH\Controllers\UserbookingController.php(157): view('admin/userbooking', [...])
 7 SYSTEMPATH\CodeIgniter.php(919): App\Controllers\UserbookingController->bookchecked()
 8 SYSTEMPATH\CodeIgniter.php(494): CodeIgniter\CodeIgniter->runController(Object(App\Controllers\UserbookingController))
 9 SYSTEMPATH\CodeIgniter.php(353): CodeIgniter\CodeIgniter->handleRequest(null, Object(Config\Cache), false)
10 FCPATH\index.php(79): CodeIgniter\CodeIgniter->run()
11 SYSTEMPATH\Commands\Server\rewrite.php(47): require_once('C:\\laragon\\www\\method-oldagehome\\public\\index.php')
CRITICAL - 2024-05-25 08:36:17 --> Trying to access array offset on value of type null
in APPPATH\Views\admin\includes\user\sidebar.php on line 106.
 1 APPPATH\Views\admin\includes\user\sidebar.php(106): CodeIgniter\Debug\Exceptions->errorHandler(2, 'Trying to access array offset on value of type null', 'C:\\laragon\\www\\method-oldagehome\\app\\Views\\admin\\includes\\user\\sidebar.php', 106)
 2 APPPATH\Views\admin\userbooking.php(39): include('C:\\laragon\\www\\method-oldagehome\\app\\Views\\admin\\includes\\user\\sidebar.php')
 3 SYSTEMPATH\View\View.php(226): include('C:\\laragon\\www\\method-oldagehome\\app\\Views\\admin\\userbooking.php')
 4 SYSTEMPATH\View\View.php(229): CodeIgniter\View\View->CodeIgniter\View\{closure}()
 5 SYSTEMPATH\Common.php(1188): CodeIgniter\View\View->render('admin/userbooking', [], true)
 6 APPPATH\Controllers\UserbookingController.php(157): view('admin/userbooking', [...])
 7 SYSTEMPATH\CodeIgniter.php(919): App\Controllers\UserbookingController->bookchecked()
 8 SYSTEMPATH\CodeIgniter.php(494): CodeIgniter\CodeIgniter->runController(Object(App\Controllers\UserbookingController))
 9 SYSTEMPATH\CodeIgniter.php(353): CodeIgniter\CodeIgniter->handleRequest(null, Object(Config\Cache), false)
10 FCPATH\index.php(79): CodeIgniter\CodeIgniter->run()
11 SYSTEMPATH\Commands\Server\rewrite.php(47): require_once('C:\\laragon\\www\\method-oldagehome\\public\\index.php')
CRITICAL - 2024-05-25 08:36:53 --> Trying to access array offset on value of type null
in APPPATH\Views\admin\includes\user\sidebar.php on line 106.
 1 APPPATH\Views\admin\includes\user\sidebar.php(106): CodeIgniter\Debug\Exceptions->errorHandler(2, 'Trying to access array offset on value of type null', 'C:\\laragon\\www\\method-oldagehome\\app\\Views\\admin\\includes\\user\\sidebar.php', 106)
 2 APPPATH\Views\admin\userbooking.php(39): include('C:\\laragon\\www\\method-oldagehome\\app\\Views\\admin\\includes\\user\\sidebar.php')
 3 SYSTEMPATH\View\View.php(226): include('C:\\laragon\\www\\method-oldagehome\\app\\Views\\admin\\userbooking.php')
 4 SYSTEMPATH\View\View.php(229): CodeIgniter\View\View->CodeIgniter\View\{closure}()
 5 SYSTEMPATH\Common.php(1188): CodeIgniter\View\View->render('admin/userbooking', [], true)
 6 APPPATH\Controllers\UserbookingController.php(157): view('admin/userbooking', [...])
 7 SYSTEMPATH\CodeIgniter.php(919): App\Controllers\UserbookingController->bookchecked()
 8 SYSTEMPATH\CodeIgniter.php(494): CodeIgniter\CodeIgniter->runController(Object(App\Controllers\UserbookingController))
 9 SYSTEMPATH\CodeIgniter.php(353): CodeIgniter\CodeIgniter->handleRequest(null, Object(Config\Cache), false)
10 FCPATH\index.php(79): CodeIgniter\CodeIgniter->run()
11 SYSTEMPATH\Commands\Server\rewrite.php(47): require_once('C:\\laragon\\www\\method-oldagehome\\public\\index.php')
CRITICAL - 2024-05-25 08:37:01 --> Trying to access array offset on value of type null
in APPPATH\Views\admin\includes\user\sidebar.php on line 106.
 1 APPPATH\Views\admin\includes\user\sidebar.php(106): CodeIgniter\Debug\Exceptions->errorHandler(2, 'Trying to access array offset on value of type null', 'C:\\laragon\\www\\method-oldagehome\\app\\Views\\admin\\includes\\user\\sidebar.php', 106)
 2 APPPATH\Views\admin\userbooking.php(39): include('C:\\laragon\\www\\method-oldagehome\\app\\Views\\admin\\includes\\user\\sidebar.php')
 3 SYSTEMPATH\View\View.php(226): include('C:\\laragon\\www\\method-oldagehome\\app\\Views\\admin\\userbooking.php')
 4 SYSTEMPATH\View\View.php(229): CodeIgniter\View\View->CodeIgniter\View\{closure}()
 5 SYSTEMPATH\Common.php(1188): CodeIgniter\View\View->render('admin/userbooking', [], true)
 6 APPPATH\Controllers\UserbookingController.php(157): view('admin/userbooking', [...])
 7 SYSTEMPATH\CodeIgniter.php(919): App\Controllers\UserbookingController->bookchecked()
 8 SYSTEMPATH\CodeIgniter.php(494): CodeIgniter\CodeIgniter->runController(Object(App\Controllers\UserbookingController))
 9 SYSTEMPATH\CodeIgniter.php(353): CodeIgniter\CodeIgniter->handleRequest(null, Object(Config\Cache), false)
10 FCPATH\index.php(79): CodeIgniter\CodeIgniter->run()
11 SYSTEMPATH\Commands\Server\rewrite.php(47): require_once('C:\\laragon\\www\\method-oldagehome\\public\\index.php')
CRITICAL - 2024-05-25 08:37:09 --> Trying to access array offset on value of type null
in APPPATH\Views\admin\includes\user\sidebar.php on line 106.
 1 APPPATH\Views\admin\includes\user\sidebar.php(106): CodeIgniter\Debug\Exceptions->errorHandler(2, 'Trying to access array offset on value of type null', 'C:\\laragon\\www\\method-oldagehome\\app\\Views\\admin\\includes\\user\\sidebar.php', 106)
 2 APPPATH\Views\admin\userbooking.php(39): include('C:\\laragon\\www\\method-oldagehome\\app\\Views\\admin\\includes\\user\\sidebar.php')
 3 SYSTEMPATH\View\View.php(226): include('C:\\laragon\\www\\method-oldagehome\\app\\Views\\admin\\userbooking.php')
 4 SYSTEMPATH\View\View.php(229): CodeIgniter\View\View->CodeIgniter\View\{closure}()
 5 SYSTEMPATH\Common.php(1188): CodeIgniter\View\View->render('admin/userbooking', [], true)
 6 APPPATH\Controllers\UserbookingController.php(157): view('admin/userbooking', [...])
 7 SYSTEMPATH\CodeIgniter.php(919): App\Controllers\UserbookingController->bookchecked()
 8 SYSTEMPATH\CodeIgniter.php(494): CodeIgniter\CodeIgniter->runController(Object(App\Controllers\UserbookingController))
 9 SYSTEMPATH\CodeIgniter.php(353): CodeIgniter\CodeIgniter->handleRequest(null, Object(Config\Cache), false)
10 FCPATH\index.php(79): CodeIgniter\CodeIgniter->run()
11 SYSTEMPATH\Commands\Server\rewrite.php(47): require_once('C:\\laragon\\www\\method-oldagehome\\public\\index.php')
CRITICAL - 2024-05-25 08:38:44 --> Trying to access array offset on value of type null
in APPPATH\Views\admin\includes\user\sidebar.php on line 106.
 1 APPPATH\Views\admin\includes\user\sidebar.php(106): CodeIgniter\Debug\Exceptions->errorHandler(2, 'Trying to access array offset on value of type null', 'C:\\laragon\\www\\method-oldagehome\\app\\Views\\admin\\includes\\user\\sidebar.php', 106)
 2 APPPATH\Views\admin\userbooking.php(39): include('C:\\laragon\\www\\method-oldagehome\\app\\Views\\admin\\includes\\user\\sidebar.php')
 3 SYSTEMPATH\View\View.php(226): include('C:\\laragon\\www\\method-oldagehome\\app\\Views\\admin\\userbooking.php')
 4 SYSTEMPATH\View\View.php(229): CodeIgniter\View\View->CodeIgniter\View\{closure}()
 5 SYSTEMPATH\Common.php(1188): CodeIgniter\View\View->render('admin/userbooking', [], true)
 6 APPPATH\Controllers\UserbookingController.php(157): view('admin/userbooking', [...])
 7 SYSTEMPATH\CodeIgniter.php(919): App\Controllers\UserbookingController->bookchecked()
 8 SYSTEMPATH\CodeIgniter.php(494): CodeIgniter\CodeIgniter->runController(Object(App\Controllers\UserbookingController))
 9 SYSTEMPATH\CodeIgniter.php(353): CodeIgniter\CodeIgniter->handleRequest(null, Object(Config\Cache), false)
10 FCPATH\index.php(79): CodeIgniter\CodeIgniter->run()
11 SYSTEMPATH\Commands\Server\rewrite.php(47): require_once('C:\\laragon\\www\\method-oldagehome\\public\\index.php')
CRITICAL - 2024-05-25 08:39:02 --> Trying to access array offset on value of type null
in APPPATH\Views\admin\includes\user\sidebar.php on line 106.
 1 APPPATH\Views\admin\includes\user\sidebar.php(106): CodeIgniter\Debug\Exceptions->errorHandler(2, 'Trying to access array offset on value of type null', 'C:\\laragon\\www\\method-oldagehome\\app\\Views\\admin\\includes\\user\\sidebar.php', 106)
 2 APPPATH\Views\admin\userbooking.php(39): include('C:\\laragon\\www\\method-oldagehome\\app\\Views\\admin\\includes\\user\\sidebar.php')
 3 SYSTEMPATH\View\View.php(226): include('C:\\laragon\\www\\method-oldagehome\\app\\Views\\admin\\userbooking.php')
 4 SYSTEMPATH\View\View.php(229): CodeIgniter\View\View->CodeIgniter\View\{closure}()
 5 SYSTEMPATH\Common.php(1188): CodeIgniter\View\View->render('admin/userbooking', [], true)
 6 APPPATH\Controllers\UserbookingController.php(157): view('admin/userbooking', [...])
 7 SYSTEMPATH\CodeIgniter.php(919): App\Controllers\UserbookingController->bookchecked()
 8 SYSTEMPATH\CodeIgniter.php(494): CodeIgniter\CodeIgniter->runController(Object(App\Controllers\UserbookingController))
 9 SYSTEMPATH\CodeIgniter.php(353): CodeIgniter\CodeIgniter->handleRequest(null, Object(Config\Cache), false)
10 FCPATH\index.php(79): CodeIgniter\CodeIgniter->run()
11 SYSTEMPATH\Commands\Server\rewrite.php(47): require_once('C:\\laragon\\www\\method-oldagehome\\public\\index.php')
CRITICAL - 2024-05-25 08:49:59 --> Trying to access array offset on value of type null
in APPPATH\Views\admin\includes\user\sidebar.php on line 106.
 1 APPPATH\Views\admin\includes\user\sidebar.php(106): CodeIgniter\Debug\Exceptions->errorHandler(2, 'Trying to access array offset on value of type null', 'C:\\laragon\\www\\method-oldagehome\\app\\Views\\admin\\includes\\user\\sidebar.php', 106)
 2 APPPATH\Views\admin\userbooking.php(39): include('C:\\laragon\\www\\method-oldagehome\\app\\Views\\admin\\includes\\user\\sidebar.php')
 3 SYSTEMPATH\View\View.php(226): include('C:\\laragon\\www\\method-oldagehome\\app\\Views\\admin\\userbooking.php')
 4 SYSTEMPATH\View\View.php(229): CodeIgniter\View\View->CodeIgniter\View\{closure}()
 5 SYSTEMPATH\Common.php(1188): CodeIgniter\View\View->render('admin/userbooking', [], true)
 6 APPPATH\Controllers\UserbookingController.php(157): view('admin/userbooking', [...])
 7 SYSTEMPATH\CodeIgniter.php(919): App\Controllers\UserbookingController->bookchecked()
 8 SYSTEMPATH\CodeIgniter.php(494): CodeIgniter\CodeIgniter->runController(Object(App\Controllers\UserbookingController))
 9 SYSTEMPATH\CodeIgniter.php(353): CodeIgniter\CodeIgniter->handleRequest(null, Object(Config\Cache), false)
10 FCPATH\index.php(79): CodeIgniter\CodeIgniter->run()
11 SYSTEMPATH\Commands\Server\rewrite.php(47): require_once('C:\\laragon\\www\\method-oldagehome\\public\\index.php')
CRITICAL - 2024-05-25 08:50:57 --> Undefined array key "status"
in APPPATH\Views\admin\includes\user\sidebar.php on line 106.
 1 APPPATH\Views\admin\includes\user\sidebar.php(106): CodeIgniter\Debug\Exceptions->errorHandler(2, 'Undefined array key "status"', 'C:\\laragon\\www\\method-oldagehome\\app\\Views\\admin\\includes\\user\\sidebar.php', 106)
 2 APPPATH\Views\admin\userbooking.php(39): include('C:\\laragon\\www\\method-oldagehome\\app\\Views\\admin\\includes\\user\\sidebar.php')
 3 SYSTEMPATH\View\View.php(226): include('C:\\laragon\\www\\method-oldagehome\\app\\Views\\admin\\userbooking.php')
 4 SYSTEMPATH\View\View.php(229): CodeIgniter\View\View->CodeIgniter\View\{closure}()
 5 SYSTEMPATH\Common.php(1188): CodeIgniter\View\View->render('admin/userbooking', [], true)
 6 APPPATH\Controllers\UserbookingController.php(157): view('admin/userbooking', [...])
 7 SYSTEMPATH\CodeIgniter.php(919): App\Controllers\UserbookingController->bookchecked()
 8 SYSTEMPATH\CodeIgniter.php(494): CodeIgniter\CodeIgniter->runController(Object(App\Controllers\UserbookingController))
 9 SYSTEMPATH\CodeIgniter.php(353): CodeIgniter\CodeIgniter->handleRequest(null, Object(Config\Cache), false)
10 FCPATH\index.php(79): CodeIgniter\CodeIgniter->run()
11 SYSTEMPATH\Commands\Server\rewrite.php(47): require_once('C:\\laragon\\www\\method-oldagehome\\public\\index.php')
CRITICAL - 2024-05-25 08:51:50 --> Trying to access array offset on value of type null
in APPPATH\Views\admin\includes\user\sidebar.php on line 106.
 1 APPPATH\Views\admin\includes\user\sidebar.php(106): CodeIgniter\Debug\Exceptions->errorHandler(2, 'Trying to access array offset on value of type null', 'C:\\laragon\\www\\method-oldagehome\\app\\Views\\admin\\includes\\user\\sidebar.php', 106)
 2 APPPATH\Views\admin\userbooking.php(39): include('C:\\laragon\\www\\method-oldagehome\\app\\Views\\admin\\includes\\user\\sidebar.php')
 3 SYSTEMPATH\View\View.php(226): include('C:\\laragon\\www\\method-oldagehome\\app\\Views\\admin\\userbooking.php')
 4 SYSTEMPATH\View\View.php(229): CodeIgniter\View\View->CodeIgniter\View\{closure}()
 5 SYSTEMPATH\Common.php(1188): CodeIgniter\View\View->render('admin/userbooking', [], true)
 6 APPPATH\Controllers\UserbookingController.php(157): view('admin/userbooking', [...])
 7 SYSTEMPATH\CodeIgniter.php(919): App\Controllers\UserbookingController->bookchecked()
 8 SYSTEMPATH\CodeIgniter.php(494): CodeIgniter\CodeIgniter->runController(Object(App\Controllers\UserbookingController))
 9 SYSTEMPATH\CodeIgniter.php(353): CodeIgniter\CodeIgniter->handleRequest(null, Object(Config\Cache), false)
10 FCPATH\index.php(79): CodeIgniter\CodeIgniter->run()
11 SYSTEMPATH\Commands\Server\rewrite.php(47): require_once('C:\\laragon\\www\\method-oldagehome\\public\\index.php')
CRITICAL - 2024-05-25 08:52:03 --> Trying to access array offset on value of type null
in APPPATH\Views\admin\includes\user\sidebar.php on line 106.
 1 APPPATH\Views\admin\includes\user\sidebar.php(106): CodeIgniter\Debug\Exceptions->errorHandler(2, 'Trying to access array offset on value of type null', 'C:\\laragon\\www\\method-oldagehome\\app\\Views\\admin\\includes\\user\\sidebar.php', 106)
 2 APPPATH\Views\admin\userbooking.php(39): include('C:\\laragon\\www\\method-oldagehome\\app\\Views\\admin\\includes\\user\\sidebar.php')
 3 SYSTEMPATH\View\View.php(226): include('C:\\laragon\\www\\method-oldagehome\\app\\Views\\admin\\userbooking.php')
 4 SYSTEMPATH\View\View.php(229): CodeIgniter\View\View->CodeIgniter\View\{closure}()
 5 SYSTEMPATH\Common.php(1188): CodeIgniter\View\View->render('admin/userbooking', [], true)
 6 APPPATH\Controllers\UserbookingController.php(157): view('admin/userbooking', [...])
 7 SYSTEMPATH\CodeIgniter.php(919): App\Controllers\UserbookingController->bookchecked()
 8 SYSTEMPATH\CodeIgniter.php(494): CodeIgniter\CodeIgniter->runController(Object(App\Controllers\UserbookingController))
 9 SYSTEMPATH\CodeIgniter.php(353): CodeIgniter\CodeIgniter->handleRequest(null, Object(Config\Cache), false)
10 FCPATH\index.php(79): CodeIgniter\CodeIgniter->run()
11 SYSTEMPATH\Commands\Server\rewrite.php(47): require_once('C:\\laragon\\www\\method-oldagehome\\public\\index.php')
CRITICAL - 2024-05-25 08:52:39 --> Trying to access array offset on value of type null
in APPPATH\Views\admin\includes\user\sidebar.php on line 106.
 1 APPPATH\Views\admin\includes\user\sidebar.php(106): CodeIgniter\Debug\Exceptions->errorHandler(2, 'Trying to access array offset on value of type null', 'C:\\laragon\\www\\method-oldagehome\\app\\Views\\admin\\includes\\user\\sidebar.php', 106)
 2 APPPATH\Views\admin\userbooking.php(39): include('C:\\laragon\\www\\method-oldagehome\\app\\Views\\admin\\includes\\user\\sidebar.php')
 3 SYSTEMPATH\View\View.php(226): include('C:\\laragon\\www\\method-oldagehome\\app\\Views\\admin\\userbooking.php')
 4 SYSTEMPATH\View\View.php(229): CodeIgniter\View\View->CodeIgniter\View\{closure}()
 5 SYSTEMPATH\Common.php(1188): CodeIgniter\View\View->render('admin/userbooking', [], true)
 6 APPPATH\Controllers\UserbookingController.php(157): view('admin/userbooking', [...])
 7 SYSTEMPATH\CodeIgniter.php(919): App\Controllers\UserbookingController->bookchecked()
 8 SYSTEMPATH\CodeIgniter.php(494): CodeIgniter\CodeIgniter->runController(Object(App\Controllers\UserbookingController))
 9 SYSTEMPATH\CodeIgniter.php(353): CodeIgniter\CodeIgniter->handleRequest(null, Object(Config\Cache), false)
10 FCPATH\index.php(79): CodeIgniter\CodeIgniter->run()
11 SYSTEMPATH\Commands\Server\rewrite.php(47): require_once('C:\\laragon\\www\\method-oldagehome\\public\\index.php')
CRITICAL - 2024-05-25 08:52:54 --> Undefined array key "status"
in APPPATH\Views\admin\includes\user\sidebar.php on line 106.
 1 APPPATH\Views\admin\includes\user\sidebar.php(106): CodeIgniter\Debug\Exceptions->errorHandler(2, 'Undefined array key "status"', 'C:\\laragon\\www\\method-oldagehome\\app\\Views\\admin\\includes\\user\\sidebar.php', 106)
 2 APPPATH\Views\admin\userbooking.php(39): include('C:\\laragon\\www\\method-oldagehome\\app\\Views\\admin\\includes\\user\\sidebar.php')
 3 SYSTEMPATH\View\View.php(226): include('C:\\laragon\\www\\method-oldagehome\\app\\Views\\admin\\userbooking.php')
 4 SYSTEMPATH\View\View.php(229): CodeIgniter\View\View->CodeIgniter\View\{closure}()
 5 SYSTEMPATH\Common.php(1188): CodeIgniter\View\View->render('admin/userbooking', [], true)
 6 APPPATH\Controllers\UserbookingController.php(157): view('admin/userbooking', [...])
 7 SYSTEMPATH\CodeIgniter.php(919): App\Controllers\UserbookingController->bookchecked()
 8 SYSTEMPATH\CodeIgniter.php(494): CodeIgniter\CodeIgniter->runController(Object(App\Controllers\UserbookingController))
 9 SYSTEMPATH\CodeIgniter.php(353): CodeIgniter\CodeIgniter->handleRequest(null, Object(Config\Cache), false)
10 FCPATH\index.php(79): CodeIgniter\CodeIgniter->run()
11 SYSTEMPATH\Commands\Server\rewrite.php(47): require_once('C:\\laragon\\www\\method-oldagehome\\public\\index.php')
CRITICAL - 2024-05-25 08:53:07 --> Trying to access array offset on value of type null
in APPPATH\Views\admin\includes\user\sidebar.php on line 106.
 1 APPPATH\Views\admin\includes\user\sidebar.php(106): CodeIgniter\Debug\Exceptions->errorHandler(2, 'Trying to access array offset on value of type null', 'C:\\laragon\\www\\method-oldagehome\\app\\Views\\admin\\includes\\user\\sidebar.php', 106)
 2 APPPATH\Views\admin\userbooking.php(39): include('C:\\laragon\\www\\method-oldagehome\\app\\Views\\admin\\includes\\user\\sidebar.php')
 3 SYSTEMPATH\View\View.php(226): include('C:\\laragon\\www\\method-oldagehome\\app\\Views\\admin\\userbooking.php')
 4 SYSTEMPATH\View\View.php(229): CodeIgniter\View\View->CodeIgniter\View\{closure}()
 5 SYSTEMPATH\Common.php(1188): CodeIgniter\View\View->render('admin/userbooking', [], true)
 6 APPPATH\Controllers\UserbookingController.php(157): view('admin/userbooking', [...])
 7 SYSTEMPATH\CodeIgniter.php(919): App\Controllers\UserbookingController->bookchecked()
 8 SYSTEMPATH\CodeIgniter.php(494): CodeIgniter\CodeIgniter->runController(Object(App\Controllers\UserbookingController))
 9 SYSTEMPATH\CodeIgniter.php(353): CodeIgniter\CodeIgniter->handleRequest(null, Object(Config\Cache), false)
10 FCPATH\index.php(79): CodeIgniter\CodeIgniter->run()
11 SYSTEMPATH\Commands\Server\rewrite.php(47): require_once('C:\\laragon\\www\\method-oldagehome\\public\\index.php')
CRITICAL - 2024-05-25 08:54:28 --> Undefined array key "status"
in APPPATH\Views\admin\includes\user\sidebar.php on line 106.
 1 APPPATH\Views\admin\includes\user\sidebar.php(106): CodeIgniter\Debug\Exceptions->errorHandler(2, 'Undefined array key "status"', 'C:\\laragon\\www\\method-oldagehome\\app\\Views\\admin\\includes\\user\\sidebar.php', 106)
 2 APPPATH\Views\admin\userbooking.php(39): include('C:\\laragon\\www\\method-oldagehome\\app\\Views\\admin\\includes\\user\\sidebar.php')
 3 SYSTEMPATH\View\View.php(226): include('C:\\laragon\\www\\method-oldagehome\\app\\Views\\admin\\userbooking.php')
 4 SYSTEMPATH\View\View.php(229): CodeIgniter\View\View->CodeIgniter\View\{closure}()
 5 SYSTEMPATH\Common.php(1188): CodeIgniter\View\View->render('admin/userbooking', [], true)
 6 APPPATH\Controllers\UserbookingController.php(157): view('admin/userbooking', [...])
 7 SYSTEMPATH\CodeIgniter.php(919): App\Controllers\UserbookingController->bookchecked()
 8 SYSTEMPATH\CodeIgniter.php(494): CodeIgniter\CodeIgniter->runController(Object(App\Controllers\UserbookingController))
 9 SYSTEMPATH\CodeIgniter.php(353): CodeIgniter\CodeIgniter->handleRequest(null, Object(Config\Cache), false)
10 FCPATH\index.php(79): CodeIgniter\CodeIgniter->run()
11 SYSTEMPATH\Commands\Server\rewrite.php(47): require_once('C:\\laragon\\www\\method-oldagehome\\public\\index.php')
