CRITICAL - 2024-03-03 13:25:15 --> Undefined variable $sdata
in APPPATH\Views\dashboard\search.php on line 77.
 1 APPPATH\Views\dashboard\search.php(77): CodeIgniter\Debug\Exceptions->errorHandler(2, 'Undefined variable $sdata', 'D:\\laragon\\www\\method-oldagehome\\app\\Views\\dashboard\\search.php', 77)
 2 SYSTEMPATH\View\View.php(226): include('D:\\laragon\\www\\method-oldagehome\\app\\Views\\dashboard\\search.php')
 3 SYSTEMPATH\View\View.php(229): CodeIgniter\View\View->CodeIgniter\View\{closure}()
 4 SYSTEMPATH\Common.php(1188): CodeIgniter\View\View->render('dashboard/search', [], true)
 5 APPPATH\Controllers\ViewController.php(81): view('dashboard/search')
 6 SYSTEMPATH\CodeIgniter.php(919): App\Controllers\ViewController->search()
 7 SYSTEMPATH\CodeIgniter.php(494): CodeIgniter\CodeIgniter->runController(Object(App\Controllers\ViewController))
 8 SYSTEMPATH\CodeIgniter.php(353): CodeIgniter\CodeIgniter->handleRequest(null, Object(Config\Cache), false)
 9 FCPATH\index.php(79): CodeIgniter\CodeIgniter->run()
10 SYSTEMPATH\Commands\Server\rewrite.php(47): require_once('D:\\laragon\\www\\method-oldagehome\\public\\index.php')
CRITICAL - 2024-03-03 13:28:15 --> Undefined variable $reg
in APPPATH\Views\dashboard\reports.php on line 69.
 1 APPPATH\Views\dashboard\reports.php(69): CodeIgniter\Debug\Exceptions->errorHandler(2, 'Undefined variable $reg', 'D:\\laragon\\www\\method-oldagehome\\app\\Views\\dashboard\\reports.php', 69)
 2 SYSTEMPATH\View\View.php(226): include('D:\\laragon\\www\\method-oldagehome\\app\\Views\\dashboard\\reports.php')
 3 SYSTEMPATH\View\View.php(229): CodeIgniter\View\View->CodeIgniter\View\{closure}()
 4 SYSTEMPATH\Common.php(1188): CodeIgniter\View\View->render('dashboard/reports', [], true)
 5 APPPATH\Controllers\ViewController.php(101): view('dashboard/reports')
 6 SYSTEMPATH\CodeIgniter.php(919): App\Controllers\ViewController->reports()
 7 SYSTEMPATH\CodeIgniter.php(494): CodeIgniter\CodeIgniter->runController(Object(App\Controllers\ViewController))
 8 SYSTEMPATH\CodeIgniter.php(353): CodeIgniter\CodeIgniter->handleRequest(null, Object(Config\Cache), false)
 9 FCPATH\index.php(79): CodeIgniter\CodeIgniter->run()
10 SYSTEMPATH\Commands\Server\rewrite.php(47): require_once('D:\\laragon\\www\\method-oldagehome\\public\\index.php')
CRITICAL - 2024-03-03 13:32:19 --> Undefined variable $reg
in APPPATH\Views\dashboard\reports.php on line 69.
 1 APPPATH\Views\dashboard\reports.php(69): CodeIgniter\Debug\Exceptions->errorHandler(2, 'Undefined variable $reg', 'D:\\laragon\\www\\method-oldagehome\\app\\Views\\dashboard\\reports.php', 69)
 2 SYSTEMPATH\View\View.php(226): include('D:\\laragon\\www\\method-oldagehome\\app\\Views\\dashboard\\reports.php')
 3 SYSTEMPATH\View\View.php(229): CodeIgniter\View\View->CodeIgniter\View\{closure}()
 4 SYSTEMPATH\Common.php(1188): CodeIgniter\View\View->render('dashboard/reports', [], true)
 5 APPPATH\Controllers\ViewController.php(101): view('dashboard/reports')
 6 SYSTEMPATH\CodeIgniter.php(919): App\Controllers\ViewController->reports()
 7 SYSTEMPATH\CodeIgniter.php(494): CodeIgniter\CodeIgniter->runController(Object(App\Controllers\ViewController))
 8 SYSTEMPATH\CodeIgniter.php(353): CodeIgniter\CodeIgniter->handleRequest(null, Object(Config\Cache), false)
 9 FCPATH\index.php(79): CodeIgniter\CodeIgniter->run()
10 SYSTEMPATH\Commands\Server\rewrite.php(47): require_once('D:\\laragon\\www\\method-oldagehome\\public\\index.php')
CRITICAL - 2024-03-03 13:40:21 --> Undefined variable $reg
in APPPATH\Views\dashboard\reports.php on line 69.
 1 APPPATH\Views\dashboard\reports.php(69): CodeIgniter\Debug\Exceptions->errorHandler(2, 'Undefined variable $reg', 'D:\\laragon\\www\\method-oldagehome\\app\\Views\\dashboard\\reports.php', 69)
 2 SYSTEMPATH\View\View.php(226): include('D:\\laragon\\www\\method-oldagehome\\app\\Views\\dashboard\\reports.php')
 3 SYSTEMPATH\View\View.php(229): CodeIgniter\View\View->CodeIgniter\View\{closure}()
 4 SYSTEMPATH\Common.php(1188): CodeIgniter\View\View->render('dashboard/reports', [], true)
 5 APPPATH\Controllers\ViewController.php(101): view('dashboard/reports')
 6 SYSTEMPATH\CodeIgniter.php(919): App\Controllers\ViewController->reports()
 7 SYSTEMPATH\CodeIgniter.php(494): CodeIgniter\CodeIgniter->runController(Object(App\Controllers\ViewController))
 8 SYSTEMPATH\CodeIgniter.php(353): CodeIgniter\CodeIgniter->handleRequest(null, Object(Config\Cache), false)
 9 FCPATH\index.php(79): CodeIgniter\CodeIgniter->run()
10 SYSTEMPATH\Commands\Server\rewrite.php(47): require_once('D:\\laragon\\www\\method-oldagehome\\public\\index.php')
CRITICAL - 2024-03-03 13:40:33 --> Undefined variable $reg
in APPPATH\Views\dashboard\reports.php on line 69.
 1 APPPATH\Views\dashboard\reports.php(69): CodeIgniter\Debug\Exceptions->errorHandler(2, 'Undefined variable $reg', 'D:\\laragon\\www\\method-oldagehome\\app\\Views\\dashboard\\reports.php', 69)
 2 SYSTEMPATH\View\View.php(226): include('D:\\laragon\\www\\method-oldagehome\\app\\Views\\dashboard\\reports.php')
 3 SYSTEMPATH\View\View.php(229): CodeIgniter\View\View->CodeIgniter\View\{closure}()
 4 SYSTEMPATH\Common.php(1188): CodeIgniter\View\View->render('dashboard/reports', [], true)
 5 APPPATH\Controllers\ViewController.php(101): view('dashboard/reports')
 6 SYSTEMPATH\CodeIgniter.php(919): App\Controllers\ViewController->reports()
 7 SYSTEMPATH\CodeIgniter.php(494): CodeIgniter\CodeIgniter->runController(Object(App\Controllers\ViewController))
 8 SYSTEMPATH\CodeIgniter.php(353): CodeIgniter\CodeIgniter->handleRequest(null, Object(Config\Cache), false)
 9 FCPATH\index.php(79): CodeIgniter\CodeIgniter->run()
10 SYSTEMPATH\Commands\Server\rewrite.php(47): require_once('D:\\laragon\\www\\method-oldagehome\\public\\index.php')
CRITICAL - 2024-03-03 13:44:52 --> Undefined variable $reg
in APPPATH\Views\dashboard\reports.php on line 69.
 1 APPPATH\Views\dashboard\reports.php(69): CodeIgniter\Debug\Exceptions->errorHandler(2, 'Undefined variable $reg', 'D:\\laragon\\www\\method-oldagehome\\app\\Views\\dashboard\\reports.php', 69)
 2 SYSTEMPATH\View\View.php(226): include('D:\\laragon\\www\\method-oldagehome\\app\\Views\\dashboard\\reports.php')
 3 SYSTEMPATH\View\View.php(229): CodeIgniter\View\View->CodeIgniter\View\{closure}()
 4 SYSTEMPATH\Common.php(1188): CodeIgniter\View\View->render('dashboard/reports', [], true)
 5 APPPATH\Controllers\ViewController.php(101): view('dashboard/reports')
 6 SYSTEMPATH\CodeIgniter.php(919): App\Controllers\ViewController->reports()
 7 SYSTEMPATH\CodeIgniter.php(494): CodeIgniter\CodeIgniter->runController(Object(App\Controllers\ViewController))
 8 SYSTEMPATH\CodeIgniter.php(353): CodeIgniter\CodeIgniter->handleRequest(null, Object(Config\Cache), false)
 9 FCPATH\index.php(79): CodeIgniter\CodeIgniter->run()
10 SYSTEMPATH\Commands\Server\rewrite.php(47): require_once('D:\\laragon\\www\\method-oldagehome\\public\\index.php')
CRITICAL - 2024-03-03 13:48:56 --> Undefined variable $reg
in APPPATH\Views\dashboard\reports.php on line 69.
 1 APPPATH\Views\dashboard\reports.php(69): CodeIgniter\Debug\Exceptions->errorHandler(2, 'Undefined variable $reg', 'D:\\laragon\\www\\method-oldagehome\\app\\Views\\dashboard\\reports.php', 69)
 2 SYSTEMPATH\View\View.php(226): include('D:\\laragon\\www\\method-oldagehome\\app\\Views\\dashboard\\reports.php')
 3 SYSTEMPATH\View\View.php(229): CodeIgniter\View\View->CodeIgniter\View\{closure}()
 4 SYSTEMPATH\Common.php(1188): CodeIgniter\View\View->render('dashboard/reports', [], true)
 5 APPPATH\Controllers\ViewController.php(101): view('dashboard/reports')
 6 SYSTEMPATH\CodeIgniter.php(919): App\Controllers\ViewController->reports()
 7 SYSTEMPATH\CodeIgniter.php(494): CodeIgniter\CodeIgniter->runController(Object(App\Controllers\ViewController))
 8 SYSTEMPATH\CodeIgniter.php(353): CodeIgniter\CodeIgniter->handleRequest(null, Object(Config\Cache), false)
 9 FCPATH\index.php(79): CodeIgniter\CodeIgniter->run()
10 SYSTEMPATH\Commands\Server\rewrite.php(47): require_once('D:\\laragon\\www\\method-oldagehome\\public\\index.php')
CRITICAL - 2024-03-03 14:19:29 --> Undefined variable $sdata
in APPPATH\Views\dashboard\search.php on line 77.
 1 APPPATH\Views\dashboard\search.php(77): CodeIgniter\Debug\Exceptions->errorHandler(2, 'Undefined variable $sdata', 'D:\\laragon\\www\\method-oldagehome\\app\\Views\\dashboard\\search.php', 77)
 2 SYSTEMPATH\View\View.php(226): include('D:\\laragon\\www\\method-oldagehome\\app\\Views\\dashboard\\search.php')
 3 SYSTEMPATH\View\View.php(229): CodeIgniter\View\View->CodeIgniter\View\{closure}()
 4 SYSTEMPATH\Common.php(1188): CodeIgniter\View\View->render('dashboard/search', [], true)
 5 APPPATH\Controllers\ViewController.php(81): view('dashboard/search')
 6 SYSTEMPATH\CodeIgniter.php(919): App\Controllers\ViewController->search()
 7 SYSTEMPATH\CodeIgniter.php(494): CodeIgniter\CodeIgniter->runController(Object(App\Controllers\ViewController))
 8 SYSTEMPATH\CodeIgniter.php(353): CodeIgniter\CodeIgniter->handleRequest(null, Object(Config\Cache), false)
 9 FCPATH\index.php(79): CodeIgniter\CodeIgniter->run()
10 SYSTEMPATH\Commands\Server\rewrite.php(47): require_once('D:\\laragon\\www\\method-oldagehome\\public\\index.php')
CRITICAL - 2024-03-03 14:20:54 --> Undefined variable $cont
in APPPATH\Views\dashboard\readenq.php on line 58.
 1 APPPATH\Views\dashboard\readenq.php(58): CodeIgniter\Debug\Exceptions->errorHandler(2, 'Undefined variable $cont', 'D:\\laragon\\www\\method-oldagehome\\app\\Views\\dashboard\\readenq.php', 58)
 2 SYSTEMPATH\View\View.php(226): include('D:\\laragon\\www\\method-oldagehome\\app\\Views\\dashboard\\readenq.php')
 3 SYSTEMPATH\View\View.php(229): CodeIgniter\View\View->CodeIgniter\View\{closure}()
 4 SYSTEMPATH\Common.php(1188): CodeIgniter\View\View->render('dashboard/readenq', [], true)
 5 APPPATH\Controllers\ViewController.php(121): view('dashboard/readenq')
 6 SYSTEMPATH\CodeIgniter.php(919): App\Controllers\ViewController->readenq()
 7 SYSTEMPATH\CodeIgniter.php(494): CodeIgniter\CodeIgniter->runController(Object(App\Controllers\ViewController))
 8 SYSTEMPATH\CodeIgniter.php(353): CodeIgniter\CodeIgniter->handleRequest(null, Object(Config\Cache), false)
 9 FCPATH\index.php(79): CodeIgniter\CodeIgniter->run()
10 SYSTEMPATH\Commands\Server\rewrite.php(47): require_once('D:\\laragon\\www\\method-oldagehome\\public\\index.php')
CRITICAL - 2024-03-03 14:21:18 --> Undefined variable $sdata
in APPPATH\Views\dashboard\search.php on line 77.
 1 APPPATH\Views\dashboard\search.php(77): CodeIgniter\Debug\Exceptions->errorHandler(2, 'Undefined variable $sdata', 'D:\\laragon\\www\\method-oldagehome\\app\\Views\\dashboard\\search.php', 77)
 2 SYSTEMPATH\View\View.php(226): include('D:\\laragon\\www\\method-oldagehome\\app\\Views\\dashboard\\search.php')
 3 SYSTEMPATH\View\View.php(229): CodeIgniter\View\View->CodeIgniter\View\{closure}()
 4 SYSTEMPATH\Common.php(1188): CodeIgniter\View\View->render('dashboard/search', [], true)
 5 APPPATH\Controllers\ViewController.php(81): view('dashboard/search')
 6 SYSTEMPATH\CodeIgniter.php(919): App\Controllers\ViewController->search()
 7 SYSTEMPATH\CodeIgniter.php(494): CodeIgniter\CodeIgniter->runController(Object(App\Controllers\ViewController))
 8 SYSTEMPATH\CodeIgniter.php(353): CodeIgniter\CodeIgniter->handleRequest(null, Object(Config\Cache), false)
 9 FCPATH\index.php(79): CodeIgniter\CodeIgniter->run()
10 SYSTEMPATH\Commands\Server\rewrite.php(47): require_once('D:\\laragon\\www\\method-oldagehome\\public\\index.php')
CRITICAL - 2024-03-03 14:26:45 --> Undefined variable $sdata
in APPPATH\Views\dashboard\search.php on line 77.
 1 APPPATH\Views\dashboard\search.php(77): CodeIgniter\Debug\Exceptions->errorHandler(2, 'Undefined variable $sdata', 'D:\\laragon\\www\\method-oldagehome\\app\\Views\\dashboard\\search.php', 77)
 2 SYSTEMPATH\View\View.php(226): include('D:\\laragon\\www\\method-oldagehome\\app\\Views\\dashboard\\search.php')
 3 SYSTEMPATH\View\View.php(229): CodeIgniter\View\View->CodeIgniter\View\{closure}()
 4 SYSTEMPATH\Common.php(1188): CodeIgniter\View\View->render('dashboard/search', [], true)
 5 APPPATH\Controllers\ViewController.php(81): view('dashboard/search')
 6 SYSTEMPATH\CodeIgniter.php(919): App\Controllers\ViewController->search()
 7 SYSTEMPATH\CodeIgniter.php(494): CodeIgniter\CodeIgniter->runController(Object(App\Controllers\ViewController))
 8 SYSTEMPATH\CodeIgniter.php(353): CodeIgniter\CodeIgniter->handleRequest(null, Object(Config\Cache), false)
 9 FCPATH\index.php(79): CodeIgniter\CodeIgniter->run()
10 SYSTEMPATH\Commands\Server\rewrite.php(47): require_once('D:\\laragon\\www\\method-oldagehome\\public\\index.php')
