CRITICAL - 2024-02-20 02:57:40 --> Undefined variable $contact
in APPPATH\Views\dashboard\unreadq.php on line 63.
 1 APPPATH\Views\dashboard\unreadq.php(63): CodeIgniter\Debug\Exceptions->errorHandler(2, 'Undefined variable $contact', 'C:\\laragon\\www\\method-oldagehomes\\app\\Views\\dashboard\\unreadq.php', 63)
 2 SYSTEMPATH\View\View.php(226): include('C:\\laragon\\www\\method-oldagehomes\\app\\Views\\dashboard\\unreadq.php')
 3 SYSTEMPATH\View\View.php(229): CodeIgniter\View\View->CodeIgniter\View\{closure}()
 4 SYSTEMPATH\Common.php(1188): CodeIgniter\View\View->render('dashboard/unreadq', [], true)
 5 APPPATH\Controllers\ViewController.php(83): view('dashboard/unreadq')
 6 SYSTEMPATH\CodeIgniter.php(919): App\Controllers\ViewController->unreadq()
 7 SYSTEMPATH\CodeIgniter.php(494): CodeIgniter\CodeIgniter->runController(Object(App\Controllers\ViewController))
 8 SYSTEMPATH\CodeIgniter.php(353): CodeIgniter\CodeIgniter->handleRequest(null, Object(Config\Cache), false)
 9 FCPATH\index.php(79): CodeIgniter\CodeIgniter->run()
10 SYSTEMPATH\Commands\Server\rewrite.php(47): require_once('C:\\laragon\\www\\method-oldagehomes\\public\\index.php')
CRITICAL - 2024-02-20 03:00:04 --> Undefined variable $contact
in APPPATH\Views\dashboard\unreadq.php on line 63.
 1 APPPATH\Views\dashboard\unreadq.php(63): CodeIgniter\Debug\Exceptions->errorHandler(2, 'Undefined variable $contact', 'C:\\laragon\\www\\method-oldagehomes\\app\\Views\\dashboard\\unreadq.php', 63)
 2 SYSTEMPATH\View\View.php(226): include('C:\\laragon\\www\\method-oldagehomes\\app\\Views\\dashboard\\unreadq.php')
 3 SYSTEMPATH\View\View.php(229): CodeIgniter\View\View->CodeIgniter\View\{closure}()
 4 SYSTEMPATH\Common.php(1188): CodeIgniter\View\View->render('dashboard/unreadq', [], true)
 5 APPPATH\Controllers\ViewController.php(83): view('dashboard/unreadq')
 6 SYSTEMPATH\CodeIgniter.php(919): App\Controllers\ViewController->unreadq()
 7 SYSTEMPATH\CodeIgniter.php(494): CodeIgniter\CodeIgniter->runController(Object(App\Controllers\ViewController))
 8 SYSTEMPATH\CodeIgniter.php(353): CodeIgniter\CodeIgniter->handleRequest(null, Object(Config\Cache), false)
 9 FCPATH\index.php(79): CodeIgniter\CodeIgniter->run()
10 SYSTEMPATH\Commands\Server\rewrite.php(47): require_once('C:\\laragon\\www\\method-oldagehomes\\public\\index.php')
CRITICAL - 2024-02-20 03:00:14 --> Undefined variable $contact
in APPPATH\Views\dashboard\unreadq.php on line 63.
 1 APPPATH\Views\dashboard\unreadq.php(63): CodeIgniter\Debug\Exceptions->errorHandler(2, 'Undefined variable $contact', 'C:\\laragon\\www\\method-oldagehomes\\app\\Views\\dashboard\\unreadq.php', 63)
 2 SYSTEMPATH\View\View.php(226): include('C:\\laragon\\www\\method-oldagehomes\\app\\Views\\dashboard\\unreadq.php')
 3 SYSTEMPATH\View\View.php(229): CodeIgniter\View\View->CodeIgniter\View\{closure}()
 4 SYSTEMPATH\Common.php(1188): CodeIgniter\View\View->render('dashboard/unreadq', [], true)
 5 APPPATH\Controllers\ViewController.php(83): view('dashboard/unreadq')
 6 SYSTEMPATH\CodeIgniter.php(919): App\Controllers\ViewController->unreadq()
 7 SYSTEMPATH\CodeIgniter.php(494): CodeIgniter\CodeIgniter->runController(Object(App\Controllers\ViewController))
 8 SYSTEMPATH\CodeIgniter.php(353): CodeIgniter\CodeIgniter->handleRequest(null, Object(Config\Cache), false)
 9 FCPATH\index.php(79): CodeIgniter\CodeIgniter->run()
10 SYSTEMPATH\Commands\Server\rewrite.php(47): require_once('C:\\laragon\\www\\method-oldagehomes\\public\\index.php')
CRITICAL - 2024-02-20 03:04:00 --> Undefined variable $cont
in APPPATH\Views\dashboard\unreadq.php on line 60.
 1 APPPATH\Views\dashboard\unreadq.php(60): CodeIgniter\Debug\Exceptions->errorHandler(2, 'Undefined variable $cont', 'C:\\laragon\\www\\method-oldagehomes\\app\\Views\\dashboard\\unreadq.php', 60)
 2 SYSTEMPATH\View\View.php(226): include('C:\\laragon\\www\\method-oldagehomes\\app\\Views\\dashboard\\unreadq.php')
 3 SYSTEMPATH\View\View.php(229): CodeIgniter\View\View->CodeIgniter\View\{closure}()
 4 SYSTEMPATH\Common.php(1188): CodeIgniter\View\View->render('dashboard/unreadq', [], true)
 5 APPPATH\Controllers\ViewController.php(83): view('dashboard/unreadq')
 6 SYSTEMPATH\CodeIgniter.php(919): App\Controllers\ViewController->unreadq()
 7 SYSTEMPATH\CodeIgniter.php(494): CodeIgniter\CodeIgniter->runController(Object(App\Controllers\ViewController))
 8 SYSTEMPATH\CodeIgniter.php(353): CodeIgniter\CodeIgniter->handleRequest(null, Object(Config\Cache), false)
 9 FCPATH\index.php(79): CodeIgniter\CodeIgniter->run()
10 SYSTEMPATH\Commands\Server\rewrite.php(47): require_once('C:\\laragon\\www\\method-oldagehomes\\public\\index.php')
CRITICAL - 2024-02-20 03:04:02 --> Undefined variable $cont
in APPPATH\Views\dashboard\unreadq.php on line 60.
 1 APPPATH\Views\dashboard\unreadq.php(60): CodeIgniter\Debug\Exceptions->errorHandler(2, 'Undefined variable $cont', 'C:\\laragon\\www\\method-oldagehomes\\app\\Views\\dashboard\\unreadq.php', 60)
 2 SYSTEMPATH\View\View.php(226): include('C:\\laragon\\www\\method-oldagehomes\\app\\Views\\dashboard\\unreadq.php')
 3 SYSTEMPATH\View\View.php(229): CodeIgniter\View\View->CodeIgniter\View\{closure}()
 4 SYSTEMPATH\Common.php(1188): CodeIgniter\View\View->render('dashboard/unreadq', [], true)
 5 APPPATH\Controllers\ViewController.php(83): view('dashboard/unreadq')
 6 SYSTEMPATH\CodeIgniter.php(919): App\Controllers\ViewController->unreadq()
 7 SYSTEMPATH\CodeIgniter.php(494): CodeIgniter\CodeIgniter->runController(Object(App\Controllers\ViewController))
 8 SYSTEMPATH\CodeIgniter.php(353): CodeIgniter\CodeIgniter->handleRequest(null, Object(Config\Cache), false)
 9 FCPATH\index.php(79): CodeIgniter\CodeIgniter->run()
10 SYSTEMPATH\Commands\Server\rewrite.php(47): require_once('C:\\laragon\\www\\method-oldagehomes\\public\\index.php')
CRITICAL - 2024-02-20 03:06:27 --> Undefined variable $cont
in APPPATH\Views\dashboard\unreadq.php on line 60.
 1 APPPATH\Views\dashboard\unreadq.php(60): CodeIgniter\Debug\Exceptions->errorHandler(2, 'Undefined variable $cont', 'C:\\laragon\\www\\method-oldagehomes\\app\\Views\\dashboard\\unreadq.php', 60)
 2 SYSTEMPATH\View\View.php(226): include('C:\\laragon\\www\\method-oldagehomes\\app\\Views\\dashboard\\unreadq.php')
 3 SYSTEMPATH\View\View.php(229): CodeIgniter\View\View->CodeIgniter\View\{closure}()
 4 SYSTEMPATH\Common.php(1188): CodeIgniter\View\View->render('dashboard/unreadq', [], true)
 5 APPPATH\Controllers\ViewController.php(83): view('dashboard/unreadq')
 6 SYSTEMPATH\CodeIgniter.php(919): App\Controllers\ViewController->unreadq()
 7 SYSTEMPATH\CodeIgniter.php(494): CodeIgniter\CodeIgniter->runController(Object(App\Controllers\ViewController))
 8 SYSTEMPATH\CodeIgniter.php(353): CodeIgniter\CodeIgniter->handleRequest(null, Object(Config\Cache), false)
 9 FCPATH\index.php(79): CodeIgniter\CodeIgniter->run()
10 SYSTEMPATH\Commands\Server\rewrite.php(47): require_once('C:\\laragon\\www\\method-oldagehomes\\public\\index.php')
CRITICAL - 2024-02-20 03:06:46 --> Undefined variable $cont
in APPPATH\Views\dashboard\unreadq.php on line 60.
 1 APPPATH\Views\dashboard\unreadq.php(60): CodeIgniter\Debug\Exceptions->errorHandler(2, 'Undefined variable $cont', 'C:\\laragon\\www\\method-oldagehomes\\app\\Views\\dashboard\\unreadq.php', 60)
 2 SYSTEMPATH\View\View.php(226): include('C:\\laragon\\www\\method-oldagehomes\\app\\Views\\dashboard\\unreadq.php')
 3 SYSTEMPATH\View\View.php(229): CodeIgniter\View\View->CodeIgniter\View\{closure}()
 4 SYSTEMPATH\Common.php(1188): CodeIgniter\View\View->render('dashboard/unreadq', [], true)
 5 APPPATH\Controllers\ViewController.php(83): view('dashboard/unreadq')
 6 SYSTEMPATH\CodeIgniter.php(919): App\Controllers\ViewController->unreadq()
 7 SYSTEMPATH\CodeIgniter.php(494): CodeIgniter\CodeIgniter->runController(Object(App\Controllers\ViewController))
 8 SYSTEMPATH\CodeIgniter.php(353): CodeIgniter\CodeIgniter->handleRequest(null, Object(Config\Cache), false)
 9 FCPATH\index.php(79): CodeIgniter\CodeIgniter->run()
10 SYSTEMPATH\Commands\Server\rewrite.php(47): require_once('C:\\laragon\\www\\method-oldagehomes\\public\\index.php')
CRITICAL - 2024-02-20 03:07:03 --> Undefined variable $cont
in APPPATH\Views\dashboard\unreadq.php on line 60.
 1 APPPATH\Views\dashboard\unreadq.php(60): CodeIgniter\Debug\Exceptions->errorHandler(2, 'Undefined variable $cont', 'C:\\laragon\\www\\method-oldagehomes\\app\\Views\\dashboard\\unreadq.php', 60)
 2 SYSTEMPATH\View\View.php(226): include('C:\\laragon\\www\\method-oldagehomes\\app\\Views\\dashboard\\unreadq.php')
 3 SYSTEMPATH\View\View.php(229): CodeIgniter\View\View->CodeIgniter\View\{closure}()
 4 SYSTEMPATH\Common.php(1188): CodeIgniter\View\View->render('dashboard/unreadq', [], true)
 5 APPPATH\Controllers\ViewController.php(83): view('dashboard/unreadq')
 6 SYSTEMPATH\CodeIgniter.php(919): App\Controllers\ViewController->unreadq()
 7 SYSTEMPATH\CodeIgniter.php(494): CodeIgniter\CodeIgniter->runController(Object(App\Controllers\ViewController))
 8 SYSTEMPATH\CodeIgniter.php(353): CodeIgniter\CodeIgniter->handleRequest(null, Object(Config\Cache), false)
 9 FCPATH\index.php(79): CodeIgniter\CodeIgniter->run()
10 SYSTEMPATH\Commands\Server\rewrite.php(47): require_once('C:\\laragon\\www\\method-oldagehomes\\public\\index.php')
CRITICAL - 2024-02-20 03:18:22 --> Undefined variable $k
in APPPATH\Views\dashboard\unreadq.php on line 68.
 1 APPPATH\Views\dashboard\unreadq.php(68): CodeIgniter\Debug\Exceptions->errorHandler(2, 'Undefined variable $k', 'C:\\laragon\\www\\method-oldagehomes\\app\\Views\\dashboard\\unreadq.php', 68)
 2 SYSTEMPATH\View\View.php(226): include('C:\\laragon\\www\\method-oldagehomes\\app\\Views\\dashboard\\unreadq.php')
 3 SYSTEMPATH\View\View.php(229): CodeIgniter\View\View->CodeIgniter\View\{closure}()
 4 SYSTEMPATH\Common.php(1188): CodeIgniter\View\View->render('dashboard/unreadq', [], true)
 5 APPPATH\Controllers\ContactController.php(18): view('dashboard/unreadq', [...])
 6 SYSTEMPATH\CodeIgniter.php(919): App\Controllers\ContactController->contactu()
 7 SYSTEMPATH\CodeIgniter.php(494): CodeIgniter\CodeIgniter->runController(Object(App\Controllers\ContactController))
 8 SYSTEMPATH\CodeIgniter.php(353): CodeIgniter\CodeIgniter->handleRequest(null, Object(Config\Cache), false)
 9 FCPATH\index.php(79): CodeIgniter\CodeIgniter->run()
10 SYSTEMPATH\Commands\Server\rewrite.php(47): require_once('C:\\laragon\\www\\method-oldagehomes\\public\\index.php')
CRITICAL - 2024-02-20 03:23:22 --> Trying to access array offset on value of type null
in APPPATH\Views\dashboard\editscdetails.php on line 45.
 1 APPPATH\Views\dashboard\editscdetails.php(45): CodeIgniter\Debug\Exceptions->errorHandler(2, 'Trying to access array offset on value of type null', 'C:\\laragon\\www\\method-oldagehomes\\app\\Views\\dashboard\\editscdetails.php', 45)
 2 SYSTEMPATH\View\View.php(226): include('C:\\laragon\\www\\method-oldagehomes\\app\\Views\\dashboard\\editscdetails.php')
 3 SYSTEMPATH\View\View.php(229): CodeIgniter\View\View->CodeIgniter\View\{closure}()
 4 SYSTEMPATH\Common.php(1188): CodeIgniter\View\View->render('dashboard/editscdetails', [], true)
 5 APPPATH\Controllers\NewController.php(57): view('dashboard/editscdetails', [...])
 6 SYSTEMPATH\CodeIgniter.php(919): App\Controllers\NewController->edit('6')
 7 SYSTEMPATH\CodeIgniter.php(494): CodeIgniter\CodeIgniter->runController(Object(App\Controllers\NewController))
 8 SYSTEMPATH\CodeIgniter.php(353): CodeIgniter\CodeIgniter->handleRequest(null, Object(Config\Cache), false)
 9 FCPATH\index.php(79): CodeIgniter\CodeIgniter->run()
10 SYSTEMPATH\Commands\Server\rewrite.php(47): require_once('C:\\laragon\\www\\method-oldagehomes\\public\\index.php')
CRITICAL - 2024-02-20 03:24:34 --> Undefined variable $cont
in APPPATH\Views\dashboard\unreadq.php on line 60.
 1 APPPATH\Views\dashboard\unreadq.php(60): CodeIgniter\Debug\Exceptions->errorHandler(2, 'Undefined variable $cont', 'C:\\laragon\\www\\method-oldagehomes\\app\\Views\\dashboard\\unreadq.php', 60)
 2 SYSTEMPATH\View\View.php(226): include('C:\\laragon\\www\\method-oldagehomes\\app\\Views\\dashboard\\unreadq.php')
 3 SYSTEMPATH\View\View.php(229): CodeIgniter\View\View->CodeIgniter\View\{closure}()
 4 SYSTEMPATH\Common.php(1188): CodeIgniter\View\View->render('dashboard/unreadq', [], true)
 5 APPPATH\Controllers\ViewController.php(83): view('dashboard/unreadq')
 6 SYSTEMPATH\CodeIgniter.php(919): App\Controllers\ViewController->unreadq()
 7 SYSTEMPATH\CodeIgniter.php(494): CodeIgniter\CodeIgniter->runController(Object(App\Controllers\ViewController))
 8 SYSTEMPATH\CodeIgniter.php(353): CodeIgniter\CodeIgniter->handleRequest(null, Object(Config\Cache), false)
 9 FCPATH\index.php(79): CodeIgniter\CodeIgniter->run()
10 SYSTEMPATH\Commands\Server\rewrite.php(47): require_once('C:\\laragon\\www\\method-oldagehomes\\public\\index.php')
CRITICAL - 2024-02-20 03:24:42 --> Undefined variable $cont
in APPPATH\Views\dashboard\unreadq.php on line 60.
 1 APPPATH\Views\dashboard\unreadq.php(60): CodeIgniter\Debug\Exceptions->errorHandler(2, 'Undefined variable $cont', 'C:\\laragon\\www\\method-oldagehomes\\app\\Views\\dashboard\\unreadq.php', 60)
 2 SYSTEMPATH\View\View.php(226): include('C:\\laragon\\www\\method-oldagehomes\\app\\Views\\dashboard\\unreadq.php')
 3 SYSTEMPATH\View\View.php(229): CodeIgniter\View\View->CodeIgniter\View\{closure}()
 4 SYSTEMPATH\Common.php(1188): CodeIgniter\View\View->render('dashboard/unreadq', [], true)
 5 APPPATH\Controllers\ViewController.php(83): view('dashboard/unreadq')
 6 SYSTEMPATH\CodeIgniter.php(919): App\Controllers\ViewController->unreadq()
 7 SYSTEMPATH\CodeIgniter.php(494): CodeIgniter\CodeIgniter->runController(Object(App\Controllers\ViewController))
 8 SYSTEMPATH\CodeIgniter.php(353): CodeIgniter\CodeIgniter->handleRequest(null, Object(Config\Cache), false)
 9 FCPATH\index.php(79): CodeIgniter\CodeIgniter->run()
10 SYSTEMPATH\Commands\Server\rewrite.php(47): require_once('C:\\laragon\\www\\method-oldagehomes\\public\\index.php')
CRITICAL - 2024-02-20 03:32:01 --> syntax error, unexpected end of file
in APPPATH\Views\dashboard\readenq.php on line 87.
 1 SYSTEMPATH\View\View.php(229): CodeIgniter\View\View->CodeIgniter\View\{closure}()
 2 SYSTEMPATH\Common.php(1188): CodeIgniter\View\View->render('dashboard/readenq', [], true)
 3 APPPATH\Controllers\ViewController.php(87): view('dashboard/readenq')
 4 SYSTEMPATH\CodeIgniter.php(919): App\Controllers\ViewController->readenq()
 5 SYSTEMPATH\CodeIgniter.php(494): CodeIgniter\CodeIgniter->runController(Object(App\Controllers\ViewController))
 6 SYSTEMPATH\CodeIgniter.php(353): CodeIgniter\CodeIgniter->handleRequest(null, Object(Config\Cache), false)
 7 FCPATH\index.php(79): CodeIgniter\CodeIgniter->run()
 8 SYSTEMPATH\Commands\Server\rewrite.php(47): require_once('C:\\laragon\\www\\method-oldagehomes\\public\\index.php')
CRITICAL - 2024-02-20 03:32:37 --> Undefined variable $cont
in APPPATH\Views\dashboard\readenq.php on line 58.
 1 APPPATH\Views\dashboard\readenq.php(58): CodeIgniter\Debug\Exceptions->errorHandler(2, 'Undefined variable $cont', 'C:\\laragon\\www\\method-oldagehomes\\app\\Views\\dashboard\\readenq.php', 58)
 2 SYSTEMPATH\View\View.php(226): include('C:\\laragon\\www\\method-oldagehomes\\app\\Views\\dashboard\\readenq.php')
 3 SYSTEMPATH\View\View.php(229): CodeIgniter\View\View->CodeIgniter\View\{closure}()
 4 SYSTEMPATH\Common.php(1188): CodeIgniter\View\View->render('dashboard/readenq', [], true)
 5 APPPATH\Controllers\ViewController.php(87): view('dashboard/readenq')
 6 SYSTEMPATH\CodeIgniter.php(919): App\Controllers\ViewController->readenq()
 7 SYSTEMPATH\CodeIgniter.php(494): CodeIgniter\CodeIgniter->runController(Object(App\Controllers\ViewController))
 8 SYSTEMPATH\CodeIgniter.php(353): CodeIgniter\CodeIgniter->handleRequest(null, Object(Config\Cache), false)
 9 FCPATH\index.php(79): CodeIgniter\CodeIgniter->run()
10 SYSTEMPATH\Commands\Server\rewrite.php(47): require_once('C:\\laragon\\www\\method-oldagehomes\\public\\index.php')
