CRITICAL - 2024-01-26 14:59:30 --> Invalid file: "dashboard/aboutus.php"
in SYSTEMPATH\Exceptions\FrameworkException.php on line 39.
 1 SYSTEMPATH\View\View.php(214): CodeIgniter\Exceptions\FrameworkException::forInvalidFile('dashboard/aboutus.php')
 2 SYSTEMPATH\Common.php(1188): CodeIgniter\View\View->render('dashboard/aboutus', [], true)
 3 APPPATH\Controllers\ViewController.php(55): view('dashboard/aboutus')
 4 SYSTEMPATH\CodeIgniter.php(919): App\Controllers\ViewController->aboutus()
 5 SYSTEMPATH\CodeIgniter.php(494): CodeIgniter\CodeIgniter->runController(Object(App\Controllers\ViewController))
 6 SYSTEMPATH\CodeIgniter.php(353): CodeIgniter\CodeIgniter->handleRequest(null, Object(Config\Cache), false)
 7 FCPATH\index.php(79): CodeIgniter\CodeIgniter->run()
 8 SYSTEMPATH\Commands\Server\rewrite.php(47): require_once('C:\\laragon\\www\\method-oldagehome\\public\\index.php')
CRITICAL - 2024-01-26 15:06:02 --> Undefined variable $con
in APPPATH\Views\dashboard\managescdetails.php on line 70.
 1 APPPATH\Views\dashboard\managescdetails.php(70): CodeIgniter\Debug\Exceptions->errorHandler(2, 'Undefined variable $con', 'C:\\laragon\\www\\method-oldagehome\\app\\Views\\dashboard\\managescdetails.php', 70)
 2 SYSTEMPATH\View\View.php(226): include('C:\\laragon\\www\\method-oldagehome\\app\\Views\\dashboard\\managescdetails.php')
 3 SYSTEMPATH\View\View.php(229): CodeIgniter\View\View->CodeIgniter\View\{closure}()
 4 SYSTEMPATH\Common.php(1188): CodeIgniter\View\View->render('dashboard/managescdetails', [], true)
 5 APPPATH\Controllers\ViewController.php(75): view('dashboard/managescdetails')
 6 SYSTEMPATH\CodeIgniter.php(919): App\Controllers\ViewController->managescdetails()
 7 SYSTEMPATH\CodeIgniter.php(494): CodeIgniter\CodeIgniter->runController(Object(App\Controllers\ViewController))
 8 SYSTEMPATH\CodeIgniter.php(353): CodeIgniter\CodeIgniter->handleRequest(null, Object(Config\Cache), false)
 9 FCPATH\index.php(79): CodeIgniter\CodeIgniter->run()
10 SYSTEMPATH\Commands\Server\rewrite.php(47): require_once('C:\\laragon\\www\\method-oldagehome\\public\\index.php')
