CRITICAL - 2024-05-30 03:57:52 --> Undefined array key "user_img"
in APPPATH\Controllers\UserController.php on line 131.
 1 APPPATH\Controllers\UserController.php(131): CodeIgniter\Debug\Exceptions->errorHandler(2, 'Undefined array key "user_img"', 'C:\\laragon\\www\\method-oldagehome\\app\\Controllers\\UserController.php', 131)
 2 SYSTEMPATH\CodeIgniter.php(919): App\Controllers\UserController->loginAuth()
 3 SYSTEMPATH\CodeIgniter.php(494): CodeIgniter\CodeIgniter->runController(Object(App\Controllers\UserController))
 4 SYSTEMPATH\CodeIgniter.php(353): CodeIgniter\CodeIgniter->handleRequest(null, Object(Config\Cache), false)
 5 FCPATH\index.php(79): CodeIgniter\CodeIgniter->run()
 6 SYSTEMPATH\Commands\Server\rewrite.php(47): require_once('C:\\laragon\\www\\method-oldagehome\\public\\index.php')
CRITICAL - 2024-05-30 03:58:43 --> Undefined array key "user_img"
in APPPATH\Controllers\UserController.php on line 131.
 1 APPPATH\Controllers\UserController.php(131): CodeIgniter\Debug\Exceptions->errorHandler(2, 'Undefined array key "user_img"', 'C:\\laragon\\www\\method-oldagehome\\app\\Controllers\\UserController.php', 131)
 2 SYSTEMPATH\CodeIgniter.php(919): App\Controllers\UserController->loginAuth()
 3 SYSTEMPATH\CodeIgniter.php(494): CodeIgniter\CodeIgniter->runController(Object(App\Controllers\UserController))
 4 SYSTEMPATH\CodeIgniter.php(353): CodeIgniter\CodeIgniter->handleRequest(null, Object(Config\Cache), false)
 5 FCPATH\index.php(79): CodeIgniter\CodeIgniter->run()
 6 SYSTEMPATH\Commands\Server\rewrite.php(47): require_once('C:\\laragon\\www\\method-oldagehome\\public\\index.php')
CRITICAL - 2024-05-30 03:59:09 --> Undefined array key "user_img"
in APPPATH\Controllers\UserController.php on line 131.
 1 APPPATH\Controllers\UserController.php(131): CodeIgniter\Debug\Exceptions->errorHandler(2, 'Undefined array key "user_img"', 'C:\\laragon\\www\\method-oldagehome\\app\\Controllers\\UserController.php', 131)
 2 SYSTEMPATH\CodeIgniter.php(919): App\Controllers\UserController->loginAuth()
 3 SYSTEMPATH\CodeIgniter.php(494): CodeIgniter\CodeIgniter->runController(Object(App\Controllers\UserController))
 4 SYSTEMPATH\CodeIgniter.php(353): CodeIgniter\CodeIgniter->handleRequest(null, Object(Config\Cache), false)
 5 FCPATH\index.php(79): CodeIgniter\CodeIgniter->run()
 6 SYSTEMPATH\Commands\Server\rewrite.php(47): require_once('C:\\laragon\\www\\method-oldagehome\\public\\index.php')
CRITICAL - 2024-05-30 03:59:23 --> Undefined array key "user_img"
in APPPATH\Controllers\UserController.php on line 131.
 1 APPPATH\Controllers\UserController.php(131): CodeIgniter\Debug\Exceptions->errorHandler(2, 'Undefined array key "user_img"', 'C:\\laragon\\www\\method-oldagehome\\app\\Controllers\\UserController.php', 131)
 2 SYSTEMPATH\CodeIgniter.php(919): App\Controllers\UserController->loginAuth()
 3 SYSTEMPATH\CodeIgniter.php(494): CodeIgniter\CodeIgniter->runController(Object(App\Controllers\UserController))
 4 SYSTEMPATH\CodeIgniter.php(353): CodeIgniter\CodeIgniter->handleRequest(null, Object(Config\Cache), false)
 5 FCPATH\index.php(79): CodeIgniter\CodeIgniter->run()
 6 SYSTEMPATH\Commands\Server\rewrite.php(47): require_once('C:\\laragon\\www\\method-oldagehome\\public\\index.php')
