CRITICAL - 2024-10-01 07:56:34 --> Trying to access array offset on value of type null
in APPPATH\Views\admin\admissionwithdata.php on line 166.
 1 APPPATH\Views\admin\admissionwithdata.php(166): CodeIgniter\Debug\Exceptions->errorHandler(2, 'Trying to access array offset on value of type null', 'D:\\laragon\\www\\method-oldagehome\\app\\Views\\admin\\admissionwithdata.php', 166)
 2 SYSTEMPATH\View\View.php(226): include('D:\\laragon\\www\\method-oldagehome\\app\\Views\\admin\\admissionwithdata.php')
 3 SYSTEMPATH\View\View.php(229): CodeIgniter\View\View->CodeIgniter\View\{closure}()
 4 SYSTEMPATH\Common.php(1188): CodeIgniter\View\View->render('admin/admissionwithdata', [], true)
 5 APPPATH\Controllers\NewController.php(1623): view('admin/admissionwithdata', [...])
 6 SYSTEMPATH\CodeIgniter.php(919): App\Controllers\NewController->admisionWithData('1')
 7 SYSTEMPATH\CodeIgniter.php(494): CodeIgniter\CodeIgniter->runController(Object(App\Controllers\NewController))
 8 SYSTEMPATH\CodeIgniter.php(353): CodeIgniter\CodeIgniter->handleRequest(null, Object(Config\Cache), false)
 9 FCPATH\index.php(79): CodeIgniter\CodeIgniter->run()
10 SYSTEMPATH\Commands\Server\rewrite.php(47): require_once('D:\\laragon\\www\\method-oldagehome\\public\\index.php')
CRITICAL - 2024-10-01 07:56:48 --> Trying to access array offset on value of type null
in APPPATH\Views\admin\admissionwithdata.php on line 166.
 1 APPPATH\Views\admin\admissionwithdata.php(166): CodeIgniter\Debug\Exceptions->errorHandler(2, 'Trying to access array offset on value of type null', 'D:\\laragon\\www\\method-oldagehome\\app\\Views\\admin\\admissionwithdata.php', 166)
 2 SYSTEMPATH\View\View.php(226): include('D:\\laragon\\www\\method-oldagehome\\app\\Views\\admin\\admissionwithdata.php')
 3 SYSTEMPATH\View\View.php(229): CodeIgniter\View\View->CodeIgniter\View\{closure}()
 4 SYSTEMPATH\Common.php(1188): CodeIgniter\View\View->render('admin/admissionwithdata', [], true)
 5 APPPATH\Controllers\NewController.php(1632): view('admin/admissionwithdata', [...])
 6 SYSTEMPATH\CodeIgniter.php(919): App\Controllers\NewController->admisionWithData('1')
 7 SYSTEMPATH\CodeIgniter.php(494): CodeIgniter\CodeIgniter->runController(Object(App\Controllers\NewController))
 8 SYSTEMPATH\CodeIgniter.php(353): CodeIgniter\CodeIgniter->handleRequest(null, Object(Config\Cache), false)
 9 FCPATH\index.php(79): CodeIgniter\CodeIgniter->run()
10 SYSTEMPATH\Commands\Server\rewrite.php(47): require_once('D:\\laragon\\www\\method-oldagehome\\public\\index.php')
CRITICAL - 2024-10-01 07:58:45 --> Trying to access array offset on value of type null
in APPPATH\Views\admin\admissionwithdata.php on line 166.
 1 APPPATH\Views\admin\admissionwithdata.php(166): CodeIgniter\Debug\Exceptions->errorHandler(2, 'Trying to access array offset on value of type null', 'D:\\laragon\\www\\method-oldagehome\\app\\Views\\admin\\admissionwithdata.php', 166)
 2 SYSTEMPATH\View\View.php(226): include('D:\\laragon\\www\\method-oldagehome\\app\\Views\\admin\\admissionwithdata.php')
 3 SYSTEMPATH\View\View.php(229): CodeIgniter\View\View->CodeIgniter\View\{closure}()
 4 SYSTEMPATH\Common.php(1188): CodeIgniter\View\View->render('admin/admissionwithdata', [], true)
 5 APPPATH\Controllers\NewController.php(1631): view('admin/admissionwithdata', [...])
 6 SYSTEMPATH\CodeIgniter.php(919): App\Controllers\NewController->admisionWithData('1')
 7 SYSTEMPATH\CodeIgniter.php(494): CodeIgniter\CodeIgniter->runController(Object(App\Controllers\NewController))
 8 SYSTEMPATH\CodeIgniter.php(353): CodeIgniter\CodeIgniter->handleRequest(null, Object(Config\Cache), false)
 9 FCPATH\index.php(79): CodeIgniter\CodeIgniter->run()
10 SYSTEMPATH\Commands\Server\rewrite.php(47): require_once('D:\\laragon\\www\\method-oldagehome\\public\\index.php')
CRITICAL - 2024-10-01 08:00:11 --> Trying to access array offset on value of type null
in APPPATH\Views\admin\admissionwithdata.php on line 166.
 1 APPPATH\Views\admin\admissionwithdata.php(166): CodeIgniter\Debug\Exceptions->errorHandler(2, 'Trying to access array offset on value of type null', 'D:\\laragon\\www\\method-oldagehome\\app\\Views\\admin\\admissionwithdata.php', 166)
 2 SYSTEMPATH\View\View.php(226): include('D:\\laragon\\www\\method-oldagehome\\app\\Views\\admin\\admissionwithdata.php')
 3 SYSTEMPATH\View\View.php(229): CodeIgniter\View\View->CodeIgniter\View\{closure}()
 4 SYSTEMPATH\Common.php(1188): CodeIgniter\View\View->render('admin/admissionwithdata', [], true)
 5 APPPATH\Controllers\NewController.php(1631): view('admin/admissionwithdata', [...])
 6 SYSTEMPATH\CodeIgniter.php(919): App\Controllers\NewController->admisionWithData('107')
 7 SYSTEMPATH\CodeIgniter.php(494): CodeIgniter\CodeIgniter->runController(Object(App\Controllers\NewController))
 8 SYSTEMPATH\CodeIgniter.php(353): CodeIgniter\CodeIgniter->handleRequest(null, Object(Config\Cache), false)
 9 FCPATH\index.php(79): CodeIgniter\CodeIgniter->run()
10 SYSTEMPATH\Commands\Server\rewrite.php(47): require_once('D:\\laragon\\www\\method-oldagehome\\public\\index.php')
CRITICAL - 2024-10-01 08:15:03 --> Undefined variable $imageSrc
in APPPATH\Controllers\NewController.php on line 1937.
 1 APPPATH\Controllers\NewController.php(1937): CodeIgniter\Debug\Exceptions->errorHandler(2, 'Undefined variable $imageSrc', 'D:\\laragon\\www\\method-oldagehome\\app\\Controllers\\NewController.php', 1937)
 2 SYSTEMPATH\CodeIgniter.php(919): App\Controllers\NewController->printSlip('107')
 3 SYSTEMPATH\CodeIgniter.php(494): CodeIgniter\CodeIgniter->runController(Object(App\Controllers\NewController))
 4 SYSTEMPATH\CodeIgniter.php(353): CodeIgniter\CodeIgniter->handleRequest(null, Object(Config\Cache), false)
 5 FCPATH\index.php(79): CodeIgniter\CodeIgniter->run()
 6 SYSTEMPATH\Commands\Server\rewrite.php(47): require_once('D:\\laragon\\www\\method-oldagehome\\public\\index.php')
