CRITICAL - 2024-03-05 15:13:26 --> Undefined variable $calen
in APPPATH\Views\dashboard\bookings.php on line 66.
 1 APPPATH\Views\dashboard\bookings.php(66): CodeIgniter\Debug\Exceptions->errorHandler(2, 'Undefined variable $calen', 'D:\\laragon\\www\\method-oldagehome\\app\\Views\\dashboard\\bookings.php', 66)
 2 SYSTEMPATH\View\View.php(226): include('D:\\laragon\\www\\method-oldagehome\\app\\Views\\dashboard\\bookings.php')
 3 SYSTEMPATH\View\View.php(229): CodeIgniter\View\View->CodeIgniter\View\{closure}()
 4 SYSTEMPATH\Common.php(1188): CodeIgniter\View\View->render('dashboard/bookings', [], true)
 5 APPPATH\Controllers\ReportController.php(84): view('dashboard/bookings', [...])
 6 SYSTEMPATH\CodeIgniter.php(919): App\Controllers\ReportController->ViewReports('16')
 7 SYSTEMPATH\CodeIgniter.php(494): CodeIgniter\CodeIgniter->runController(Object(App\Controllers\ReportController))
 8 SYSTEMPATH\CodeIgniter.php(353): CodeIgniter\CodeIgniter->handleRequest(null, Object(Config\Cache), false)
 9 FCPATH\index.php(79): CodeIgniter\CodeIgniter->run()
10 SYSTEMPATH\Commands\Server\rewrite.php(47): require_once('D:\\laragon\\www\\method-oldagehome\\public\\index.php')
CRITICAL - 2024-03-05 15:13:58 --> foreach() argument must be of type array|object, null given
in APPPATH\Views\dashboard\bookings.php on line 66.
 1 APPPATH\Views\dashboard\bookings.php(66): CodeIgniter\Debug\Exceptions->errorHandler(2, 'foreach() argument must be of type array|object, null given', 'D:\\laragon\\www\\method-oldagehome\\app\\Views\\dashboard\\bookings.php', 66)
 2 SYSTEMPATH\View\View.php(226): include('D:\\laragon\\www\\method-oldagehome\\app\\Views\\dashboard\\bookings.php')
 3 SYSTEMPATH\View\View.php(229): CodeIgniter\View\View->CodeIgniter\View\{closure}()
 4 SYSTEMPATH\Common.php(1188): CodeIgniter\View\View->render('dashboard/bookings', [], true)
 5 APPPATH\Controllers\ReportController.php(84): view('dashboard/bookings', [...])
 6 SYSTEMPATH\CodeIgniter.php(919): App\Controllers\ReportController->ViewReports('16')
 7 SYSTEMPATH\CodeIgniter.php(494): CodeIgniter\CodeIgniter->runController(Object(App\Controllers\ReportController))
 8 SYSTEMPATH\CodeIgniter.php(353): CodeIgniter\CodeIgniter->handleRequest(null, Object(Config\Cache), false)
 9 FCPATH\index.php(79): CodeIgniter\CodeIgniter->run()
10 SYSTEMPATH\Commands\Server\rewrite.php(47): require_once('D:\\laragon\\www\\method-oldagehome\\public\\index.php')
CRITICAL - 2024-03-05 15:14:02 --> foreach() argument must be of type array|object, null given
in APPPATH\Views\dashboard\bookings.php on line 66.
 1 APPPATH\Views\dashboard\bookings.php(66): CodeIgniter\Debug\Exceptions->errorHandler(2, 'foreach() argument must be of type array|object, null given', 'D:\\laragon\\www\\method-oldagehome\\app\\Views\\dashboard\\bookings.php', 66)
 2 SYSTEMPATH\View\View.php(226): include('D:\\laragon\\www\\method-oldagehome\\app\\Views\\dashboard\\bookings.php')
 3 SYSTEMPATH\View\View.php(229): CodeIgniter\View\View->CodeIgniter\View\{closure}()
 4 SYSTEMPATH\Common.php(1188): CodeIgniter\View\View->render('dashboard/bookings', [], true)
 5 APPPATH\Controllers\ReportController.php(84): view('dashboard/bookings', [...])
 6 SYSTEMPATH\CodeIgniter.php(919): App\Controllers\ReportController->ViewReports('16')
 7 SYSTEMPATH\CodeIgniter.php(494): CodeIgniter\CodeIgniter->runController(Object(App\Controllers\ReportController))
 8 SYSTEMPATH\CodeIgniter.php(353): CodeIgniter\CodeIgniter->handleRequest(null, Object(Config\Cache), false)
 9 FCPATH\index.php(79): CodeIgniter\CodeIgniter->run()
10 SYSTEMPATH\Commands\Server\rewrite.php(47): require_once('D:\\laragon\\www\\method-oldagehome\\public\\index.php')
CRITICAL - 2024-03-05 15:14:07 --> foreach() argument must be of type array|object, null given
in APPPATH\Views\dashboard\bookings.php on line 66.
 1 APPPATH\Views\dashboard\bookings.php(66): CodeIgniter\Debug\Exceptions->errorHandler(2, 'foreach() argument must be of type array|object, null given', 'D:\\laragon\\www\\method-oldagehome\\app\\Views\\dashboard\\bookings.php', 66)
 2 SYSTEMPATH\View\View.php(226): include('D:\\laragon\\www\\method-oldagehome\\app\\Views\\dashboard\\bookings.php')
 3 SYSTEMPATH\View\View.php(229): CodeIgniter\View\View->CodeIgniter\View\{closure}()
 4 SYSTEMPATH\Common.php(1188): CodeIgniter\View\View->render('dashboard/bookings', [], true)
 5 APPPATH\Controllers\ReportController.php(84): view('dashboard/bookings', [...])
 6 SYSTEMPATH\CodeIgniter.php(919): App\Controllers\ReportController->ViewReports('16')
 7 SYSTEMPATH\CodeIgniter.php(494): CodeIgniter\CodeIgniter->runController(Object(App\Controllers\ReportController))
 8 SYSTEMPATH\CodeIgniter.php(353): CodeIgniter\CodeIgniter->handleRequest(null, Object(Config\Cache), false)
 9 FCPATH\index.php(79): CodeIgniter\CodeIgniter->run()
10 SYSTEMPATH\Commands\Server\rewrite.php(47): require_once('D:\\laragon\\www\\method-oldagehome\\public\\index.php')
CRITICAL - 2024-03-05 15:14:08 --> foreach() argument must be of type array|object, null given
in APPPATH\Views\dashboard\bookings.php on line 66.
 1 APPPATH\Views\dashboard\bookings.php(66): CodeIgniter\Debug\Exceptions->errorHandler(2, 'foreach() argument must be of type array|object, null given', 'D:\\laragon\\www\\method-oldagehome\\app\\Views\\dashboard\\bookings.php', 66)
 2 SYSTEMPATH\View\View.php(226): include('D:\\laragon\\www\\method-oldagehome\\app\\Views\\dashboard\\bookings.php')
 3 SYSTEMPATH\View\View.php(229): CodeIgniter\View\View->CodeIgniter\View\{closure}()
 4 SYSTEMPATH\Common.php(1188): CodeIgniter\View\View->render('dashboard/bookings', [], true)
 5 APPPATH\Controllers\ReportController.php(84): view('dashboard/bookings', [...])
 6 SYSTEMPATH\CodeIgniter.php(919): App\Controllers\ReportController->ViewReports('16')
 7 SYSTEMPATH\CodeIgniter.php(494): CodeIgniter\CodeIgniter->runController(Object(App\Controllers\ReportController))
 8 SYSTEMPATH\CodeIgniter.php(353): CodeIgniter\CodeIgniter->handleRequest(null, Object(Config\Cache), false)
 9 FCPATH\index.php(79): CodeIgniter\CodeIgniter->run()
10 SYSTEMPATH\Commands\Server\rewrite.php(47): require_once('D:\\laragon\\www\\method-oldagehome\\public\\index.php')
CRITICAL - 2024-03-05 15:14:12 --> foreach() argument must be of type array|object, null given
in APPPATH\Views\dashboard\bookings.php on line 66.
 1 APPPATH\Views\dashboard\bookings.php(66): CodeIgniter\Debug\Exceptions->errorHandler(2, 'foreach() argument must be of type array|object, null given', 'D:\\laragon\\www\\method-oldagehome\\app\\Views\\dashboard\\bookings.php', 66)
 2 SYSTEMPATH\View\View.php(226): include('D:\\laragon\\www\\method-oldagehome\\app\\Views\\dashboard\\bookings.php')
 3 SYSTEMPATH\View\View.php(229): CodeIgniter\View\View->CodeIgniter\View\{closure}()
 4 SYSTEMPATH\Common.php(1188): CodeIgniter\View\View->render('dashboard/bookings', [], true)
 5 APPPATH\Controllers\ReportController.php(84): view('dashboard/bookings', [...])
 6 SYSTEMPATH\CodeIgniter.php(919): App\Controllers\ReportController->ViewReports('16')
 7 SYSTEMPATH\CodeIgniter.php(494): CodeIgniter\CodeIgniter->runController(Object(App\Controllers\ReportController))
 8 SYSTEMPATH\CodeIgniter.php(353): CodeIgniter\CodeIgniter->handleRequest(null, Object(Config\Cache), false)
 9 FCPATH\index.php(79): CodeIgniter\CodeIgniter->run()
10 SYSTEMPATH\Commands\Server\rewrite.php(47): require_once('D:\\laragon\\www\\method-oldagehome\\public\\index.php')
CRITICAL - 2024-03-05 15:18:19 --> foreach() argument must be of type array|object, null given
in APPPATH\Views\dashboard\bookings.php on line 66.
 1 APPPATH\Views\dashboard\bookings.php(66): CodeIgniter\Debug\Exceptions->errorHandler(2, 'foreach() argument must be of type array|object, null given', 'D:\\laragon\\www\\method-oldagehome\\app\\Views\\dashboard\\bookings.php', 66)
 2 SYSTEMPATH\View\View.php(226): include('D:\\laragon\\www\\method-oldagehome\\app\\Views\\dashboard\\bookings.php')
 3 SYSTEMPATH\View\View.php(229): CodeIgniter\View\View->CodeIgniter\View\{closure}()
 4 SYSTEMPATH\Common.php(1188): CodeIgniter\View\View->render('dashboard/bookings', [], true)
 5 APPPATH\Controllers\ReportController.php(84): view('dashboard/bookings', [...])
 6 SYSTEMPATH\CodeIgniter.php(919): App\Controllers\ReportController->ViewReports('16')
 7 SYSTEMPATH\CodeIgniter.php(494): CodeIgniter\CodeIgniter->runController(Object(App\Controllers\ReportController))
 8 SYSTEMPATH\CodeIgniter.php(353): CodeIgniter\CodeIgniter->handleRequest(null, Object(Config\Cache), false)
 9 FCPATH\index.php(79): CodeIgniter\CodeIgniter->run()
10 SYSTEMPATH\Commands\Server\rewrite.php(47): require_once('D:\\laragon\\www\\method-oldagehome\\public\\index.php')
CRITICAL - 2024-03-05 15:22:58 --> foreach() argument must be of type array|object, null given
in APPPATH\Views\dashboard\bookings.php on line 66.
 1 APPPATH\Views\dashboard\bookings.php(66): CodeIgniter\Debug\Exceptions->errorHandler(2, 'foreach() argument must be of type array|object, null given', 'D:\\laragon\\www\\method-oldagehome\\app\\Views\\dashboard\\bookings.php', 66)
 2 SYSTEMPATH\View\View.php(226): include('D:\\laragon\\www\\method-oldagehome\\app\\Views\\dashboard\\bookings.php')
 3 SYSTEMPATH\View\View.php(229): CodeIgniter\View\View->CodeIgniter\View\{closure}()
 4 SYSTEMPATH\Common.php(1188): CodeIgniter\View\View->render('dashboard/bookings', [], true)
 5 APPPATH\Controllers\ReportController.php(84): view('dashboard/bookings', [...])
 6 SYSTEMPATH\CodeIgniter.php(919): App\Controllers\ReportController->ViewReports('26')
 7 SYSTEMPATH\CodeIgniter.php(494): CodeIgniter\CodeIgniter->runController(Object(App\Controllers\ReportController))
 8 SYSTEMPATH\CodeIgniter.php(353): CodeIgniter\CodeIgniter->handleRequest(null, Object(Config\Cache), false)
 9 FCPATH\index.php(79): CodeIgniter\CodeIgniter->run()
10 SYSTEMPATH\Commands\Server\rewrite.php(47): require_once('D:\\laragon\\www\\method-oldagehome\\public\\index.php')
CRITICAL - 2024-03-05 15:24:47 --> Invalid file: "dashboard/viewBookin.php"
in SYSTEMPATH\Exceptions\FrameworkException.php on line 39.
 1 SYSTEMPATH\View\View.php(214): CodeIgniter\Exceptions\FrameworkException::forInvalidFile('dashboard/viewBookin.php')
 2 SYSTEMPATH\Common.php(1188): CodeIgniter\View\View->render('dashboard/viewBookin', [], true)
 3 APPPATH\Controllers\ReportController.php(84): view('dashboard/viewBookin', [...])
 4 SYSTEMPATH\CodeIgniter.php(919): App\Controllers\ReportController->ViewReports('26')
 5 SYSTEMPATH\CodeIgniter.php(494): CodeIgniter\CodeIgniter->runController(Object(App\Controllers\ReportController))
 6 SYSTEMPATH\CodeIgniter.php(353): CodeIgniter\CodeIgniter->handleRequest(null, Object(Config\Cache), false)
 7 FCPATH\index.php(79): CodeIgniter\CodeIgniter->run()
 8 SYSTEMPATH\Commands\Server\rewrite.php(47): require_once('D:\\laragon\\www\\method-oldagehome\\public\\index.php')
CRITICAL - 2024-03-05 15:25:19 --> Undefined variable $reports
in APPPATH\Views\dashboard\viewBooking.php on line 9.
 1 APPPATH\Views\dashboard\viewBooking.php(9): CodeIgniter\Debug\Exceptions->errorHandler(2, 'Undefined variable $reports', 'D:\\laragon\\www\\method-oldagehome\\app\\Views\\dashboard\\viewBooking.php', 9)
 2 SYSTEMPATH\View\View.php(226): include('D:\\laragon\\www\\method-oldagehome\\app\\Views\\dashboard\\viewBooking.php')
 3 SYSTEMPATH\View\View.php(229): CodeIgniter\View\View->CodeIgniter\View\{closure}()
 4 SYSTEMPATH\Common.php(1188): CodeIgniter\View\View->render('dashboard/viewBooking', [], true)
 5 APPPATH\Controllers\ReportController.php(84): view('dashboard/viewBooking', [...])
 6 SYSTEMPATH\CodeIgniter.php(919): App\Controllers\ReportController->ViewReports('26')
 7 SYSTEMPATH\CodeIgniter.php(494): CodeIgniter\CodeIgniter->runController(Object(App\Controllers\ReportController))
 8 SYSTEMPATH\CodeIgniter.php(353): CodeIgniter\CodeIgniter->handleRequest(null, Object(Config\Cache), false)
 9 FCPATH\index.php(79): CodeIgniter\CodeIgniter->run()
10 SYSTEMPATH\Commands\Server\rewrite.php(47): require_once('D:\\laragon\\www\\method-oldagehome\\public\\index.php')
CRITICAL - 2024-03-05 15:25:32 --> Trying to access array offset on value of type null
in APPPATH\Views\dashboard\viewBooking.php on line 9.
 1 APPPATH\Views\dashboard\viewBooking.php(9): CodeIgniter\Debug\Exceptions->errorHandler(2, 'Trying to access array offset on value of type null', 'D:\\laragon\\www\\method-oldagehome\\app\\Views\\dashboard\\viewBooking.php', 9)
 2 SYSTEMPATH\View\View.php(226): include('D:\\laragon\\www\\method-oldagehome\\app\\Views\\dashboard\\viewBooking.php')
 3 SYSTEMPATH\View\View.php(229): CodeIgniter\View\View->CodeIgniter\View\{closure}()
 4 SYSTEMPATH\Common.php(1188): CodeIgniter\View\View->render('dashboard/viewBooking', [], true)
 5 APPPATH\Controllers\ReportController.php(84): view('dashboard/viewBooking', [...])
 6 SYSTEMPATH\CodeIgniter.php(919): App\Controllers\ReportController->ViewReports('26')
 7 SYSTEMPATH\CodeIgniter.php(494): CodeIgniter\CodeIgniter->runController(Object(App\Controllers\ReportController))
 8 SYSTEMPATH\CodeIgniter.php(353): CodeIgniter\CodeIgniter->handleRequest(null, Object(Config\Cache), false)
 9 FCPATH\index.php(79): CodeIgniter\CodeIgniter->run()
10 SYSTEMPATH\Commands\Server\rewrite.php(47): require_once('D:\\laragon\\www\\method-oldagehome\\public\\index.php')
CRITICAL - 2024-03-05 15:25:53 --> Trying to access array offset on value of type null
in APPPATH\Views\dashboard\viewBooking.php on line 9.
 1 APPPATH\Views\dashboard\viewBooking.php(9): CodeIgniter\Debug\Exceptions->errorHandler(2, 'Trying to access array offset on value of type null', 'D:\\laragon\\www\\method-oldagehome\\app\\Views\\dashboard\\viewBooking.php', 9)
 2 SYSTEMPATH\View\View.php(226): include('D:\\laragon\\www\\method-oldagehome\\app\\Views\\dashboard\\viewBooking.php')
 3 SYSTEMPATH\View\View.php(229): CodeIgniter\View\View->CodeIgniter\View\{closure}()
 4 SYSTEMPATH\Common.php(1188): CodeIgniter\View\View->render('dashboard/viewBooking', [], true)
 5 APPPATH\Controllers\ReportController.php(84): view('dashboard/viewBooking', [...])
 6 SYSTEMPATH\CodeIgniter.php(919): App\Controllers\ReportController->ViewReports('26')
 7 SYSTEMPATH\CodeIgniter.php(494): CodeIgniter\CodeIgniter->runController(Object(App\Controllers\ReportController))
 8 SYSTEMPATH\CodeIgniter.php(353): CodeIgniter\CodeIgniter->handleRequest(null, Object(Config\Cache), false)
 9 FCPATH\index.php(79): CodeIgniter\CodeIgniter->run()
10 SYSTEMPATH\Commands\Server\rewrite.php(47): require_once('D:\\laragon\\www\\method-oldagehome\\public\\index.php')
CRITICAL - 2024-03-05 15:25:53 --> Trying to access array offset on value of type null
in APPPATH\Views\dashboard\viewBooking.php on line 9.
 1 APPPATH\Views\dashboard\viewBooking.php(9): CodeIgniter\Debug\Exceptions->errorHandler(2, 'Trying to access array offset on value of type null', 'D:\\laragon\\www\\method-oldagehome\\app\\Views\\dashboard\\viewBooking.php', 9)
 2 SYSTEMPATH\View\View.php(226): include('D:\\laragon\\www\\method-oldagehome\\app\\Views\\dashboard\\viewBooking.php')
 3 SYSTEMPATH\View\View.php(229): CodeIgniter\View\View->CodeIgniter\View\{closure}()
 4 SYSTEMPATH\Common.php(1188): CodeIgniter\View\View->render('dashboard/viewBooking', [], true)
 5 APPPATH\Controllers\ReportController.php(84): view('dashboard/viewBooking', [...])
 6 SYSTEMPATH\CodeIgniter.php(919): App\Controllers\ReportController->ViewReports('26')
 7 SYSTEMPATH\CodeIgniter.php(494): CodeIgniter\CodeIgniter->runController(Object(App\Controllers\ReportController))
 8 SYSTEMPATH\CodeIgniter.php(353): CodeIgniter\CodeIgniter->handleRequest(null, Object(Config\Cache), false)
 9 FCPATH\index.php(79): CodeIgniter\CodeIgniter->run()
10 SYSTEMPATH\Commands\Server\rewrite.php(47): require_once('D:\\laragon\\www\\method-oldagehome\\public\\index.php')
CRITICAL - 2024-03-05 15:25:54 --> Trying to access array offset on value of type null
in APPPATH\Views\dashboard\viewBooking.php on line 9.
 1 APPPATH\Views\dashboard\viewBooking.php(9): CodeIgniter\Debug\Exceptions->errorHandler(2, 'Trying to access array offset on value of type null', 'D:\\laragon\\www\\method-oldagehome\\app\\Views\\dashboard\\viewBooking.php', 9)
 2 SYSTEMPATH\View\View.php(226): include('D:\\laragon\\www\\method-oldagehome\\app\\Views\\dashboard\\viewBooking.php')
 3 SYSTEMPATH\View\View.php(229): CodeIgniter\View\View->CodeIgniter\View\{closure}()
 4 SYSTEMPATH\Common.php(1188): CodeIgniter\View\View->render('dashboard/viewBooking', [], true)
 5 APPPATH\Controllers\ReportController.php(84): view('dashboard/viewBooking', [...])
 6 SYSTEMPATH\CodeIgniter.php(919): App\Controllers\ReportController->ViewReports('26')
 7 SYSTEMPATH\CodeIgniter.php(494): CodeIgniter\CodeIgniter->runController(Object(App\Controllers\ReportController))
 8 SYSTEMPATH\CodeIgniter.php(353): CodeIgniter\CodeIgniter->handleRequest(null, Object(Config\Cache), false)
 9 FCPATH\index.php(79): CodeIgniter\CodeIgniter->run()
10 SYSTEMPATH\Commands\Server\rewrite.php(47): require_once('D:\\laragon\\www\\method-oldagehome\\public\\index.php')
CRITICAL - 2024-03-05 15:25:55 --> Trying to access array offset on value of type null
in APPPATH\Views\dashboard\viewBooking.php on line 9.
 1 APPPATH\Views\dashboard\viewBooking.php(9): CodeIgniter\Debug\Exceptions->errorHandler(2, 'Trying to access array offset on value of type null', 'D:\\laragon\\www\\method-oldagehome\\app\\Views\\dashboard\\viewBooking.php', 9)
 2 SYSTEMPATH\View\View.php(226): include('D:\\laragon\\www\\method-oldagehome\\app\\Views\\dashboard\\viewBooking.php')
 3 SYSTEMPATH\View\View.php(229): CodeIgniter\View\View->CodeIgniter\View\{closure}()
 4 SYSTEMPATH\Common.php(1188): CodeIgniter\View\View->render('dashboard/viewBooking', [], true)
 5 APPPATH\Controllers\ReportController.php(84): view('dashboard/viewBooking', [...])
 6 SYSTEMPATH\CodeIgniter.php(919): App\Controllers\ReportController->ViewReports('26')
 7 SYSTEMPATH\CodeIgniter.php(494): CodeIgniter\CodeIgniter->runController(Object(App\Controllers\ReportController))
 8 SYSTEMPATH\CodeIgniter.php(353): CodeIgniter\CodeIgniter->handleRequest(null, Object(Config\Cache), false)
 9 FCPATH\index.php(79): CodeIgniter\CodeIgniter->run()
10 SYSTEMPATH\Commands\Server\rewrite.php(47): require_once('D:\\laragon\\www\\method-oldagehome\\public\\index.php')
CRITICAL - 2024-03-05 15:25:55 --> Trying to access array offset on value of type null
in APPPATH\Views\dashboard\viewBooking.php on line 9.
 1 APPPATH\Views\dashboard\viewBooking.php(9): CodeIgniter\Debug\Exceptions->errorHandler(2, 'Trying to access array offset on value of type null', 'D:\\laragon\\www\\method-oldagehome\\app\\Views\\dashboard\\viewBooking.php', 9)
 2 SYSTEMPATH\View\View.php(226): include('D:\\laragon\\www\\method-oldagehome\\app\\Views\\dashboard\\viewBooking.php')
 3 SYSTEMPATH\View\View.php(229): CodeIgniter\View\View->CodeIgniter\View\{closure}()
 4 SYSTEMPATH\Common.php(1188): CodeIgniter\View\View->render('dashboard/viewBooking', [], true)
 5 APPPATH\Controllers\ReportController.php(84): view('dashboard/viewBooking', [...])
 6 SYSTEMPATH\CodeIgniter.php(919): App\Controllers\ReportController->ViewReports('26')
 7 SYSTEMPATH\CodeIgniter.php(494): CodeIgniter\CodeIgniter->runController(Object(App\Controllers\ReportController))
 8 SYSTEMPATH\CodeIgniter.php(353): CodeIgniter\CodeIgniter->handleRequest(null, Object(Config\Cache), false)
 9 FCPATH\index.php(79): CodeIgniter\CodeIgniter->run()
10 SYSTEMPATH\Commands\Server\rewrite.php(47): require_once('D:\\laragon\\www\\method-oldagehome\\public\\index.php')
CRITICAL - 2024-03-05 15:25:56 --> Trying to access array offset on value of type null
in APPPATH\Views\dashboard\viewBooking.php on line 9.
 1 APPPATH\Views\dashboard\viewBooking.php(9): CodeIgniter\Debug\Exceptions->errorHandler(2, 'Trying to access array offset on value of type null', 'D:\\laragon\\www\\method-oldagehome\\app\\Views\\dashboard\\viewBooking.php', 9)
 2 SYSTEMPATH\View\View.php(226): include('D:\\laragon\\www\\method-oldagehome\\app\\Views\\dashboard\\viewBooking.php')
 3 SYSTEMPATH\View\View.php(229): CodeIgniter\View\View->CodeIgniter\View\{closure}()
 4 SYSTEMPATH\Common.php(1188): CodeIgniter\View\View->render('dashboard/viewBooking', [], true)
 5 APPPATH\Controllers\ReportController.php(84): view('dashboard/viewBooking', [...])
 6 SYSTEMPATH\CodeIgniter.php(919): App\Controllers\ReportController->ViewReports('26')
 7 SYSTEMPATH\CodeIgniter.php(494): CodeIgniter\CodeIgniter->runController(Object(App\Controllers\ReportController))
 8 SYSTEMPATH\CodeIgniter.php(353): CodeIgniter\CodeIgniter->handleRequest(null, Object(Config\Cache), false)
 9 FCPATH\index.php(79): CodeIgniter\CodeIgniter->run()
10 SYSTEMPATH\Commands\Server\rewrite.php(47): require_once('D:\\laragon\\www\\method-oldagehome\\public\\index.php')
CRITICAL - 2024-03-05 15:27:04 --> foreach() argument must be of type array|object, null given
in APPPATH\Views\dashboard\viewBooking.php on line 9.
 1 APPPATH\Views\dashboard\viewBooking.php(9): CodeIgniter\Debug\Exceptions->errorHandler(2, 'foreach() argument must be of type array|object, null given', 'D:\\laragon\\www\\method-oldagehome\\app\\Views\\dashboard\\viewBooking.php', 9)
 2 SYSTEMPATH\View\View.php(226): include('D:\\laragon\\www\\method-oldagehome\\app\\Views\\dashboard\\viewBooking.php')
 3 SYSTEMPATH\View\View.php(229): CodeIgniter\View\View->CodeIgniter\View\{closure}()
 4 SYSTEMPATH\Common.php(1188): CodeIgniter\View\View->render('dashboard/viewBooking', [], true)
 5 APPPATH\Controllers\ReportController.php(84): view('dashboard/viewBooking', [...])
 6 SYSTEMPATH\CodeIgniter.php(919): App\Controllers\ReportController->ViewReports('26')
 7 SYSTEMPATH\CodeIgniter.php(494): CodeIgniter\CodeIgniter->runController(Object(App\Controllers\ReportController))
 8 SYSTEMPATH\CodeIgniter.php(353): CodeIgniter\CodeIgniter->handleRequest(null, Object(Config\Cache), false)
 9 FCPATH\index.php(79): CodeIgniter\CodeIgniter->run()
10 SYSTEMPATH\Commands\Server\rewrite.php(47): require_once('D:\\laragon\\www\\method-oldagehome\\public\\index.php')
CRITICAL - 2024-03-05 15:30:41 --> foreach() argument must be of type array|object, null given
in APPPATH\Views\dashboard\viewBooking.php on line 9.
 1 APPPATH\Views\dashboard\viewBooking.php(9): CodeIgniter\Debug\Exceptions->errorHandler(2, 'foreach() argument must be of type array|object, null given', 'D:\\laragon\\www\\method-oldagehome\\app\\Views\\dashboard\\viewBooking.php', 9)
 2 SYSTEMPATH\View\View.php(226): include('D:\\laragon\\www\\method-oldagehome\\app\\Views\\dashboard\\viewBooking.php')
 3 SYSTEMPATH\View\View.php(229): CodeIgniter\View\View->CodeIgniter\View\{closure}()
 4 SYSTEMPATH\Common.php(1188): CodeIgniter\View\View->render('dashboard/viewBooking', [], true)
 5 APPPATH\Controllers\ReportController.php(84): view('dashboard/viewBooking', [...])
 6 SYSTEMPATH\CodeIgniter.php(919): App\Controllers\ReportController->ViewReports('26')
 7 SYSTEMPATH\CodeIgniter.php(494): CodeIgniter\CodeIgniter->runController(Object(App\Controllers\ReportController))
 8 SYSTEMPATH\CodeIgniter.php(353): CodeIgniter\CodeIgniter->handleRequest(null, Object(Config\Cache), false)
 9 FCPATH\index.php(79): CodeIgniter\CodeIgniter->run()
10 SYSTEMPATH\Commands\Server\rewrite.php(47): require_once('D:\\laragon\\www\\method-oldagehome\\public\\index.php')
CRITICAL - 2024-03-05 15:33:12 --> foreach() argument must be of type array|object, null given
in APPPATH\Views\dashboard\viewBooking.php on line 9.
 1 APPPATH\Views\dashboard\viewBooking.php(9): CodeIgniter\Debug\Exceptions->errorHandler(2, 'foreach() argument must be of type array|object, null given', 'D:\\laragon\\www\\method-oldagehome\\app\\Views\\dashboard\\viewBooking.php', 9)
 2 SYSTEMPATH\View\View.php(226): include('D:\\laragon\\www\\method-oldagehome\\app\\Views\\dashboard\\viewBooking.php')
 3 SYSTEMPATH\View\View.php(229): CodeIgniter\View\View->CodeIgniter\View\{closure}()
 4 SYSTEMPATH\Common.php(1188): CodeIgniter\View\View->render('dashboard/viewBooking', [], true)
 5 APPPATH\Controllers\ReportController.php(86): view('dashboard/viewBooking', [...])
 6 SYSTEMPATH\CodeIgniter.php(919): App\Controllers\ReportController->ViewReports('24')
 7 SYSTEMPATH\CodeIgniter.php(494): CodeIgniter\CodeIgniter->runController(Object(App\Controllers\ReportController))
 8 SYSTEMPATH\CodeIgniter.php(353): CodeIgniter\CodeIgniter->handleRequest(null, Object(Config\Cache), false)
 9 FCPATH\index.php(79): CodeIgniter\CodeIgniter->run()
10 SYSTEMPATH\Commands\Server\rewrite.php(47): require_once('D:\\laragon\\www\\method-oldagehome\\public\\index.php')
CRITICAL - 2024-03-05 15:34:04 --> foreach() argument must be of type array|object, null given
in APPPATH\Views\dashboard\viewBooking.php on line 9.
 1 APPPATH\Views\dashboard\viewBooking.php(9): CodeIgniter\Debug\Exceptions->errorHandler(2, 'foreach() argument must be of type array|object, null given', 'D:\\laragon\\www\\method-oldagehome\\app\\Views\\dashboard\\viewBooking.php', 9)
 2 SYSTEMPATH\View\View.php(226): include('D:\\laragon\\www\\method-oldagehome\\app\\Views\\dashboard\\viewBooking.php')
 3 SYSTEMPATH\View\View.php(229): CodeIgniter\View\View->CodeIgniter\View\{closure}()
 4 SYSTEMPATH\Common.php(1188): CodeIgniter\View\View->render('dashboard/viewBooking', [], true)
 5 APPPATH\Controllers\ReportController.php(86): view('dashboard/viewBooking', [...])
 6 SYSTEMPATH\CodeIgniter.php(919): App\Controllers\ReportController->ViewReports('24')
 7 SYSTEMPATH\CodeIgniter.php(494): CodeIgniter\CodeIgniter->runController(Object(App\Controllers\ReportController))
 8 SYSTEMPATH\CodeIgniter.php(353): CodeIgniter\CodeIgniter->handleRequest(null, Object(Config\Cache), false)
 9 FCPATH\index.php(79): CodeIgniter\CodeIgniter->run()
10 SYSTEMPATH\Commands\Server\rewrite.php(47): require_once('D:\\laragon\\www\\method-oldagehome\\public\\index.php')
CRITICAL - 2024-03-05 15:34:59 --> Trying to access array offset on value of type null
in APPPATH\Views\dashboard\viewBooking.php on line 10.
 1 APPPATH\Views\dashboard\viewBooking.php(10): CodeIgniter\Debug\Exceptions->errorHandler(2, 'Trying to access array offset on value of type null', 'D:\\laragon\\www\\method-oldagehome\\app\\Views\\dashboard\\viewBooking.php', 10)
 2 SYSTEMPATH\View\View.php(226): include('D:\\laragon\\www\\method-oldagehome\\app\\Views\\dashboard\\viewBooking.php')
 3 SYSTEMPATH\View\View.php(229): CodeIgniter\View\View->CodeIgniter\View\{closure}()
 4 SYSTEMPATH\Common.php(1188): CodeIgniter\View\View->render('dashboard/viewBooking', [], true)
 5 APPPATH\Controllers\ReportController.php(86): view('dashboard/viewBooking', [...])
 6 SYSTEMPATH\CodeIgniter.php(919): App\Controllers\ReportController->ViewReports('24')
 7 SYSTEMPATH\CodeIgniter.php(494): CodeIgniter\CodeIgniter->runController(Object(App\Controllers\ReportController))
 8 SYSTEMPATH\CodeIgniter.php(353): CodeIgniter\CodeIgniter->handleRequest(null, Object(Config\Cache), false)
 9 FCPATH\index.php(79): CodeIgniter\CodeIgniter->run()
10 SYSTEMPATH\Commands\Server\rewrite.php(47): require_once('D:\\laragon\\www\\method-oldagehome\\public\\index.php')
CRITICAL - 2024-03-05 15:38:22 --> Undefined array key "lastname"
in APPPATH\Views\dashboard\viewBooking.php on line 10.
 1 APPPATH\Views\dashboard\viewBooking.php(10): CodeIgniter\Debug\Exceptions->errorHandler(2, 'Undefined array key "lastname"', 'D:\\laragon\\www\\method-oldagehome\\app\\Views\\dashboard\\viewBooking.php', 10)
 2 SYSTEMPATH\View\View.php(226): include('D:\\laragon\\www\\method-oldagehome\\app\\Views\\dashboard\\viewBooking.php')
 3 SYSTEMPATH\View\View.php(229): CodeIgniter\View\View->CodeIgniter\View\{closure}()
 4 SYSTEMPATH\Common.php(1188): CodeIgniter\View\View->render('dashboard/viewBooking', [], true)
 5 APPPATH\Controllers\ReportController.php(86): view('dashboard/viewBooking', [...])
 6 SYSTEMPATH\CodeIgniter.php(919): App\Controllers\ReportController->ViewReports('24')
 7 SYSTEMPATH\CodeIgniter.php(494): CodeIgniter\CodeIgniter->runController(Object(App\Controllers\ReportController))
 8 SYSTEMPATH\CodeIgniter.php(353): CodeIgniter\CodeIgniter->handleRequest(null, Object(Config\Cache), false)
 9 FCPATH\index.php(79): CodeIgniter\CodeIgniter->run()
10 SYSTEMPATH\Commands\Server\rewrite.php(47): require_once('D:\\laragon\\www\\method-oldagehome\\public\\index.php')
CRITICAL - 2024-03-05 15:38:23 --> Undefined array key "lastname"
in APPPATH\Views\dashboard\viewBooking.php on line 10.
 1 APPPATH\Views\dashboard\viewBooking.php(10): CodeIgniter\Debug\Exceptions->errorHandler(2, 'Undefined array key "lastname"', 'D:\\laragon\\www\\method-oldagehome\\app\\Views\\dashboard\\viewBooking.php', 10)
 2 SYSTEMPATH\View\View.php(226): include('D:\\laragon\\www\\method-oldagehome\\app\\Views\\dashboard\\viewBooking.php')
 3 SYSTEMPATH\View\View.php(229): CodeIgniter\View\View->CodeIgniter\View\{closure}()
 4 SYSTEMPATH\Common.php(1188): CodeIgniter\View\View->render('dashboard/viewBooking', [], true)
 5 APPPATH\Controllers\ReportController.php(86): view('dashboard/viewBooking', [...])
 6 SYSTEMPATH\CodeIgniter.php(919): App\Controllers\ReportController->ViewReports('24')
 7 SYSTEMPATH\CodeIgniter.php(494): CodeIgniter\CodeIgniter->runController(Object(App\Controllers\ReportController))
 8 SYSTEMPATH\CodeIgniter.php(353): CodeIgniter\CodeIgniter->handleRequest(null, Object(Config\Cache), false)
 9 FCPATH\index.php(79): CodeIgniter\CodeIgniter->run()
10 SYSTEMPATH\Commands\Server\rewrite.php(47): require_once('D:\\laragon\\www\\method-oldagehome\\public\\index.php')
CRITICAL - 2024-03-05 15:38:24 --> Undefined array key "lastname"
in APPPATH\Views\dashboard\viewBooking.php on line 10.
 1 APPPATH\Views\dashboard\viewBooking.php(10): CodeIgniter\Debug\Exceptions->errorHandler(2, 'Undefined array key "lastname"', 'D:\\laragon\\www\\method-oldagehome\\app\\Views\\dashboard\\viewBooking.php', 10)
 2 SYSTEMPATH\View\View.php(226): include('D:\\laragon\\www\\method-oldagehome\\app\\Views\\dashboard\\viewBooking.php')
 3 SYSTEMPATH\View\View.php(229): CodeIgniter\View\View->CodeIgniter\View\{closure}()
 4 SYSTEMPATH\Common.php(1188): CodeIgniter\View\View->render('dashboard/viewBooking', [], true)
 5 APPPATH\Controllers\ReportController.php(86): view('dashboard/viewBooking', [...])
 6 SYSTEMPATH\CodeIgniter.php(919): App\Controllers\ReportController->ViewReports('24')
 7 SYSTEMPATH\CodeIgniter.php(494): CodeIgniter\CodeIgniter->runController(Object(App\Controllers\ReportController))
 8 SYSTEMPATH\CodeIgniter.php(353): CodeIgniter\CodeIgniter->handleRequest(null, Object(Config\Cache), false)
 9 FCPATH\index.php(79): CodeIgniter\CodeIgniter->run()
10 SYSTEMPATH\Commands\Server\rewrite.php(47): require_once('D:\\laragon\\www\\method-oldagehome\\public\\index.php')
CRITICAL - 2024-03-05 15:38:48 --> Undefined array key "lastname"
in APPPATH\Views\dashboard\viewBooking.php on line 10.
 1 APPPATH\Views\dashboard\viewBooking.php(10): CodeIgniter\Debug\Exceptions->errorHandler(2, 'Undefined array key "lastname"', 'D:\\laragon\\www\\method-oldagehome\\app\\Views\\dashboard\\viewBooking.php', 10)
 2 SYSTEMPATH\View\View.php(226): include('D:\\laragon\\www\\method-oldagehome\\app\\Views\\dashboard\\viewBooking.php')
 3 SYSTEMPATH\View\View.php(229): CodeIgniter\View\View->CodeIgniter\View\{closure}()
 4 SYSTEMPATH\Common.php(1188): CodeIgniter\View\View->render('dashboard/viewBooking', [], true)
 5 APPPATH\Controllers\ReportController.php(86): view('dashboard/viewBooking', [...])
 6 SYSTEMPATH\CodeIgniter.php(919): App\Controllers\ReportController->ViewReports('24')
 7 SYSTEMPATH\CodeIgniter.php(494): CodeIgniter\CodeIgniter->runController(Object(App\Controllers\ReportController))
 8 SYSTEMPATH\CodeIgniter.php(353): CodeIgniter\CodeIgniter->handleRequest(null, Object(Config\Cache), false)
 9 FCPATH\index.php(79): CodeIgniter\CodeIgniter->run()
10 SYSTEMPATH\Commands\Server\rewrite.php(47): require_once('D:\\laragon\\www\\method-oldagehome\\public\\index.php')
CRITICAL - 2024-03-05 15:38:49 --> Undefined array key "lastname"
in APPPATH\Views\dashboard\viewBooking.php on line 10.
 1 APPPATH\Views\dashboard\viewBooking.php(10): CodeIgniter\Debug\Exceptions->errorHandler(2, 'Undefined array key "lastname"', 'D:\\laragon\\www\\method-oldagehome\\app\\Views\\dashboard\\viewBooking.php', 10)
 2 SYSTEMPATH\View\View.php(226): include('D:\\laragon\\www\\method-oldagehome\\app\\Views\\dashboard\\viewBooking.php')
 3 SYSTEMPATH\View\View.php(229): CodeIgniter\View\View->CodeIgniter\View\{closure}()
 4 SYSTEMPATH\Common.php(1188): CodeIgniter\View\View->render('dashboard/viewBooking', [], true)
 5 APPPATH\Controllers\ReportController.php(86): view('dashboard/viewBooking', [...])
 6 SYSTEMPATH\CodeIgniter.php(919): App\Controllers\ReportController->ViewReports('24')
 7 SYSTEMPATH\CodeIgniter.php(494): CodeIgniter\CodeIgniter->runController(Object(App\Controllers\ReportController))
 8 SYSTEMPATH\CodeIgniter.php(353): CodeIgniter\CodeIgniter->handleRequest(null, Object(Config\Cache), false)
 9 FCPATH\index.php(79): CodeIgniter\CodeIgniter->run()
10 SYSTEMPATH\Commands\Server\rewrite.php(47): require_once('D:\\laragon\\www\\method-oldagehome\\public\\index.php')
CRITICAL - 2024-03-05 15:38:50 --> Undefined array key "lastname"
in APPPATH\Views\dashboard\viewBooking.php on line 10.
 1 APPPATH\Views\dashboard\viewBooking.php(10): CodeIgniter\Debug\Exceptions->errorHandler(2, 'Undefined array key "lastname"', 'D:\\laragon\\www\\method-oldagehome\\app\\Views\\dashboard\\viewBooking.php', 10)
 2 SYSTEMPATH\View\View.php(226): include('D:\\laragon\\www\\method-oldagehome\\app\\Views\\dashboard\\viewBooking.php')
 3 SYSTEMPATH\View\View.php(229): CodeIgniter\View\View->CodeIgniter\View\{closure}()
 4 SYSTEMPATH\Common.php(1188): CodeIgniter\View\View->render('dashboard/viewBooking', [], true)
 5 APPPATH\Controllers\ReportController.php(86): view('dashboard/viewBooking', [...])
 6 SYSTEMPATH\CodeIgniter.php(919): App\Controllers\ReportController->ViewReports('24')
 7 SYSTEMPATH\CodeIgniter.php(494): CodeIgniter\CodeIgniter->runController(Object(App\Controllers\ReportController))
 8 SYSTEMPATH\CodeIgniter.php(353): CodeIgniter\CodeIgniter->handleRequest(null, Object(Config\Cache), false)
 9 FCPATH\index.php(79): CodeIgniter\CodeIgniter->run()
10 SYSTEMPATH\Commands\Server\rewrite.php(47): require_once('D:\\laragon\\www\\method-oldagehome\\public\\index.php')
CRITICAL - 2024-03-05 15:38:50 --> Undefined array key "lastname"
in APPPATH\Views\dashboard\viewBooking.php on line 10.
 1 APPPATH\Views\dashboard\viewBooking.php(10): CodeIgniter\Debug\Exceptions->errorHandler(2, 'Undefined array key "lastname"', 'D:\\laragon\\www\\method-oldagehome\\app\\Views\\dashboard\\viewBooking.php', 10)
 2 SYSTEMPATH\View\View.php(226): include('D:\\laragon\\www\\method-oldagehome\\app\\Views\\dashboard\\viewBooking.php')
 3 SYSTEMPATH\View\View.php(229): CodeIgniter\View\View->CodeIgniter\View\{closure}()
 4 SYSTEMPATH\Common.php(1188): CodeIgniter\View\View->render('dashboard/viewBooking', [], true)
 5 APPPATH\Controllers\ReportController.php(86): view('dashboard/viewBooking', [...])
 6 SYSTEMPATH\CodeIgniter.php(919): App\Controllers\ReportController->ViewReports('24')
 7 SYSTEMPATH\CodeIgniter.php(494): CodeIgniter\CodeIgniter->runController(Object(App\Controllers\ReportController))
 8 SYSTEMPATH\CodeIgniter.php(353): CodeIgniter\CodeIgniter->handleRequest(null, Object(Config\Cache), false)
 9 FCPATH\index.php(79): CodeIgniter\CodeIgniter->run()
10 SYSTEMPATH\Commands\Server\rewrite.php(47): require_once('D:\\laragon\\www\\method-oldagehome\\public\\index.php')
CRITICAL - 2024-03-05 15:44:59 --> Undefined variable $calen
in APPPATH\Views\dashboard\bookings.php on line 66.
 1 APPPATH\Views\dashboard\bookings.php(66): CodeIgniter\Debug\Exceptions->errorHandler(2, 'Undefined variable $calen', 'D:\\laragon\\www\\method-oldagehome\\app\\Views\\dashboard\\bookings.php', 66)
 2 SYSTEMPATH\View\View.php(226): include('D:\\laragon\\www\\method-oldagehome\\app\\Views\\dashboard\\bookings.php')
 3 SYSTEMPATH\View\View.php(229): CodeIgniter\View\View->CodeIgniter\View\{closure}()
 4 SYSTEMPATH\Common.php(1188): CodeIgniter\View\View->render('dashboard/bookings', [], true)
 5 APPPATH\Controllers\ReportController.php(87): view('dashboard/bookings', [...])
 6 SYSTEMPATH\CodeIgniter.php(919): App\Controllers\ReportController->ViewReports('24')
 7 SYSTEMPATH\CodeIgniter.php(494): CodeIgniter\CodeIgniter->runController(Object(App\Controllers\ReportController))
 8 SYSTEMPATH\CodeIgniter.php(353): CodeIgniter\CodeIgniter->handleRequest(null, Object(Config\Cache), false)
 9 FCPATH\index.php(79): CodeIgniter\CodeIgniter->run()
10 SYSTEMPATH\Commands\Server\rewrite.php(47): require_once('D:\\laragon\\www\\method-oldagehome\\public\\index.php')
CRITICAL - 2024-03-05 15:45:11 --> Cannot access offset of type string on string
in APPPATH\Views\dashboard\bookings.php on line 68.
 1 SYSTEMPATH\View\View.php(226): include()
 2 SYSTEMPATH\View\View.php(229): CodeIgniter\View\View->CodeIgniter\View\{closure}()
 3 SYSTEMPATH\Common.php(1188): CodeIgniter\View\View->render('dashboard/bookings', [], true)
 4 APPPATH\Controllers\ReportController.php(87): view('dashboard/bookings', [...])
 5 SYSTEMPATH\CodeIgniter.php(919): App\Controllers\ReportController->ViewReports('24')
 6 SYSTEMPATH\CodeIgniter.php(494): CodeIgniter\CodeIgniter->runController(Object(App\Controllers\ReportController))
 7 SYSTEMPATH\CodeIgniter.php(353): CodeIgniter\CodeIgniter->handleRequest(null, Object(Config\Cache), false)
 8 FCPATH\index.php(79): CodeIgniter\CodeIgniter->run()
 9 SYSTEMPATH\Commands\Server\rewrite.php(47): require_once('D:\\laragon\\www\\method-oldagehome\\public\\index.php')
CRITICAL - 2024-03-05 15:45:12 --> Cannot access offset of type string on string
in APPPATH\Views\dashboard\bookings.php on line 68.
 1 SYSTEMPATH\View\View.php(226): include()
 2 SYSTEMPATH\View\View.php(229): CodeIgniter\View\View->CodeIgniter\View\{closure}()
 3 SYSTEMPATH\Common.php(1188): CodeIgniter\View\View->render('dashboard/bookings', [], true)
 4 APPPATH\Controllers\ReportController.php(87): view('dashboard/bookings', [...])
 5 SYSTEMPATH\CodeIgniter.php(919): App\Controllers\ReportController->ViewReports('24')
 6 SYSTEMPATH\CodeIgniter.php(494): CodeIgniter\CodeIgniter->runController(Object(App\Controllers\ReportController))
 7 SYSTEMPATH\CodeIgniter.php(353): CodeIgniter\CodeIgniter->handleRequest(null, Object(Config\Cache), false)
 8 FCPATH\index.php(79): CodeIgniter\CodeIgniter->run()
 9 SYSTEMPATH\Commands\Server\rewrite.php(47): require_once('D:\\laragon\\www\\method-oldagehome\\public\\index.php')
CRITICAL - 2024-03-05 15:45:13 --> Cannot access offset of type string on string
in APPPATH\Views\dashboard\bookings.php on line 68.
 1 SYSTEMPATH\View\View.php(226): include()
 2 SYSTEMPATH\View\View.php(229): CodeIgniter\View\View->CodeIgniter\View\{closure}()
 3 SYSTEMPATH\Common.php(1188): CodeIgniter\View\View->render('dashboard/bookings', [], true)
 4 APPPATH\Controllers\ReportController.php(87): view('dashboard/bookings', [...])
 5 SYSTEMPATH\CodeIgniter.php(919): App\Controllers\ReportController->ViewReports('24')
 6 SYSTEMPATH\CodeIgniter.php(494): CodeIgniter\CodeIgniter->runController(Object(App\Controllers\ReportController))
 7 SYSTEMPATH\CodeIgniter.php(353): CodeIgniter\CodeIgniter->handleRequest(null, Object(Config\Cache), false)
 8 FCPATH\index.php(79): CodeIgniter\CodeIgniter->run()
 9 SYSTEMPATH\Commands\Server\rewrite.php(47): require_once('D:\\laragon\\www\\method-oldagehome\\public\\index.php')
CRITICAL - 2024-03-05 15:45:13 --> Cannot access offset of type string on string
in APPPATH\Views\dashboard\bookings.php on line 68.
 1 SYSTEMPATH\View\View.php(226): include()
 2 SYSTEMPATH\View\View.php(229): CodeIgniter\View\View->CodeIgniter\View\{closure}()
 3 SYSTEMPATH\Common.php(1188): CodeIgniter\View\View->render('dashboard/bookings', [], true)
 4 APPPATH\Controllers\ReportController.php(87): view('dashboard/bookings', [...])
 5 SYSTEMPATH\CodeIgniter.php(919): App\Controllers\ReportController->ViewReports('24')
 6 SYSTEMPATH\CodeIgniter.php(494): CodeIgniter\CodeIgniter->runController(Object(App\Controllers\ReportController))
 7 SYSTEMPATH\CodeIgniter.php(353): CodeIgniter\CodeIgniter->handleRequest(null, Object(Config\Cache), false)
 8 FCPATH\index.php(79): CodeIgniter\CodeIgniter->run()
 9 SYSTEMPATH\Commands\Server\rewrite.php(47): require_once('D:\\laragon\\www\\method-oldagehome\\public\\index.php')
CRITICAL - 2024-03-05 15:45:14 --> Cannot access offset of type string on string
in APPPATH\Views\dashboard\bookings.php on line 68.
 1 SYSTEMPATH\View\View.php(226): include()
 2 SYSTEMPATH\View\View.php(229): CodeIgniter\View\View->CodeIgniter\View\{closure}()
 3 SYSTEMPATH\Common.php(1188): CodeIgniter\View\View->render('dashboard/bookings', [], true)
 4 APPPATH\Controllers\ReportController.php(87): view('dashboard/bookings', [...])
 5 SYSTEMPATH\CodeIgniter.php(919): App\Controllers\ReportController->ViewReports('24')
 6 SYSTEMPATH\CodeIgniter.php(494): CodeIgniter\CodeIgniter->runController(Object(App\Controllers\ReportController))
 7 SYSTEMPATH\CodeIgniter.php(353): CodeIgniter\CodeIgniter->handleRequest(null, Object(Config\Cache), false)
 8 FCPATH\index.php(79): CodeIgniter\CodeIgniter->run()
 9 SYSTEMPATH\Commands\Server\rewrite.php(47): require_once('D:\\laragon\\www\\method-oldagehome\\public\\index.php')
CRITICAL - 2024-03-05 15:59:19 --> Undefined variable $booking
in APPPATH\Controllers\ReportController.php on line 20.
 1 APPPATH\Controllers\ReportController.php(20): CodeIgniter\Debug\Exceptions->errorHandler(2, 'Undefined variable $booking', 'D:\\laragon\\www\\method-oldagehome\\app\\Controllers\\ReportController.php', 20)
 2 SYSTEMPATH\CodeIgniter.php(891): App\Controllers\ReportController->__construct()
 3 SYSTEMPATH\CodeIgniter.php(485): CodeIgniter\CodeIgniter->createController()
 4 SYSTEMPATH\CodeIgniter.php(353): CodeIgniter\CodeIgniter->handleRequest(null, Object(Config\Cache), false)
 5 FCPATH\index.php(79): CodeIgniter\CodeIgniter->run()
 6 SYSTEMPATH\Commands\Server\rewrite.php(47): require_once('D:\\laragon\\www\\method-oldagehome\\public\\index.php')
CRITICAL - 2024-03-05 16:00:12 --> Undefined variable $booking
in APPPATH\Controllers\ReportController.php on line 20.
 1 APPPATH\Controllers\ReportController.php(20): CodeIgniter\Debug\Exceptions->errorHandler(2, 'Undefined variable $booking', 'D:\\laragon\\www\\method-oldagehome\\app\\Controllers\\ReportController.php', 20)
 2 SYSTEMPATH\CodeIgniter.php(891): App\Controllers\ReportController->__construct()
 3 SYSTEMPATH\CodeIgniter.php(485): CodeIgniter\CodeIgniter->createController()
 4 SYSTEMPATH\CodeIgniter.php(353): CodeIgniter\CodeIgniter->handleRequest(null, Object(Config\Cache), false)
 5 FCPATH\index.php(79): CodeIgniter\CodeIgniter->run()
 6 SYSTEMPATH\Commands\Server\rewrite.php(47): require_once('D:\\laragon\\www\\method-oldagehome\\public\\index.php')
CRITICAL - 2024-03-05 16:13:57 --> Undefined variable $booking
in APPPATH\Controllers\ReportController.php on line 79.
 1 APPPATH\Controllers\ReportController.php(79): CodeIgniter\Debug\Exceptions->errorHandler(2, 'Undefined variable $booking', 'D:\\laragon\\www\\method-oldagehome\\app\\Controllers\\ReportController.php', 79)
 2 SYSTEMPATH\CodeIgniter.php(919): App\Controllers\ReportController->eventupdate('16')
 3 SYSTEMPATH\CodeIgniter.php(494): CodeIgniter\CodeIgniter->runController(Object(App\Controllers\ReportController))
 4 SYSTEMPATH\CodeIgniter.php(353): CodeIgniter\CodeIgniter->handleRequest(null, Object(Config\Cache), false)
 5 FCPATH\index.php(79): CodeIgniter\CodeIgniter->run()
 6 SYSTEMPATH\Commands\Server\rewrite.php(47): require_once('D:\\laragon\\www\\method-oldagehome\\public\\index.php')
CRITICAL - 2024-03-05 16:14:16 --> Undefined variable $booking
in APPPATH\Controllers\ReportController.php on line 79.
 1 APPPATH\Controllers\ReportController.php(79): CodeIgniter\Debug\Exceptions->errorHandler(2, 'Undefined variable $booking', 'D:\\laragon\\www\\method-oldagehome\\app\\Controllers\\ReportController.php', 79)
 2 SYSTEMPATH\CodeIgniter.php(919): App\Controllers\ReportController->eventupdate('16')
 3 SYSTEMPATH\CodeIgniter.php(494): CodeIgniter\CodeIgniter->runController(Object(App\Controllers\ReportController))
 4 SYSTEMPATH\CodeIgniter.php(353): CodeIgniter\CodeIgniter->handleRequest(null, Object(Config\Cache), false)
 5 FCPATH\index.php(79): CodeIgniter\CodeIgniter->run()
 6 SYSTEMPATH\Commands\Server\rewrite.php(47): require_once('D:\\laragon\\www\\method-oldagehome\\public\\index.php')
CRITICAL - 2024-03-05 16:14:38 --> There is no data to update.
in SYSTEMPATH\BaseModel.php on line 930.
 1 SYSTEMPATH\BaseModel.php(930): CodeIgniter\Database\Exceptions\DataException::forEmptyDataset('update')
 2 SYSTEMPATH\Model.php(776): CodeIgniter\BaseModel->update([...], [])
 3 APPPATH\Controllers\ReportController.php(79): CodeIgniter\Model->update('16', [...])
 4 SYSTEMPATH\CodeIgniter.php(919): App\Controllers\ReportController->eventupdate('16')
 5 SYSTEMPATH\CodeIgniter.php(494): CodeIgniter\CodeIgniter->runController(Object(App\Controllers\ReportController))
 6 SYSTEMPATH\CodeIgniter.php(353): CodeIgniter\CodeIgniter->handleRequest(null, Object(Config\Cache), false)
 7 FCPATH\index.php(79): CodeIgniter\CodeIgniter->run()
 8 SYSTEMPATH\Commands\Server\rewrite.php(47): require_once('D:\\laragon\\www\\method-oldagehome\\public\\index.php')
CRITICAL - 2024-03-05 16:14:47 --> There is no data to update.
in SYSTEMPATH\BaseModel.php on line 930.
 1 SYSTEMPATH\BaseModel.php(930): CodeIgniter\Database\Exceptions\DataException::forEmptyDataset('update')
 2 SYSTEMPATH\Model.php(776): CodeIgniter\BaseModel->update([...], [])
 3 APPPATH\Controllers\ReportController.php(79): CodeIgniter\Model->update('16', [...])
 4 SYSTEMPATH\CodeIgniter.php(919): App\Controllers\ReportController->eventupdate('16')
 5 SYSTEMPATH\CodeIgniter.php(494): CodeIgniter\CodeIgniter->runController(Object(App\Controllers\ReportController))
 6 SYSTEMPATH\CodeIgniter.php(353): CodeIgniter\CodeIgniter->handleRequest(null, Object(Config\Cache), false)
 7 FCPATH\index.php(79): CodeIgniter\CodeIgniter->run()
 8 SYSTEMPATH\Commands\Server\rewrite.php(47): require_once('D:\\laragon\\www\\method-oldagehome\\public\\index.php')
CRITICAL - 2024-03-05 16:21:53 --> There is no data to update.
in SYSTEMPATH\BaseModel.php on line 930.
 1 SYSTEMPATH\BaseModel.php(930): CodeIgniter\Database\Exceptions\DataException::forEmptyDataset('update')
 2 SYSTEMPATH\Model.php(776): CodeIgniter\BaseModel->update([...], [])
 3 APPPATH\Controllers\ReportController.php(79): CodeIgniter\Model->update('16', [...])
 4 SYSTEMPATH\CodeIgniter.php(919): App\Controllers\ReportController->eventupdate('16')
 5 SYSTEMPATH\CodeIgniter.php(494): CodeIgniter\CodeIgniter->runController(Object(App\Controllers\ReportController))
 6 SYSTEMPATH\CodeIgniter.php(353): CodeIgniter\CodeIgniter->handleRequest(null, Object(Config\Cache), false)
 7 FCPATH\index.php(79): CodeIgniter\CodeIgniter->run()
 8 SYSTEMPATH\Commands\Server\rewrite.php(47): require_once('D:\\laragon\\www\\method-oldagehome\\public\\index.php')
CRITICAL - 2024-03-05 16:25:00 --> There is no data to update.
in SYSTEMPATH\BaseModel.php on line 930.
 1 SYSTEMPATH\BaseModel.php(930): CodeIgniter\Database\Exceptions\DataException::forEmptyDataset('update')
 2 SYSTEMPATH\Model.php(776): CodeIgniter\BaseModel->update([...], [])
 3 APPPATH\Controllers\ReportController.php(79): CodeIgniter\Model->update('16', [...])
 4 SYSTEMPATH\CodeIgniter.php(919): App\Controllers\ReportController->eventupdate('16')
 5 SYSTEMPATH\CodeIgniter.php(494): CodeIgniter\CodeIgniter->runController(Object(App\Controllers\ReportController))
 6 SYSTEMPATH\CodeIgniter.php(353): CodeIgniter\CodeIgniter->handleRequest(null, Object(Config\Cache), false)
 7 FCPATH\index.php(79): CodeIgniter\CodeIgniter->run()
 8 SYSTEMPATH\Commands\Server\rewrite.php(47): require_once('D:\\laragon\\www\\method-oldagehome\\public\\index.php')
CRITICAL - 2024-03-05 16:27:54 --> There is no data to update.
in SYSTEMPATH\BaseModel.php on line 930.
 1 SYSTEMPATH\BaseModel.php(930): CodeIgniter\Database\Exceptions\DataException::forEmptyDataset('update')
 2 SYSTEMPATH\Model.php(776): CodeIgniter\BaseModel->update([...], [])
 3 APPPATH\Controllers\ReportController.php(78): CodeIgniter\Model->update('16', [...])
 4 SYSTEMPATH\CodeIgniter.php(919): App\Controllers\ReportController->eventupdate('16')
 5 SYSTEMPATH\CodeIgniter.php(494): CodeIgniter\CodeIgniter->runController(Object(App\Controllers\ReportController))
 6 SYSTEMPATH\CodeIgniter.php(353): CodeIgniter\CodeIgniter->handleRequest(null, Object(Config\Cache), false)
 7 FCPATH\index.php(79): CodeIgniter\CodeIgniter->run()
 8 SYSTEMPATH\Commands\Server\rewrite.php(47): require_once('D:\\laragon\\www\\method-oldagehome\\public\\index.php')
CRITICAL - 2024-03-05 16:28:17 --> There is no data to update.
in SYSTEMPATH\BaseModel.php on line 930.
 1 SYSTEMPATH\BaseModel.php(930): CodeIgniter\Database\Exceptions\DataException::forEmptyDataset('update')
 2 SYSTEMPATH\Model.php(776): CodeIgniter\BaseModel->update([...], [])
 3 APPPATH\Controllers\ReportController.php(78): CodeIgniter\Model->update('16', [...])
 4 SYSTEMPATH\CodeIgniter.php(919): App\Controllers\ReportController->eventupdate('16')
 5 SYSTEMPATH\CodeIgniter.php(494): CodeIgniter\CodeIgniter->runController(Object(App\Controllers\ReportController))
 6 SYSTEMPATH\CodeIgniter.php(353): CodeIgniter\CodeIgniter->handleRequest(null, Object(Config\Cache), false)
 7 FCPATH\index.php(79): CodeIgniter\CodeIgniter->run()
 8 SYSTEMPATH\Commands\Server\rewrite.php(47): require_once('D:\\laragon\\www\\method-oldagehome\\public\\index.php')
CRITICAL - 2024-03-05 16:29:22 --> There is no data to update.
in SYSTEMPATH\BaseModel.php on line 930.
 1 SYSTEMPATH\BaseModel.php(930): CodeIgniter\Database\Exceptions\DataException::forEmptyDataset('update')
 2 SYSTEMPATH\Model.php(776): CodeIgniter\BaseModel->update([...], [])
 3 APPPATH\Controllers\ReportController.php(78): CodeIgniter\Model->update('26', [...])
 4 SYSTEMPATH\CodeIgniter.php(919): App\Controllers\ReportController->eventupdate('26')
 5 SYSTEMPATH\CodeIgniter.php(494): CodeIgniter\CodeIgniter->runController(Object(App\Controllers\ReportController))
 6 SYSTEMPATH\CodeIgniter.php(353): CodeIgniter\CodeIgniter->handleRequest(null, Object(Config\Cache), false)
 7 FCPATH\index.php(79): CodeIgniter\CodeIgniter->run()
 8 SYSTEMPATH\Commands\Server\rewrite.php(47): require_once('D:\\laragon\\www\\method-oldagehome\\public\\index.php')
ERROR - 2024-03-05 16:31:53 --> mysqli_sql_exception: Unknown column 'acknowledgements' in 'field list' in D:\laragon\www\method-oldagehome\system\Database\MySQLi\Connection.php:306
Stack trace:
#0 D:\laragon\www\method-oldagehome\system\Database\MySQLi\Connection.php(306): mysqli->query('UPDATE `acceptb...', 0)
#1 D:\laragon\www\method-oldagehome\system\Database\BaseConnection.php(692): CodeIgniter\Database\MySQLi\Connection->execute('UPDATE `acceptb...')
#2 D:\laragon\www\method-oldagehome\system\Database\BaseConnection.php(606): CodeIgniter\Database\BaseConnection->simpleQuery('UPDATE `acceptb...')
#3 D:\laragon\www\method-oldagehome\system\Database\BaseBuilder.php(2475): CodeIgniter\Database\BaseConnection->query('UPDATE `acceptb...', Array, false)
#4 D:\laragon\www\method-oldagehome\system\Model.php(385): CodeIgniter\Database\BaseBuilder->update()
#5 D:\laragon\www\method-oldagehome\system\BaseModel.php(949): CodeIgniter\Model->doUpdate(Array, Array)
#6 D:\laragon\www\method-oldagehome\system\Model.php(776): CodeIgniter\BaseModel->update(Array, Array)
#7 D:\laragon\www\method-oldagehome\app\Controllers\ReportController.php(78): CodeIgniter\Model->update('26', Array)
#8 D:\laragon\www\method-oldagehome\system\CodeIgniter.php(919): App\Controllers\ReportController->eventupdate('26')
#9 D:\laragon\www\method-oldagehome\system\CodeIgniter.php(494): CodeIgniter\CodeIgniter->runController(Object(App\Controllers\ReportController))
#10 D:\laragon\www\method-oldagehome\system\CodeIgniter.php(353): CodeIgniter\CodeIgniter->handleRequest(NULL, Object(Config\Cache), false)
#11 D:\laragon\www\method-oldagehome\public\index.php(79): CodeIgniter\CodeIgniter->run()
#12 D:\laragon\www\method-oldagehome\system\Commands\Server\rewrite.php(47): require_once('D:\\laragon\\www\\...')
#13 {main}
CRITICAL - 2024-03-05 16:31:53 --> Unknown column 'acknowledgements' in 'field list'
in SYSTEMPATH\Database\BaseConnection.php on line 646.
 1 SYSTEMPATH\Database\BaseBuilder.php(2475): CodeIgniter\Database\BaseConnection->query('UPDATE `acceptbooking` SET `description` = :description:, `amount_raised` = :amount_raised:, `outcomes` = :outcomes:, `acknowledgements` = :acknowledgements:
WHERE `acceptbooking`.`id` IN :acceptbooking.id:', [...], false)
 2 SYSTEMPATH\Model.php(385): CodeIgniter\Database\BaseBuilder->update()
 3 SYSTEMPATH\BaseModel.php(949): CodeIgniter\Model->doUpdate([...], [...])
 4 SYSTEMPATH\Model.php(776): CodeIgniter\BaseModel->update([...], [...])
 5 APPPATH\Controllers\ReportController.php(78): CodeIgniter\Model->update('26', [...])
 6 SYSTEMPATH\CodeIgniter.php(919): App\Controllers\ReportController->eventupdate('26')
 7 SYSTEMPATH\CodeIgniter.php(494): CodeIgniter\CodeIgniter->runController(Object(App\Controllers\ReportController))
 8 SYSTEMPATH\CodeIgniter.php(353): CodeIgniter\CodeIgniter->handleRequest(null, Object(Config\Cache), false)
 9 FCPATH\index.php(79): CodeIgniter\CodeIgniter->run()
10 SYSTEMPATH\Commands\Server\rewrite.php(47): require_once('D:\\laragon\\www\\method-oldagehome\\public\\index.php')
CRITICAL - 2024-03-05 16:37:19 --> Undefined array key "ammount_raised"
in APPPATH\Views\dashboard\bookings.php on line 81.
 1 APPPATH\Views\dashboard\bookings.php(81): CodeIgniter\Debug\Exceptions->errorHandler(2, 'Undefined array key "ammount_raised"', 'D:\\laragon\\www\\method-oldagehome\\app\\Views\\dashboard\\bookings.php', 81)
 2 SYSTEMPATH\View\View.php(226): include('D:\\laragon\\www\\method-oldagehome\\app\\Views\\dashboard\\bookings.php')
 3 SYSTEMPATH\View\View.php(229): CodeIgniter\View\View->CodeIgniter\View\{closure}()
 4 SYSTEMPATH\Common.php(1188): CodeIgniter\View\View->render('dashboard/bookings', [], true)
 5 APPPATH\Controllers\UserbookingController.php(65): view('dashboard/bookings', [...])
 6 SYSTEMPATH\CodeIgniter.php(919): App\Controllers\UserbookingController->bookingAD()
 7 SYSTEMPATH\CodeIgniter.php(494): CodeIgniter\CodeIgniter->runController(Object(App\Controllers\UserbookingController))
 8 SYSTEMPATH\CodeIgniter.php(353): CodeIgniter\CodeIgniter->handleRequest(null, Object(Config\Cache), false)
 9 FCPATH\index.php(79): CodeIgniter\CodeIgniter->run()
10 SYSTEMPATH\Commands\Server\rewrite.php(47): require_once('D:\\laragon\\www\\method-oldagehome\\public\\index.php')
CRITICAL - 2024-03-05 17:08:44 --> Invalid file: "dashboard/donationrecord.php"
in SYSTEMPATH\Exceptions\FrameworkException.php on line 39.
 1 SYSTEMPATH\View\View.php(214): CodeIgniter\Exceptions\FrameworkException::forInvalidFile('dashboard/donationrecord.php')
 2 SYSTEMPATH\Common.php(1188): CodeIgniter\View\View->render('dashboard/donationrecord', [], true)
 3 APPPATH\Controllers\ReportController.php(61): view('dashboard/donationrecord')
 4 SYSTEMPATH\CodeIgniter.php(919): App\Controllers\ReportController->donation()
 5 SYSTEMPATH\CodeIgniter.php(494): CodeIgniter\CodeIgniter->runController(Object(App\Controllers\ReportController))
 6 SYSTEMPATH\CodeIgniter.php(353): CodeIgniter\CodeIgniter->handleRequest(null, Object(Config\Cache), false)
 7 FCPATH\index.php(79): CodeIgniter\CodeIgniter->run()
 8 SYSTEMPATH\Commands\Server\rewrite.php(47): require_once('D:\\laragon\\www\\method-oldagehome\\public\\index.php')
ERROR - 2024-03-05 17:12:10 --> mysqli_sql_exception: Column 'amount' cannot be null in D:\laragon\www\method-oldagehome\system\Database\MySQLi\Connection.php:306
Stack trace:
#0 D:\laragon\www\method-oldagehome\system\Database\MySQLi\Connection.php(306): mysqli->query('INSERT INTO `re...', 0)
#1 D:\laragon\www\method-oldagehome\system\Database\BaseConnection.php(692): CodeIgniter\Database\MySQLi\Connection->execute('INSERT INTO `re...')
#2 D:\laragon\www\method-oldagehome\system\Database\BaseConnection.php(606): CodeIgniter\Database\BaseConnection->simpleQuery('INSERT INTO `re...')
#3 D:\laragon\www\method-oldagehome\system\Database\BaseBuilder.php(2308): CodeIgniter\Database\BaseConnection->query('INSERT INTO `re...', Array, false)
#4 D:\laragon\www\method-oldagehome\system\Model.php(319): CodeIgniter\Database\BaseBuilder->insert()
#5 D:\laragon\www\method-oldagehome\system\BaseModel.php(788): CodeIgniter\Model->doInsert(Array)
#6 D:\laragon\www\method-oldagehome\system\Model.php(715): CodeIgniter\BaseModel->insert(Array, false)
#7 D:\laragon\www\method-oldagehome\system\BaseModel.php(698): CodeIgniter\Model->insert(Array, false)
#8 D:\laragon\www\method-oldagehome\app\Controllers\ReportController.php(56): CodeIgniter\BaseModel->save(Array)
#9 D:\laragon\www\method-oldagehome\system\CodeIgniter.php(919): App\Controllers\ReportController->donationreportadd()
#10 D:\laragon\www\method-oldagehome\system\CodeIgniter.php(494): CodeIgniter\CodeIgniter->runController(Object(App\Controllers\ReportController))
#11 D:\laragon\www\method-oldagehome\system\CodeIgniter.php(353): CodeIgniter\CodeIgniter->handleRequest(NULL, Object(Config\Cache), false)
#12 D:\laragon\www\method-oldagehome\public\index.php(79): CodeIgniter\CodeIgniter->run()
#13 D:\laragon\www\method-oldagehome\system\Commands\Server\rewrite.php(47): require_once('D:\\laragon\\www\\...')
#14 {main}
CRITICAL - 2024-03-05 17:12:10 --> Column 'amount' cannot be null
in SYSTEMPATH\Database\BaseConnection.php on line 646.
 1 SYSTEMPATH\Database\BaseBuilder.php(2308): CodeIgniter\Database\BaseConnection->query('INSERT INTO `reportdonation` (`date`, `donor_name`, `donation_type`, `amount`, `project_supported`) VALUES (:date:, :donor_name:, :donation_type:, :amount:, :project_supported:)', [...], false)
 2 SYSTEMPATH\Model.php(319): CodeIgniter\Database\BaseBuilder->insert()
 3 SYSTEMPATH\BaseModel.php(788): CodeIgniter\Model->doInsert([...])
 4 SYSTEMPATH\Model.php(715): CodeIgniter\BaseModel->insert([...], false)
 5 SYSTEMPATH\BaseModel.php(698): CodeIgniter\Model->insert([...], false)
 6 APPPATH\Controllers\ReportController.php(56): CodeIgniter\BaseModel->save([...])
 7 SYSTEMPATH\CodeIgniter.php(919): App\Controllers\ReportController->donationreportadd()
 8 SYSTEMPATH\CodeIgniter.php(494): CodeIgniter\CodeIgniter->runController(Object(App\Controllers\ReportController))
 9 SYSTEMPATH\CodeIgniter.php(353): CodeIgniter\CodeIgniter->handleRequest(null, Object(Config\Cache), false)
10 FCPATH\index.php(79): CodeIgniter\CodeIgniter->run()
11 SYSTEMPATH\Commands\Server\rewrite.php(47): require_once('D:\\laragon\\www\\method-oldagehome\\public\\index.php')
ERROR - 2024-03-05 17:13:53 --> mysqli_sql_exception: Column 'amount' cannot be null in D:\laragon\www\method-oldagehome\system\Database\MySQLi\Connection.php:306
Stack trace:
#0 D:\laragon\www\method-oldagehome\system\Database\MySQLi\Connection.php(306): mysqli->query('INSERT INTO `re...', 0)
#1 D:\laragon\www\method-oldagehome\system\Database\BaseConnection.php(692): CodeIgniter\Database\MySQLi\Connection->execute('INSERT INTO `re...')
#2 D:\laragon\www\method-oldagehome\system\Database\BaseConnection.php(606): CodeIgniter\Database\BaseConnection->simpleQuery('INSERT INTO `re...')
#3 D:\laragon\www\method-oldagehome\system\Database\BaseBuilder.php(2308): CodeIgniter\Database\BaseConnection->query('INSERT INTO `re...', Array, false)
#4 D:\laragon\www\method-oldagehome\system\Model.php(319): CodeIgniter\Database\BaseBuilder->insert()
#5 D:\laragon\www\method-oldagehome\system\BaseModel.php(788): CodeIgniter\Model->doInsert(Array)
#6 D:\laragon\www\method-oldagehome\system\Model.php(715): CodeIgniter\BaseModel->insert(Array, false)
#7 D:\laragon\www\method-oldagehome\system\BaseModel.php(698): CodeIgniter\Model->insert(Array, false)
#8 D:\laragon\www\method-oldagehome\app\Controllers\ReportController.php(56): CodeIgniter\BaseModel->save(Array)
#9 D:\laragon\www\method-oldagehome\system\CodeIgniter.php(919): App\Controllers\ReportController->donationreportadd()
#10 D:\laragon\www\method-oldagehome\system\CodeIgniter.php(494): CodeIgniter\CodeIgniter->runController(Object(App\Controllers\ReportController))
#11 D:\laragon\www\method-oldagehome\system\CodeIgniter.php(353): CodeIgniter\CodeIgniter->handleRequest(NULL, Object(Config\Cache), false)
#12 D:\laragon\www\method-oldagehome\public\index.php(79): CodeIgniter\CodeIgniter->run()
#13 D:\laragon\www\method-oldagehome\system\Commands\Server\rewrite.php(47): require_once('D:\\laragon\\www\\...')
#14 {main}
CRITICAL - 2024-03-05 17:13:53 --> Column 'amount' cannot be null
in SYSTEMPATH\Database\BaseConnection.php on line 646.
 1 SYSTEMPATH\Database\BaseBuilder.php(2308): CodeIgniter\Database\BaseConnection->query('INSERT INTO `reportdonation` (`date`, `donor_name`, `donation_type`, `amount`, `project_supported`) VALUES (:date:, :donor_name:, :donation_type:, :amount:, :project_supported:)', [...], false)
 2 SYSTEMPATH\Model.php(319): CodeIgniter\Database\BaseBuilder->insert()
 3 SYSTEMPATH\BaseModel.php(788): CodeIgniter\Model->doInsert([...])
 4 SYSTEMPATH\Model.php(715): CodeIgniter\BaseModel->insert([...], false)
 5 SYSTEMPATH\BaseModel.php(698): CodeIgniter\Model->insert([...], false)
 6 APPPATH\Controllers\ReportController.php(56): CodeIgniter\BaseModel->save([...])
 7 SYSTEMPATH\CodeIgniter.php(919): App\Controllers\ReportController->donationreportadd()
 8 SYSTEMPATH\CodeIgniter.php(494): CodeIgniter\CodeIgniter->runController(Object(App\Controllers\ReportController))
 9 SYSTEMPATH\CodeIgniter.php(353): CodeIgniter\CodeIgniter->handleRequest(null, Object(Config\Cache), false)
10 FCPATH\index.php(79): CodeIgniter\CodeIgniter->run()
11 SYSTEMPATH\Commands\Server\rewrite.php(47): require_once('D:\\laragon\\www\\method-oldagehome\\public\\index.php')
