CRITICAL - 2024-09-29 06:14:32 --> Undefined variable $caseno
in APPPATH\Views\admin\addmissionWithDatapreviewtosave.php on line 251.
 1 APPPATH\Views\admin\addmissionWithDatapreviewtosave.php(251): CodeIgniter\Debug\Exceptions->errorHandler(2, 'Undefined variable $caseno', 'D:\\laragon\\www\\method-oldagehome\\app\\Views\\admin\\addmissionWithDatapreviewtosave.php', 251)
 2 SYSTEMPATH\View\View.php(226): include('D:\\laragon\\www\\method-oldagehome\\app\\Views\\admin\\addmissionWithDatapreviewtosave.php')
 3 SYSTEMPATH\View\View.php(229): CodeIgniter\View\View->CodeIgniter\View\{closure}()
 4 SYSTEMPATH\Common.php(1188): CodeIgniter\View\View->render('admin/addmissionWithDatapreviewtosave', [], true)
 5 APPPATH\Controllers\NewController.php(1698): view('admin/addmissionWithDatapreviewtosave', [...])
 6 SYSTEMPATH\CodeIgniter.php(919): App\Controllers\NewController->addmissionWithDatapreviewtosave('102')
 7 SYSTEMPATH\CodeIgniter.php(494): CodeIgniter\CodeIgniter->runController(Object(App\Controllers\NewController))
 8 SYSTEMPATH\CodeIgniter.php(353): CodeIgniter\CodeIgniter->handleRequest(null, Object(Config\Cache), false)
 9 FCPATH\index.php(79): CodeIgniter\CodeIgniter->run()
10 SYSTEMPATH\Commands\Server\rewrite.php(47): require_once('D:\\laragon\\www\\method-oldagehome\\public\\index.php')
CRITICAL - 2024-09-29 07:51:35 --> Undefined variable $socialworker
in APPPATH\Views\admin\addmissionWithDatapreviewtosave.php on line 253.
 1 APPPATH\Views\admin\addmissionWithDatapreviewtosave.php(253): CodeIgniter\Debug\Exceptions->errorHandler(2, 'Undefined variable $socialworker', 'D:\\laragon\\www\\method-oldagehome\\app\\Views\\admin\\addmissionWithDatapreviewtosave.php', 253)
 2 SYSTEMPATH\View\View.php(226): include('D:\\laragon\\www\\method-oldagehome\\app\\Views\\admin\\addmissionWithDatapreviewtosave.php')
 3 SYSTEMPATH\View\View.php(229): CodeIgniter\View\View->CodeIgniter\View\{closure}()
 4 SYSTEMPATH\Common.php(1188): CodeIgniter\View\View->render('admin/addmissionWithDatapreviewtosave', [], true)
 5 APPPATH\Controllers\NewController.php(1711): view('admin/addmissionWithDatapreviewtosave', [...])
 6 SYSTEMPATH\CodeIgniter.php(919): App\Controllers\NewController->addmissionWithDatapreviewtosave('103')
 7 SYSTEMPATH\CodeIgniter.php(494): CodeIgniter\CodeIgniter->runController(Object(App\Controllers\NewController))
 8 SYSTEMPATH\CodeIgniter.php(353): CodeIgniter\CodeIgniter->handleRequest(null, Object(Config\Cache), false)
 9 FCPATH\index.php(79): CodeIgniter\CodeIgniter->run()
10 SYSTEMPATH\Commands\Server\rewrite.php(47): require_once('D:\\laragon\\www\\method-oldagehome\\public\\index.php')
CRITICAL - 2024-09-29 10:16:33 --> Undefined variable $socialworkerss
in APPPATH\Views\admin\addmissionWithDatapreviewtosave.php on line 295.
 1 APPPATH\Views\admin\addmissionWithDatapreviewtosave.php(295): CodeIgniter\Debug\Exceptions->errorHandler(2, 'Undefined variable $socialworkerss', 'D:\\laragon\\www\\method-oldagehome\\app\\Views\\admin\\addmissionWithDatapreviewtosave.php', 295)
 2 SYSTEMPATH\View\View.php(226): include('D:\\laragon\\www\\method-oldagehome\\app\\Views\\admin\\addmissionWithDatapreviewtosave.php')
 3 SYSTEMPATH\View\View.php(229): CodeIgniter\View\View->CodeIgniter\View\{closure}()
 4 SYSTEMPATH\Common.php(1188): CodeIgniter\View\View->render('admin/addmissionWithDatapreviewtosave', [], true)
 5 APPPATH\Controllers\NewController.php(1713): view('admin/addmissionWithDatapreviewtosave', [...])
 6 SYSTEMPATH\CodeIgniter.php(919): App\Controllers\NewController->addmissionWithDatapreviewtosave('103')
 7 SYSTEMPATH\CodeIgniter.php(494): CodeIgniter\CodeIgniter->runController(Object(App\Controllers\NewController))
 8 SYSTEMPATH\CodeIgniter.php(353): CodeIgniter\CodeIgniter->handleRequest(null, Object(Config\Cache), false)
 9 FCPATH\index.php(79): CodeIgniter\CodeIgniter->run()
10 SYSTEMPATH\Commands\Server\rewrite.php(47): require_once('D:\\laragon\\www\\method-oldagehome\\public\\index.php')
