ERROR - 2024-02-19 03:28:12 --> Error connecting to the database: mysqli_sql_exception: No connection could be made because the target machine actively refused it in D:\laragon\www\method-oldagehome\system\Database\MySQLi\Connection.php:185
Stack trace:
#0 D:\laragon\www\method-oldagehome\system\Database\MySQLi\Connection.php(185): mysqli->real_connect('localhost', 'root', '', 'seniorcaredb', 3306, '', 0)
#1 D:\laragon\www\method-oldagehome\system\Database\BaseConnection.php(391): CodeIgniter\Database\MySQLi\Connection->connect(false)
#2 D:\laragon\www\method-oldagehome\system\Database\BaseConnection.php(574): CodeIgniter\Database\BaseConnection->initialize()
#3 D:\laragon\www\method-oldagehome\system\Database\BaseBuilder.php(1615): CodeIgniter\Database\BaseConnection->query('SELECT *\nFROM `...', Array, false)
#4 D:\laragon\www\method-oldagehome\system\Model.php(264): CodeIgniter\Database\BaseBuilder->get()
#5 D:\laragon\www\method-oldagehome\system\BaseModel.php(662): CodeIgniter\Model->doFirst()
#6 D:\laragon\www\method-oldagehome\app\Controllers\UserController.php(29): CodeIgniter\BaseModel->first()
#7 D:\laragon\www\method-oldagehome\system\CodeIgniter.php(919): App\Controllers\UserController->loginAuth()
#8 D:\laragon\www\method-oldagehome\system\CodeIgniter.php(494): CodeIgniter\CodeIgniter->runController(Object(App\Controllers\UserController))
#9 D:\laragon\www\method-oldagehome\system\CodeIgniter.php(353): CodeIgniter\CodeIgniter->handleRequest(NULL, Object(Config\Cache), false)
#10 D:\laragon\www\method-oldagehome\public\index.php(79): CodeIgniter\CodeIgniter->run()
#11 D:\laragon\www\method-oldagehome\system\Commands\Server\rewrite.php(47): require_once('D:\\laragon\\www\\...')
#12 {main}

Next CodeIgniter\Database\Exceptions\DatabaseException: No connection could be made because the target machine actively refused it in D:\laragon\www\method-oldagehome\system\Database\MySQLi\Connection.php:229
Stack trace:
#0 D:\laragon\www\method-oldagehome\system\Database\BaseConnection.php(391): CodeIgniter\Database\MySQLi\Connection->connect(false)
#1 D:\laragon\www\method-oldagehome\system\Database\BaseConnection.php(574): CodeIgniter\Database\BaseConnection->initialize()
#2 D:\laragon\www\method-oldagehome\system\Database\BaseBuilder.php(1615): CodeIgniter\Database\BaseConnection->query('SELECT *\nFROM `...', Array, false)
#3 D:\laragon\www\method-oldagehome\system\Model.php(264): CodeIgniter\Database\BaseBuilder->get()
#4 D:\laragon\www\method-oldagehome\system\BaseModel.php(662): CodeIgniter\Model->doFirst()
#5 D:\laragon\www\method-oldagehome\app\Controllers\UserController.php(29): CodeIgniter\BaseModel->first()
#6 D:\laragon\www\method-oldagehome\system\CodeIgniter.php(919): App\Controllers\UserController->loginAuth()
#7 D:\laragon\www\method-oldagehome\system\CodeIgniter.php(494): CodeIgniter\CodeIgniter->runController(Object(App\Controllers\UserController))
#8 D:\laragon\www\method-oldagehome\system\CodeIgniter.php(353): CodeIgniter\CodeIgniter->handleRequest(NULL, Object(Config\Cache), false)
#9 D:\laragon\www\method-oldagehome\public\index.php(79): CodeIgniter\CodeIgniter->run()
#10 D:\laragon\www\method-oldagehome\system\Commands\Server\rewrite.php(47): require_once('D:\\laragon\\www\\...')
#11 {main}
CRITICAL - 2024-02-19 03:28:12 --> Unable to connect to the database.
Main connection [MySQLi]: No connection could be made because the target machine actively refused it
in SYSTEMPATH\Database\BaseConnection.php on line 427.
 1 SYSTEMPATH\Database\BaseConnection.php(574): CodeIgniter\Database\BaseConnection->initialize()
 2 SYSTEMPATH\Database\BaseBuilder.php(1615): CodeIgniter\Database\BaseConnection->query('SELECT *
FROM `user`
WHERE `Email` = :Email:
 LIMIT 1', [...], false)
 3 SYSTEMPATH\Model.php(264): CodeIgniter\Database\BaseBuilder->get()
 4 SYSTEMPATH\BaseModel.php(662): CodeIgniter\Model->doFirst()
 5 APPPATH\Controllers\UserController.php(29): CodeIgniter\BaseModel->first()
 6 SYSTEMPATH\CodeIgniter.php(919): App\Controllers\UserController->loginAuth()
 7 SYSTEMPATH\CodeIgniter.php(494): CodeIgniter\CodeIgniter->runController(Object(App\Controllers\UserController))
 8 SYSTEMPATH\CodeIgniter.php(353): CodeIgniter\CodeIgniter->handleRequest(null, Object(Config\Cache), false)
 9 FCPATH\index.php(79): CodeIgniter\CodeIgniter->run()
10 SYSTEMPATH\Commands\Server\rewrite.php(47): require_once('D:\\laragon\\www\\method-oldagehome\\public\\index.php')
ERROR - 2024-02-19 03:28:27 --> Error connecting to the database: mysqli_sql_exception: No connection could be made because the target machine actively refused it in D:\laragon\www\method-oldagehome\system\Database\MySQLi\Connection.php:185
Stack trace:
#0 D:\laragon\www\method-oldagehome\system\Database\MySQLi\Connection.php(185): mysqli->real_connect('localhost', 'root', '', 'seniorcaredb', 3306, '', 0)
#1 D:\laragon\www\method-oldagehome\system\Database\BaseConnection.php(391): CodeIgniter\Database\MySQLi\Connection->connect(false)
#2 D:\laragon\www\method-oldagehome\system\Database\BaseConnection.php(574): CodeIgniter\Database\BaseConnection->initialize()
#3 D:\laragon\www\method-oldagehome\system\Database\BaseBuilder.php(1615): CodeIgniter\Database\BaseConnection->query('SELECT *\nFROM `...', Array, false)
#4 D:\laragon\www\method-oldagehome\system\Model.php(264): CodeIgniter\Database\BaseBuilder->get()
#5 D:\laragon\www\method-oldagehome\system\BaseModel.php(662): CodeIgniter\Model->doFirst()
#6 D:\laragon\www\method-oldagehome\app\Controllers\UserController.php(29): CodeIgniter\BaseModel->first()
#7 D:\laragon\www\method-oldagehome\system\CodeIgniter.php(919): App\Controllers\UserController->loginAuth()
#8 D:\laragon\www\method-oldagehome\system\CodeIgniter.php(494): CodeIgniter\CodeIgniter->runController(Object(App\Controllers\UserController))
#9 D:\laragon\www\method-oldagehome\system\CodeIgniter.php(353): CodeIgniter\CodeIgniter->handleRequest(NULL, Object(Config\Cache), false)
#10 D:\laragon\www\method-oldagehome\public\index.php(79): CodeIgniter\CodeIgniter->run()
#11 D:\laragon\www\method-oldagehome\system\Commands\Server\rewrite.php(47): require_once('D:\\laragon\\www\\...')
#12 {main}

Next CodeIgniter\Database\Exceptions\DatabaseException: No connection could be made because the target machine actively refused it in D:\laragon\www\method-oldagehome\system\Database\MySQLi\Connection.php:229
Stack trace:
#0 D:\laragon\www\method-oldagehome\system\Database\BaseConnection.php(391): CodeIgniter\Database\MySQLi\Connection->connect(false)
#1 D:\laragon\www\method-oldagehome\system\Database\BaseConnection.php(574): CodeIgniter\Database\BaseConnection->initialize()
#2 D:\laragon\www\method-oldagehome\system\Database\BaseBuilder.php(1615): CodeIgniter\Database\BaseConnection->query('SELECT *\nFROM `...', Array, false)
#3 D:\laragon\www\method-oldagehome\system\Model.php(264): CodeIgniter\Database\BaseBuilder->get()
#4 D:\laragon\www\method-oldagehome\system\BaseModel.php(662): CodeIgniter\Model->doFirst()
#5 D:\laragon\www\method-oldagehome\app\Controllers\UserController.php(29): CodeIgniter\BaseModel->first()
#6 D:\laragon\www\method-oldagehome\system\CodeIgniter.php(919): App\Controllers\UserController->loginAuth()
#7 D:\laragon\www\method-oldagehome\system\CodeIgniter.php(494): CodeIgniter\CodeIgniter->runController(Object(App\Controllers\UserController))
#8 D:\laragon\www\method-oldagehome\system\CodeIgniter.php(353): CodeIgniter\CodeIgniter->handleRequest(NULL, Object(Config\Cache), false)
#9 D:\laragon\www\method-oldagehome\public\index.php(79): CodeIgniter\CodeIgniter->run()
#10 D:\laragon\www\method-oldagehome\system\Commands\Server\rewrite.php(47): require_once('D:\\laragon\\www\\...')
#11 {main}
CRITICAL - 2024-02-19 03:28:27 --> Unable to connect to the database.
Main connection [MySQLi]: No connection could be made because the target machine actively refused it
in SYSTEMPATH\Database\BaseConnection.php on line 427.
 1 SYSTEMPATH\Database\BaseConnection.php(574): CodeIgniter\Database\BaseConnection->initialize()
 2 SYSTEMPATH\Database\BaseBuilder.php(1615): CodeIgniter\Database\BaseConnection->query('SELECT *
FROM `user`
WHERE `Email` = :Email:
 LIMIT 1', [...], false)
 3 SYSTEMPATH\Model.php(264): CodeIgniter\Database\BaseBuilder->get()
 4 SYSTEMPATH\BaseModel.php(662): CodeIgniter\Model->doFirst()
 5 APPPATH\Controllers\UserController.php(29): CodeIgniter\BaseModel->first()
 6 SYSTEMPATH\CodeIgniter.php(919): App\Controllers\UserController->loginAuth()
 7 SYSTEMPATH\CodeIgniter.php(494): CodeIgniter\CodeIgniter->runController(Object(App\Controllers\UserController))
 8 SYSTEMPATH\CodeIgniter.php(353): CodeIgniter\CodeIgniter->handleRequest(null, Object(Config\Cache), false)
 9 FCPATH\index.php(79): CodeIgniter\CodeIgniter->run()
10 SYSTEMPATH\Commands\Server\rewrite.php(47): require_once('D:\\laragon\\www\\method-oldagehome\\public\\index.php')
CRITICAL - 2024-02-19 03:34:45 --> Trying to access array offset on value of type null
in APPPATH\Views\dashboard\editscdetails.php on line 46.
 1 APPPATH\Views\dashboard\editscdetails.php(46): CodeIgniter\Debug\Exceptions->errorHandler(2, 'Trying to access array offset on value of type null', 'D:\\laragon\\www\\method-oldagehome\\app\\Views\\dashboard\\editscdetails.php', 46)
 2 SYSTEMPATH\View\View.php(226): include('D:\\laragon\\www\\method-oldagehome\\app\\Views\\dashboard\\editscdetails.php')
 3 SYSTEMPATH\View\View.php(229): CodeIgniter\View\View->CodeIgniter\View\{closure}()
 4 SYSTEMPATH\Common.php(1188): CodeIgniter\View\View->render('dashboard/editscdetails', [], true)
 5 APPPATH\Controllers\NewController.php(57): view('dashboard/editscdetails', [...])
 6 SYSTEMPATH\CodeIgniter.php(919): App\Controllers\NewController->edit('3')
 7 SYSTEMPATH\CodeIgniter.php(494): CodeIgniter\CodeIgniter->runController(Object(App\Controllers\NewController))
 8 SYSTEMPATH\CodeIgniter.php(353): CodeIgniter\CodeIgniter->handleRequest(null, Object(Config\Cache), false)
 9 FCPATH\index.php(79): CodeIgniter\CodeIgniter->run()
10 SYSTEMPATH\Commands\Server\rewrite.php(47): require_once('D:\\laragon\\www\\method-oldagehome\\public\\index.php')
CRITICAL - 2024-02-19 03:40:40 --> syntax error, unexpected end of file
in APPPATH\Config\Routes.php on line 68.
 1 SYSTEMPATH\CodeIgniter.php(787): CodeIgniter\Router\RouteCollection->loadRoutes()
 2 SYSTEMPATH\CodeIgniter.php(442): CodeIgniter\CodeIgniter->tryToRouteIt(null)
 3 SYSTEMPATH\CodeIgniter.php(353): CodeIgniter\CodeIgniter->handleRequest(null, Object(Config\Cache), false)
 4 FCPATH\index.php(79): CodeIgniter\CodeIgniter->run()
 5 SYSTEMPATH\Commands\Server\rewrite.php(47): require_once('D:\\laragon\\www\\method-oldagehome\\public\\index.php')
CRITICAL - 2024-02-19 04:15:55 --> Trying to access array offset on value of type null
in APPPATH\Views\dashboard\editscdetails.php on line 46.
 1 APPPATH\Views\dashboard\editscdetails.php(46): CodeIgniter\Debug\Exceptions->errorHandler(2, 'Trying to access array offset on value of type null', 'D:\\laragon\\www\\method-oldagehome\\app\\Views\\dashboard\\editscdetails.php', 46)
 2 SYSTEMPATH\View\View.php(226): include('D:\\laragon\\www\\method-oldagehome\\app\\Views\\dashboard\\editscdetails.php')
 3 SYSTEMPATH\View\View.php(229): CodeIgniter\View\View->CodeIgniter\View\{closure}()
 4 SYSTEMPATH\Common.php(1188): CodeIgniter\View\View->render('dashboard/editscdetails', [], true)
 5 APPPATH\Controllers\NewController.php(57): view('dashboard/editscdetails', [...])
 6 SYSTEMPATH\CodeIgniter.php(919): App\Controllers\NewController->edit('3')
 7 SYSTEMPATH\CodeIgniter.php(494): CodeIgniter\CodeIgniter->runController(Object(App\Controllers\NewController))
 8 SYSTEMPATH\CodeIgniter.php(353): CodeIgniter\CodeIgniter->handleRequest(null, Object(Config\Cache), false)
 9 FCPATH\index.php(79): CodeIgniter\CodeIgniter->run()
10 SYSTEMPATH\Commands\Server\rewrite.php(47): require_once('D:\\laragon\\www\\method-oldagehome\\public\\index.php')
CRITICAL - 2024-02-19 04:17:03 --> Trying to access array offset on value of type null
in APPPATH\Views\dashboard\editscdetails.php on line 46.
 1 APPPATH\Views\dashboard\editscdetails.php(46): CodeIgniter\Debug\Exceptions->errorHandler(2, 'Trying to access array offset on value of type null', 'D:\\laragon\\www\\method-oldagehome\\app\\Views\\dashboard\\editscdetails.php', 46)
 2 SYSTEMPATH\View\View.php(226): include('D:\\laragon\\www\\method-oldagehome\\app\\Views\\dashboard\\editscdetails.php')
 3 SYSTEMPATH\View\View.php(229): CodeIgniter\View\View->CodeIgniter\View\{closure}()
 4 SYSTEMPATH\Common.php(1188): CodeIgniter\View\View->render('dashboard/editscdetails', [], true)
 5 APPPATH\Controllers\NewController.php(57): view('dashboard/editscdetails', [...])
 6 SYSTEMPATH\CodeIgniter.php(919): App\Controllers\NewController->edit('3')
 7 SYSTEMPATH\CodeIgniter.php(494): CodeIgniter\CodeIgniter->runController(Object(App\Controllers\NewController))
 8 SYSTEMPATH\CodeIgniter.php(353): CodeIgniter\CodeIgniter->handleRequest(null, Object(Config\Cache), false)
 9 FCPATH\index.php(79): CodeIgniter\CodeIgniter->run()
10 SYSTEMPATH\Commands\Server\rewrite.php(47): require_once('D:\\laragon\\www\\method-oldagehome\\public\\index.php')
CRITICAL - 2024-02-19 04:18:33 --> Trying to access array offset on value of type null
in APPPATH\Views\dashboard\editscdetails.php on line 46.
 1 APPPATH\Views\dashboard\editscdetails.php(46): CodeIgniter\Debug\Exceptions->errorHandler(2, 'Trying to access array offset on value of type null', 'D:\\laragon\\www\\method-oldagehome\\app\\Views\\dashboard\\editscdetails.php', 46)
 2 SYSTEMPATH\View\View.php(226): include('D:\\laragon\\www\\method-oldagehome\\app\\Views\\dashboard\\editscdetails.php')
 3 SYSTEMPATH\View\View.php(229): CodeIgniter\View\View->CodeIgniter\View\{closure}()
 4 SYSTEMPATH\Common.php(1188): CodeIgniter\View\View->render('dashboard/editscdetails', [], true)
 5 APPPATH\Controllers\NewController.php(57): view('dashboard/editscdetails', [...])
 6 SYSTEMPATH\CodeIgniter.php(919): App\Controllers\NewController->edit('1')
 7 SYSTEMPATH\CodeIgniter.php(494): CodeIgniter\CodeIgniter->runController(Object(App\Controllers\NewController))
 8 SYSTEMPATH\CodeIgniter.php(353): CodeIgniter\CodeIgniter->handleRequest(null, Object(Config\Cache), false)
 9 FCPATH\index.php(79): CodeIgniter\CodeIgniter->run()
10 SYSTEMPATH\Commands\Server\rewrite.php(47): require_once('D:\\laragon\\www\\method-oldagehome\\public\\index.php')
ERROR - 2024-02-19 05:27:07 --> mysqli_sql_exception: Column 'RegDate' cannot be null in D:\laragon\www\method-oldagehome\system\Database\MySQLi\Connection.php:306
Stack trace:
#0 D:\laragon\www\method-oldagehome\system\Database\MySQLi\Connection.php(306): mysqli->query('INSERT INTO `tb...', 0)
#1 D:\laragon\www\method-oldagehome\system\Database\BaseConnection.php(692): CodeIgniter\Database\MySQLi\Connection->execute('INSERT INTO `tb...')
#2 D:\laragon\www\method-oldagehome\system\Database\BaseConnection.php(606): CodeIgniter\Database\BaseConnection->simpleQuery('INSERT INTO `tb...')
#3 D:\laragon\www\method-oldagehome\system\Database\BaseBuilder.php(2308): CodeIgniter\Database\BaseConnection->query('INSERT INTO `tb...', Array, false)
#4 D:\laragon\www\method-oldagehome\system\Model.php(319): CodeIgniter\Database\BaseBuilder->insert()
#5 D:\laragon\www\method-oldagehome\system\BaseModel.php(788): CodeIgniter\Model->doInsert(Array)
#6 D:\laragon\www\method-oldagehome\system\Model.php(715): CodeIgniter\BaseModel->insert(Array, false)
#7 D:\laragon\www\method-oldagehome\system\BaseModel.php(698): CodeIgniter\Model->insert(Array, false)
#8 D:\laragon\www\method-oldagehome\app\Controllers\NewController.php(44): CodeIgniter\BaseModel->save(Array)
#9 D:\laragon\www\method-oldagehome\system\CodeIgniter.php(919): App\Controllers\NewController->save()
#10 D:\laragon\www\method-oldagehome\system\CodeIgniter.php(494): CodeIgniter\CodeIgniter->runController(Object(App\Controllers\NewController))
#11 D:\laragon\www\method-oldagehome\system\CodeIgniter.php(353): CodeIgniter\CodeIgniter->handleRequest(NULL, Object(Config\Cache), false)
#12 D:\laragon\www\method-oldagehome\public\index.php(79): CodeIgniter\CodeIgniter->run()
#13 D:\laragon\www\method-oldagehome\system\Commands\Server\rewrite.php(47): require_once('D:\\laragon\\www\\...')
#14 {main}
CRITICAL - 2024-02-19 05:27:07 --> Column 'RegDate' cannot be null
in SYSTEMPATH\Database\BaseConnection.php on line 646.
 1 SYSTEMPATH\Database\BaseBuilder.php(2308): CodeIgniter\Database\BaseConnection->query('INSERT INTO `tblscdetails` (`Name`, `DateBirth`, `ContNum`, `ComAdd`, `ProfPic`, `EmergencyAdd`, `EmergencyContNum`, `RegDate`) VALUES (:Name:, :DateBirth:, :ContNum:, :ComAdd:, :ProfPic:, :EmergencyAdd:, :EmergencyContNum:, :RegDate:)', [...], false)
 2 SYSTEMPATH\Model.php(319): CodeIgniter\Database\BaseBuilder->insert()
 3 SYSTEMPATH\BaseModel.php(788): CodeIgniter\Model->doInsert([...])
 4 SYSTEMPATH\Model.php(715): CodeIgniter\BaseModel->insert([...], false)
 5 SYSTEMPATH\BaseModel.php(698): CodeIgniter\Model->insert([...], false)
 6 APPPATH\Controllers\NewController.php(44): CodeIgniter\BaseModel->save([...])
 7 SYSTEMPATH\CodeIgniter.php(919): App\Controllers\NewController->save()
 8 SYSTEMPATH\CodeIgniter.php(494): CodeIgniter\CodeIgniter->runController(Object(App\Controllers\NewController))
 9 SYSTEMPATH\CodeIgniter.php(353): CodeIgniter\CodeIgniter->handleRequest(null, Object(Config\Cache), false)
10 FCPATH\index.php(79): CodeIgniter\CodeIgniter->run()
11 SYSTEMPATH\Commands\Server\rewrite.php(47): require_once('D:\\laragon\\www\\method-oldagehome\\public\\index.php')
CRITICAL - 2024-02-19 05:56:35 --> Trying to access array offset on value of type null
in APPPATH\Views\dashboard\editscdetails.php on line 45.
 1 APPPATH\Views\dashboard\editscdetails.php(45): CodeIgniter\Debug\Exceptions->errorHandler(2, 'Trying to access array offset on value of type null', 'D:\\laragon\\www\\method-oldagehome\\app\\Views\\dashboard\\editscdetails.php', 45)
 2 SYSTEMPATH\View\View.php(226): include('D:\\laragon\\www\\method-oldagehome\\app\\Views\\dashboard\\editscdetails.php')
 3 SYSTEMPATH\View\View.php(229): CodeIgniter\View\View->CodeIgniter\View\{closure}()
 4 SYSTEMPATH\Common.php(1188): CodeIgniter\View\View->render('dashboard/editscdetails', [], true)
 5 APPPATH\Controllers\NewController.php(57): view('dashboard/editscdetails', [...])
 6 SYSTEMPATH\CodeIgniter.php(919): App\Controllers\NewController->edit('2')
 7 SYSTEMPATH\CodeIgniter.php(494): CodeIgniter\CodeIgniter->runController(Object(App\Controllers\NewController))
 8 SYSTEMPATH\CodeIgniter.php(353): CodeIgniter\CodeIgniter->handleRequest(null, Object(Config\Cache), false)
 9 FCPATH\index.php(79): CodeIgniter\CodeIgniter->run()
10 SYSTEMPATH\Commands\Server\rewrite.php(47): require_once('D:\\laragon\\www\\method-oldagehome\\public\\index.php')
CRITICAL - 2024-02-19 06:02:17 --> Trying to access array offset on value of type null
in APPPATH\Views\dashboard\editscdetails.php on line 45.
 1 APPPATH\Views\dashboard\editscdetails.php(45): CodeIgniter\Debug\Exceptions->errorHandler(2, 'Trying to access array offset on value of type null', 'D:\\laragon\\www\\method-oldagehome\\app\\Views\\dashboard\\editscdetails.php', 45)
 2 SYSTEMPATH\View\View.php(226): include('D:\\laragon\\www\\method-oldagehome\\app\\Views\\dashboard\\editscdetails.php')
 3 SYSTEMPATH\View\View.php(229): CodeIgniter\View\View->CodeIgniter\View\{closure}()
 4 SYSTEMPATH\Common.php(1188): CodeIgniter\View\View->render('dashboard/editscdetails', [], true)
 5 APPPATH\Controllers\NewController.php(57): view('dashboard/editscdetails', [...])
 6 SYSTEMPATH\CodeIgniter.php(919): App\Controllers\NewController->edit('2')
 7 SYSTEMPATH\CodeIgniter.php(494): CodeIgniter\CodeIgniter->runController(Object(App\Controllers\NewController))
 8 SYSTEMPATH\CodeIgniter.php(353): CodeIgniter\CodeIgniter->handleRequest(null, Object(Config\Cache), false)
 9 FCPATH\index.php(79): CodeIgniter\CodeIgniter->run()
10 SYSTEMPATH\Commands\Server\rewrite.php(47): require_once('D:\\laragon\\www\\method-oldagehome\\public\\index.php')
CRITICAL - 2024-02-19 06:04:04 --> Trying to access array offset on value of type null
in APPPATH\Views\dashboard\editscdetails.php on line 45.
 1 APPPATH\Views\dashboard\editscdetails.php(45): CodeIgniter\Debug\Exceptions->errorHandler(2, 'Trying to access array offset on value of type null', 'D:\\laragon\\www\\method-oldagehome\\app\\Views\\dashboard\\editscdetails.php', 45)
 2 SYSTEMPATH\View\View.php(226): include('D:\\laragon\\www\\method-oldagehome\\app\\Views\\dashboard\\editscdetails.php')
 3 SYSTEMPATH\View\View.php(229): CodeIgniter\View\View->CodeIgniter\View\{closure}()
 4 SYSTEMPATH\Common.php(1188): CodeIgniter\View\View->render('dashboard/editscdetails', [], true)
 5 APPPATH\Controllers\NewController.php(57): view('dashboard/editscdetails', [...])
 6 SYSTEMPATH\CodeIgniter.php(919): App\Controllers\NewController->edit('2')
 7 SYSTEMPATH\CodeIgniter.php(494): CodeIgniter\CodeIgniter->runController(Object(App\Controllers\NewController))
 8 SYSTEMPATH\CodeIgniter.php(353): CodeIgniter\CodeIgniter->handleRequest(null, Object(Config\Cache), false)
 9 FCPATH\index.php(79): CodeIgniter\CodeIgniter->run()
10 SYSTEMPATH\Commands\Server\rewrite.php(47): require_once('D:\\laragon\\www\\method-oldagehome\\public\\index.php')
CRITICAL - 2024-02-19 06:05:24 --> Trying to access array offset on value of type null
in APPPATH\Views\dashboard\editscdetails.php on line 45.
 1 APPPATH\Views\dashboard\editscdetails.php(45): CodeIgniter\Debug\Exceptions->errorHandler(2, 'Trying to access array offset on value of type null', 'D:\\laragon\\www\\method-oldagehome\\app\\Views\\dashboard\\editscdetails.php', 45)
 2 SYSTEMPATH\View\View.php(226): include('D:\\laragon\\www\\method-oldagehome\\app\\Views\\dashboard\\editscdetails.php')
 3 SYSTEMPATH\View\View.php(229): CodeIgniter\View\View->CodeIgniter\View\{closure}()
 4 SYSTEMPATH\Common.php(1188): CodeIgniter\View\View->render('dashboard/editscdetails', [], true)
 5 APPPATH\Controllers\NewController.php(57): view('dashboard/editscdetails', [...])
 6 SYSTEMPATH\CodeIgniter.php(919): App\Controllers\NewController->edit('2')
 7 SYSTEMPATH\CodeIgniter.php(494): CodeIgniter\CodeIgniter->runController(Object(App\Controllers\NewController))
 8 SYSTEMPATH\CodeIgniter.php(353): CodeIgniter\CodeIgniter->handleRequest(null, Object(Config\Cache), false)
 9 FCPATH\index.php(79): CodeIgniter\CodeIgniter->run()
10 SYSTEMPATH\Commands\Server\rewrite.php(47): require_once('D:\\laragon\\www\\method-oldagehome\\public\\index.php')
CRITICAL - 2024-02-19 06:05:32 --> syntax error, unexpected token ";", expecting "function" or "const"
in APPPATH\Controllers\ProductsController.php on line 28.
 1 SYSTEMPATH\Autoloader\Autoloader.php(285): CodeIgniter\Autoloader\Autoloader->includeFile('D:\\laragon\\www\\method-oldagehome\\app\\Controllers\\ProductsController.php')
 2 SYSTEMPATH\Autoloader\Autoloader.php(263): CodeIgniter\Autoloader\Autoloader->loadInNamespace('App\\Controllers\\ProductsController')
 3 [internal function]: CodeIgniter\Autoloader\Autoloader->loadClass('App\\Controllers\\ProductsController')
 4 SYSTEMPATH\CodeIgniter.php(877): class_exists('\\App\\Controllers\\ProductsController', true)
 5 SYSTEMPATH\CodeIgniter.php(481): CodeIgniter\CodeIgniter->startController()
 6 SYSTEMPATH\CodeIgniter.php(353): CodeIgniter\CodeIgniter->handleRequest(null, Object(Config\Cache), false)
 7 FCPATH\index.php(79): CodeIgniter\CodeIgniter->run()
 8 SYSTEMPATH\Commands\Server\rewrite.php(47): require_once('D:\\laragon\\www\\method-oldagehome\\public\\index.php')
CRITICAL - 2024-02-19 06:06:19 --> Undefined property: App\Controllers\ProductsController::$main
in APPPATH\Controllers\ProductsController.php on line 25.
 1 APPPATH\Controllers\ProductsController.php(25): CodeIgniter\Debug\Exceptions->errorHandler(2, 'Undefined property: App\\Controllers\\ProductsController::$main', 'D:\\laragon\\www\\method-oldagehome\\app\\Controllers\\ProductsController.php', 25)
 2 SYSTEMPATH\CodeIgniter.php(919): App\Controllers\ProductsController->editprod('2')
 3 SYSTEMPATH\CodeIgniter.php(494): CodeIgniter\CodeIgniter->runController(Object(App\Controllers\ProductsController))
 4 SYSTEMPATH\CodeIgniter.php(353): CodeIgniter\CodeIgniter->handleRequest(null, Object(Config\Cache), false)
 5 FCPATH\index.php(79): CodeIgniter\CodeIgniter->run()
 6 SYSTEMPATH\Commands\Server\rewrite.php(47): require_once('D:\\laragon\\www\\method-oldagehome\\public\\index.php')
CRITICAL - 2024-02-19 06:07:42 --> Undefined property: App\Controllers\ProductsController::$main
in APPPATH\Controllers\ProductsController.php on line 27.
 1 APPPATH\Controllers\ProductsController.php(27): CodeIgniter\Debug\Exceptions->errorHandler(2, 'Undefined property: App\\Controllers\\ProductsController::$main', 'D:\\laragon\\www\\method-oldagehome\\app\\Controllers\\ProductsController.php', 27)
 2 SYSTEMPATH\CodeIgniter.php(919): App\Controllers\ProductsController->editprod('2')
 3 SYSTEMPATH\CodeIgniter.php(494): CodeIgniter\CodeIgniter->runController(Object(App\Controllers\ProductsController))
 4 SYSTEMPATH\CodeIgniter.php(353): CodeIgniter\CodeIgniter->handleRequest(null, Object(Config\Cache), false)
 5 FCPATH\index.php(79): CodeIgniter\CodeIgniter->run()
 6 SYSTEMPATH\Commands\Server\rewrite.php(47): require_once('D:\\laragon\\www\\method-oldagehome\\public\\index.php')
CRITICAL - 2024-02-19 06:09:13 --> Unmatched '}'
in APPPATH\Views\dashboard\editproduct.php on line 130.
 1 SYSTEMPATH\View\View.php(229): CodeIgniter\View\View->CodeIgniter\View\{closure}()
 2 SYSTEMPATH\Common.php(1188): CodeIgniter\View\View->render('dashboard/editproduct', [], true)
 3 APPPATH\Controllers\ProductsController.php(28): view('dashboard/editproduct', [...])
 4 SYSTEMPATH\CodeIgniter.php(919): App\Controllers\ProductsController->editprod('1')
 5 SYSTEMPATH\CodeIgniter.php(494): CodeIgniter\CodeIgniter->runController(Object(App\Controllers\ProductsController))
 6 SYSTEMPATH\CodeIgniter.php(353): CodeIgniter\CodeIgniter->handleRequest(null, Object(Config\Cache), false)
 7 FCPATH\index.php(79): CodeIgniter\CodeIgniter->run()
 8 SYSTEMPATH\Commands\Server\rewrite.php(47): require_once('D:\\laragon\\www\\method-oldagehome\\public\\index.php')
CRITICAL - 2024-02-19 06:09:25 --> Undefined array key "id"
in APPPATH\Views\dashboard\editproduct.php on line 61.
 1 APPPATH\Views\dashboard\editproduct.php(61): CodeIgniter\Debug\Exceptions->errorHandler(2, 'Undefined array key "id"', 'D:\\laragon\\www\\method-oldagehome\\app\\Views\\dashboard\\editproduct.php', 61)
 2 SYSTEMPATH\View\View.php(226): include('D:\\laragon\\www\\method-oldagehome\\app\\Views\\dashboard\\editproduct.php')
 3 SYSTEMPATH\View\View.php(229): CodeIgniter\View\View->CodeIgniter\View\{closure}()
 4 SYSTEMPATH\Common.php(1188): CodeIgniter\View\View->render('dashboard/editproduct', [], true)
 5 APPPATH\Controllers\ProductsController.php(28): view('dashboard/editproduct', [...])
 6 SYSTEMPATH\CodeIgniter.php(919): App\Controllers\ProductsController->editprod('1')
 7 SYSTEMPATH\CodeIgniter.php(494): CodeIgniter\CodeIgniter->runController(Object(App\Controllers\ProductsController))
 8 SYSTEMPATH\CodeIgniter.php(353): CodeIgniter\CodeIgniter->handleRequest(null, Object(Config\Cache), false)
 9 FCPATH\index.php(79): CodeIgniter\CodeIgniter->run()
10 SYSTEMPATH\Commands\Server\rewrite.php(47): require_once('D:\\laragon\\www\\method-oldagehome\\public\\index.php')
CRITICAL - 2024-02-19 06:09:40 --> Unmatched '}'
in APPPATH\Views\dashboard\editproduct.php on line 84.
 1 SYSTEMPATH\View\View.php(229): CodeIgniter\View\View->CodeIgniter\View\{closure}()
 2 SYSTEMPATH\Common.php(1188): CodeIgniter\View\View->render('dashboard/editproduct', [], true)
 3 APPPATH\Controllers\ProductsController.php(28): view('dashboard/editproduct', [...])
 4 SYSTEMPATH\CodeIgniter.php(919): App\Controllers\ProductsController->editprod('1')
 5 SYSTEMPATH\CodeIgniter.php(494): CodeIgniter\CodeIgniter->runController(Object(App\Controllers\ProductsController))
 6 SYSTEMPATH\CodeIgniter.php(353): CodeIgniter\CodeIgniter->handleRequest(null, Object(Config\Cache), false)
 7 FCPATH\index.php(79): CodeIgniter\CodeIgniter->run()
 8 SYSTEMPATH\Commands\Server\rewrite.php(47): require_once('D:\\laragon\\www\\method-oldagehome\\public\\index.php')
CRITICAL - 2024-02-19 06:09:49 --> Undefined variable $row
in APPPATH\Views\dashboard\editproduct.php on line 62.
 1 APPPATH\Views\dashboard\editproduct.php(62): CodeIgniter\Debug\Exceptions->errorHandler(2, 'Undefined variable $row', 'D:\\laragon\\www\\method-oldagehome\\app\\Views\\dashboard\\editproduct.php', 62)
 2 SYSTEMPATH\View\View.php(226): include('D:\\laragon\\www\\method-oldagehome\\app\\Views\\dashboard\\editproduct.php')
 3 SYSTEMPATH\View\View.php(229): CodeIgniter\View\View->CodeIgniter\View\{closure}()
 4 SYSTEMPATH\Common.php(1188): CodeIgniter\View\View->render('dashboard/editproduct', [], true)
 5 APPPATH\Controllers\ProductsController.php(28): view('dashboard/editproduct', [...])
 6 SYSTEMPATH\CodeIgniter.php(919): App\Controllers\ProductsController->editprod('1')
 7 SYSTEMPATH\CodeIgniter.php(494): CodeIgniter\CodeIgniter->runController(Object(App\Controllers\ProductsController))
 8 SYSTEMPATH\CodeIgniter.php(353): CodeIgniter\CodeIgniter->handleRequest(null, Object(Config\Cache), false)
 9 FCPATH\index.php(79): CodeIgniter\CodeIgniter->run()
10 SYSTEMPATH\Commands\Server\rewrite.php(47): require_once('D:\\laragon\\www\\method-oldagehome\\public\\index.php')
CRITICAL - 2024-02-19 06:10:38 --> Undefined array key "Name"
in APPPATH\Views\dashboard\editproduct.php on line 62.
 1 APPPATH\Views\dashboard\editproduct.php(62): CodeIgniter\Debug\Exceptions->errorHandler(2, 'Undefined array key "Name"', 'D:\\laragon\\www\\method-oldagehome\\app\\Views\\dashboard\\editproduct.php', 62)
 2 SYSTEMPATH\View\View.php(226): include('D:\\laragon\\www\\method-oldagehome\\app\\Views\\dashboard\\editproduct.php')
 3 SYSTEMPATH\View\View.php(229): CodeIgniter\View\View->CodeIgniter\View\{closure}()
 4 SYSTEMPATH\Common.php(1188): CodeIgniter\View\View->render('dashboard/editproduct', [], true)
 5 APPPATH\Controllers\ProductsController.php(28): view('dashboard/editproduct', [...])
 6 SYSTEMPATH\CodeIgniter.php(919): App\Controllers\ProductsController->editprod('1')
 7 SYSTEMPATH\CodeIgniter.php(494): CodeIgniter\CodeIgniter->runController(Object(App\Controllers\ProductsController))
 8 SYSTEMPATH\CodeIgniter.php(353): CodeIgniter\CodeIgniter->handleRequest(null, Object(Config\Cache), false)
 9 FCPATH\index.php(79): CodeIgniter\CodeIgniter->run()
10 SYSTEMPATH\Commands\Server\rewrite.php(47): require_once('D:\\laragon\\www\\method-oldagehome\\public\\index.php')
CRITICAL - 2024-02-19 06:11:20 --> Trying to access array offset on value of type null
in APPPATH\Views\dashboard\editscdetails.php on line 45.
 1 APPPATH\Views\dashboard\editscdetails.php(45): CodeIgniter\Debug\Exceptions->errorHandler(2, 'Trying to access array offset on value of type null', 'D:\\laragon\\www\\method-oldagehome\\app\\Views\\dashboard\\editscdetails.php', 45)
 2 SYSTEMPATH\View\View.php(226): include('D:\\laragon\\www\\method-oldagehome\\app\\Views\\dashboard\\editscdetails.php')
 3 SYSTEMPATH\View\View.php(229): CodeIgniter\View\View->CodeIgniter\View\{closure}()
 4 SYSTEMPATH\Common.php(1188): CodeIgniter\View\View->render('dashboard/editscdetails', [], true)
 5 APPPATH\Controllers\NewController.php(57): view('dashboard/editscdetails', [...])
 6 SYSTEMPATH\CodeIgniter.php(919): App\Controllers\NewController->edit('2')
 7 SYSTEMPATH\CodeIgniter.php(494): CodeIgniter\CodeIgniter->runController(Object(App\Controllers\NewController))
 8 SYSTEMPATH\CodeIgniter.php(353): CodeIgniter\CodeIgniter->handleRequest(null, Object(Config\Cache), false)
 9 FCPATH\index.php(79): CodeIgniter\CodeIgniter->run()
10 SYSTEMPATH\Commands\Server\rewrite.php(47): require_once('D:\\laragon\\www\\method-oldagehome\\public\\index.php')
CRITICAL - 2024-02-19 06:11:24 --> Undefined array key "DateofBirth"
in APPPATH\Views\dashboard\editproduct.php on line 66.
 1 APPPATH\Views\dashboard\editproduct.php(66): CodeIgniter\Debug\Exceptions->errorHandler(2, 'Undefined array key "DateofBirth"', 'D:\\laragon\\www\\method-oldagehome\\app\\Views\\dashboard\\editproduct.php', 66)
 2 SYSTEMPATH\View\View.php(226): include('D:\\laragon\\www\\method-oldagehome\\app\\Views\\dashboard\\editproduct.php')
 3 SYSTEMPATH\View\View.php(229): CodeIgniter\View\View->CodeIgniter\View\{closure}()
 4 SYSTEMPATH\Common.php(1188): CodeIgniter\View\View->render('dashboard/editproduct', [], true)
 5 APPPATH\Controllers\ProductsController.php(28): view('dashboard/editproduct', [...])
 6 SYSTEMPATH\CodeIgniter.php(919): App\Controllers\ProductsController->editprod('1')
 7 SYSTEMPATH\CodeIgniter.php(494): CodeIgniter\CodeIgniter->runController(Object(App\Controllers\ProductsController))
 8 SYSTEMPATH\CodeIgniter.php(353): CodeIgniter\CodeIgniter->handleRequest(null, Object(Config\Cache), false)
 9 FCPATH\index.php(79): CodeIgniter\CodeIgniter->run()
10 SYSTEMPATH\Commands\Server\rewrite.php(47): require_once('D:\\laragon\\www\\method-oldagehome\\public\\index.php')
CRITICAL - 2024-02-19 06:11:38 --> Undefined array key "ContactNumber"
in APPPATH\Views\dashboard\editproduct.php on line 71.
 1 APPPATH\Views\dashboard\editproduct.php(71): CodeIgniter\Debug\Exceptions->errorHandler(2, 'Undefined array key "ContactNumber"', 'D:\\laragon\\www\\method-oldagehome\\app\\Views\\dashboard\\editproduct.php', 71)
 2 SYSTEMPATH\View\View.php(226): include('D:\\laragon\\www\\method-oldagehome\\app\\Views\\dashboard\\editproduct.php')
 3 SYSTEMPATH\View\View.php(229): CodeIgniter\View\View->CodeIgniter\View\{closure}()
 4 SYSTEMPATH\Common.php(1188): CodeIgniter\View\View->render('dashboard/editproduct', [], true)
 5 APPPATH\Controllers\ProductsController.php(28): view('dashboard/editproduct', [...])
 6 SYSTEMPATH\CodeIgniter.php(919): App\Controllers\ProductsController->editprod('1')
 7 SYSTEMPATH\CodeIgniter.php(494): CodeIgniter\CodeIgniter->runController(Object(App\Controllers\ProductsController))
 8 SYSTEMPATH\CodeIgniter.php(353): CodeIgniter\CodeIgniter->handleRequest(null, Object(Config\Cache), false)
 9 FCPATH\index.php(79): CodeIgniter\CodeIgniter->run()
10 SYSTEMPATH\Commands\Server\rewrite.php(47): require_once('D:\\laragon\\www\\method-oldagehome\\public\\index.php')
CRITICAL - 2024-02-19 06:12:03 --> Undefined array key "CommunicationAddress"
in APPPATH\Views\dashboard\editproduct.php on line 75.
 1 APPPATH\Views\dashboard\editproduct.php(75): CodeIgniter\Debug\Exceptions->errorHandler(2, 'Undefined array key "CommunicationAddress"', 'D:\\laragon\\www\\method-oldagehome\\app\\Views\\dashboard\\editproduct.php', 75)
 2 SYSTEMPATH\View\View.php(226): include('D:\\laragon\\www\\method-oldagehome\\app\\Views\\dashboard\\editproduct.php')
 3 SYSTEMPATH\View\View.php(229): CodeIgniter\View\View->CodeIgniter\View\{closure}()
 4 SYSTEMPATH\Common.php(1188): CodeIgniter\View\View->render('dashboard/editproduct', [], true)
 5 APPPATH\Controllers\ProductsController.php(28): view('dashboard/editproduct', [...])
 6 SYSTEMPATH\CodeIgniter.php(919): App\Controllers\ProductsController->editprod('1')
 7 SYSTEMPATH\CodeIgniter.php(494): CodeIgniter\CodeIgniter->runController(Object(App\Controllers\ProductsController))
 8 SYSTEMPATH\CodeIgniter.php(353): CodeIgniter\CodeIgniter->handleRequest(null, Object(Config\Cache), false)
 9 FCPATH\index.php(79): CodeIgniter\CodeIgniter->run()
10 SYSTEMPATH\Commands\Server\rewrite.php(47): require_once('D:\\laragon\\www\\method-oldagehome\\public\\index.php')
CRITICAL - 2024-02-19 06:12:04 --> Undefined array key "CommunicationAddress"
in APPPATH\Views\dashboard\editproduct.php on line 75.
 1 APPPATH\Views\dashboard\editproduct.php(75): CodeIgniter\Debug\Exceptions->errorHandler(2, 'Undefined array key "CommunicationAddress"', 'D:\\laragon\\www\\method-oldagehome\\app\\Views\\dashboard\\editproduct.php', 75)
 2 SYSTEMPATH\View\View.php(226): include('D:\\laragon\\www\\method-oldagehome\\app\\Views\\dashboard\\editproduct.php')
 3 SYSTEMPATH\View\View.php(229): CodeIgniter\View\View->CodeIgniter\View\{closure}()
 4 SYSTEMPATH\Common.php(1188): CodeIgniter\View\View->render('dashboard/editproduct', [], true)
 5 APPPATH\Controllers\ProductsController.php(28): view('dashboard/editproduct', [...])
 6 SYSTEMPATH\CodeIgniter.php(919): App\Controllers\ProductsController->editprod('1')
 7 SYSTEMPATH\CodeIgniter.php(494): CodeIgniter\CodeIgniter->runController(Object(App\Controllers\ProductsController))
 8 SYSTEMPATH\CodeIgniter.php(353): CodeIgniter\CodeIgniter->handleRequest(null, Object(Config\Cache), false)
 9 FCPATH\index.php(79): CodeIgniter\CodeIgniter->run()
10 SYSTEMPATH\Commands\Server\rewrite.php(47): require_once('D:\\laragon\\www\\method-oldagehome\\public\\index.php')
CRITICAL - 2024-02-19 06:12:04 --> Undefined array key "CommunicationAddress"
in APPPATH\Views\dashboard\editproduct.php on line 75.
 1 APPPATH\Views\dashboard\editproduct.php(75): CodeIgniter\Debug\Exceptions->errorHandler(2, 'Undefined array key "CommunicationAddress"', 'D:\\laragon\\www\\method-oldagehome\\app\\Views\\dashboard\\editproduct.php', 75)
 2 SYSTEMPATH\View\View.php(226): include('D:\\laragon\\www\\method-oldagehome\\app\\Views\\dashboard\\editproduct.php')
 3 SYSTEMPATH\View\View.php(229): CodeIgniter\View\View->CodeIgniter\View\{closure}()
 4 SYSTEMPATH\Common.php(1188): CodeIgniter\View\View->render('dashboard/editproduct', [], true)
 5 APPPATH\Controllers\ProductsController.php(28): view('dashboard/editproduct', [...])
 6 SYSTEMPATH\CodeIgniter.php(919): App\Controllers\ProductsController->editprod('1')
 7 SYSTEMPATH\CodeIgniter.php(494): CodeIgniter\CodeIgniter->runController(Object(App\Controllers\ProductsController))
 8 SYSTEMPATH\CodeIgniter.php(353): CodeIgniter\CodeIgniter->handleRequest(null, Object(Config\Cache), false)
 9 FCPATH\index.php(79): CodeIgniter\CodeIgniter->run()
10 SYSTEMPATH\Commands\Server\rewrite.php(47): require_once('D:\\laragon\\www\\method-oldagehome\\public\\index.php')
CRITICAL - 2024-02-19 06:12:44 --> Undefined array key "ProfilePic"
in APPPATH\Views\dashboard\editproduct.php on line 81.
 1 APPPATH\Views\dashboard\editproduct.php(81): CodeIgniter\Debug\Exceptions->errorHandler(2, 'Undefined array key "ProfilePic"', 'D:\\laragon\\www\\method-oldagehome\\app\\Views\\dashboard\\editproduct.php', 81)
 2 SYSTEMPATH\View\View.php(226): include('D:\\laragon\\www\\method-oldagehome\\app\\Views\\dashboard\\editproduct.php')
 3 SYSTEMPATH\View\View.php(229): CodeIgniter\View\View->CodeIgniter\View\{closure}()
 4 SYSTEMPATH\Common.php(1188): CodeIgniter\View\View->render('dashboard/editproduct', [], true)
 5 APPPATH\Controllers\ProductsController.php(28): view('dashboard/editproduct', [...])
 6 SYSTEMPATH\CodeIgniter.php(919): App\Controllers\ProductsController->editprod('1')
 7 SYSTEMPATH\CodeIgniter.php(494): CodeIgniter\CodeIgniter->runController(Object(App\Controllers\ProductsController))
 8 SYSTEMPATH\CodeIgniter.php(353): CodeIgniter\CodeIgniter->handleRequest(null, Object(Config\Cache), false)
 9 FCPATH\index.php(79): CodeIgniter\CodeIgniter->run()
10 SYSTEMPATH\Commands\Server\rewrite.php(47): require_once('D:\\laragon\\www\\method-oldagehome\\public\\index.php')
CRITICAL - 2024-02-19 06:18:26 --> syntax error, unexpected token "echo"
in APPPATH\Views\dashboard\editproduct.php on line 53.
 1 SYSTEMPATH\View\View.php(229): CodeIgniter\View\View->CodeIgniter\View\{closure}()
 2 SYSTEMPATH\Common.php(1188): CodeIgniter\View\View->render('dashboard/editproduct', [], true)
 3 APPPATH\Controllers\ProductsController.php(28): view('dashboard/editproduct', [...])
 4 SYSTEMPATH\CodeIgniter.php(919): App\Controllers\ProductsController->editprod('2')
 5 SYSTEMPATH\CodeIgniter.php(494): CodeIgniter\CodeIgniter->runController(Object(App\Controllers\ProductsController))
 6 SYSTEMPATH\CodeIgniter.php(353): CodeIgniter\CodeIgniter->handleRequest(null, Object(Config\Cache), false)
 7 FCPATH\index.php(79): CodeIgniter\CodeIgniter->run()
 8 SYSTEMPATH\Commands\Server\rewrite.php(47): require_once('D:\\laragon\\www\\method-oldagehome\\public\\index.php')
CRITICAL - 2024-02-19 06:36:57 --> Updates are not allowed unless they contain a "where" or "like" clause.
in SYSTEMPATH\Model.php on line 380.
 1 SYSTEMPATH\BaseModel.php(949): CodeIgniter\Model->doUpdate(null, [...])
 2 SYSTEMPATH\Model.php(776): CodeIgniter\BaseModel->update(null, [...])
 3 APPPATH\Controllers\ProductsController.php(41): CodeIgniter\Model->update(null, [...])
 4 SYSTEMPATH\CodeIgniter.php(919): App\Controllers\ProductsController->updateprod('2')
 5 SYSTEMPATH\CodeIgniter.php(494): CodeIgniter\CodeIgniter->runController(Object(App\Controllers\ProductsController))
 6 SYSTEMPATH\CodeIgniter.php(353): CodeIgniter\CodeIgniter->handleRequest(null, Object(Config\Cache), false)
 7 FCPATH\index.php(79): CodeIgniter\CodeIgniter->run()
 8 SYSTEMPATH\Commands\Server\rewrite.php(47): require_once('D:\\laragon\\www\\method-oldagehome\\public\\index.php')
CRITICAL - 2024-02-19 06:37:31 --> Undefined variable $Id
in APPPATH\Controllers\ProductsController.php on line 41.
 1 APPPATH\Controllers\ProductsController.php(41): CodeIgniter\Debug\Exceptions->errorHandler(2, 'Undefined variable $Id', 'D:\\laragon\\www\\method-oldagehome\\app\\Controllers\\ProductsController.php', 41)
 2 SYSTEMPATH\CodeIgniter.php(919): App\Controllers\ProductsController->updateprod('2')
 3 SYSTEMPATH\CodeIgniter.php(494): CodeIgniter\CodeIgniter->runController(Object(App\Controllers\ProductsController))
 4 SYSTEMPATH\CodeIgniter.php(353): CodeIgniter\CodeIgniter->handleRequest(null, Object(Config\Cache), false)
 5 FCPATH\index.php(79): CodeIgniter\CodeIgniter->run()
 6 SYSTEMPATH\Commands\Server\rewrite.php(47): require_once('D:\\laragon\\www\\method-oldagehome\\public\\index.php')
<<<<<<< Updated upstream
CRITICAL - 2024-02-19 11:47:17 --> Undefined variable $sdata
in APPPATH\Views\dashboard\search.php on line 77.
 1 APPPATH\Views\dashboard\search.php(77): CodeIgniter\Debug\Exceptions->errorHandler(2, 'Undefined variable $sdata', 'D:\\laragon\\www\\method-oldagehome\\app\\Views\\dashboard\\search.php', 77)
 2 SYSTEMPATH\View\View.php(226): include('D:\\laragon\\www\\method-oldagehome\\app\\Views\\dashboard\\search.php')
 3 SYSTEMPATH\View\View.php(229): CodeIgniter\View\View->CodeIgniter\View\{closure}()
 4 SYSTEMPATH\Common.php(1188): CodeIgniter\View\View->render('dashboard/search', [], true)
 5 APPPATH\Controllers\ViewController.php(47): view('dashboard/search')
 6 SYSTEMPATH\CodeIgniter.php(919): App\Controllers\ViewController->search()
 7 SYSTEMPATH\CodeIgniter.php(494): CodeIgniter\CodeIgniter->runController(Object(App\Controllers\ViewController))
 8 SYSTEMPATH\CodeIgniter.php(353): CodeIgniter\CodeIgniter->handleRequest(null, Object(Config\Cache), false)
 9 FCPATH\index.php(79): CodeIgniter\CodeIgniter->run()
10 SYSTEMPATH\Commands\Server\rewrite.php(47): require_once('D:\\laragon\\www\\method-oldagehome\\public\\index.php')
CRITICAL - 2024-02-19 11:47:39 --> Undefined variable $sdata
in APPPATH\Views\dashboard\search.php on line 77.
 1 APPPATH\Views\dashboard\search.php(77): CodeIgniter\Debug\Exceptions->errorHandler(2, 'Undefined variable $sdata', 'D:\\laragon\\www\\method-oldagehome\\app\\Views\\dashboard\\search.php', 77)
 2 SYSTEMPATH\View\View.php(226): include('D:\\laragon\\www\\method-oldagehome\\app\\Views\\dashboard\\search.php')
 3 SYSTEMPATH\View\View.php(229): CodeIgniter\View\View->CodeIgniter\View\{closure}()
 4 SYSTEMPATH\Common.php(1188): CodeIgniter\View\View->render('dashboard/search', [], true)
 5 APPPATH\Controllers\ViewController.php(47): view('dashboard/search')
 6 SYSTEMPATH\CodeIgniter.php(919): App\Controllers\ViewController->search()
 7 SYSTEMPATH\CodeIgniter.php(494): CodeIgniter\CodeIgniter->runController(Object(App\Controllers\ViewController))
 8 SYSTEMPATH\CodeIgniter.php(353): CodeIgniter\CodeIgniter->handleRequest(null, Object(Config\Cache), false)
 9 FCPATH\index.php(79): CodeIgniter\CodeIgniter->run()
10 SYSTEMPATH\Commands\Server\rewrite.php(47): require_once('D:\\laragon\\www\\method-oldagehome\\public\\index.php')
CRITICAL - 2024-02-19 15:55:40 --> Undefined variable $k
in APPPATH\Views\dashboard\manageproduct.php on line 69.
 1 APPPATH\Views\dashboard\manageproduct.php(69): CodeIgniter\Debug\Exceptions->errorHandler(2, 'Undefined variable $k', 'D:\\laragon\\www\\method-oldagehome\\app\\Views\\dashboard\\manageproduct.php', 69)
 2 SYSTEMPATH\View\View.php(226): include('D:\\laragon\\www\\method-oldagehome\\app\\Views\\dashboard\\manageproduct.php')
 3 SYSTEMPATH\View\View.php(229): CodeIgniter\View\View->CodeIgniter\View\{closure}()
 4 SYSTEMPATH\Common.php(1188): CodeIgniter\View\View->render('dashboard/manageproduct', [], true)
 5 APPPATH\Controllers\NewController.php(121): view('dashboard/manageproduct', [...])
 6 SYSTEMPATH\CodeIgniter.php(919): App\Controllers\NewController->show()
 7 SYSTEMPATH\CodeIgniter.php(494): CodeIgniter\CodeIgniter->runController(Object(App\Controllers\NewController))
 8 SYSTEMPATH\CodeIgniter.php(353): CodeIgniter\CodeIgniter->handleRequest(null, Object(Config\Cache), false)
 9 FCPATH\index.php(79): CodeIgniter\CodeIgniter->run()
10 SYSTEMPATH\Commands\Server\rewrite.php(47): require_once('D:\\laragon\\www\\method-oldagehome\\public\\index.php')
=======
ERROR - 2024-02-19 13:48:20 --> mysqli_sql_exception: Column 'ProdName' cannot be null in C:\laragon\www\method-oldagehomes\system\Database\MySQLi\Connection.php:306
Stack trace:
#0 C:\laragon\www\method-oldagehomes\system\Database\MySQLi\Connection.php(306): mysqli->query('INSERT INTO `tb...', 0)
#1 C:\laragon\www\method-oldagehomes\system\Database\BaseConnection.php(692): CodeIgniter\Database\MySQLi\Connection->execute('INSERT INTO `tb...')
#2 C:\laragon\www\method-oldagehomes\system\Database\BaseConnection.php(606): CodeIgniter\Database\BaseConnection->simpleQuery('INSERT INTO `tb...')
#3 C:\laragon\www\method-oldagehomes\system\Database\BaseBuilder.php(2308): CodeIgniter\Database\BaseConnection->query('INSERT INTO `tb...', Array, false)
#4 C:\laragon\www\method-oldagehomes\system\Model.php(319): CodeIgniter\Database\BaseBuilder->insert()
#5 C:\laragon\www\method-oldagehomes\system\BaseModel.php(788): CodeIgniter\Model->doInsert(Array)
#6 C:\laragon\www\method-oldagehomes\system\Model.php(715): CodeIgniter\BaseModel->insert(Array, false)
#7 C:\laragon\www\method-oldagehomes\system\BaseModel.php(698): CodeIgniter\Model->insert(Array, false)
#8 C:\laragon\www\method-oldagehomes\app\Controllers\NewController.php(140): CodeIgniter\BaseModel->save(Array)
#9 C:\laragon\www\method-oldagehomes\system\CodeIgniter.php(919): App\Controllers\NewController->saved()
#10 C:\laragon\www\method-oldagehomes\system\CodeIgniter.php(494): CodeIgniter\CodeIgniter->runController(Object(App\Controllers\NewController))
#11 C:\laragon\www\method-oldagehomes\system\CodeIgniter.php(353): CodeIgniter\CodeIgniter->handleRequest(NULL, Object(Config\Cache), false)
#12 C:\laragon\www\method-oldagehomes\public\index.php(79): CodeIgniter\CodeIgniter->run()
#13 C:\laragon\www\method-oldagehomes\system\Commands\Server\rewrite.php(47): require_once('C:\\laragon\\www\\...')
#14 {main}
CRITICAL - 2024-02-19 13:48:20 --> Column 'ProdName' cannot be null
in SYSTEMPATH\Database\BaseConnection.php on line 646.
 1 SYSTEMPATH\Database\BaseBuilder.php(2308): CodeIgniter\Database\BaseConnection->query('INSERT INTO `tblproduct` (`ProdName`, `Quantity`, `ProdPrice`, `ProdDescription`, `ProdPic`) VALUES (:ProdName:, :Quantity:, :ProdPrice:, :ProdDescription:, :ProdPic:)', [...], false)
 2 SYSTEMPATH\Model.php(319): CodeIgniter\Database\BaseBuilder->insert()
 3 SYSTEMPATH\BaseModel.php(788): CodeIgniter\Model->doInsert([...])
 4 SYSTEMPATH\Model.php(715): CodeIgniter\BaseModel->insert([...], false)
 5 SYSTEMPATH\BaseModel.php(698): CodeIgniter\Model->insert([...], false)
 6 APPPATH\Controllers\NewController.php(140): CodeIgniter\BaseModel->save([...])
 7 SYSTEMPATH\CodeIgniter.php(919): App\Controllers\NewController->saved()
 8 SYSTEMPATH\CodeIgniter.php(494): CodeIgniter\CodeIgniter->runController(Object(App\Controllers\NewController))
 9 SYSTEMPATH\CodeIgniter.php(353): CodeIgniter\CodeIgniter->handleRequest(null, Object(Config\Cache), false)
10 FCPATH\index.php(79): CodeIgniter\CodeIgniter->run()
11 SYSTEMPATH\Commands\Server\rewrite.php(47): require_once('C:\\laragon\\www\\method-oldagehomes\\public\\index.php')
ERROR - 2024-02-19 13:49:22 --> mysqli_sql_exception: Column 'ProdName' cannot be null in C:\laragon\www\method-oldagehomes\system\Database\MySQLi\Connection.php:306
Stack trace:
#0 C:\laragon\www\method-oldagehomes\system\Database\MySQLi\Connection.php(306): mysqli->query('INSERT INTO `tb...', 0)
#1 C:\laragon\www\method-oldagehomes\system\Database\BaseConnection.php(692): CodeIgniter\Database\MySQLi\Connection->execute('INSERT INTO `tb...')
#2 C:\laragon\www\method-oldagehomes\system\Database\BaseConnection.php(606): CodeIgniter\Database\BaseConnection->simpleQuery('INSERT INTO `tb...')
#3 C:\laragon\www\method-oldagehomes\system\Database\BaseBuilder.php(2308): CodeIgniter\Database\BaseConnection->query('INSERT INTO `tb...', Array, false)
#4 C:\laragon\www\method-oldagehomes\system\Model.php(319): CodeIgniter\Database\BaseBuilder->insert()
#5 C:\laragon\www\method-oldagehomes\system\BaseModel.php(788): CodeIgniter\Model->doInsert(Array)
#6 C:\laragon\www\method-oldagehomes\system\Model.php(715): CodeIgniter\BaseModel->insert(Array, false)
#7 C:\laragon\www\method-oldagehomes\system\BaseModel.php(698): CodeIgniter\Model->insert(Array, false)
#8 C:\laragon\www\method-oldagehomes\app\Controllers\NewController.php(140): CodeIgniter\BaseModel->save(Array)
#9 C:\laragon\www\method-oldagehomes\system\CodeIgniter.php(919): App\Controllers\NewController->saved()
#10 C:\laragon\www\method-oldagehomes\system\CodeIgniter.php(494): CodeIgniter\CodeIgniter->runController(Object(App\Controllers\NewController))
#11 C:\laragon\www\method-oldagehomes\system\CodeIgniter.php(353): CodeIgniter\CodeIgniter->handleRequest(NULL, Object(Config\Cache), false)
#12 C:\laragon\www\method-oldagehomes\public\index.php(79): CodeIgniter\CodeIgniter->run()
#13 C:\laragon\www\method-oldagehomes\system\Commands\Server\rewrite.php(47): require_once('C:\\laragon\\www\\...')
#14 {main}
CRITICAL - 2024-02-19 13:49:22 --> Column 'ProdName' cannot be null
in SYSTEMPATH\Database\BaseConnection.php on line 646.
 1 SYSTEMPATH\Database\BaseBuilder.php(2308): CodeIgniter\Database\BaseConnection->query('INSERT INTO `tblproduct` (`ProdName`, `Quantity`, `ProdPrice`, `ProdDescription`, `ProdPic`) VALUES (:ProdName:, :Quantity:, :ProdPrice:, :ProdDescription:, :ProdPic:)', [...], false)
 2 SYSTEMPATH\Model.php(319): CodeIgniter\Database\BaseBuilder->insert()
 3 SYSTEMPATH\BaseModel.php(788): CodeIgniter\Model->doInsert([...])
 4 SYSTEMPATH\Model.php(715): CodeIgniter\BaseModel->insert([...], false)
 5 SYSTEMPATH\BaseModel.php(698): CodeIgniter\Model->insert([...], false)
 6 APPPATH\Controllers\NewController.php(140): CodeIgniter\BaseModel->save([...])
 7 SYSTEMPATH\CodeIgniter.php(919): App\Controllers\NewController->saved()
 8 SYSTEMPATH\CodeIgniter.php(494): CodeIgniter\CodeIgniter->runController(Object(App\Controllers\NewController))
 9 SYSTEMPATH\CodeIgniter.php(353): CodeIgniter\CodeIgniter->handleRequest(null, Object(Config\Cache), false)
10 FCPATH\index.php(79): CodeIgniter\CodeIgniter->run()
11 SYSTEMPATH\Commands\Server\rewrite.php(47): require_once('C:\\laragon\\www\\method-oldagehomes\\public\\index.php')
ERROR - 2024-02-19 13:51:41 --> mysqli_sql_exception: Column 'ProdName' cannot be null in C:\laragon\www\method-oldagehomes\system\Database\MySQLi\Connection.php:306
Stack trace:
#0 C:\laragon\www\method-oldagehomes\system\Database\MySQLi\Connection.php(306): mysqli->query('INSERT INTO `tb...', 0)
#1 C:\laragon\www\method-oldagehomes\system\Database\BaseConnection.php(692): CodeIgniter\Database\MySQLi\Connection->execute('INSERT INTO `tb...')
#2 C:\laragon\www\method-oldagehomes\system\Database\BaseConnection.php(606): CodeIgniter\Database\BaseConnection->simpleQuery('INSERT INTO `tb...')
#3 C:\laragon\www\method-oldagehomes\system\Database\BaseBuilder.php(2308): CodeIgniter\Database\BaseConnection->query('INSERT INTO `tb...', Array, false)
#4 C:\laragon\www\method-oldagehomes\system\Model.php(319): CodeIgniter\Database\BaseBuilder->insert()
#5 C:\laragon\www\method-oldagehomes\system\BaseModel.php(788): CodeIgniter\Model->doInsert(Array)
#6 C:\laragon\www\method-oldagehomes\system\Model.php(715): CodeIgniter\BaseModel->insert(Array, false)
#7 C:\laragon\www\method-oldagehomes\system\BaseModel.php(698): CodeIgniter\Model->insert(Array, false)
#8 C:\laragon\www\method-oldagehomes\app\Controllers\NewController.php(140): CodeIgniter\BaseModel->save(Array)
#9 C:\laragon\www\method-oldagehomes\system\CodeIgniter.php(919): App\Controllers\NewController->saved()
#10 C:\laragon\www\method-oldagehomes\system\CodeIgniter.php(494): CodeIgniter\CodeIgniter->runController(Object(App\Controllers\NewController))
#11 C:\laragon\www\method-oldagehomes\system\CodeIgniter.php(353): CodeIgniter\CodeIgniter->handleRequest(NULL, Object(Config\Cache), false)
#12 C:\laragon\www\method-oldagehomes\public\index.php(79): CodeIgniter\CodeIgniter->run()
#13 C:\laragon\www\method-oldagehomes\system\Commands\Server\rewrite.php(47): require_once('C:\\laragon\\www\\...')
#14 {main}
CRITICAL - 2024-02-19 13:51:41 --> Column 'ProdName' cannot be null
in SYSTEMPATH\Database\BaseConnection.php on line 646.
 1 SYSTEMPATH\Database\BaseBuilder.php(2308): CodeIgniter\Database\BaseConnection->query('INSERT INTO `tblproduct` (`ProdName`, `Quantity`, `ProdPrice`, `ProdDescription`, `ProdPic`) VALUES (:ProdName:, :Quantity:, :ProdPrice:, :ProdDescription:, :ProdPic:)', [...], false)
 2 SYSTEMPATH\Model.php(319): CodeIgniter\Database\BaseBuilder->insert()
 3 SYSTEMPATH\BaseModel.php(788): CodeIgniter\Model->doInsert([...])
 4 SYSTEMPATH\Model.php(715): CodeIgniter\BaseModel->insert([...], false)
 5 SYSTEMPATH\BaseModel.php(698): CodeIgniter\Model->insert([...], false)
 6 APPPATH\Controllers\NewController.php(140): CodeIgniter\BaseModel->save([...])
 7 SYSTEMPATH\CodeIgniter.php(919): App\Controllers\NewController->saved()
 8 SYSTEMPATH\CodeIgniter.php(494): CodeIgniter\CodeIgniter->runController(Object(App\Controllers\NewController))
 9 SYSTEMPATH\CodeIgniter.php(353): CodeIgniter\CodeIgniter->handleRequest(null, Object(Config\Cache), false)
10 FCPATH\index.php(79): CodeIgniter\CodeIgniter->run()
11 SYSTEMPATH\Commands\Server\rewrite.php(47): require_once('C:\\laragon\\www\\method-oldagehomes\\public\\index.php')
ERROR - 2024-02-19 13:55:51 --> mysqli_sql_exception: Column 'ProdName' cannot be null in C:\laragon\www\method-oldagehomes\system\Database\MySQLi\Connection.php:306
Stack trace:
#0 C:\laragon\www\method-oldagehomes\system\Database\MySQLi\Connection.php(306): mysqli->query('INSERT INTO `tb...', 0)
#1 C:\laragon\www\method-oldagehomes\system\Database\BaseConnection.php(692): CodeIgniter\Database\MySQLi\Connection->execute('INSERT INTO `tb...')
#2 C:\laragon\www\method-oldagehomes\system\Database\BaseConnection.php(606): CodeIgniter\Database\BaseConnection->simpleQuery('INSERT INTO `tb...')
#3 C:\laragon\www\method-oldagehomes\system\Database\BaseBuilder.php(2308): CodeIgniter\Database\BaseConnection->query('INSERT INTO `tb...', Array, false)
#4 C:\laragon\www\method-oldagehomes\system\Model.php(319): CodeIgniter\Database\BaseBuilder->insert()
#5 C:\laragon\www\method-oldagehomes\system\BaseModel.php(788): CodeIgniter\Model->doInsert(Array)
#6 C:\laragon\www\method-oldagehomes\system\Model.php(715): CodeIgniter\BaseModel->insert(Array, false)
#7 C:\laragon\www\method-oldagehomes\system\BaseModel.php(698): CodeIgniter\Model->insert(Array, false)
#8 C:\laragon\www\method-oldagehomes\app\Controllers\NewController.php(140): CodeIgniter\BaseModel->save(Array)
#9 C:\laragon\www\method-oldagehomes\system\CodeIgniter.php(919): App\Controllers\NewController->saved()
#10 C:\laragon\www\method-oldagehomes\system\CodeIgniter.php(494): CodeIgniter\CodeIgniter->runController(Object(App\Controllers\NewController))
#11 C:\laragon\www\method-oldagehomes\system\CodeIgniter.php(353): CodeIgniter\CodeIgniter->handleRequest(NULL, Object(Config\Cache), false)
#12 C:\laragon\www\method-oldagehomes\public\index.php(79): CodeIgniter\CodeIgniter->run()
#13 C:\laragon\www\method-oldagehomes\system\Commands\Server\rewrite.php(47): require_once('C:\\laragon\\www\\...')
#14 {main}
CRITICAL - 2024-02-19 13:55:51 --> Column 'ProdName' cannot be null
in SYSTEMPATH\Database\BaseConnection.php on line 646.
 1 SYSTEMPATH\Database\BaseBuilder.php(2308): CodeIgniter\Database\BaseConnection->query('INSERT INTO `tblproduct` (`ProdName`, `Quantity`, `ProdPrice`, `ProdDescription`, `ProdPic`) VALUES (:ProdName:, :Quantity:, :ProdPrice:, :ProdDescription:, :ProdPic:)', [...], false)
 2 SYSTEMPATH\Model.php(319): CodeIgniter\Database\BaseBuilder->insert()
 3 SYSTEMPATH\BaseModel.php(788): CodeIgniter\Model->doInsert([...])
 4 SYSTEMPATH\Model.php(715): CodeIgniter\BaseModel->insert([...], false)
 5 SYSTEMPATH\BaseModel.php(698): CodeIgniter\Model->insert([...], false)
 6 APPPATH\Controllers\NewController.php(140): CodeIgniter\BaseModel->save([...])
 7 SYSTEMPATH\CodeIgniter.php(919): App\Controllers\NewController->saved()
 8 SYSTEMPATH\CodeIgniter.php(494): CodeIgniter\CodeIgniter->runController(Object(App\Controllers\NewController))
 9 SYSTEMPATH\CodeIgniter.php(353): CodeIgniter\CodeIgniter->handleRequest(null, Object(Config\Cache), false)
10 FCPATH\index.php(79): CodeIgniter\CodeIgniter->run()
11 SYSTEMPATH\Commands\Server\rewrite.php(47): require_once('C:\\laragon\\www\\method-oldagehomes\\public\\index.php')
ERROR - 2024-02-19 13:58:10 --> mysqli_sql_exception: Column 'ProdName' cannot be null in C:\laragon\www\method-oldagehomes\system\Database\MySQLi\Connection.php:306
Stack trace:
#0 C:\laragon\www\method-oldagehomes\system\Database\MySQLi\Connection.php(306): mysqli->query('INSERT INTO `tb...', 0)
#1 C:\laragon\www\method-oldagehomes\system\Database\BaseConnection.php(692): CodeIgniter\Database\MySQLi\Connection->execute('INSERT INTO `tb...')
#2 C:\laragon\www\method-oldagehomes\system\Database\BaseConnection.php(606): CodeIgniter\Database\BaseConnection->simpleQuery('INSERT INTO `tb...')
#3 C:\laragon\www\method-oldagehomes\system\Database\BaseBuilder.php(2308): CodeIgniter\Database\BaseConnection->query('INSERT INTO `tb...', Array, false)
#4 C:\laragon\www\method-oldagehomes\system\Model.php(319): CodeIgniter\Database\BaseBuilder->insert()
#5 C:\laragon\www\method-oldagehomes\system\BaseModel.php(788): CodeIgniter\Model->doInsert(Array)
#6 C:\laragon\www\method-oldagehomes\system\Model.php(715): CodeIgniter\BaseModel->insert(Array, false)
#7 C:\laragon\www\method-oldagehomes\system\BaseModel.php(698): CodeIgniter\Model->insert(Array, false)
#8 C:\laragon\www\method-oldagehomes\app\Controllers\NewController.php(140): CodeIgniter\BaseModel->save(Array)
#9 C:\laragon\www\method-oldagehomes\system\CodeIgniter.php(919): App\Controllers\NewController->saved()
#10 C:\laragon\www\method-oldagehomes\system\CodeIgniter.php(494): CodeIgniter\CodeIgniter->runController(Object(App\Controllers\NewController))
#11 C:\laragon\www\method-oldagehomes\system\CodeIgniter.php(353): CodeIgniter\CodeIgniter->handleRequest(NULL, Object(Config\Cache), false)
#12 C:\laragon\www\method-oldagehomes\public\index.php(79): CodeIgniter\CodeIgniter->run()
#13 C:\laragon\www\method-oldagehomes\system\Commands\Server\rewrite.php(47): require_once('C:\\laragon\\www\\...')
#14 {main}
CRITICAL - 2024-02-19 13:58:10 --> Column 'ProdName' cannot be null
in SYSTEMPATH\Database\BaseConnection.php on line 646.
 1 SYSTEMPATH\Database\BaseBuilder.php(2308): CodeIgniter\Database\BaseConnection->query('INSERT INTO `tblproduct` (`ProdName`, `Quantity`, `ProdPrice`, `ProdDescription`, `ProdPic`) VALUES (:ProdName:, :Quantity:, :ProdPrice:, :ProdDescription:, :ProdPic:)', [...], false)
 2 SYSTEMPATH\Model.php(319): CodeIgniter\Database\BaseBuilder->insert()
 3 SYSTEMPATH\BaseModel.php(788): CodeIgniter\Model->doInsert([...])
 4 SYSTEMPATH\Model.php(715): CodeIgniter\BaseModel->insert([...], false)
 5 SYSTEMPATH\BaseModel.php(698): CodeIgniter\Model->insert([...], false)
 6 APPPATH\Controllers\NewController.php(140): CodeIgniter\BaseModel->save([...])
 7 SYSTEMPATH\CodeIgniter.php(919): App\Controllers\NewController->saved()
 8 SYSTEMPATH\CodeIgniter.php(494): CodeIgniter\CodeIgniter->runController(Object(App\Controllers\NewController))
 9 SYSTEMPATH\CodeIgniter.php(353): CodeIgniter\CodeIgniter->handleRequest(null, Object(Config\Cache), false)
10 FCPATH\index.php(79): CodeIgniter\CodeIgniter->run()
11 SYSTEMPATH\Commands\Server\rewrite.php(47): require_once('C:\\laragon\\www\\method-oldagehomes\\public\\index.php')
ERROR - 2024-02-19 14:01:01 --> mysqli_sql_exception: Column 'ProdName' cannot be null in C:\laragon\www\method-oldagehomes\system\Database\MySQLi\Connection.php:306
Stack trace:
#0 C:\laragon\www\method-oldagehomes\system\Database\MySQLi\Connection.php(306): mysqli->query('INSERT INTO `tb...', 0)
#1 C:\laragon\www\method-oldagehomes\system\Database\BaseConnection.php(692): CodeIgniter\Database\MySQLi\Connection->execute('INSERT INTO `tb...')
#2 C:\laragon\www\method-oldagehomes\system\Database\BaseConnection.php(606): CodeIgniter\Database\BaseConnection->simpleQuery('INSERT INTO `tb...')
#3 C:\laragon\www\method-oldagehomes\system\Database\BaseBuilder.php(2308): CodeIgniter\Database\BaseConnection->query('INSERT INTO `tb...', Array, false)
#4 C:\laragon\www\method-oldagehomes\system\Model.php(319): CodeIgniter\Database\BaseBuilder->insert()
#5 C:\laragon\www\method-oldagehomes\system\BaseModel.php(788): CodeIgniter\Model->doInsert(Array)
#6 C:\laragon\www\method-oldagehomes\system\Model.php(715): CodeIgniter\BaseModel->insert(Array, false)
#7 C:\laragon\www\method-oldagehomes\system\BaseModel.php(698): CodeIgniter\Model->insert(Array, false)
#8 C:\laragon\www\method-oldagehomes\app\Controllers\NewController.php(140): CodeIgniter\BaseModel->save(Array)
#9 C:\laragon\www\method-oldagehomes\system\CodeIgniter.php(919): App\Controllers\NewController->saved()
#10 C:\laragon\www\method-oldagehomes\system\CodeIgniter.php(494): CodeIgniter\CodeIgniter->runController(Object(App\Controllers\NewController))
#11 C:\laragon\www\method-oldagehomes\system\CodeIgniter.php(353): CodeIgniter\CodeIgniter->handleRequest(NULL, Object(Config\Cache), false)
#12 C:\laragon\www\method-oldagehomes\public\index.php(79): CodeIgniter\CodeIgniter->run()
#13 C:\laragon\www\method-oldagehomes\system\Commands\Server\rewrite.php(47): require_once('C:\\laragon\\www\\...')
#14 {main}
CRITICAL - 2024-02-19 14:01:01 --> Column 'ProdName' cannot be null
in SYSTEMPATH\Database\BaseConnection.php on line 646.
 1 SYSTEMPATH\Database\BaseBuilder.php(2308): CodeIgniter\Database\BaseConnection->query('INSERT INTO `tblproduct` (`ProdName`, `Quantity`, `ProdPrice`, `ProdDescription`, `ProdPic`) VALUES (:ProdName:, :Quantity:, :ProdPrice:, :ProdDescription:, :ProdPic:)', [...], false)
 2 SYSTEMPATH\Model.php(319): CodeIgniter\Database\BaseBuilder->insert()
 3 SYSTEMPATH\BaseModel.php(788): CodeIgniter\Model->doInsert([...])
 4 SYSTEMPATH\Model.php(715): CodeIgniter\BaseModel->insert([...], false)
 5 SYSTEMPATH\BaseModel.php(698): CodeIgniter\Model->insert([...], false)
 6 APPPATH\Controllers\NewController.php(140): CodeIgniter\BaseModel->save([...])
 7 SYSTEMPATH\CodeIgniter.php(919): App\Controllers\NewController->saved()
 8 SYSTEMPATH\CodeIgniter.php(494): CodeIgniter\CodeIgniter->runController(Object(App\Controllers\NewController))
 9 SYSTEMPATH\CodeIgniter.php(353): CodeIgniter\CodeIgniter->handleRequest(null, Object(Config\Cache), false)
10 FCPATH\index.php(79): CodeIgniter\CodeIgniter->run()
11 SYSTEMPATH\Commands\Server\rewrite.php(47): require_once('C:\\laragon\\www\\method-oldagehomes\\public\\index.php')
CRITICAL - 2024-02-19 14:23:28 --> Undefined variable $contact
in APPPATH\Views\dashboard\unreadq.php on line 63.
 1 APPPATH\Views\dashboard\unreadq.php(63): CodeIgniter\Debug\Exceptions->errorHandler(2, 'Undefined variable $contact', 'C:\\laragon\\www\\method-oldagehomes\\app\\Views\\dashboard\\unreadq.php', 63)
 2 SYSTEMPATH\View\View.php(226): include('C:\\laragon\\www\\method-oldagehomes\\app\\Views\\dashboard\\unreadq.php')
 3 SYSTEMPATH\View\View.php(229): CodeIgniter\View\View->CodeIgniter\View\{closure}()
 4 SYSTEMPATH\Common.php(1188): CodeIgniter\View\View->render('dashboard/unreadq', [], true)
 5 APPPATH\Controllers\ViewController.php(83): view('dashboard/unreadq')
 6 SYSTEMPATH\CodeIgniter.php(919): App\Controllers\ViewController->unreadq()
 7 SYSTEMPATH\CodeIgniter.php(494): CodeIgniter\CodeIgniter->runController(Object(App\Controllers\ViewController))
 8 SYSTEMPATH\CodeIgniter.php(353): CodeIgniter\CodeIgniter->handleRequest(null, Object(Config\Cache), false)
 9 FCPATH\index.php(79): CodeIgniter\CodeIgniter->run()
10 SYSTEMPATH\Commands\Server\rewrite.php(47): require_once('C:\\laragon\\www\\method-oldagehomes\\public\\index.php')
CRITICAL - 2024-02-19 14:25:05 --> Undefined variable $contact
in APPPATH\Views\dashboard\unreadq.php on line 63.
 1 APPPATH\Views\dashboard\unreadq.php(63): CodeIgniter\Debug\Exceptions->errorHandler(2, 'Undefined variable $contact', 'C:\\laragon\\www\\method-oldagehomes\\app\\Views\\dashboard\\unreadq.php', 63)
 2 SYSTEMPATH\View\View.php(226): include('C:\\laragon\\www\\method-oldagehomes\\app\\Views\\dashboard\\unreadq.php')
 3 SYSTEMPATH\View\View.php(229): CodeIgniter\View\View->CodeIgniter\View\{closure}()
 4 SYSTEMPATH\Common.php(1188): CodeIgniter\View\View->render('dashboard/unreadq', [], true)
 5 APPPATH\Controllers\ViewController.php(83): view('dashboard/unreadq')
 6 SYSTEMPATH\CodeIgniter.php(919): App\Controllers\ViewController->unreadq()
 7 SYSTEMPATH\CodeIgniter.php(494): CodeIgniter\CodeIgniter->runController(Object(App\Controllers\ViewController))
 8 SYSTEMPATH\CodeIgniter.php(353): CodeIgniter\CodeIgniter->handleRequest(null, Object(Config\Cache), false)
 9 FCPATH\index.php(79): CodeIgniter\CodeIgniter->run()
10 SYSTEMPATH\Commands\Server\rewrite.php(47): require_once('C:\\laragon\\www\\method-oldagehomes\\public\\index.php')
CRITICAL - 2024-02-19 14:33:12 --> Undefined variable $contact
in APPPATH\Views\dashboard\unreadq.php on line 63.
 1 APPPATH\Views\dashboard\unreadq.php(63): CodeIgniter\Debug\Exceptions->errorHandler(2, 'Undefined variable $contact', 'C:\\laragon\\www\\method-oldagehomes\\app\\Views\\dashboard\\unreadq.php', 63)
 2 SYSTEMPATH\View\View.php(226): include('C:\\laragon\\www\\method-oldagehomes\\app\\Views\\dashboard\\unreadq.php')
 3 SYSTEMPATH\View\View.php(229): CodeIgniter\View\View->CodeIgniter\View\{closure}()
 4 SYSTEMPATH\Common.php(1188): CodeIgniter\View\View->render('dashboard/unreadq', [], true)
 5 APPPATH\Controllers\ViewController.php(83): view('dashboard/unreadq')
 6 SYSTEMPATH\CodeIgniter.php(919): App\Controllers\ViewController->unreadq()
 7 SYSTEMPATH\CodeIgniter.php(494): CodeIgniter\CodeIgniter->runController(Object(App\Controllers\ViewController))
 8 SYSTEMPATH\CodeIgniter.php(353): CodeIgniter\CodeIgniter->handleRequest(null, Object(Config\Cache), false)
 9 FCPATH\index.php(79): CodeIgniter\CodeIgniter->run()
10 SYSTEMPATH\Commands\Server\rewrite.php(47): require_once('C:\\laragon\\www\\method-oldagehomes\\public\\index.php')
CRITICAL - 2024-02-19 14:33:16 --> Undefined variable $contact
in APPPATH\Views\dashboard\unreadq.php on line 63.
 1 APPPATH\Views\dashboard\unreadq.php(63): CodeIgniter\Debug\Exceptions->errorHandler(2, 'Undefined variable $contact', 'C:\\laragon\\www\\method-oldagehomes\\app\\Views\\dashboard\\unreadq.php', 63)
 2 SYSTEMPATH\View\View.php(226): include('C:\\laragon\\www\\method-oldagehomes\\app\\Views\\dashboard\\unreadq.php')
 3 SYSTEMPATH\View\View.php(229): CodeIgniter\View\View->CodeIgniter\View\{closure}()
 4 SYSTEMPATH\Common.php(1188): CodeIgniter\View\View->render('dashboard/unreadq', [], true)
 5 APPPATH\Controllers\ViewController.php(83): view('dashboard/unreadq')
 6 SYSTEMPATH\CodeIgniter.php(919): App\Controllers\ViewController->unreadq()
 7 SYSTEMPATH\CodeIgniter.php(494): CodeIgniter\CodeIgniter->runController(Object(App\Controllers\ViewController))
 8 SYSTEMPATH\CodeIgniter.php(353): CodeIgniter\CodeIgniter->handleRequest(null, Object(Config\Cache), false)
 9 FCPATH\index.php(79): CodeIgniter\CodeIgniter->run()
10 SYSTEMPATH\Commands\Server\rewrite.php(47): require_once('C:\\laragon\\www\\method-oldagehomes\\public\\index.php')
CRITICAL - 2024-02-19 14:33:16 --> Undefined variable $contact
in APPPATH\Views\dashboard\unreadq.php on line 63.
 1 APPPATH\Views\dashboard\unreadq.php(63): CodeIgniter\Debug\Exceptions->errorHandler(2, 'Undefined variable $contact', 'C:\\laragon\\www\\method-oldagehomes\\app\\Views\\dashboard\\unreadq.php', 63)
 2 SYSTEMPATH\View\View.php(226): include('C:\\laragon\\www\\method-oldagehomes\\app\\Views\\dashboard\\unreadq.php')
 3 SYSTEMPATH\View\View.php(229): CodeIgniter\View\View->CodeIgniter\View\{closure}()
 4 SYSTEMPATH\Common.php(1188): CodeIgniter\View\View->render('dashboard/unreadq', [], true)
 5 APPPATH\Controllers\ViewController.php(83): view('dashboard/unreadq')
 6 SYSTEMPATH\CodeIgniter.php(919): App\Controllers\ViewController->unreadq()
 7 SYSTEMPATH\CodeIgniter.php(494): CodeIgniter\CodeIgniter->runController(Object(App\Controllers\ViewController))
 8 SYSTEMPATH\CodeIgniter.php(353): CodeIgniter\CodeIgniter->handleRequest(null, Object(Config\Cache), false)
 9 FCPATH\index.php(79): CodeIgniter\CodeIgniter->run()
10 SYSTEMPATH\Commands\Server\rewrite.php(47): require_once('C:\\laragon\\www\\method-oldagehomes\\public\\index.php')
CRITICAL - 2024-02-19 14:33:17 --> Undefined variable $contact
in APPPATH\Views\dashboard\unreadq.php on line 63.
 1 APPPATH\Views\dashboard\unreadq.php(63): CodeIgniter\Debug\Exceptions->errorHandler(2, 'Undefined variable $contact', 'C:\\laragon\\www\\method-oldagehomes\\app\\Views\\dashboard\\unreadq.php', 63)
 2 SYSTEMPATH\View\View.php(226): include('C:\\laragon\\www\\method-oldagehomes\\app\\Views\\dashboard\\unreadq.php')
 3 SYSTEMPATH\View\View.php(229): CodeIgniter\View\View->CodeIgniter\View\{closure}()
 4 SYSTEMPATH\Common.php(1188): CodeIgniter\View\View->render('dashboard/unreadq', [], true)
 5 APPPATH\Controllers\ViewController.php(83): view('dashboard/unreadq')
 6 SYSTEMPATH\CodeIgniter.php(919): App\Controllers\ViewController->unreadq()
 7 SYSTEMPATH\CodeIgniter.php(494): CodeIgniter\CodeIgniter->runController(Object(App\Controllers\ViewController))
 8 SYSTEMPATH\CodeIgniter.php(353): CodeIgniter\CodeIgniter->handleRequest(null, Object(Config\Cache), false)
 9 FCPATH\index.php(79): CodeIgniter\CodeIgniter->run()
10 SYSTEMPATH\Commands\Server\rewrite.php(47): require_once('C:\\laragon\\www\\method-oldagehomes\\public\\index.php')
CRITICAL - 2024-02-19 14:33:17 --> Undefined variable $contact
in APPPATH\Views\dashboard\unreadq.php on line 63.
 1 APPPATH\Views\dashboard\unreadq.php(63): CodeIgniter\Debug\Exceptions->errorHandler(2, 'Undefined variable $contact', 'C:\\laragon\\www\\method-oldagehomes\\app\\Views\\dashboard\\unreadq.php', 63)
 2 SYSTEMPATH\View\View.php(226): include('C:\\laragon\\www\\method-oldagehomes\\app\\Views\\dashboard\\unreadq.php')
 3 SYSTEMPATH\View\View.php(229): CodeIgniter\View\View->CodeIgniter\View\{closure}()
 4 SYSTEMPATH\Common.php(1188): CodeIgniter\View\View->render('dashboard/unreadq', [], true)
 5 APPPATH\Controllers\ViewController.php(83): view('dashboard/unreadq')
 6 SYSTEMPATH\CodeIgniter.php(919): App\Controllers\ViewController->unreadq()
 7 SYSTEMPATH\CodeIgniter.php(494): CodeIgniter\CodeIgniter->runController(Object(App\Controllers\ViewController))
 8 SYSTEMPATH\CodeIgniter.php(353): CodeIgniter\CodeIgniter->handleRequest(null, Object(Config\Cache), false)
 9 FCPATH\index.php(79): CodeIgniter\CodeIgniter->run()
10 SYSTEMPATH\Commands\Server\rewrite.php(47): require_once('C:\\laragon\\www\\method-oldagehomes\\public\\index.php')
CRITICAL - 2024-02-19 14:34:47 --> Undefined variable $contact
in APPPATH\Views\dashboard\unreadq.php on line 63.
 1 APPPATH\Views\dashboard\unreadq.php(63): CodeIgniter\Debug\Exceptions->errorHandler(2, 'Undefined variable $contact', 'C:\\laragon\\www\\method-oldagehomes\\app\\Views\\dashboard\\unreadq.php', 63)
 2 SYSTEMPATH\View\View.php(226): include('C:\\laragon\\www\\method-oldagehomes\\app\\Views\\dashboard\\unreadq.php')
 3 SYSTEMPATH\View\View.php(229): CodeIgniter\View\View->CodeIgniter\View\{closure}()
 4 SYSTEMPATH\Common.php(1188): CodeIgniter\View\View->render('dashboard/unreadq', [], true)
 5 APPPATH\Controllers\ViewController.php(83): view('dashboard/unreadq')
 6 SYSTEMPATH\CodeIgniter.php(919): App\Controllers\ViewController->unreadq()
 7 SYSTEMPATH\CodeIgniter.php(494): CodeIgniter\CodeIgniter->runController(Object(App\Controllers\ViewController))
 8 SYSTEMPATH\CodeIgniter.php(353): CodeIgniter\CodeIgniter->handleRequest(null, Object(Config\Cache), false)
 9 FCPATH\index.php(79): CodeIgniter\CodeIgniter->run()
10 SYSTEMPATH\Commands\Server\rewrite.php(47): require_once('C:\\laragon\\www\\method-oldagehomes\\public\\index.php')
ERROR - 2024-02-19 22:55:27 --> Error connecting to the database: mysqli_sql_exception: No connection could be made because the target machine actively refused it in C:\laragon\www\method-oldagehomes\system\Database\MySQLi\Connection.php:185
Stack trace:
#0 C:\laragon\www\method-oldagehomes\system\Database\MySQLi\Connection.php(185): mysqli->real_connect('localhost', 'root', '', 'seniorcaredb', 3306, '', 0)
#1 C:\laragon\www\method-oldagehomes\system\Database\BaseConnection.php(391): CodeIgniter\Database\MySQLi\Connection->connect(false)
#2 C:\laragon\www\method-oldagehomes\system\Database\BaseConnection.php(574): CodeIgniter\Database\BaseConnection->initialize()
#3 C:\laragon\www\method-oldagehomes\system\Database\BaseBuilder.php(1615): CodeIgniter\Database\BaseConnection->query('SELECT *\nFROM `...', Array, false)
#4 C:\laragon\www\method-oldagehomes\system\Model.php(264): CodeIgniter\Database\BaseBuilder->get()
#5 C:\laragon\www\method-oldagehomes\system\BaseModel.php(662): CodeIgniter\Model->doFirst()
#6 C:\laragon\www\method-oldagehomes\app\Controllers\UserController.php(29): CodeIgniter\BaseModel->first()
#7 C:\laragon\www\method-oldagehomes\system\CodeIgniter.php(919): App\Controllers\UserController->loginAuth()
#8 C:\laragon\www\method-oldagehomes\system\CodeIgniter.php(494): CodeIgniter\CodeIgniter->runController(Object(App\Controllers\UserController))
#9 C:\laragon\www\method-oldagehomes\system\CodeIgniter.php(353): CodeIgniter\CodeIgniter->handleRequest(NULL, Object(Config\Cache), false)
#10 C:\laragon\www\method-oldagehomes\public\index.php(79): CodeIgniter\CodeIgniter->run()
#11 C:\laragon\www\method-oldagehomes\system\Commands\Server\rewrite.php(47): require_once('C:\\laragon\\www\\...')
#12 {main}

Next CodeIgniter\Database\Exceptions\DatabaseException: No connection could be made because the target machine actively refused it in C:\laragon\www\method-oldagehomes\system\Database\MySQLi\Connection.php:229
Stack trace:
#0 C:\laragon\www\method-oldagehomes\system\Database\BaseConnection.php(391): CodeIgniter\Database\MySQLi\Connection->connect(false)
#1 C:\laragon\www\method-oldagehomes\system\Database\BaseConnection.php(574): CodeIgniter\Database\BaseConnection->initialize()
#2 C:\laragon\www\method-oldagehomes\system\Database\BaseBuilder.php(1615): CodeIgniter\Database\BaseConnection->query('SELECT *\nFROM `...', Array, false)
#3 C:\laragon\www\method-oldagehomes\system\Model.php(264): CodeIgniter\Database\BaseBuilder->get()
#4 C:\laragon\www\method-oldagehomes\system\BaseModel.php(662): CodeIgniter\Model->doFirst()
#5 C:\laragon\www\method-oldagehomes\app\Controllers\UserController.php(29): CodeIgniter\BaseModel->first()
#6 C:\laragon\www\method-oldagehomes\system\CodeIgniter.php(919): App\Controllers\UserController->loginAuth()
#7 C:\laragon\www\method-oldagehomes\system\CodeIgniter.php(494): CodeIgniter\CodeIgniter->runController(Object(App\Controllers\UserController))
#8 C:\laragon\www\method-oldagehomes\system\CodeIgniter.php(353): CodeIgniter\CodeIgniter->handleRequest(NULL, Object(Config\Cache), false)
#9 C:\laragon\www\method-oldagehomes\public\index.php(79): CodeIgniter\CodeIgniter->run()
#10 C:\laragon\www\method-oldagehomes\system\Commands\Server\rewrite.php(47): require_once('C:\\laragon\\www\\...')
#11 {main}
CRITICAL - 2024-02-19 22:55:27 --> Unable to connect to the database.
Main connection [MySQLi]: No connection could be made because the target machine actively refused it
in SYSTEMPATH\Database\BaseConnection.php on line 427.
 1 SYSTEMPATH\Database\BaseConnection.php(574): CodeIgniter\Database\BaseConnection->initialize()
 2 SYSTEMPATH\Database\BaseBuilder.php(1615): CodeIgniter\Database\BaseConnection->query('SELECT *
FROM `user`
WHERE `Email` = :Email:
 LIMIT 1', [...], false)
 3 SYSTEMPATH\Model.php(264): CodeIgniter\Database\BaseBuilder->get()
 4 SYSTEMPATH\BaseModel.php(662): CodeIgniter\Model->doFirst()
 5 APPPATH\Controllers\UserController.php(29): CodeIgniter\BaseModel->first()
 6 SYSTEMPATH\CodeIgniter.php(919): App\Controllers\UserController->loginAuth()
 7 SYSTEMPATH\CodeIgniter.php(494): CodeIgniter\CodeIgniter->runController(Object(App\Controllers\UserController))
 8 SYSTEMPATH\CodeIgniter.php(353): CodeIgniter\CodeIgniter->handleRequest(null, Object(Config\Cache), false)
 9 FCPATH\index.php(79): CodeIgniter\CodeIgniter->run()
10 SYSTEMPATH\Commands\Server\rewrite.php(47): require_once('C:\\laragon\\www\\method-oldagehomes\\public\\index.php')
CRITICAL - 2024-02-19 22:56:57 --> Undefined variable $contact
in APPPATH\Views\dashboard\unreadq.php on line 63.
 1 APPPATH\Views\dashboard\unreadq.php(63): CodeIgniter\Debug\Exceptions->errorHandler(2, 'Undefined variable $contact', 'C:\\laragon\\www\\method-oldagehomes\\app\\Views\\dashboard\\unreadq.php', 63)
 2 SYSTEMPATH\View\View.php(226): include('C:\\laragon\\www\\method-oldagehomes\\app\\Views\\dashboard\\unreadq.php')
 3 SYSTEMPATH\View\View.php(229): CodeIgniter\View\View->CodeIgniter\View\{closure}()
 4 SYSTEMPATH\Common.php(1188): CodeIgniter\View\View->render('dashboard/unreadq', [], true)
 5 APPPATH\Controllers\ViewController.php(83): view('dashboard/unreadq')
 6 SYSTEMPATH\CodeIgniter.php(919): App\Controllers\ViewController->unreadq()
 7 SYSTEMPATH\CodeIgniter.php(494): CodeIgniter\CodeIgniter->runController(Object(App\Controllers\ViewController))
 8 SYSTEMPATH\CodeIgniter.php(353): CodeIgniter\CodeIgniter->handleRequest(null, Object(Config\Cache), false)
 9 FCPATH\index.php(79): CodeIgniter\CodeIgniter->run()
10 SYSTEMPATH\Commands\Server\rewrite.php(47): require_once('C:\\laragon\\www\\method-oldagehomes\\public\\index.php')
CRITICAL - 2024-02-19 23:09:54 --> include_once(includes/subheader.php): Failed to open stream: No such file or directory
in APPPATH\Views\dashboard\editproduct.php on line 29.
 1 APPPATH\Views\dashboard\editproduct.php(29): CodeIgniter\Debug\Exceptions->errorHandler(2, 'include_once(includes/subheader.php): Failed to open stream: No such file or directory', 'C:\\laragon\\www\\method-oldagehomes\\app\\Views\\dashboard\\editproduct.php', 29)
 2 APPPATH\Views\dashboard\editproduct.php(29): include_once()
 3 SYSTEMPATH\View\View.php(226): include('C:\\laragon\\www\\method-oldagehomes\\app\\Views\\dashboard\\editproduct.php')
 4 SYSTEMPATH\View\View.php(229): CodeIgniter\View\View->CodeIgniter\View\{closure}()
 5 SYSTEMPATH\Common.php(1188): CodeIgniter\View\View->render('dashboard/editproduct', [], true)
 6 APPPATH\Controllers\ProductsController.php(28): view('dashboard/editproduct', [...])
 7 SYSTEMPATH\CodeIgniter.php(919): App\Controllers\ProductsController->editprod('1')
 8 SYSTEMPATH\CodeIgniter.php(494): CodeIgniter\CodeIgniter->runController(Object(App\Controllers\ProductsController))
 9 SYSTEMPATH\CodeIgniter.php(353): CodeIgniter\CodeIgniter->handleRequest(null, Object(Config\Cache), false)
10 FCPATH\index.php(79): CodeIgniter\CodeIgniter->run()
11 SYSTEMPATH\Commands\Server\rewrite.php(47): require_once('C:\\laragon\\www\\method-oldagehomes\\public\\index.php')
CRITICAL - 2024-02-19 23:13:09 --> Undefined variable $contact
in APPPATH\Views\dashboard\unreadq.php on line 63.
 1 APPPATH\Views\dashboard\unreadq.php(63): CodeIgniter\Debug\Exceptions->errorHandler(2, 'Undefined variable $contact', 'C:\\laragon\\www\\method-oldagehomes\\app\\Views\\dashboard\\unreadq.php', 63)
 2 SYSTEMPATH\View\View.php(226): include('C:\\laragon\\www\\method-oldagehomes\\app\\Views\\dashboard\\unreadq.php')
 3 SYSTEMPATH\View\View.php(229): CodeIgniter\View\View->CodeIgniter\View\{closure}()
 4 SYSTEMPATH\Common.php(1188): CodeIgniter\View\View->render('dashboard/unreadq', [], true)
 5 APPPATH\Controllers\ViewController.php(83): view('dashboard/unreadq')
 6 SYSTEMPATH\CodeIgniter.php(919): App\Controllers\ViewController->unreadq()
 7 SYSTEMPATH\CodeIgniter.php(494): CodeIgniter\CodeIgniter->runController(Object(App\Controllers\ViewController))
 8 SYSTEMPATH\CodeIgniter.php(353): CodeIgniter\CodeIgniter->handleRequest(null, Object(Config\Cache), false)
 9 FCPATH\index.php(79): CodeIgniter\CodeIgniter->run()
10 SYSTEMPATH\Commands\Server\rewrite.php(47): require_once('C:\\laragon\\www\\method-oldagehomes\\public\\index.php')
>>>>>>> Stashed changes
