ERROR - 2024-05-03 14:17:23 --> mysqli_sql_exception: Unknown column 'gender' in 'field list' in D:\laragon\www\method-oldagehome\system\Database\MySQLi\Connection.php:306
Stack trace:
#0 D:\laragon\www\method-oldagehome\system\Database\MySQLi\Connection.php(306): mysqli->query('SELECT `gender`...', 0)
#1 D:\laragon\www\method-oldagehome\system\Database\BaseConnection.php(692): CodeIgniter\Database\MySQLi\Connection->execute('SELECT `gender`...')
#2 D:\laragon\www\method-oldagehome\system\Database\BaseConnection.php(606): CodeIgniter\Database\BaseConnection->simpleQuery('SELECT `gender`...')
#3 D:\laragon\www\method-oldagehome\system\Database\BaseBuilder.php(1615): CodeIgniter\Database\BaseConnection->query('SELECT `gender`...', Array, false)
#4 D:\laragon\www\method-oldagehome\system\Model.php(237): CodeIgniter\Database\BaseBuilder->get()
#5 D:\laragon\www\method-oldagehome\system\BaseModel.php(624): CodeIgniter\Model->doFindAll(0, 0)
#6 D:\laragon\www\method-oldagehome\app\Models\MainModel.php(47): CodeIgniter\BaseModel->findAll()
#7 D:\laragon\www\method-oldagehome\app\Controllers\NewController.php(199): App\Models\MainModel->getGenderDistribution()
#8 D:\laragon\www\method-oldagehome\system\CodeIgniter.php(919): App\Controllers\NewController->index2()
#9 D:\laragon\www\method-oldagehome\system\CodeIgniter.php(494): CodeIgniter\CodeIgniter->runController(Object(App\Controllers\NewController))
#10 D:\laragon\www\method-oldagehome\system\CodeIgniter.php(353): CodeIgniter\CodeIgniter->handleRequest(NULL, Object(Config\Cache), false)
#11 D:\laragon\www\method-oldagehome\public\index.php(79): CodeIgniter\CodeIgniter->run()
#12 D:\laragon\www\method-oldagehome\system\Commands\Server\rewrite.php(47): require_once('D:\\laragon\\www\\...')
#13 {main}
CRITICAL - 2024-05-03 14:17:23 --> Unknown column 'gender' in 'field list'
in SYSTEMPATH\Database\BaseConnection.php on line 646.
 1 SYSTEMPATH\Database\BaseBuilder.php(1615): CodeIgniter\Database\BaseConnection->query('SELECT `gender`, COUNT(*) AS count
FROM `tblscdetails`
GROUP BY `gender`
ORDER BY `gender`', [], false)
 2 SYSTEMPATH\Model.php(237): CodeIgniter\Database\BaseBuilder->get()
 3 SYSTEMPATH\BaseModel.php(624): CodeIgniter\Model->doFindAll(0, 0)
 4 APPPATH\Models\MainModel.php(47): CodeIgniter\BaseModel->findAll()
 5 APPPATH\Controllers\NewController.php(199): App\Models\MainModel->getGenderDistribution()
 6 SYSTEMPATH\CodeIgniter.php(919): App\Controllers\NewController->index2()
 7 SYSTEMPATH\CodeIgniter.php(494): CodeIgniter\CodeIgniter->runController(Object(App\Controllers\NewController))
 8 SYSTEMPATH\CodeIgniter.php(353): CodeIgniter\CodeIgniter->handleRequest(null, Object(Config\Cache), false)
 9 FCPATH\index.php(79): CodeIgniter\CodeIgniter->run()
10 SYSTEMPATH\Commands\Server\rewrite.php(47): require_once('D:\\laragon\\www\\method-oldagehome\\public\\index.php')
ERROR - 2024-05-03 14:17:26 --> mysqli_sql_exception: Unknown column 'gender' in 'field list' in D:\laragon\www\method-oldagehome\system\Database\MySQLi\Connection.php:306
Stack trace:
#0 D:\laragon\www\method-oldagehome\system\Database\MySQLi\Connection.php(306): mysqli->query('SELECT `gender`...', 0)
#1 D:\laragon\www\method-oldagehome\system\Database\BaseConnection.php(692): CodeIgniter\Database\MySQLi\Connection->execute('SELECT `gender`...')
#2 D:\laragon\www\method-oldagehome\system\Database\BaseConnection.php(606): CodeIgniter\Database\BaseConnection->simpleQuery('SELECT `gender`...')
#3 D:\laragon\www\method-oldagehome\system\Database\BaseBuilder.php(1615): CodeIgniter\Database\BaseConnection->query('SELECT `gender`...', Array, false)
#4 D:\laragon\www\method-oldagehome\system\Model.php(237): CodeIgniter\Database\BaseBuilder->get()
#5 D:\laragon\www\method-oldagehome\system\BaseModel.php(624): CodeIgniter\Model->doFindAll(0, 0)
#6 D:\laragon\www\method-oldagehome\app\Models\MainModel.php(47): CodeIgniter\BaseModel->findAll()
#7 D:\laragon\www\method-oldagehome\app\Controllers\NewController.php(199): App\Models\MainModel->getGenderDistribution()
#8 D:\laragon\www\method-oldagehome\system\CodeIgniter.php(919): App\Controllers\NewController->index2()
#9 D:\laragon\www\method-oldagehome\system\CodeIgniter.php(494): CodeIgniter\CodeIgniter->runController(Object(App\Controllers\NewController))
#10 D:\laragon\www\method-oldagehome\system\CodeIgniter.php(353): CodeIgniter\CodeIgniter->handleRequest(NULL, Object(Config\Cache), false)
#11 D:\laragon\www\method-oldagehome\public\index.php(79): CodeIgniter\CodeIgniter->run()
#12 D:\laragon\www\method-oldagehome\system\Commands\Server\rewrite.php(47): require_once('D:\\laragon\\www\\...')
#13 {main}
CRITICAL - 2024-05-03 14:17:26 --> Unknown column 'gender' in 'field list'
in SYSTEMPATH\Database\BaseConnection.php on line 646.
 1 SYSTEMPATH\Database\BaseBuilder.php(1615): CodeIgniter\Database\BaseConnection->query('SELECT `gender`, COUNT(*) AS count
FROM `tblscdetails`
GROUP BY `gender`
ORDER BY `gender`', [], false)
 2 SYSTEMPATH\Model.php(237): CodeIgniter\Database\BaseBuilder->get()
 3 SYSTEMPATH\BaseModel.php(624): CodeIgniter\Model->doFindAll(0, 0)
 4 APPPATH\Models\MainModel.php(47): CodeIgniter\BaseModel->findAll()
 5 APPPATH\Controllers\NewController.php(199): App\Models\MainModel->getGenderDistribution()
 6 SYSTEMPATH\CodeIgniter.php(919): App\Controllers\NewController->index2()
 7 SYSTEMPATH\CodeIgniter.php(494): CodeIgniter\CodeIgniter->runController(Object(App\Controllers\NewController))
 8 SYSTEMPATH\CodeIgniter.php(353): CodeIgniter\CodeIgniter->handleRequest(null, Object(Config\Cache), false)
 9 FCPATH\index.php(79): CodeIgniter\CodeIgniter->run()
10 SYSTEMPATH\Commands\Server\rewrite.php(47): require_once('D:\\laragon\\www\\method-oldagehome\\public\\index.php')
CRITICAL - 2024-05-03 14:19:25 --> Call to undefined method App\Controllers\NewController::respond()
in APPPATH\Controllers\NewController.php on line 202.
 1 SYSTEMPATH\CodeIgniter.php(919): App\Controllers\NewController->index2()
 2 SYSTEMPATH\CodeIgniter.php(494): CodeIgniter\CodeIgniter->runController(Object(App\Controllers\NewController))
 3 SYSTEMPATH\CodeIgniter.php(353): CodeIgniter\CodeIgniter->handleRequest(null, Object(Config\Cache), false)
 4 FCPATH\index.php(79): CodeIgniter\CodeIgniter->run()
 5 SYSTEMPATH\Commands\Server\rewrite.php(47): require_once('D:\\laragon\\www\\method-oldagehome\\public\\index.php')
CRITICAL - 2024-05-03 14:19:29 --> Call to undefined method App\Controllers\NewController::respond()
in APPPATH\Controllers\NewController.php on line 202.
 1 SYSTEMPATH\CodeIgniter.php(919): App\Controllers\NewController->index2()
 2 SYSTEMPATH\CodeIgniter.php(494): CodeIgniter\CodeIgniter->runController(Object(App\Controllers\NewController))
 3 SYSTEMPATH\CodeIgniter.php(353): CodeIgniter\CodeIgniter->handleRequest(null, Object(Config\Cache), false)
 4 FCPATH\index.php(79): CodeIgniter\CodeIgniter->run()
 5 SYSTEMPATH\Commands\Server\rewrite.php(47): require_once('D:\\laragon\\www\\method-oldagehome\\public\\index.php')
CRITICAL - 2024-05-03 14:21:21 --> Call to undefined method App\Controllers\NewController::respond()
in APPPATH\Controllers\NewController.php on line 202.
 1 SYSTEMPATH\CodeIgniter.php(919): App\Controllers\NewController->index2()
 2 SYSTEMPATH\CodeIgniter.php(494): CodeIgniter\CodeIgniter->runController(Object(App\Controllers\NewController))
 3 SYSTEMPATH\CodeIgniter.php(353): CodeIgniter\CodeIgniter->handleRequest(null, Object(Config\Cache), false)
 4 FCPATH\index.php(79): CodeIgniter\CodeIgniter->run()
 5 SYSTEMPATH\Commands\Server\rewrite.php(47): require_once('D:\\laragon\\www\\method-oldagehome\\public\\index.php')
CRITICAL - 2024-05-03 14:21:34 --> Call to undefined method App\Controllers\NewController::respond()
in APPPATH\Controllers\NewController.php on line 202.
 1 SYSTEMPATH\CodeIgniter.php(919): App\Controllers\NewController->index2()
 2 SYSTEMPATH\CodeIgniter.php(494): CodeIgniter\CodeIgniter->runController(Object(App\Controllers\NewController))
 3 SYSTEMPATH\CodeIgniter.php(353): CodeIgniter\CodeIgniter->handleRequest(null, Object(Config\Cache), false)
 4 FCPATH\index.php(79): CodeIgniter\CodeIgniter->run()
 5 SYSTEMPATH\Commands\Server\rewrite.php(47): require_once('D:\\laragon\\www\\method-oldagehome\\public\\index.php')
CRITICAL - 2024-05-03 14:22:50 --> Declaration of App\Controllers\NewController::show() must be compatible with CodeIgniter\RESTful\ResourceController::show($id = null)
in APPPATH\Controllers\NewController.php on line 170.
 1 [internal function]: CodeIgniter\Debug\Exceptions->shutdownHandler()
CRITICAL - 2024-05-03 14:23:22 --> Call to undefined method App\Controllers\NewController::respond()
in APPPATH\Controllers\NewController.php on line 203.
 1 SYSTEMPATH\CodeIgniter.php(919): App\Controllers\NewController->index2()
 2 SYSTEMPATH\CodeIgniter.php(494): CodeIgniter\CodeIgniter->runController(Object(App\Controllers\NewController))
 3 SYSTEMPATH\CodeIgniter.php(353): CodeIgniter\CodeIgniter->handleRequest(null, Object(Config\Cache), false)
 4 FCPATH\index.php(79): CodeIgniter\CodeIgniter->run()
 5 SYSTEMPATH\Commands\Server\rewrite.php(47): require_once('D:\\laragon\\www\\method-oldagehome\\public\\index.php')
