CRITICAL - 2024-09-20 06:59:13 --> Undefined variable $num1Admision
in APPPATH\Controllers\NewController.php on line 1665.
 1 APPPATH\Controllers\NewController.php(1665): CodeIgniter\Debug\Exceptions->errorHandler(2, 'Undefined variable $num1Admision', 'D:\\laragon\\www\\method-oldagehome\\app\\Controllers\\NewController.php', 1665)
 2 SYSTEMPATH\CodeIgniter.php(919): App\Controllers\NewController->addmissionWithDatapreviewtosave('101')
 3 SYSTEMPATH\CodeIgniter.php(494): CodeIgniter\CodeIgniter->runController(Object(App\Controllers\NewController))
 4 SYSTEMPATH\CodeIgniter.php(353): CodeIgniter\CodeIgniter->handleRequest(null, Object(Config\Cache), false)
 5 FCPATH\index.php(79): CodeIgniter\CodeIgniter->run()
 6 SYSTEMPATH\Commands\Server\rewrite.php(47): require_once('D:\\laragon\\www\\method-oldagehome\\public\\index.php')
CRITICAL - 2024-09-20 06:59:16 --> Undefined variable $num1Admision
in APPPATH\Controllers\NewController.php on line 1665.
 1 APPPATH\Controllers\NewController.php(1665): CodeIgniter\Debug\Exceptions->errorHandler(2, 'Undefined variable $num1Admision', 'D:\\laragon\\www\\method-oldagehome\\app\\Controllers\\NewController.php', 1665)
 2 SYSTEMPATH\CodeIgniter.php(919): App\Controllers\NewController->addmissionWithDatapreviewtosave('101')
 3 SYSTEMPATH\CodeIgniter.php(494): CodeIgniter\CodeIgniter->runController(Object(App\Controllers\NewController))
 4 SYSTEMPATH\CodeIgniter.php(353): CodeIgniter\CodeIgniter->handleRequest(null, Object(Config\Cache), false)
 5 FCPATH\index.php(79): CodeIgniter\CodeIgniter->run()
 6 SYSTEMPATH\Commands\Server\rewrite.php(47): require_once('D:\\laragon\\www\\method-oldagehome\\public\\index.php')
CRITICAL - 2024-09-20 07:00:18 --> Undefined variable $num12Admision
in APPPATH\Controllers\NewController.php on line 1685.
 1 APPPATH\Controllers\NewController.php(1685): CodeIgniter\Debug\Exceptions->errorHandler(2, 'Undefined variable $num12Admision', 'D:\\laragon\\www\\method-oldagehome\\app\\Controllers\\NewController.php', 1685)
 2 SYSTEMPATH\CodeIgniter.php(919): App\Controllers\NewController->addmissionWithDatapreviewtosave('101')
 3 SYSTEMPATH\CodeIgniter.php(494): CodeIgniter\CodeIgniter->runController(Object(App\Controllers\NewController))
 4 SYSTEMPATH\CodeIgniter.php(353): CodeIgniter\CodeIgniter->handleRequest(null, Object(Config\Cache), false)
 5 FCPATH\index.php(79): CodeIgniter\CodeIgniter->run()
 6 SYSTEMPATH\Commands\Server\rewrite.php(47): require_once('D:\\laragon\\www\\method-oldagehome\\public\\index.php')
CRITICAL - 2024-09-20 07:00:44 --> Undefined variable $num12Admision
in APPPATH\Controllers\NewController.php on line 1685.
 1 APPPATH\Controllers\NewController.php(1685): CodeIgniter\Debug\Exceptions->errorHandler(2, 'Undefined variable $num12Admision', 'D:\\laragon\\www\\method-oldagehome\\app\\Controllers\\NewController.php', 1685)
 2 SYSTEMPATH\CodeIgniter.php(919): App\Controllers\NewController->addmissionWithDatapreviewtosave('101')
 3 SYSTEMPATH\CodeIgniter.php(494): CodeIgniter\CodeIgniter->runController(Object(App\Controllers\NewController))
 4 SYSTEMPATH\CodeIgniter.php(353): CodeIgniter\CodeIgniter->handleRequest(null, Object(Config\Cache), false)
 5 FCPATH\index.php(79): CodeIgniter\CodeIgniter->run()
 6 SYSTEMPATH\Commands\Server\rewrite.php(47): require_once('D:\\laragon\\www\\method-oldagehome\\public\\index.php')
CRITICAL - 2024-09-20 07:00:58 --> Undefined variable $num14Admision
in APPPATH\Controllers\NewController.php on line 1689.
 1 APPPATH\Controllers\NewController.php(1689): CodeIgniter\Debug\Exceptions->errorHandler(2, 'Undefined variable $num14Admision', 'D:\\laragon\\www\\method-oldagehome\\app\\Controllers\\NewController.php', 1689)
 2 SYSTEMPATH\CodeIgniter.php(919): App\Controllers\NewController->addmissionWithDatapreviewtosave('101')
 3 SYSTEMPATH\CodeIgniter.php(494): CodeIgniter\CodeIgniter->runController(Object(App\Controllers\NewController))
 4 SYSTEMPATH\CodeIgniter.php(353): CodeIgniter\CodeIgniter->handleRequest(null, Object(Config\Cache), false)
 5 FCPATH\index.php(79): CodeIgniter\CodeIgniter->run()
 6 SYSTEMPATH\Commands\Server\rewrite.php(47): require_once('D:\\laragon\\www\\method-oldagehome\\public\\index.php')
CRITICAL - 2024-09-20 07:01:19 --> Undefined variable $num1Admision
in APPPATH\Views\admin\addmissionWithDatapreviewtosave.php on line 238.
 1 APPPATH\Views\admin\addmissionWithDatapreviewtosave.php(238): CodeIgniter\Debug\Exceptions->errorHandler(2, 'Undefined variable $num1Admision', 'D:\\laragon\\www\\method-oldagehome\\app\\Views\\admin\\addmissionWithDatapreviewtosave.php', 238)
 2 SYSTEMPATH\View\View.php(226): include('D:\\laragon\\www\\method-oldagehome\\app\\Views\\admin\\addmissionWithDatapreviewtosave.php')
 3 SYSTEMPATH\View\View.php(229): CodeIgniter\View\View->CodeIgniter\View\{closure}()
 4 SYSTEMPATH\Common.php(1188): CodeIgniter\View\View->render('admin/addmissionWithDatapreviewtosave', [], true)
 5 APPPATH\Controllers\NewController.php(1696): view('admin/addmissionWithDatapreviewtosave', [...])
 6 SYSTEMPATH\CodeIgniter.php(919): App\Controllers\NewController->addmissionWithDatapreviewtosave('101')
 7 SYSTEMPATH\CodeIgniter.php(494): CodeIgniter\CodeIgniter->runController(Object(App\Controllers\NewController))
 8 SYSTEMPATH\CodeIgniter.php(353): CodeIgniter\CodeIgniter->handleRequest(null, Object(Config\Cache), false)
 9 FCPATH\index.php(79): CodeIgniter\CodeIgniter->run()
10 SYSTEMPATH\Commands\Server\rewrite.php(47): require_once('D:\\laragon\\www\\method-oldagehome\\public\\index.php')
CRITICAL - 2024-09-20 07:01:58 --> Undefined variable $num1Admision
in APPPATH\Views\admin\addmissionWithDatapreviewtosave.php on line 238.
 1 APPPATH\Views\admin\addmissionWithDatapreviewtosave.php(238): CodeIgniter\Debug\Exceptions->errorHandler(2, 'Undefined variable $num1Admision', 'D:\\laragon\\www\\method-oldagehome\\app\\Views\\admin\\addmissionWithDatapreviewtosave.php', 238)
 2 SYSTEMPATH\View\View.php(226): include('D:\\laragon\\www\\method-oldagehome\\app\\Views\\admin\\addmissionWithDatapreviewtosave.php')
 3 SYSTEMPATH\View\View.php(229): CodeIgniter\View\View->CodeIgniter\View\{closure}()
 4 SYSTEMPATH\Common.php(1188): CodeIgniter\View\View->render('admin/addmissionWithDatapreviewtosave', [], true)
 5 APPPATH\Controllers\NewController.php(1696): view('admin/addmissionWithDatapreviewtosave', [...])
 6 SYSTEMPATH\CodeIgniter.php(919): App\Controllers\NewController->addmissionWithDatapreviewtosave('101')
 7 SYSTEMPATH\CodeIgniter.php(494): CodeIgniter\CodeIgniter->runController(Object(App\Controllers\NewController))
 8 SYSTEMPATH\CodeIgniter.php(353): CodeIgniter\CodeIgniter->handleRequest(null, Object(Config\Cache), false)
 9 FCPATH\index.php(79): CodeIgniter\CodeIgniter->run()
10 SYSTEMPATH\Commands\Server\rewrite.php(47): require_once('D:\\laragon\\www\\method-oldagehome\\public\\index.php')
CRITICAL - 2024-09-20 07:02:32 --> Undefined variable $num2Admision
in APPPATH\Views\admin\addmissionWithDatapreviewtosave.php on line 243.
 1 APPPATH\Views\admin\addmissionWithDatapreviewtosave.php(243): CodeIgniter\Debug\Exceptions->errorHandler(2, 'Undefined variable $num2Admision', 'D:\\laragon\\www\\method-oldagehome\\app\\Views\\admin\\addmissionWithDatapreviewtosave.php', 243)
 2 SYSTEMPATH\View\View.php(226): include('D:\\laragon\\www\\method-oldagehome\\app\\Views\\admin\\addmissionWithDatapreviewtosave.php')
 3 SYSTEMPATH\View\View.php(229): CodeIgniter\View\View->CodeIgniter\View\{closure}()
 4 SYSTEMPATH\Common.php(1188): CodeIgniter\View\View->render('admin/addmissionWithDatapreviewtosave', [], true)
 5 APPPATH\Controllers\NewController.php(1696): view('admin/addmissionWithDatapreviewtosave', [...])
 6 SYSTEMPATH\CodeIgniter.php(919): App\Controllers\NewController->addmissionWithDatapreviewtosave('101')
 7 SYSTEMPATH\CodeIgniter.php(494): CodeIgniter\CodeIgniter->runController(Object(App\Controllers\NewController))
 8 SYSTEMPATH\CodeIgniter.php(353): CodeIgniter\CodeIgniter->handleRequest(null, Object(Config\Cache), false)
 9 FCPATH\index.php(79): CodeIgniter\CodeIgniter->run()
10 SYSTEMPATH\Commands\Server\rewrite.php(47): require_once('D:\\laragon\\www\\method-oldagehome\\public\\index.php')
CRITICAL - 2024-09-20 07:02:47 --> Undefined variable $num2Admision
in APPPATH\Views\admin\addmissionWithDatapreviewtosave.php on line 243.
 1 APPPATH\Views\admin\addmissionWithDatapreviewtosave.php(243): CodeIgniter\Debug\Exceptions->errorHandler(2, 'Undefined variable $num2Admision', 'D:\\laragon\\www\\method-oldagehome\\app\\Views\\admin\\addmissionWithDatapreviewtosave.php', 243)
 2 SYSTEMPATH\View\View.php(226): include('D:\\laragon\\www\\method-oldagehome\\app\\Views\\admin\\addmissionWithDatapreviewtosave.php')
 3 SYSTEMPATH\View\View.php(229): CodeIgniter\View\View->CodeIgniter\View\{closure}()
 4 SYSTEMPATH\Common.php(1188): CodeIgniter\View\View->render('admin/addmissionWithDatapreviewtosave', [], true)
 5 APPPATH\Controllers\NewController.php(1696): view('admin/addmissionWithDatapreviewtosave', [...])
 6 SYSTEMPATH\CodeIgniter.php(919): App\Controllers\NewController->addmissionWithDatapreviewtosave('101')
 7 SYSTEMPATH\CodeIgniter.php(494): CodeIgniter\CodeIgniter->runController(Object(App\Controllers\NewController))
 8 SYSTEMPATH\CodeIgniter.php(353): CodeIgniter\CodeIgniter->handleRequest(null, Object(Config\Cache), false)
 9 FCPATH\index.php(79): CodeIgniter\CodeIgniter->run()
10 SYSTEMPATH\Commands\Server\rewrite.php(47): require_once('D:\\laragon\\www\\method-oldagehome\\public\\index.php')
CRITICAL - 2024-09-20 07:02:58 --> Undefined variable $num8Discharge
in APPPATH\Views\admin\addmissionWithDatapreviewtosave.php on line 274.
 1 APPPATH\Views\admin\addmissionWithDatapreviewtosave.php(274): CodeIgniter\Debug\Exceptions->errorHandler(2, 'Undefined variable $num8Discharge', 'D:\\laragon\\www\\method-oldagehome\\app\\Views\\admin\\addmissionWithDatapreviewtosave.php', 274)
 2 SYSTEMPATH\View\View.php(226): include('D:\\laragon\\www\\method-oldagehome\\app\\Views\\admin\\addmissionWithDatapreviewtosave.php')
 3 SYSTEMPATH\View\View.php(229): CodeIgniter\View\View->CodeIgniter\View\{closure}()
 4 SYSTEMPATH\Common.php(1188): CodeIgniter\View\View->render('admin/addmissionWithDatapreviewtosave', [], true)
 5 APPPATH\Controllers\NewController.php(1696): view('admin/addmissionWithDatapreviewtosave', [...])
 6 SYSTEMPATH\CodeIgniter.php(919): App\Controllers\NewController->addmissionWithDatapreviewtosave('101')
 7 SYSTEMPATH\CodeIgniter.php(494): CodeIgniter\CodeIgniter->runController(Object(App\Controllers\NewController))
 8 SYSTEMPATH\CodeIgniter.php(353): CodeIgniter\CodeIgniter->handleRequest(null, Object(Config\Cache), false)
 9 FCPATH\index.php(79): CodeIgniter\CodeIgniter->run()
10 SYSTEMPATH\Commands\Server\rewrite.php(47): require_once('D:\\laragon\\www\\method-oldagehome\\public\\index.php')
CRITICAL - 2024-09-20 07:03:43 --> Undefined variable $num12Discharge
in APPPATH\Views\admin\addmissionWithDatapreviewtosave.php on line 294.
 1 APPPATH\Views\admin\addmissionWithDatapreviewtosave.php(294): CodeIgniter\Debug\Exceptions->errorHandler(2, 'Undefined variable $num12Discharge', 'D:\\laragon\\www\\method-oldagehome\\app\\Views\\admin\\addmissionWithDatapreviewtosave.php', 294)
 2 SYSTEMPATH\View\View.php(226): include('D:\\laragon\\www\\method-oldagehome\\app\\Views\\admin\\addmissionWithDatapreviewtosave.php')
 3 SYSTEMPATH\View\View.php(229): CodeIgniter\View\View->CodeIgniter\View\{closure}()
 4 SYSTEMPATH\Common.php(1188): CodeIgniter\View\View->render('admin/addmissionWithDatapreviewtosave', [], true)
 5 APPPATH\Controllers\NewController.php(1698): view('admin/addmissionWithDatapreviewtosave', [...])
 6 SYSTEMPATH\CodeIgniter.php(919): App\Controllers\NewController->addmissionWithDatapreviewtosave('101')
 7 SYSTEMPATH\CodeIgniter.php(494): CodeIgniter\CodeIgniter->runController(Object(App\Controllers\NewController))
 8 SYSTEMPATH\CodeIgniter.php(353): CodeIgniter\CodeIgniter->handleRequest(null, Object(Config\Cache), false)
 9 FCPATH\index.php(79): CodeIgniter\CodeIgniter->run()
10 SYSTEMPATH\Commands\Server\rewrite.php(47): require_once('D:\\laragon\\www\\method-oldagehome\\public\\index.php')
