CRITICAL - 2024-09-25 08:28:53 --> Undefined variable $elderData
in APPPATH\Controllers\NewController.php on line 1784.
 1 APPPATH\Controllers\NewController.php(1784): CodeIgniter\Debug\Exceptions->errorHandler(2, 'Undefined variable $elderData', 'D:\\laragon\\www\\method-oldagehome\\app\\Controllers\\NewController.php', 1784)
 2 SYSTEMPATH\CodeIgniter.php(919): App\Controllers\NewController->printSlip('102')
 3 SYSTEMPATH\CodeIgniter.php(494): CodeIgniter\CodeIgniter->runController(Object(App\Controllers\NewController))
 4 SYSTEMPATH\CodeIgniter.php(353): CodeIgniter\CodeIgniter->handleRequest(null, Object(Config\Cache), false)
 5 FCPATH\index.php(79): CodeIgniter\CodeIgniter->run()
 6 SYSTEMPATH\Commands\Server\rewrite.php(47): require_once('D:\\laragon\\www\\method-oldagehome\\public\\index.php')
CRITICAL - 2024-09-25 08:40:23 --> Undefined variable $elder
in APPPATH\Controllers\NewController.php on line 1791.
 1 APPPATH\Controllers\NewController.php(1791): CodeIgniter\Debug\Exceptions->errorHandler(2, 'Undefined variable $elder', 'D:\\laragon\\www\\method-oldagehome\\app\\Controllers\\NewController.php', 1791)
 2 SYSTEMPATH\CodeIgniter.php(919): App\Controllers\NewController->printSlip('102')
 3 SYSTEMPATH\CodeIgniter.php(494): CodeIgniter\CodeIgniter->runController(Object(App\Controllers\NewController))
 4 SYSTEMPATH\CodeIgniter.php(353): CodeIgniter\CodeIgniter->handleRequest(null, Object(Config\Cache), false)
 5 FCPATH\index.php(79): CodeIgniter\CodeIgniter->run()
 6 SYSTEMPATH\Commands\Server\rewrite.php(47): require_once('D:\\laragon\\www\\method-oldagehome\\public\\index.php')
CRITICAL - 2024-09-25 09:30:10 --> Undefined array key "birthPlace"
in APPPATH\Controllers\NewController.php on line 1907.
 1 APPPATH\Controllers\NewController.php(1907): CodeIgniter\Debug\Exceptions->errorHandler(2, 'Undefined array key "birthPlace"', 'D:\\laragon\\www\\method-oldagehome\\app\\Controllers\\NewController.php', 1907)
 2 SYSTEMPATH\CodeIgniter.php(919): App\Controllers\NewController->printSlip('102')
 3 SYSTEMPATH\CodeIgniter.php(494): CodeIgniter\CodeIgniter->runController(Object(App\Controllers\NewController))
 4 SYSTEMPATH\CodeIgniter.php(353): CodeIgniter\CodeIgniter->handleRequest(null, Object(Config\Cache), false)
 5 FCPATH\index.php(79): CodeIgniter\CodeIgniter->run()
 6 SYSTEMPATH\Commands\Server\rewrite.php(47): require_once('D:\\laragon\\www\\method-oldagehome\\public\\index.php')
